running develop
Removing /home/f1tenth/f1tenth_ws/install/camera_publisher/lib/python3.8/site-packages/camera-publisher.egg-link (link to .)
running egg_info
writing ../../build/camera_publisher/camera_publisher.egg-info/PKG-INFO
writing dependency_links to ../../build/camera_publisher/camera_publisher.egg-info/dependency_links.txt
writing entry points to ../../build/camera_publisher/camera_publisher.egg-info/entry_points.txt
writing requirements to ../../build/camera_publisher/camera_publisher.egg-info/requires.txt
writing top-level names to ../../build/camera_publisher/camera_publisher.egg-info/top_level.txt
writing ../../build/camera_publisher/camera_publisher.egg-info/PKG-INFO
writing dependency_links to ../../build/camera_publisher/camera_publisher.egg-info/dependency_links.txt
writing entry points to ../../build/camera_publisher/camera_publisher.egg-info/entry_points.txt
writing requirements to ../../build/camera_publisher/camera_publisher.egg-info/requires.txt
writing top-level names to ../../build/camera_publisher/camera_publisher.egg-info/top_level.txt
reading manifest file '../../build/camera_publisher/camera_publisher.egg-info/SOURCES.txt'
writing manifest file '../../build/camera_publisher/camera_publisher.egg-info/SOURCES.txt'
running build
running build_py
running install
running install_lib
creating /home/f1tenth/f1tenth_ws/install/camera_publisher/lib/python3.8/site-packages/camera_publisher
copying /home/f1tenth/f1tenth_ws/build/camera_publisher/build/lib/camera_publisher/camera_publisher_node.py -> /home/f1tenth/f1tenth_ws/install/camera_publisher/lib/python3.8/site-packages/camera_publisher
copying /home/f1tenth/f1tenth_ws/build/camera_publisher/build/lib/camera_publisher/__init__.py -> /home/f1tenth/f1tenth_ws/install/camera_publisher/lib/python3.8/site-packages/camera_publisher
byte-compiling /home/f1tenth/f1tenth_ws/install/camera_publisher/lib/python3.8/site-packages/camera_publisher/camera_publisher_node.py to camera_publisher_node.cpython-38.pyc
byte-compiling /home/f1tenth/f1tenth_ws/install/camera_publisher/lib/python3.8/site-packages/camera_publisher/__init__.py to __init__.cpython-38.pyc
running install_data
copying resource/camera_publisher -> /home/f1tenth/f1tenth_ws/install/camera_publisher/share/ament_index/resource_index/packages
copying package.xml -> /home/f1tenth/f1tenth_ws/install/camera_publisher/share/camera_publisher
running install_egg_info
Copying ../../build/camera_publisher/camera_publisher.egg-info to /home/f1tenth/f1tenth_ws/install/camera_publisher/lib/python3.8/site-packages/camera_publisher-0.0.0-py3.8.egg-info
running install_scripts
Installing camera_publisher script to /home/f1tenth/f1tenth_ws/install/camera_publisher/lib/camera_publisher
writing list of installed files to '/home/f1tenth/f1tenth_ws/build/camera_publisher/install.log'
