[0.130s] Invoking command in '/home/f1tenth/f1tenth_ws/build/pure_pursuit': CMAKE_PREFIX_PATH=${CMAKE_PREFIX_PATH}:/home/f1tenth/f1tenth_ws/install/f1tenth_stack:/home/f1tenth/f1tenth_ws/install/joy_teleop:/home/f1tenth/f1tenth_ws/install/particle_filter:/home/f1tenth/f1tenth_ws/install/opencv_tools:/home/f1tenth/f1tenth_ws/install/my_camera_package:/home/f1tenth/f1tenth_ws/install/mouse_teleop:/home/f1tenth/f1tenth_ws/install/lane_pure_pursuit:/home/f1tenth/f1tenth_ws/install/lane_keeping:/home/f1tenth/f1tenth_ws/install/key_teleop:/home/f1tenth/f1tenth_ws/install/csi_camera:/home/f1tenth/f1tenth_ws/install/camera_subscriber_pkg:/home/f1tenth/f1tenth_ws/install/camera_sub:/home/f1tenth/f1tenth_ws/install/camera_publisher:/home/f1tenth/f1tenth_ws/install/camera_package:/opt/ros/foxy /usr/bin/cmake /home/f1tenth/f1tenth_ws/src/pure_pursuit -DAMENT_CMAKE_SYMLINK_INSTALL=1 -DCMAKE_INSTALL_PREFIX=/home/f1tenth/f1tenth_ws/install/pure_pursuit
[0.358s] -- Found ament_cmake: 0.9.12 (/opt/ros/foxy/share/ament_cmake/cmake)
[0.728s] -- Using PYTHON_EXECUTABLE: /usr/bin/python3
[2.764s] -- Override CMake install command with custom implementation using symlinks instead of copying resources
[2.872s] -- Found rclcpp: 2.4.3 (/opt/ros/foxy/share/rclcpp/cmake)
[3.265s] -- Using all available rosidl_typesupport_c: rosidl_typesupport_fastrtps_c;rosidl_typesupport_introspection_c
[3.315s] -- Found rosidl_adapter: 1.3.1 (/opt/ros/foxy/share/rosidl_adapter/cmake)
[4.570s] -- Using all available rosidl_typesupport_cpp: rosidl_typesupport_fastrtps_cpp;rosidl_typesupport_introspection_cpp
[5.102s] -- Found rmw_implementation_cmake: 1.0.4 (/opt/ros/foxy/share/rmw_implementation_cmake/cmake)
[5.128s] -- Using RMW implementation 'rmw_fastrtps_cpp' as default
[6.007s] -- Found rclpy: 1.0.13 (/opt/ros/foxy/share/rclpy/cmake)
[6.009s] -- Found geometry_msgs: 2.0.5 (/opt/ros/foxy/share/geometry_msgs/cmake)
[6.196s] -- Found nav_msgs: 2.0.5 (/opt/ros/foxy/share/nav_msgs/cmake)
[6.577s] -- Found ackermann_msgs: 2.0.2 (/opt/ros/foxy/share/ackermann_msgs/cmake)
[6.763s] -- Found sensor_msgs: 2.0.5 (/opt/ros/foxy/share/sensor_msgs/cmake)
[7.280s] -- Found visualization_msgs: 2.0.5 (/opt/ros/foxy/share/visualization_msgs/cmake)
[7.801s] -- Found eigen3_cmake_module: 0.1.1 (/opt/ros/foxy/share/eigen3_cmake_module/cmake)
[7.844s] -- Found tf2_ros: 0.13.14 (/opt/ros/foxy/share/tf2_ros/cmake)
[10.607s] -- Configuring done
[10.817s] -- Generating done
[10.835s] -- Build files have been written to: /home/f1tenth/f1tenth_ws/build/pure_pursuit
[10.909s] Invoked command in '/home/f1tenth/f1tenth_ws/build/pure_pursuit' returned '0': CMAKE_PREFIX_PATH=${CMAKE_PREFIX_PATH}:/home/f1tenth/f1tenth_ws/install/f1tenth_stack:/home/f1tenth/f1tenth_ws/install/joy_teleop:/home/f1tenth/f1tenth_ws/install/particle_filter:/home/f1tenth/f1tenth_ws/install/opencv_tools:/home/f1tenth/f1tenth_ws/install/my_camera_package:/home/f1tenth/f1tenth_ws/install/mouse_teleop:/home/f1tenth/f1tenth_ws/install/lane_pure_pursuit:/home/f1tenth/f1tenth_ws/install/lane_keeping:/home/f1tenth/f1tenth_ws/install/key_teleop:/home/f1tenth/f1tenth_ws/install/csi_camera:/home/f1tenth/f1tenth_ws/install/camera_subscriber_pkg:/home/f1tenth/f1tenth_ws/install/camera_sub:/home/f1tenth/f1tenth_ws/install/camera_publisher:/home/f1tenth/f1tenth_ws/install/camera_package:/opt/ros/foxy /usr/bin/cmake /home/f1tenth/f1tenth_ws/src/pure_pursuit -DAMENT_CMAKE_SYMLINK_INSTALL=1 -DCMAKE_INSTALL_PREFIX=/home/f1tenth/f1tenth_ws/install/pure_pursuit
[10.914s] Invoking command in '/home/f1tenth/f1tenth_ws/build/pure_pursuit': CMAKE_PREFIX_PATH=${CMAKE_PREFIX_PATH}:/home/f1tenth/f1tenth_ws/install/f1tenth_stack:/home/f1tenth/f1tenth_ws/install/joy_teleop:/home/f1tenth/f1tenth_ws/install/particle_filter:/home/f1tenth/f1tenth_ws/install/opencv_tools:/home/f1tenth/f1tenth_ws/install/my_camera_package:/home/f1tenth/f1tenth_ws/install/mouse_teleop:/home/f1tenth/f1tenth_ws/install/lane_pure_pursuit:/home/f1tenth/f1tenth_ws/install/lane_keeping:/home/f1tenth/f1tenth_ws/install/key_teleop:/home/f1tenth/f1tenth_ws/install/csi_camera:/home/f1tenth/f1tenth_ws/install/camera_subscriber_pkg:/home/f1tenth/f1tenth_ws/install/camera_sub:/home/f1tenth/f1tenth_ws/install/camera_publisher:/home/f1tenth/f1tenth_ws/install/camera_package:/opt/ros/foxy /usr/bin/cmake --build /home/f1tenth/f1tenth_ws/build/pure_pursuit -- -j6 -l6
[11.753s] [ 50%] Built target waypoint_visualizer
[12.274s] [100%] Built target pure_pursuit
[12.602s] Invoked command in '/home/f1tenth/f1tenth_ws/build/pure_pursuit' returned '0': CMAKE_PREFIX_PATH=${CMAKE_PREFIX_PATH}:/home/f1tenth/f1tenth_ws/install/f1tenth_stack:/home/f1tenth/f1tenth_ws/install/joy_teleop:/home/f1tenth/f1tenth_ws/install/particle_filter:/home/f1tenth/f1tenth_ws/install/opencv_tools:/home/f1tenth/f1tenth_ws/install/my_camera_package:/home/f1tenth/f1tenth_ws/install/mouse_teleop:/home/f1tenth/f1tenth_ws/install/lane_pure_pursuit:/home/f1tenth/f1tenth_ws/install/lane_keeping:/home/f1tenth/f1tenth_ws/install/key_teleop:/home/f1tenth/f1tenth_ws/install/csi_camera:/home/f1tenth/f1tenth_ws/install/camera_subscriber_pkg:/home/f1tenth/f1tenth_ws/install/camera_sub:/home/f1tenth/f1tenth_ws/install/camera_publisher:/home/f1tenth/f1tenth_ws/install/camera_package:/opt/ros/foxy /usr/bin/cmake --build /home/f1tenth/f1tenth_ws/build/pure_pursuit -- -j6 -l6
[13.041s] Invoking command in '/home/f1tenth/f1tenth_ws/build/pure_pursuit': CMAKE_PREFIX_PATH=${CMAKE_PREFIX_PATH}:/home/f1tenth/f1tenth_ws/install/f1tenth_stack:/home/f1tenth/f1tenth_ws/install/joy_teleop:/home/f1tenth/f1tenth_ws/install/particle_filter:/home/f1tenth/f1tenth_ws/install/opencv_tools:/home/f1tenth/f1tenth_ws/install/my_camera_package:/home/f1tenth/f1tenth_ws/install/mouse_teleop:/home/f1tenth/f1tenth_ws/install/lane_pure_pursuit:/home/f1tenth/f1tenth_ws/install/lane_keeping:/home/f1tenth/f1tenth_ws/install/key_teleop:/home/f1tenth/f1tenth_ws/install/csi_camera:/home/f1tenth/f1tenth_ws/install/camera_subscriber_pkg:/home/f1tenth/f1tenth_ws/install/camera_sub:/home/f1tenth/f1tenth_ws/install/camera_publisher:/home/f1tenth/f1tenth_ws/install/camera_package:/opt/ros/foxy /usr/bin/cmake --install /home/f1tenth/f1tenth_ws/build/pure_pursuit
[15.673s] -- Install configuration: ""
[15.673s] -- Execute custom install script
[15.674s] -- Up-to-date symlink: /home/f1tenth/f1tenth_ws/install/pure_pursuit/lib/pure_pursuit/pure_pursuit
[15.674s] -- Up-to-date symlink: /home/f1tenth/f1tenth_ws/install/pure_pursuit/lib/pure_pursuit/waypoint_visualizer
[15.675s] -- Up-to-date symlink: /home/f1tenth/f1tenth_ws/install/pure_pursuit/share/pure_pursuit/launch/pure_pursuit.rviz
[15.675s] -- Up-to-date symlink: /home/f1tenth/f1tenth_ws/install/pure_pursuit/share/pure_pursuit/launch/pure_pursuit_launch.py
[15.675s] -- Up-to-date symlink: /home/f1tenth/f1tenth_ws/install/pure_pursuit/share/pure_pursuit/launch/sim_pure_pursuit.rviz
[15.681s] -- Up-to-date symlink: /home/f1tenth/f1tenth_ws/install/pure_pursuit/share/pure_pursuit/launch/sim_pure_pursuit_launch.py
[15.683s] -- Up-to-date symlink: /home/f1tenth/f1tenth_ws/install/pure_pursuit/share/pure_pursuit/config/config.yaml
[15.697s] -- Up-to-date symlink: /home/f1tenth/f1tenth_ws/install/pure_pursuit/share/pure_pursuit/config/sim_config.yaml
[15.698s] -- Up-to-date symlink: /home/f1tenth/f1tenth_ws/install/pure_pursuit/share/ament_index/resource_index/package_run_dependencies/pure_pursuit
[15.698s] -- Up-to-date symlink: /home/f1tenth/f1tenth_ws/install/pure_pursuit/share/ament_index/resource_index/parent_prefix_path/pure_pursuit
[15.699s] -- Up-to-date symlink: /home/f1tenth/f1tenth_ws/install/pure_pursuit/share/pure_pursuit/environment/ament_prefix_path.sh
[15.699s] -- Up-to-date symlink: /home/f1tenth/f1tenth_ws/install/pure_pursuit/share/pure_pursuit/environment/ament_prefix_path.dsv
[15.699s] -- Up-to-date symlink: /home/f1tenth/f1tenth_ws/install/pure_pursuit/share/pure_pursuit/environment/path.sh
[15.700s] -- Up-to-date symlink: /home/f1tenth/f1tenth_ws/install/pure_pursuit/share/pure_pursuit/environment/path.dsv
[15.701s] -- Up-to-date symlink: /home/f1tenth/f1tenth_ws/install/pure_pursuit/share/pure_pursuit/local_setup.bash
[15.701s] -- Up-to-date symlink: /home/f1tenth/f1tenth_ws/install/pure_pursuit/share/pure_pursuit/local_setup.sh
[15.701s] -- Up-to-date symlink: /home/f1tenth/f1tenth_ws/install/pure_pursuit/share/pure_pursuit/local_setup.zsh
[15.702s] -- Up-to-date symlink: /home/f1tenth/f1tenth_ws/install/pure_pursuit/share/pure_pursuit/local_setup.dsv
[15.707s] -- Symlinking: /home/f1tenth/f1tenth_ws/install/pure_pursuit/share/pure_pursuit/package.dsv
[15.731s] -- Up-to-date symlink: /home/f1tenth/f1tenth_ws/install/pure_pursuit/share/ament_index/resource_index/packages/pure_pursuit
[15.733s] -- Up-to-date symlink: /home/f1tenth/f1tenth_ws/install/pure_pursuit/share/pure_pursuit/cmake/pure_pursuitConfig.cmake
[15.734s] -- Up-to-date symlink: /home/f1tenth/f1tenth_ws/install/pure_pursuit/share/pure_pursuit/cmake/pure_pursuitConfig-version.cmake
[15.735s] -- Up-to-date symlink: /home/f1tenth/f1tenth_ws/install/pure_pursuit/share/pure_pursuit/package.xml
[15.790s] Invoked command in '/home/f1tenth/f1tenth_ws/build/pure_pursuit' returned '0': CMAKE_PREFIX_PATH=${CMAKE_PREFIX_PATH}:/home/f1tenth/f1tenth_ws/install/f1tenth_stack:/home/f1tenth/f1tenth_ws/install/joy_teleop:/home/f1tenth/f1tenth_ws/install/particle_filter:/home/f1tenth/f1tenth_ws/install/opencv_tools:/home/f1tenth/f1tenth_ws/install/my_camera_package:/home/f1tenth/f1tenth_ws/install/mouse_teleop:/home/f1tenth/f1tenth_ws/install/lane_pure_pursuit:/home/f1tenth/f1tenth_ws/install/lane_keeping:/home/f1tenth/f1tenth_ws/install/key_teleop:/home/f1tenth/f1tenth_ws/install/csi_camera:/home/f1tenth/f1tenth_ws/install/camera_subscriber_pkg:/home/f1tenth/f1tenth_ws/install/camera_sub:/home/f1tenth/f1tenth_ws/install/camera_publisher:/home/f1tenth/f1tenth_ws/install/camera_package:/opt/ros/foxy /usr/bin/cmake --install /home/f1tenth/f1tenth_ws/build/pure_pursuit
