[0.083s] Invoking command in '/home/f1tenth/f1tenth_ws/build/v4l2_camera': CMAKE_PREFIX_PATH=${CMAKE_PREFIX_PATH}:/home/f1tenth/f1tenth_ws/install/f1tenth_stack:/home/f1tenth/f1tenth_ws/install/joy_teleop:/home/f1tenth/f1tenth_ws/install/particle_filter:/home/f1tenth/f1tenth_ws/install/opencv_tools:/home/f1tenth/f1tenth_ws/install/mouse_teleop:/home/f1tenth/f1tenth_ws/install/key_teleop:/opt/ros/foxy /usr/bin/cmake --build /home/f1tenth/f1tenth_ws/build/v4l2_camera -- -j4 -l4
[0.272s] -- Found ament_cmake: 0.9.12 (/opt/ros/foxy/share/ament_cmake/cmake)
[0.411s] -- Using PYTHON_EXECUTABLE: /usr/bin/python3
[1.399s] -- Found ament_cmake_ros: 0.9.2 (/opt/ros/foxy/share/ament_cmake_ros/cmake)
[1.414s] -- Found rclcpp: 2.4.3 (/opt/ros/foxy/share/rclcpp/cmake)
[1.571s] -- Using all available rosidl_typesupport_c: rosidl_typesupport_fastrtps_c;rosidl_typesupport_introspection_c
[1.588s] -- Found rosidl_adapter: 1.3.1 (/opt/ros/foxy/share/rosidl_adapter/cmake)
[2.226s] -- Using all available rosidl_typesupport_cpp: rosidl_typesupport_fastrtps_cpp;rosidl_typesupport_introspection_cpp
[2.435s] -- Found rmw_implementation_cmake: 1.0.4 (/opt/ros/foxy/share/rmw_implementation_cmake/cmake)
[2.450s] -- Using RMW implementation 'rmw_fastrtps_cpp' as default
[3.023s] -- Found rclcpp_components: 2.4.3 (/opt/ros/foxy/share/rclcpp_components/cmake)
[3.236s] -- Found image_transport: 2.4.0 (/opt/ros/foxy/share/image_transport/cmake)
[3.804s] -- Found camera_info_manager: 2.4.0 (/opt/ros/foxy/share/camera_info_manager/cmake)
[3.866s] -- Setting yaml-cpp_DIR to: '/opt/ros/foxy/share/yaml_cpp_vendor/cmake/../../../opt/yaml_cpp_vendor/lib/cmake/yaml-cpp'
[4.123s] -- Found ament_lint_auto: 0.9.8 (/opt/ros/foxy/share/ament_lint_auto/cmake)
[4.494s] -- Added test 'cppcheck' to perform static code analysis on C / C++ code
[4.495s] -- Configured cppcheck include dirs: $<BUILD_INTERFACE:/home/f1tenth/f1tenth_ws/src/v4l2_camera/include>
[4.495s] -- Configured cppcheck exclude dirs and/or files: 
[4.521s] -- Added test 'cpplint' to check C / C++ code against the Google style
[4.522s] -- Configured cpplint exclude dirs and/or files: 
[4.525s] -- Added test 'flake8' to check Python code syntax and style conventions
[4.535s] -- Added test 'lint_cmake' to check CMake code style
[4.538s] -- Added test 'pep257' to check Python code against some of the style conventions in PEP 257
[4.563s] -- Added test 'uncrustify' to check C / C++ code style
[4.563s] -- Configured uncrustify additional arguments: 
[4.567s] -- Added test 'xmllint' to check XML markup files
[4.597s] -- Configuring done
[4.857s] -- Generating done
[4.867s] -- Build files have been written to: /home/f1tenth/f1tenth_ws/build/v4l2_camera
[5.133s] [ 42%] Built target v4l2_camera
[5.315s] [ 71%] Built target v4l2_camera_compose_test
[5.348s] [100%] Built target v4l2_camera_node
[5.406s] Invoked command in '/home/f1tenth/f1tenth_ws/build/v4l2_camera' returned '0': CMAKE_PREFIX_PATH=${CMAKE_PREFIX_PATH}:/home/f1tenth/f1tenth_ws/install/f1tenth_stack:/home/f1tenth/f1tenth_ws/install/joy_teleop:/home/f1tenth/f1tenth_ws/install/particle_filter:/home/f1tenth/f1tenth_ws/install/opencv_tools:/home/f1tenth/f1tenth_ws/install/mouse_teleop:/home/f1tenth/f1tenth_ws/install/key_teleop:/opt/ros/foxy /usr/bin/cmake --build /home/f1tenth/f1tenth_ws/build/v4l2_camera -- -j4 -l4
[5.675s] Invoking command in '/home/f1tenth/f1tenth_ws/build/v4l2_camera': CMAKE_PREFIX_PATH=${CMAKE_PREFIX_PATH}:/home/f1tenth/f1tenth_ws/install/f1tenth_stack:/home/f1tenth/f1tenth_ws/install/joy_teleop:/home/f1tenth/f1tenth_ws/install/particle_filter:/home/f1tenth/f1tenth_ws/install/opencv_tools:/home/f1tenth/f1tenth_ws/install/mouse_teleop:/home/f1tenth/f1tenth_ws/install/key_teleop:/opt/ros/foxy /usr/bin/cmake --install /home/f1tenth/f1tenth_ws/build/v4l2_camera
[5.724s] -- Install configuration: ""
[5.726s] -- Up-to-date: /home/f1tenth/f1tenth_ws/install/v4l2_camera/include
[5.727s] -- Up-to-date: /home/f1tenth/f1tenth_ws/install/v4l2_camera/include/v4l2_camera
[5.728s] -- Up-to-date: /home/f1tenth/f1tenth_ws/install/v4l2_camera/include/v4l2_camera/visibility_control.h
[5.731s] -- Up-to-date: /home/f1tenth/f1tenth_ws/install/v4l2_camera/include/v4l2_camera/fourcc.hpp
[5.732s] -- Up-to-date: /home/f1tenth/f1tenth_ws/install/v4l2_camera/include/v4l2_camera/image_format.hpp
[5.732s] -- Up-to-date: /home/f1tenth/f1tenth_ws/install/v4l2_camera/include/v4l2_camera/control.hpp
[5.732s] -- Up-to-date: /home/f1tenth/f1tenth_ws/install/v4l2_camera/include/v4l2_camera/v4l2_camera.hpp
[5.733s] -- Up-to-date: /home/f1tenth/f1tenth_ws/install/v4l2_camera/include/v4l2_camera/pixel_format.hpp
[5.733s] -- Up-to-date: /home/f1tenth/f1tenth_ws/install/v4l2_camera/include/v4l2_camera/v4l2_camera_device.hpp
[5.734s] -- Installing: /home/f1tenth/f1tenth_ws/install/v4l2_camera/share/v4l2_camera/launch
[5.734s] -- Installing: /home/f1tenth/f1tenth_ws/install/v4l2_camera/share/v4l2_camera/launch/camera_launch.py
[5.734s] -- Up-to-date: /home/f1tenth/f1tenth_ws/install/v4l2_camera/lib/libv4l2_camera.so
[5.735s] -- Up-to-date: /home/f1tenth/f1tenth_ws/install/v4l2_camera/lib/v4l2_camera/v4l2_camera_node
[5.736s] -- Up-to-date: /home/f1tenth/f1tenth_ws/install/v4l2_camera/lib/v4l2_camera/v4l2_camera_compose_test
[5.737s] -- Up-to-date: /home/f1tenth/f1tenth_ws/install/v4l2_camera/share/v4l2_camera/environment/library_path.sh
[5.738s] -- Installing: /home/f1tenth/f1tenth_ws/install/v4l2_camera/share/v4l2_camera/environment/library_path.dsv
[5.739s] -- Up-to-date: /home/f1tenth/f1tenth_ws/install/v4l2_camera/share/ament_index/resource_index/package_run_dependencies/v4l2_camera
[5.739s] -- Installing: /home/f1tenth/f1tenth_ws/install/v4l2_camera/share/ament_index/resource_index/parent_prefix_path/v4l2_camera
[5.740s] -- Up-to-date: /home/f1tenth/f1tenth_ws/install/v4l2_camera/share/v4l2_camera/environment/ament_prefix_path.sh
[5.741s] -- Installing: /home/f1tenth/f1tenth_ws/install/v4l2_camera/share/v4l2_camera/environment/ament_prefix_path.dsv
[5.742s] -- Up-to-date: /home/f1tenth/f1tenth_ws/install/v4l2_camera/share/v4l2_camera/environment/path.sh
[5.742s] -- Installing: /home/f1tenth/f1tenth_ws/install/v4l2_camera/share/v4l2_camera/environment/path.dsv
[5.743s] -- Up-to-date: /home/f1tenth/f1tenth_ws/install/v4l2_camera/share/v4l2_camera/local_setup.bash
[5.744s] -- Up-to-date: /home/f1tenth/f1tenth_ws/install/v4l2_camera/share/v4l2_camera/local_setup.sh
[5.745s] -- Up-to-date: /home/f1tenth/f1tenth_ws/install/v4l2_camera/share/v4l2_camera/local_setup.zsh
[5.745s] -- Installing: /home/f1tenth/f1tenth_ws/install/v4l2_camera/share/v4l2_camera/local_setup.dsv
[5.745s] -- Installing: /home/f1tenth/f1tenth_ws/install/v4l2_camera/share/v4l2_camera/package.dsv
[5.747s] -- Up-to-date: /home/f1tenth/f1tenth_ws/install/v4l2_camera/share/ament_index/resource_index/packages/v4l2_camera
[5.747s] -- Up-to-date: /home/f1tenth/f1tenth_ws/install/v4l2_camera/share/ament_index/resource_index/rclcpp_components/v4l2_camera
[5.748s] -- Up-to-date: /home/f1tenth/f1tenth_ws/install/v4l2_camera/share/v4l2_camera/cmake/export_v4l2_cameraExport.cmake
[5.748s] -- Installing: /home/f1tenth/f1tenth_ws/install/v4l2_camera/share/v4l2_camera/cmake/export_v4l2_cameraExport-noconfig.cmake
[5.749s] -- Up-to-date: /home/f1tenth/f1tenth_ws/install/v4l2_camera/share/v4l2_camera/cmake/ament_cmake_export_include_directories-extras.cmake
[5.750s] -- Up-to-date: /home/f1tenth/f1tenth_ws/install/v4l2_camera/share/v4l2_camera/cmake/ament_cmake_export_targets-extras.cmake
[5.751s] -- Up-to-date: /home/f1tenth/f1tenth_ws/install/v4l2_camera/share/v4l2_camera/cmake/ament_cmake_export_libraries-extras.cmake
[5.751s] -- Up-to-date: /home/f1tenth/f1tenth_ws/install/v4l2_camera/share/v4l2_camera/cmake/ament_cmake_export_dependencies-extras.cmake
[5.751s] -- Up-to-date: /home/f1tenth/f1tenth_ws/install/v4l2_camera/share/v4l2_camera/cmake/v4l2_cameraConfig.cmake
[5.752s] -- Up-to-date: /home/f1tenth/f1tenth_ws/install/v4l2_camera/share/v4l2_camera/cmake/v4l2_cameraConfig-version.cmake
[5.752s] -- Installing: /home/f1tenth/f1tenth_ws/install/v4l2_camera/share/v4l2_camera/package.xml
[5.761s] Invoked command in '/home/f1tenth/f1tenth_ws/build/v4l2_camera' returned '0': CMAKE_PREFIX_PATH=${CMAKE_PREFIX_PATH}:/home/f1tenth/f1tenth_ws/install/f1tenth_stack:/home/f1tenth/f1tenth_ws/install/joy_teleop:/home/f1tenth/f1tenth_ws/install/particle_filter:/home/f1tenth/f1tenth_ws/install/opencv_tools:/home/f1tenth/f1tenth_ws/install/mouse_teleop:/home/f1tenth/f1tenth_ws/install/key_teleop:/opt/ros/foxy /usr/bin/cmake --install /home/f1tenth/f1tenth_ws/build/v4l2_camera
