[4.752s] Invoking command in '/home/f1tenth/f1tenth_ws/src/lane_keeping': PYTHONPATH=/home/f1tenth/f1tenth_ws/build/lane_keeping/prefix_override:/usr/lib/python3/dist-packages/colcon_core/task/python/colcon_distutils_commands:/home/f1tenth/f1tenth_ws/install/lane_keeping/lib/python3.8/site-packages:${PYTHONPATH} /usr/bin/python3 -W ignore:setup.py install is deprecated setup.py egg_info --egg-base ../../build/lane_keeping build --build-base /home/f1tenth/f1tenth_ws/build/lane_keeping/build install --record /home/f1tenth/f1tenth_ws/build/lane_keeping/install.log --install-scripts $base/lib/lane_keeping --single-version-externally-managed install_data
[6.433s] /home/f1tenth/.local/lib/python3.8/site-packages/setuptools/dist.py:717: UserWarning: Usage of dash-separated 'script-dir' will not be supported in future versions. Please use the underscore name 'script_dir' instead
[6.434s]   warnings.warn(
[6.570s] running egg_info
[6.575s] writing ../../build/lane_keeping/lane_keeping.egg-info/PKG-INFO
[6.577s] writing dependency_links to ../../build/lane_keeping/lane_keeping.egg-info/dependency_links.txt
[6.579s] writing entry points to ../../build/lane_keeping/lane_keeping.egg-info/entry_points.txt
[6.580s] writing requirements to ../../build/lane_keeping/lane_keeping.egg-info/requires.txt
[6.581s] writing top-level names to ../../build/lane_keeping/lane_keeping.egg-info/top_level.txt
[6.596s] reading manifest file '../../build/lane_keeping/lane_keeping.egg-info/SOURCES.txt'
[6.603s] writing manifest file '../../build/lane_keeping/lane_keeping.egg-info/SOURCES.txt'
[6.603s] running build
[6.604s] running build_py
[6.606s] running install
[6.611s] running install_lib
[6.615s] creating /home/f1tenth/f1tenth_ws/install/lane_keeping/lib/python3.8/site-packages/lane_keeping
[6.615s] copying /home/f1tenth/f1tenth_ws/build/lane_keeping/build/lib/lane_keeping/__init__.py -> /home/f1tenth/f1tenth_ws/install/lane_keeping/lib/python3.8/site-packages/lane_keeping
[6.616s] copying /home/f1tenth/f1tenth_ws/build/lane_keeping/build/lib/lane_keeping/lane_keeping.py -> /home/f1tenth/f1tenth_ws/install/lane_keeping/lib/python3.8/site-packages/lane_keeping
[6.621s] byte-compiling /home/f1tenth/f1tenth_ws/install/lane_keeping/lib/python3.8/site-packages/lane_keeping/__init__.py to __init__.cpython-38.pyc
[6.623s] byte-compiling /home/f1tenth/f1tenth_ws/install/lane_keeping/lib/python3.8/site-packages/lane_keeping/lane_keeping.py to lane_keeping.cpython-38.pyc
[6.628s] running install_data
[6.629s] creating /home/f1tenth/f1tenth_ws/install/lane_keeping/share/ament_index
[6.630s] creating /home/f1tenth/f1tenth_ws/install/lane_keeping/share/ament_index/resource_index
[6.631s] creating /home/f1tenth/f1tenth_ws/install/lane_keeping/share/ament_index/resource_index/packages
[6.632s] copying resource/lane_keeping -> /home/f1tenth/f1tenth_ws/install/lane_keeping/share/ament_index/resource_index/packages
[6.632s] copying package.xml -> /home/f1tenth/f1tenth_ws/install/lane_keeping/share/lane_keeping
[6.633s] running install_egg_info
[6.641s] Copying ../../build/lane_keeping/lane_keeping.egg-info to /home/f1tenth/f1tenth_ws/install/lane_keeping/lib/python3.8/site-packages/lane_keeping-0.0.0-py3.8.egg-info
[6.652s] running install_scripts
[6.768s] Installing lane_keeping script to /home/f1tenth/f1tenth_ws/install/lane_keeping/lib/lane_keeping
[6.770s] writing list of installed files to '/home/f1tenth/f1tenth_ws/build/lane_keeping/install.log'
[6.884s] Invoked command in '/home/f1tenth/f1tenth_ws/src/lane_keeping' returned '0': PYTHONPATH=/home/f1tenth/f1tenth_ws/build/lane_keeping/prefix_override:/usr/lib/python3/dist-packages/colcon_core/task/python/colcon_distutils_commands:/home/f1tenth/f1tenth_ws/install/lane_keeping/lib/python3.8/site-packages:${PYTHONPATH} /usr/bin/python3 -W ignore:setup.py install is deprecated setup.py egg_info --egg-base ../../build/lane_keeping build --build-base /home/f1tenth/f1tenth_ws/build/lane_keeping/build install --record /home/f1tenth/f1tenth_ws/build/lane_keeping/install.log --install-scripts $base/lib/lane_keeping --single-version-externally-managed install_data
