[0.105s] Invoking command in '/home/f1tenth/f1tenth_ws/build/waypoint_generator': CMAKE_PREFIX_PATH=${CMAKE_PREFIX_PATH}:/home/f1tenth/f1tenth_ws/install/f1tenth_stack:/home/f1tenth/f1tenth_ws/install/joy_teleop:/home/f1tenth/f1tenth_ws/install/particle_filter:/home/f1tenth/f1tenth_ws/install/mouse_teleop:/home/f1tenth/f1tenth_ws/install/key_teleop:/opt/ros/foxy /usr/bin/cmake --build /home/f1tenth/f1tenth_ws/build/waypoint_generator -- -j4 -l4
[0.741s] [100%] Built target waypoint_generator
[1.029s] Invoked command in '/home/f1tenth/f1tenth_ws/build/waypoint_generator' returned '0': CMAKE_PREFIX_PATH=${CMAKE_PREFIX_PATH}:/home/f1tenth/f1tenth_ws/install/f1tenth_stack:/home/f1tenth/f1tenth_ws/install/joy_teleop:/home/f1tenth/f1tenth_ws/install/particle_filter:/home/f1tenth/f1tenth_ws/install/mouse_teleop:/home/f1tenth/f1tenth_ws/install/key_teleop:/opt/ros/foxy /usr/bin/cmake --build /home/f1tenth/f1tenth_ws/build/waypoint_generator -- -j4 -l4
[2.675s] Invoking command in '/home/f1tenth/f1tenth_ws/build/waypoint_generator': CMAKE_PREFIX_PATH=${CMAKE_PREFIX_PATH}:/home/f1tenth/f1tenth_ws/install/f1tenth_stack:/home/f1tenth/f1tenth_ws/install/joy_teleop:/home/f1tenth/f1tenth_ws/install/particle_filter:/home/f1tenth/f1tenth_ws/install/mouse_teleop:/home/f1tenth/f1tenth_ws/install/key_teleop:/opt/ros/foxy /usr/bin/cmake --install /home/f1tenth/f1tenth_ws/build/waypoint_generator
[2.818s] -- Install configuration: ""
[2.824s] -- Execute custom install script
[2.825s] -- Up-to-date symlink: /home/f1tenth/f1tenth_ws/install/waypoint_generator/lib/waypoint_generator/waypoint_generator
[2.825s] -- Up-to-date symlink: /home/f1tenth/f1tenth_ws/install/waypoint_generator/share/ament_index/resource_index/package_run_dependencies/waypoint_generator
[2.826s] -- Up-to-date symlink: /home/f1tenth/f1tenth_ws/install/waypoint_generator/share/ament_index/resource_index/parent_prefix_path/waypoint_generator
[2.827s] -- Up-to-date symlink: /home/f1tenth/f1tenth_ws/install/waypoint_generator/share/waypoint_generator/environment/ament_prefix_path.sh
[2.827s] -- Up-to-date symlink: /home/f1tenth/f1tenth_ws/install/waypoint_generator/share/waypoint_generator/environment/ament_prefix_path.dsv
[2.828s] -- Up-to-date symlink: /home/f1tenth/f1tenth_ws/install/waypoint_generator/share/waypoint_generator/environment/path.sh
[2.829s] -- Up-to-date symlink: /home/f1tenth/f1tenth_ws/install/waypoint_generator/share/waypoint_generator/environment/path.dsv
[2.830s] -- Up-to-date symlink: /home/f1tenth/f1tenth_ws/install/waypoint_generator/share/waypoint_generator/local_setup.bash
[2.830s] -- Up-to-date symlink: /home/f1tenth/f1tenth_ws/install/waypoint_generator/share/waypoint_generator/local_setup.sh
[2.831s] -- Up-to-date symlink: /home/f1tenth/f1tenth_ws/install/waypoint_generator/share/waypoint_generator/local_setup.zsh
[2.831s] -- Up-to-date symlink: /home/f1tenth/f1tenth_ws/install/waypoint_generator/share/waypoint_generator/local_setup.dsv
[2.857s] -- Symlinking: /home/f1tenth/f1tenth_ws/install/waypoint_generator/share/waypoint_generator/package.dsv
[2.916s] -- Up-to-date symlink: /home/f1tenth/f1tenth_ws/install/waypoint_generator/share/ament_index/resource_index/packages/waypoint_generator
[2.926s] -- Up-to-date symlink: /home/f1tenth/f1tenth_ws/install/waypoint_generator/share/waypoint_generator/cmake/waypoint_generatorConfig.cmake
[2.931s] -- Up-to-date symlink: /home/f1tenth/f1tenth_ws/install/waypoint_generator/share/waypoint_generator/cmake/waypoint_generatorConfig-version.cmake
[2.932s] -- Up-to-date symlink: /home/f1tenth/f1tenth_ws/install/waypoint_generator/share/waypoint_generator/package.xml
[2.945s] Invoked command in '/home/f1tenth/f1tenth_ws/build/waypoint_generator' returned '0': CMAKE_PREFIX_PATH=${CMAKE_PREFIX_PATH}:/home/f1tenth/f1tenth_ws/install/f1tenth_stack:/home/f1tenth/f1tenth_ws/install/joy_teleop:/home/f1tenth/f1tenth_ws/install/particle_filter:/home/f1tenth/f1tenth_ws/install/mouse_teleop:/home/f1tenth/f1tenth_ws/install/key_teleop:/opt/ros/foxy /usr/bin/cmake --install /home/f1tenth/f1tenth_ws/build/waypoint_generator
