[0.289s] Invoking command in '/home/f1tenth/f1tenth_ws/build/waypoint_generator': CMAKE_PREFIX_PATH=${CMAKE_PREFIX_PATH}:/home/f1tenth/f1tenth_ws/install/my_camera_package:/home/f1tenth/f1tenth_ws/install/camera:/home/f1tenth/f1tenth_ws/install/f1tenth_stack:/home/f1tenth/f1tenth_ws/install/joy_teleop:/home/f1tenth/f1tenth_ws/install/particle_filter:/home/f1tenth/f1tenth_ws/install/opencv_tools:/home/f1tenth/f1tenth_ws/install/mouse_teleop:/home/f1tenth/f1tenth_ws/install/key_teleop:/opt/ros/foxy /usr/bin/cmake --build /home/f1tenth/f1tenth_ws/build/waypoint_generator -- -j4 -l4
[0.889s] [100%] Built target waypoint_generator
[1.005s] Invoked command in '/home/f1tenth/f1tenth_ws/build/waypoint_generator' returned '0': CMAKE_PREFIX_PATH=${CMAKE_PREFIX_PATH}:/home/f1tenth/f1tenth_ws/install/my_camera_package:/home/f1tenth/f1tenth_ws/install/camera:/home/f1tenth/f1tenth_ws/install/f1tenth_stack:/home/f1tenth/f1tenth_ws/install/joy_teleop:/home/f1tenth/f1tenth_ws/install/particle_filter:/home/f1tenth/f1tenth_ws/install/opencv_tools:/home/f1tenth/f1tenth_ws/install/mouse_teleop:/home/f1tenth/f1tenth_ws/install/key_teleop:/opt/ros/foxy /usr/bin/cmake --build /home/f1tenth/f1tenth_ws/build/waypoint_generator -- -j4 -l4
[1.405s] Invoking command in '/home/f1tenth/f1tenth_ws/build/waypoint_generator': CMAKE_PREFIX_PATH=${CMAKE_PREFIX_PATH}:/home/f1tenth/f1tenth_ws/install/my_camera_package:/home/f1tenth/f1tenth_ws/install/camera:/home/f1tenth/f1tenth_ws/install/f1tenth_stack:/home/f1tenth/f1tenth_ws/install/joy_teleop:/home/f1tenth/f1tenth_ws/install/particle_filter:/home/f1tenth/f1tenth_ws/install/opencv_tools:/home/f1tenth/f1tenth_ws/install/mouse_teleop:/home/f1tenth/f1tenth_ws/install/key_teleop:/opt/ros/foxy /usr/bin/cmake --install /home/f1tenth/f1tenth_ws/build/waypoint_generator
[1.507s] -- Install configuration: ""
[1.508s] -- Execute custom install script
[1.521s] -- Up-to-date symlink: /home/f1tenth/f1tenth_ws/install/waypoint_generator/lib/waypoint_generator/waypoint_generator
[1.522s] -- Up-to-date symlink: /home/f1tenth/f1tenth_ws/install/waypoint_generator/share/ament_index/resource_index/package_run_dependencies/waypoint_generator
[1.526s] -- Up-to-date symlink: /home/f1tenth/f1tenth_ws/install/waypoint_generator/share/ament_index/resource_index/parent_prefix_path/waypoint_generator
[1.526s] -- Up-to-date symlink: /home/f1tenth/f1tenth_ws/install/waypoint_generator/share/waypoint_generator/environment/ament_prefix_path.sh
[1.527s] -- Up-to-date symlink: /home/f1tenth/f1tenth_ws/install/waypoint_generator/share/waypoint_generator/environment/ament_prefix_path.dsv
[1.527s] -- Up-to-date symlink: /home/f1tenth/f1tenth_ws/install/waypoint_generator/share/waypoint_generator/environment/path.sh
[1.528s] -- Up-to-date symlink: /home/f1tenth/f1tenth_ws/install/waypoint_generator/share/waypoint_generator/environment/path.dsv
[1.528s] -- Up-to-date symlink: /home/f1tenth/f1tenth_ws/install/waypoint_generator/share/waypoint_generator/local_setup.bash
[1.530s] -- Up-to-date symlink: /home/f1tenth/f1tenth_ws/install/waypoint_generator/share/waypoint_generator/local_setup.sh
[1.531s] -- Up-to-date symlink: /home/f1tenth/f1tenth_ws/install/waypoint_generator/share/waypoint_generator/local_setup.zsh
[1.534s] -- Up-to-date symlink: /home/f1tenth/f1tenth_ws/install/waypoint_generator/share/waypoint_generator/local_setup.dsv
[1.536s] -- Symlinking: /home/f1tenth/f1tenth_ws/install/waypoint_generator/share/waypoint_generator/package.dsv
[1.620s] -- Up-to-date symlink: /home/f1tenth/f1tenth_ws/install/waypoint_generator/share/ament_index/resource_index/packages/waypoint_generator
[1.621s] -- Up-to-date symlink: /home/f1tenth/f1tenth_ws/install/waypoint_generator/share/waypoint_generator/cmake/waypoint_generatorConfig.cmake
[1.621s] -- Up-to-date symlink: /home/f1tenth/f1tenth_ws/install/waypoint_generator/share/waypoint_generator/cmake/waypoint_generatorConfig-version.cmake
[1.623s] -- Up-to-date symlink: /home/f1tenth/f1tenth_ws/install/waypoint_generator/share/waypoint_generator/package.xml
[1.650s] Invoked command in '/home/f1tenth/f1tenth_ws/build/waypoint_generator' returned '0': CMAKE_PREFIX_PATH=${CMAKE_PREFIX_PATH}:/home/f1tenth/f1tenth_ws/install/my_camera_package:/home/f1tenth/f1tenth_ws/install/camera:/home/f1tenth/f1tenth_ws/install/f1tenth_stack:/home/f1tenth/f1tenth_ws/install/joy_teleop:/home/f1tenth/f1tenth_ws/install/particle_filter:/home/f1tenth/f1tenth_ws/install/opencv_tools:/home/f1tenth/f1tenth_ws/install/mouse_teleop:/home/f1tenth/f1tenth_ws/install/key_teleop:/opt/ros/foxy /usr/bin/cmake --install /home/f1tenth/f1tenth_ws/build/waypoint_generator
