[0.269s] Invoking command in '/home/f1tenth/f1tenth_ws/build/pure_pursuit': CMAKE_PREFIX_PATH=${CMAKE_PREFIX_PATH}:/home/f1tenth/f1tenth_ws/install/f1tenth_stack:/home/f1tenth/f1tenth_ws/install/joy_teleop:/home/f1tenth/f1tenth_ws/install/particle_filter:/home/f1tenth/f1tenth_ws/install/mouse_teleop:/home/f1tenth/f1tenth_ws/install/key_teleop:/opt/ros/foxy /usr/bin/cmake --build /home/f1tenth/f1tenth_ws/build/pure_pursuit -- -j4 -l4
[1.044s] [ 50%] Built target waypoint_visualizer
[1.166s] [100%] Built target pure_pursuit
[1.306s] Invoked command in '/home/f1tenth/f1tenth_ws/build/pure_pursuit' returned '0': CMAKE_PREFIX_PATH=${CMAKE_PREFIX_PATH}:/home/f1tenth/f1tenth_ws/install/f1tenth_stack:/home/f1tenth/f1tenth_ws/install/joy_teleop:/home/f1tenth/f1tenth_ws/install/particle_filter:/home/f1tenth/f1tenth_ws/install/mouse_teleop:/home/f1tenth/f1tenth_ws/install/key_teleop:/opt/ros/foxy /usr/bin/cmake --build /home/f1tenth/f1tenth_ws/build/pure_pursuit -- -j4 -l4
[1.775s] Invoking command in '/home/f1tenth/f1tenth_ws/build/pure_pursuit': CMAKE_PREFIX_PATH=${CMAKE_PREFIX_PATH}:/home/f1tenth/f1tenth_ws/install/f1tenth_stack:/home/f1tenth/f1tenth_ws/install/joy_teleop:/home/f1tenth/f1tenth_ws/install/particle_filter:/home/f1tenth/f1tenth_ws/install/mouse_teleop:/home/f1tenth/f1tenth_ws/install/key_teleop:/opt/ros/foxy /usr/bin/cmake --install /home/f1tenth/f1tenth_ws/build/pure_pursuit
[1.850s] -- Install configuration: ""
[1.857s] -- Execute custom install script
[1.863s] -- Up-to-date symlink: /home/f1tenth/f1tenth_ws/install/pure_pursuit/lib/pure_pursuit/pure_pursuit
[1.870s] -- Up-to-date symlink: /home/f1tenth/f1tenth_ws/install/pure_pursuit/lib/pure_pursuit/waypoint_visualizer
[1.876s] -- Up-to-date symlink: /home/f1tenth/f1tenth_ws/install/pure_pursuit/share/pure_pursuit/launch/pure_pursuit.rviz
[1.878s] -- Up-to-date symlink: /home/f1tenth/f1tenth_ws/install/pure_pursuit/share/pure_pursuit/launch/pure_pursuit_launch.py
[1.881s] -- Up-to-date symlink: /home/f1tenth/f1tenth_ws/install/pure_pursuit/share/pure_pursuit/launch/sim_pure_pursuit.rviz
[1.885s] -- Up-to-date symlink: /home/f1tenth/f1tenth_ws/install/pure_pursuit/share/pure_pursuit/launch/sim_pure_pursuit_launch.py
[1.900s] -- Up-to-date symlink: /home/f1tenth/f1tenth_ws/install/pure_pursuit/share/pure_pursuit/config/config.yaml
[1.910s] -- Up-to-date symlink: /home/f1tenth/f1tenth_ws/install/pure_pursuit/share/pure_pursuit/config/sim_config.yaml
[1.918s] -- Up-to-date symlink: /home/f1tenth/f1tenth_ws/install/pure_pursuit/share/ament_index/resource_index/package_run_dependencies/pure_pursuit
[1.934s] -- Up-to-date symlink: /home/f1tenth/f1tenth_ws/install/pure_pursuit/share/ament_index/resource_index/parent_prefix_path/pure_pursuit
[1.947s] -- Up-to-date symlink: /home/f1tenth/f1tenth_ws/install/pure_pursuit/share/pure_pursuit/environment/ament_prefix_path.sh
[1.950s] -- Up-to-date symlink: /home/f1tenth/f1tenth_ws/install/pure_pursuit/share/pure_pursuit/environment/ament_prefix_path.dsv
[1.953s] -- Up-to-date symlink: /home/f1tenth/f1tenth_ws/install/pure_pursuit/share/pure_pursuit/environment/path.sh
[1.956s] -- Up-to-date symlink: /home/f1tenth/f1tenth_ws/install/pure_pursuit/share/pure_pursuit/environment/path.dsv
[1.960s] -- Up-to-date symlink: /home/f1tenth/f1tenth_ws/install/pure_pursuit/share/pure_pursuit/local_setup.bash
[1.963s] -- Up-to-date symlink: /home/f1tenth/f1tenth_ws/install/pure_pursuit/share/pure_pursuit/local_setup.sh
[1.979s] -- Up-to-date symlink: /home/f1tenth/f1tenth_ws/install/pure_pursuit/share/pure_pursuit/local_setup.zsh
[1.980s] -- Up-to-date symlink: /home/f1tenth/f1tenth_ws/install/pure_pursuit/share/pure_pursuit/local_setup.dsv
[1.982s] -- Symlinking: /home/f1tenth/f1tenth_ws/install/pure_pursuit/share/pure_pursuit/package.dsv
[2.106s] -- Up-to-date symlink: /home/f1tenth/f1tenth_ws/install/pure_pursuit/share/ament_index/resource_index/packages/pure_pursuit
[2.109s] -- Up-to-date symlink: /home/f1tenth/f1tenth_ws/install/pure_pursuit/share/pure_pursuit/cmake/pure_pursuitConfig.cmake
[2.112s] -- Up-to-date symlink: /home/f1tenth/f1tenth_ws/install/pure_pursuit/share/pure_pursuit/cmake/pure_pursuitConfig-version.cmake
[2.115s] -- Up-to-date symlink: /home/f1tenth/f1tenth_ws/install/pure_pursuit/share/pure_pursuit/package.xml
[2.129s] Invoked command in '/home/f1tenth/f1tenth_ws/build/pure_pursuit' returned '0': CMAKE_PREFIX_PATH=${CMAKE_PREFIX_PATH}:/home/f1tenth/f1tenth_ws/install/f1tenth_stack:/home/f1tenth/f1tenth_ws/install/joy_teleop:/home/f1tenth/f1tenth_ws/install/particle_filter:/home/f1tenth/f1tenth_ws/install/mouse_teleop:/home/f1tenth/f1tenth_ws/install/key_teleop:/opt/ros/foxy /usr/bin/cmake --install /home/f1tenth/f1tenth_ws/build/pure_pursuit
