running egg_info
writing ../../build/object_detect/object_detect.egg-info/PKG-INFO
writing dependency_links to ../../build/object_detect/object_detect.egg-info/dependency_links.txt
writing entry points to ../../build/object_detect/object_detect.egg-info/entry_points.txt
writing requirements to ../../build/object_detect/object_detect.egg-info/requires.txt
writing top-level names to ../../build/object_detect/object_detect.egg-info/top_level.txt
writing ../../build/object_detect/object_detect.egg-info/PKG-INFO
writing dependency_links to ../../build/object_detect/object_detect.egg-info/dependency_links.txt
writing entry points to ../../build/object_detect/object_detect.egg-info/entry_points.txt
writing requirements to ../../build/object_detect/object_detect.egg-info/requires.txt
writing top-level names to ../../build/object_detect/object_detect.egg-info/top_level.txt
reading manifest file '../../build/object_detect/object_detect.egg-info/SOURCES.txt'
writing manifest file '../../build/object_detect/object_detect.egg-info/SOURCES.txt'
running build
running build_py
copying object_detect/object_detect.py -> /home/f1tenth/f1tenth_ws/build/object_detect/build/lib/object_detect
running install
running install_lib
copying /home/f1tenth/f1tenth_ws/build/object_detect/build/lib/object_detect/object_detect.py -> /home/f1tenth/f1tenth_ws/install/object_detect/lib/python3.8/site-packages/object_detect
byte-compiling /home/f1tenth/f1tenth_ws/install/object_detect/lib/python3.8/site-packages/object_detect/object_detect.py to object_detect.cpython-38.pyc
running install_data
running install_egg_info
removing '/home/f1tenth/f1tenth_ws/install/object_detect/lib/python3.8/site-packages/object_detect-0.0.0-py3.8.egg-info' (and everything under it)
Copying ../../build/object_detect/object_detect.egg-info to /home/f1tenth/f1tenth_ws/install/object_detect/lib/python3.8/site-packages/object_detect-0.0.0-py3.8.egg-info
running install_scripts
Installing object_detect script to /home/f1tenth/f1tenth_ws/install/object_detect/lib/object_detect
writing list of installed files to '/home/f1tenth/f1tenth_ws/build/object_detect/install.log'
