[0.278s] Invoking command in '/home/f1tenth/f1tenth_ws/build/waypoint_generator': CMAKE_PREFIX_PATH=${CMAKE_PREFIX_PATH}:/home/f1tenth/f1tenth_ws/install/f1tenth_stack:/home/f1tenth/f1tenth_ws/install/joy_teleop:/home/f1tenth/f1tenth_ws/install/particle_filter:/home/f1tenth/f1tenth_ws/install/opencv_tools:/home/f1tenth/f1tenth_ws/install/my_camera_package:/home/f1tenth/f1tenth_ws/install/mouse_teleop:/home/f1tenth/f1tenth_ws/install/key_teleop:/home/f1tenth/f1tenth_ws/install/camera_publisher:/opt/ros/foxy /usr/bin/cmake --build /home/f1tenth/f1tenth_ws/build/waypoint_generator -- -j4 -l4
[1.144s] [100%] Built target waypoint_generator
[1.354s] Invoked command in '/home/f1tenth/f1tenth_ws/build/waypoint_generator' returned '0': CMAKE_PREFIX_PATH=${CMAKE_PREFIX_PATH}:/home/f1tenth/f1tenth_ws/install/f1tenth_stack:/home/f1tenth/f1tenth_ws/install/joy_teleop:/home/f1tenth/f1tenth_ws/install/particle_filter:/home/f1tenth/f1tenth_ws/install/opencv_tools:/home/f1tenth/f1tenth_ws/install/my_camera_package:/home/f1tenth/f1tenth_ws/install/mouse_teleop:/home/f1tenth/f1tenth_ws/install/key_teleop:/home/f1tenth/f1tenth_ws/install/camera_publisher:/opt/ros/foxy /usr/bin/cmake --build /home/f1tenth/f1tenth_ws/build/waypoint_generator -- -j4 -l4
[1.883s] Invoking command in '/home/f1tenth/f1tenth_ws/build/waypoint_generator': CMAKE_PREFIX_PATH=${CMAKE_PREFIX_PATH}:/home/f1tenth/f1tenth_ws/install/f1tenth_stack:/home/f1tenth/f1tenth_ws/install/joy_teleop:/home/f1tenth/f1tenth_ws/install/particle_filter:/home/f1tenth/f1tenth_ws/install/opencv_tools:/home/f1tenth/f1tenth_ws/install/my_camera_package:/home/f1tenth/f1tenth_ws/install/mouse_teleop:/home/f1tenth/f1tenth_ws/install/key_teleop:/home/f1tenth/f1tenth_ws/install/camera_publisher:/opt/ros/foxy /usr/bin/cmake --install /home/f1tenth/f1tenth_ws/build/waypoint_generator
[2.049s] -- Install configuration: ""
[2.058s] -- Execute custom install script
[2.076s] -- Up-to-date symlink: /home/f1tenth/f1tenth_ws/install/waypoint_generator/lib/waypoint_generator/waypoint_generator
[2.083s] -- Up-to-date symlink: /home/f1tenth/f1tenth_ws/install/waypoint_generator/share/ament_index/resource_index/package_run_dependencies/waypoint_generator
[2.091s] -- Up-to-date symlink: /home/f1tenth/f1tenth_ws/install/waypoint_generator/share/ament_index/resource_index/parent_prefix_path/waypoint_generator
[2.097s] -- Up-to-date symlink: /home/f1tenth/f1tenth_ws/install/waypoint_generator/share/waypoint_generator/environment/ament_prefix_path.sh
[2.102s] -- Up-to-date symlink: /home/f1tenth/f1tenth_ws/install/waypoint_generator/share/waypoint_generator/environment/ament_prefix_path.dsv
[2.108s] -- Up-to-date symlink: /home/f1tenth/f1tenth_ws/install/waypoint_generator/share/waypoint_generator/environment/path.sh
[2.114s] -- Up-to-date symlink: /home/f1tenth/f1tenth_ws/install/waypoint_generator/share/waypoint_generator/environment/path.dsv
[2.127s] -- Up-to-date symlink: /home/f1tenth/f1tenth_ws/install/waypoint_generator/share/waypoint_generator/local_setup.bash
[2.131s] -- Up-to-date symlink: /home/f1tenth/f1tenth_ws/install/waypoint_generator/share/waypoint_generator/local_setup.sh
[2.135s] -- Up-to-date symlink: /home/f1tenth/f1tenth_ws/install/waypoint_generator/share/waypoint_generator/local_setup.zsh
[2.146s] -- Up-to-date symlink: /home/f1tenth/f1tenth_ws/install/waypoint_generator/share/waypoint_generator/local_setup.dsv
[2.158s] -- Symlinking: /home/f1tenth/f1tenth_ws/install/waypoint_generator/share/waypoint_generator/package.dsv
[2.276s] -- Up-to-date symlink: /home/f1tenth/f1tenth_ws/install/waypoint_generator/share/ament_index/resource_index/packages/waypoint_generator
[2.283s] -- Up-to-date symlink: /home/f1tenth/f1tenth_ws/install/waypoint_generator/share/waypoint_generator/cmake/waypoint_generatorConfig.cmake
[2.288s] -- Up-to-date symlink: /home/f1tenth/f1tenth_ws/install/waypoint_generator/share/waypoint_generator/cmake/waypoint_generatorConfig-version.cmake
[2.299s] -- Up-to-date symlink: /home/f1tenth/f1tenth_ws/install/waypoint_generator/share/waypoint_generator/package.xml
[2.325s] Invoked command in '/home/f1tenth/f1tenth_ws/build/waypoint_generator' returned '0': CMAKE_PREFIX_PATH=${CMAKE_PREFIX_PATH}:/home/f1tenth/f1tenth_ws/install/f1tenth_stack:/home/f1tenth/f1tenth_ws/install/joy_teleop:/home/f1tenth/f1tenth_ws/install/particle_filter:/home/f1tenth/f1tenth_ws/install/opencv_tools:/home/f1tenth/f1tenth_ws/install/my_camera_package:/home/f1tenth/f1tenth_ws/install/mouse_teleop:/home/f1tenth/f1tenth_ws/install/key_teleop:/home/f1tenth/f1tenth_ws/install/camera_publisher:/opt/ros/foxy /usr/bin/cmake --install /home/f1tenth/f1tenth_ws/build/waypoint_generator
