[6.785s] Invoking command in '/home/f1tenth/f1tenth_ws/src/lane_keeping': PYTHONPATH=/home/f1tenth/f1tenth_ws/build/lane_keeping/prefix_override:/usr/lib/python3/dist-packages/colcon_core/task/python/colcon_distutils_commands:/home/f1tenth/f1tenth_ws/install/lane_keeping/lib/python3.8/site-packages:${PYTHONPATH} /usr/bin/python3 -W ignore:setup.py install is deprecated setup.py egg_info --egg-base ../../build/lane_keeping build --build-base /home/f1tenth/f1tenth_ws/build/lane_keeping/build install --record /home/f1tenth/f1tenth_ws/build/lane_keeping/install.log --install-scripts $base/lib/lane_keeping --single-version-externally-managed install_data
[8.590s] /home/f1tenth/.local/lib/python3.8/site-packages/setuptools/dist.py:771: UserWarning: Usage of dash-separated 'script-dir' will not be supported in future versions. Please use the underscore name 'script_dir' instead
[8.590s]   warnings.warn(
[9.294s] running egg_info
[9.412s] writing ../../build/lane_keeping/lane_keeping.egg-info/PKG-INFO
[9.414s] writing dependency_links to ../../build/lane_keeping/lane_keeping.egg-info/dependency_links.txt
[9.415s] writing entry points to ../../build/lane_keeping/lane_keeping.egg-info/entry_points.txt
[9.416s] writing requirements to ../../build/lane_keeping/lane_keeping.egg-info/requires.txt
[9.416s] writing top-level names to ../../build/lane_keeping/lane_keeping.egg-info/top_level.txt
[9.417s] writing ../../build/lane_keeping/lane_keeping.egg-info/PKG-INFO
[9.417s] writing dependency_links to ../../build/lane_keeping/lane_keeping.egg-info/dependency_links.txt
[9.419s] writing entry points to ../../build/lane_keeping/lane_keeping.egg-info/entry_points.txt
[9.420s] writing requirements to ../../build/lane_keeping/lane_keeping.egg-info/requires.txt
[9.420s] writing top-level names to ../../build/lane_keeping/lane_keeping.egg-info/top_level.txt
[9.590s] reading manifest file '../../build/lane_keeping/lane_keeping.egg-info/SOURCES.txt'
[9.596s] writing manifest file '../../build/lane_keeping/lane_keeping.egg-info/SOURCES.txt'
[9.597s] running build
[9.602s] running build_py
[9.603s] copying lane_keeping/lane_keeping.py -> /home/f1tenth/f1tenth_ws/build/lane_keeping/build/lib/lane_keeping
[9.606s] running install
[9.628s] running install_lib
[9.709s] copying /home/f1tenth/f1tenth_ws/build/lane_keeping/build/lib/lane_keeping/lane_keeping.py -> /home/f1tenth/f1tenth_ws/install/lane_keeping/lib/python3.8/site-packages/lane_keeping
[9.713s] byte-compiling /home/f1tenth/f1tenth_ws/install/lane_keeping/lib/python3.8/site-packages/lane_keeping/lane_keeping.py to lane_keeping.cpython-38.pyc
[9.724s] running install_data
[9.725s] running install_egg_info
[9.811s] removing '/home/f1tenth/f1tenth_ws/install/lane_keeping/lib/python3.8/site-packages/lane_keeping-0.0.0-py3.8.egg-info' (and everything under it)
[9.812s] Copying ../../build/lane_keeping/lane_keeping.egg-info to /home/f1tenth/f1tenth_ws/install/lane_keeping/lib/python3.8/site-packages/lane_keeping-0.0.0-py3.8.egg-info
[9.822s] running install_scripts
[10.138s] Installing lane_keeping script to /home/f1tenth/f1tenth_ws/install/lane_keeping/lib/lane_keeping
[10.139s] writing list of installed files to '/home/f1tenth/f1tenth_ws/build/lane_keeping/install.log'
[10.318s] Invoked command in '/home/f1tenth/f1tenth_ws/src/lane_keeping' returned '0': PYTHONPATH=/home/f1tenth/f1tenth_ws/build/lane_keeping/prefix_override:/usr/lib/python3/dist-packages/colcon_core/task/python/colcon_distutils_commands:/home/f1tenth/f1tenth_ws/install/lane_keeping/lib/python3.8/site-packages:${PYTHONPATH} /usr/bin/python3 -W ignore:setup.py install is deprecated setup.py egg_info --egg-base ../../build/lane_keeping build --build-base /home/f1tenth/f1tenth_ws/build/lane_keeping/build install --record /home/f1tenth/f1tenth_ws/build/lane_keeping/install.log --install-scripts $base/lib/lane_keeping --single-version-externally-managed install_data
