[0.229s] Invoking command in '/home/f1tenth/f1tenth_ws/build/pure_pursuit': CMAKE_PREFIX_PATH=${CMAKE_PREFIX_PATH}:/home/f1tenth/f1tenth_ws/install/f1tenth_stack:/home/f1tenth/f1tenth_ws/install/joy_teleop:/home/f1tenth/f1tenth_ws/install/particle_filter:/home/f1tenth/f1tenth_ws/install/mouse_teleop:/home/f1tenth/f1tenth_ws/install/key_teleop:/opt/ros/foxy /usr/bin/cmake --build /home/f1tenth/f1tenth_ws/build/pure_pursuit -- -j4 -l4
[0.778s] [ 50%] Built target waypoint_visualizer
[0.850s] [100%] Built target pure_pursuit
[0.975s] Invoked command in '/home/f1tenth/f1tenth_ws/build/pure_pursuit' returned '0': CMAKE_PREFIX_PATH=${CMAKE_PREFIX_PATH}:/home/f1tenth/f1tenth_ws/install/f1tenth_stack:/home/f1tenth/f1tenth_ws/install/joy_teleop:/home/f1tenth/f1tenth_ws/install/particle_filter:/home/f1tenth/f1tenth_ws/install/mouse_teleop:/home/f1tenth/f1tenth_ws/install/key_teleop:/opt/ros/foxy /usr/bin/cmake --build /home/f1tenth/f1tenth_ws/build/pure_pursuit -- -j4 -l4
[1.219s] Invoking command in '/home/f1tenth/f1tenth_ws/build/pure_pursuit': CMAKE_PREFIX_PATH=${CMAKE_PREFIX_PATH}:/home/f1tenth/f1tenth_ws/install/f1tenth_stack:/home/f1tenth/f1tenth_ws/install/joy_teleop:/home/f1tenth/f1tenth_ws/install/particle_filter:/home/f1tenth/f1tenth_ws/install/mouse_teleop:/home/f1tenth/f1tenth_ws/install/key_teleop:/opt/ros/foxy /usr/bin/cmake --install /home/f1tenth/f1tenth_ws/build/pure_pursuit
[1.308s] -- Install configuration: ""
[1.311s] -- Execute custom install script
[1.314s] -- Up-to-date symlink: /home/f1tenth/f1tenth_ws/install/pure_pursuit/lib/pure_pursuit/pure_pursuit
[1.316s] -- Up-to-date symlink: /home/f1tenth/f1tenth_ws/install/pure_pursuit/lib/pure_pursuit/waypoint_visualizer
[1.320s] -- Up-to-date symlink: /home/f1tenth/f1tenth_ws/install/pure_pursuit/share/pure_pursuit/launch/pure_pursuit.rviz
[1.321s] -- Up-to-date symlink: /home/f1tenth/f1tenth_ws/install/pure_pursuit/share/pure_pursuit/launch/pure_pursuit_launch.py
[1.330s] -- Up-to-date symlink: /home/f1tenth/f1tenth_ws/install/pure_pursuit/share/pure_pursuit/launch/sim_pure_pursuit.rviz
[1.331s] -- Up-to-date symlink: /home/f1tenth/f1tenth_ws/install/pure_pursuit/share/pure_pursuit/launch/sim_pure_pursuit_launch.py
[1.349s] -- Up-to-date symlink: /home/f1tenth/f1tenth_ws/install/pure_pursuit/share/pure_pursuit/config/config.yaml
[1.355s] -- Up-to-date symlink: /home/f1tenth/f1tenth_ws/install/pure_pursuit/share/pure_pursuit/config/sim_config.yaml
[1.355s] -- Up-to-date symlink: /home/f1tenth/f1tenth_ws/install/pure_pursuit/share/ament_index/resource_index/package_run_dependencies/pure_pursuit
[1.356s] -- Up-to-date symlink: /home/f1tenth/f1tenth_ws/install/pure_pursuit/share/ament_index/resource_index/parent_prefix_path/pure_pursuit
[1.359s] -- Up-to-date symlink: /home/f1tenth/f1tenth_ws/install/pure_pursuit/share/pure_pursuit/environment/ament_prefix_path.sh
[1.377s] -- Up-to-date symlink: /home/f1tenth/f1tenth_ws/install/pure_pursuit/share/pure_pursuit/environment/ament_prefix_path.dsv
[1.386s] -- Up-to-date symlink: /home/f1tenth/f1tenth_ws/install/pure_pursuit/share/pure_pursuit/environment/path.sh
[1.391s] -- Up-to-date symlink: /home/f1tenth/f1tenth_ws/install/pure_pursuit/share/pure_pursuit/environment/path.dsv
[1.394s] -- Up-to-date symlink: /home/f1tenth/f1tenth_ws/install/pure_pursuit/share/pure_pursuit/local_setup.bash
[1.397s] -- Up-to-date symlink: /home/f1tenth/f1tenth_ws/install/pure_pursuit/share/pure_pursuit/local_setup.sh
[1.400s] -- Up-to-date symlink: /home/f1tenth/f1tenth_ws/install/pure_pursuit/share/pure_pursuit/local_setup.zsh
[1.403s] -- Up-to-date symlink: /home/f1tenth/f1tenth_ws/install/pure_pursuit/share/pure_pursuit/local_setup.dsv
[1.410s] -- Symlinking: /home/f1tenth/f1tenth_ws/install/pure_pursuit/share/pure_pursuit/package.dsv
[1.480s] -- Up-to-date symlink: /home/f1tenth/f1tenth_ws/install/pure_pursuit/share/ament_index/resource_index/packages/pure_pursuit
[1.482s] -- Up-to-date symlink: /home/f1tenth/f1tenth_ws/install/pure_pursuit/share/pure_pursuit/cmake/pure_pursuitConfig.cmake
[1.483s] -- Up-to-date symlink: /home/f1tenth/f1tenth_ws/install/pure_pursuit/share/pure_pursuit/cmake/pure_pursuitConfig-version.cmake
[1.485s] -- Up-to-date symlink: /home/f1tenth/f1tenth_ws/install/pure_pursuit/share/pure_pursuit/package.xml
[1.552s] Invoked command in '/home/f1tenth/f1tenth_ws/build/pure_pursuit' returned '0': CMAKE_PREFIX_PATH=${CMAKE_PREFIX_PATH}:/home/f1tenth/f1tenth_ws/install/f1tenth_stack:/home/f1tenth/f1tenth_ws/install/joy_teleop:/home/f1tenth/f1tenth_ws/install/particle_filter:/home/f1tenth/f1tenth_ws/install/mouse_teleop:/home/f1tenth/f1tenth_ws/install/key_teleop:/opt/ros/foxy /usr/bin/cmake --install /home/f1tenth/f1tenth_ws/build/pure_pursuit
