[12.398s] Invoking command in '/home/f1tenth/f1tenth_ws/build/joy_teleop': CMAKE_PREFIX_PATH=/home/f1tenth/f1tenth_ws/install/teleop_tools_msgs:/home/f1tenth/f1tenth_ws/install/waypoint_generator:/home/f1tenth/f1tenth_ws/install/vesc:/home/f1tenth/f1tenth_ws/install/vesc_driver:/home/f1tenth/f1tenth_ws/install/vesc_ackermann:/home/f1tenth/f1tenth_ws/install/vesc_msgs:/home/f1tenth/f1tenth_ws/install/v4l2_camera:/home/f1tenth/f1tenth_ws/install/usb_cam:/home/f1tenth/f1tenth_ws/install/teleop_tools:/home/f1tenth/f1tenth_ws/install/rplidar_ros:/home/f1tenth/f1tenth_ws/install/pure_pursuit:/home/f1tenth/f1tenth_ws/install/object_detection:/home/f1tenth/f1tenth_ws/install/dashboard:/home/f1tenth/f1tenth_ws/install/calibration:/home/f1tenth/f1tenth_ws/install/lane_following:/home/f1tenth/f1tenth_ws/install/birds_eye_view:/home/f1tenth/f1tenth_ws/install/camera:/home/f1tenth/f1tenth_ws/install/internal_interface:/home/f1tenth/f1tenth_ws/install/ackermann_mux LD_LIBRARY_PATH=/home/f1tenth/f1tenth_ws/install/teleop_tools_msgs/lib:/usr/local/lib:/home/f1tenth/f1tenth_ws/install/vesc_driver/lib:/home/f1tenth/f1tenth_ws/install/vesc_ackermann/lib:/home/f1tenth/f1tenth_ws/install/vesc_msgs/lib:/home/f1tenth/f1tenth_ws/install/v4l2_camera/lib:/home/f1tenth/f1tenth_ws/install/usb_cam/lib:/home/f1tenth/f1tenth_ws/install/dashboard/lib:/home/f1tenth/f1tenth_ws/install/calibration/lib:/home/f1tenth/f1tenth_ws/install/internal_interface/lib:/opt/ros/foxy/opt/yaml_cpp_vendor/lib:/opt/ros/foxy/opt/rviz_ogre_vendor/lib:/opt/ros/foxy/lib/aarch64-linux-gnu:/opt/ros/foxy/lib:/usr/local/cuda-11.4/lib64 PYTHONPATH=/home/f1tenth/f1tenth_ws/build/joy_teleop/prefix_override:/usr/lib/python3/dist-packages/colcon_core/task/python/colcon_distutils_commands:/home/f1tenth/f1tenth_ws/install/joy_teleop/lib/python3.8/site-packages:/home/f1tenth/f1tenth_ws/install/teleop_tools_msgs/lib/python3.8/site-packages:/usr/local/lib/python3.8/site-packages/:/home/f1tenth/f1tenth_ws/install/f1tenth_stack/lib/python3.8/site-packages:/home/f1tenth/f1tenth_ws/install/vesc_msgs/lib/python3.8/site-packages:/home/f1tenth/f1tenth_ws/install/joy_teleop/lib/python3.8/site-packages:/home/f1tenth/f1tenth_ws/install/particle_filter/lib/python3.8/site-packages:/home/f1tenth/f1tenth_ws/install/opencv_tools/lib/python3.8/site-packages:/home/f1tenth/f1tenth_ws/install/object_detection/lib/python3.8/site-packages:/home/f1tenth/f1tenth_ws/install/my_camera_package/lib/python3.8/site-packages:/home/f1tenth/f1tenth_ws/install/mouse_teleop/lib/python3.8/site-packages:/home/f1tenth/f1tenth_ws/install/lane_pure_pursuit/lib/python3.8/site-packages:/home/f1tenth/f1tenth_ws/install/lane_keeping/lib/python3.8/site-packages:/home/f1tenth/f1tenth_ws/install/dashboard/lib/python3.8/site-packages:/home/f1tenth/f1tenth_ws/install/calibration/lib/python3.8/site-packages:/home/f1tenth/f1tenth_ws/install/lane_following/lib/python3.8/site-packages:/home/f1tenth/f1tenth_ws/install/key_teleop/lib/python3.8/site-packages:/home/f1tenth/f1tenth_ws/install/birds_eye_view/lib/python3.8/site-packages:/home/f1tenth/f1tenth_ws/install/camera/lib/python3.8/site-packages:/home/f1tenth/f1tenth_ws/install/internal_interface/lib/python3.8/site-packages:/home/f1tenth/f1tenth_ws/install/csi_camera/lib/python3.8/site-packages:/home/f1tenth/f1tenth_ws/install/camera_subscriber_pkg/lib/python3.8/site-packages:/home/f1tenth/f1tenth_ws/install/camera_sub/lib/python3.8/site-packages:/home/f1tenth/f1tenth_ws/install/camera_publisher/lib/python3.8/site-packages:/home/f1tenth/f1tenth_ws/install/camera_package/lib/python3.8/site-packages:/opt/ros/foxy/lib/python3.8/site-packages /usr/bin/python3 -W ignore:setup.py install is deprecated setup.py develop --editable --build-directory /home/f1tenth/f1tenth_ws/build/joy_teleop/build --no-deps symlink_data --force
[13.849s] /home/f1tenth/.local/lib/python3.8/site-packages/setuptools/dist.py:755: SetuptoolsDeprecationWarning: Invalid dash-separated options
[13.849s] !!
[13.850s] 
[13.850s]         ********************************************************************************
[13.852s]         Usage of dash-separated 'script-dir' will not be supported in future
[13.853s]         versions. Please use the underscore name 'script_dir' instead.
[13.854s] 
[13.855s]         This deprecation is overdue, please update your project and remove deprecated
[13.856s]         calls to avoid build errors in the future.
[13.857s] 
[13.858s]         See https://setuptools.pypa.io/en/latest/userguide/declarative_config.html for details.
[13.858s]         ********************************************************************************
[13.858s] 
[13.859s] !!
[13.859s]   opt = self.warn_dash_deprecation(opt, section)
[16.131s] running develop
[16.132s] /home/f1tenth/.local/lib/python3.8/site-packages/setuptools/command/develop.py:40: EasyInstallDeprecationWarning: easy_install command is deprecated.
[16.132s] !!
[16.133s] 
[16.133s]         ********************************************************************************
[16.134s]         Please avoid running ``setup.py`` and ``easy_install``.
[16.134s]         Instead, use pypa/build, pypa/installer, pypa/build or
[16.134s]         other standards-based tools.
[16.135s] 
[16.136s]         See https://github.com/pypa/setuptools/issues/917 for details.
[16.136s]         ********************************************************************************
[16.136s] 
[16.137s] !!
[16.137s]   easy_install.initialize_options(self)
[18.143s] running egg_info
[18.325s] writing joy_teleop.egg-info/PKG-INFO
[18.327s] writing dependency_links to joy_teleop.egg-info/dependency_links.txt
[18.328s] writing entry points to joy_teleop.egg-info/entry_points.txt
[18.330s] writing requirements to joy_teleop.egg-info/requires.txt
[18.331s] writing top-level names to joy_teleop.egg-info/top_level.txt
[18.332s] writing joy_teleop.egg-info/PKG-INFO
[18.332s] writing dependency_links to joy_teleop.egg-info/dependency_links.txt
[18.335s] writing entry points to joy_teleop.egg-info/entry_points.txt
[18.336s] writing requirements to joy_teleop.egg-info/requires.txt
[18.338s] writing top-level names to joy_teleop.egg-info/top_level.txt
[18.703s] reading manifest file 'joy_teleop.egg-info/SOURCES.txt'
[18.712s] writing manifest file 'joy_teleop.egg-info/SOURCES.txt'
[19.250s] running build_ext
[19.252s] Creating /home/f1tenth/f1tenth_ws/install/joy_teleop/lib/python3.8/site-packages/joy-teleop.egg-link (link to .)
[19.258s] Installing incrementer_server script to /home/f1tenth/f1tenth_ws/install/joy_teleop/lib/joy_teleop
[19.260s] Installing joy_teleop script to /home/f1tenth/f1tenth_ws/install/joy_teleop/lib/joy_teleop
[19.262s] 
[19.263s] Installed /home/f1tenth/f1tenth_ws/build/joy_teleop
[19.263s] running symlink_data
[19.264s] symbolically linking /home/f1tenth/f1tenth_ws/build/joy_teleop/package.xml -> /home/f1tenth/f1tenth_ws/install/joy_teleop/share/joy_teleop
[19.265s] symbolically linking /home/f1tenth/f1tenth_ws/build/joy_teleop/config/joy_teleop_example.yaml -> /home/f1tenth/f1tenth_ws/install/joy_teleop/share/joy_teleop/config
[19.266s] symbolically linking /home/f1tenth/f1tenth_ws/build/joy_teleop/launch/example.launch.py -> /home/f1tenth/f1tenth_ws/install/joy_teleop/share/joy_teleop/launch
[19.267s] symbolically linking /home/f1tenth/f1tenth_ws/build/joy_teleop/resource/joy_teleop -> /home/f1tenth/f1tenth_ws/install/joy_teleop/share/ament_index/resource_index/packages
[19.511s] Invoked command in '/home/f1tenth/f1tenth_ws/build/joy_teleop' returned '0': CMAKE_PREFIX_PATH=/home/f1tenth/f1tenth_ws/install/teleop_tools_msgs:/home/f1tenth/f1tenth_ws/install/waypoint_generator:/home/f1tenth/f1tenth_ws/install/vesc:/home/f1tenth/f1tenth_ws/install/vesc_driver:/home/f1tenth/f1tenth_ws/install/vesc_ackermann:/home/f1tenth/f1tenth_ws/install/vesc_msgs:/home/f1tenth/f1tenth_ws/install/v4l2_camera:/home/f1tenth/f1tenth_ws/install/usb_cam:/home/f1tenth/f1tenth_ws/install/teleop_tools:/home/f1tenth/f1tenth_ws/install/rplidar_ros:/home/f1tenth/f1tenth_ws/install/pure_pursuit:/home/f1tenth/f1tenth_ws/install/object_detection:/home/f1tenth/f1tenth_ws/install/dashboard:/home/f1tenth/f1tenth_ws/install/calibration:/home/f1tenth/f1tenth_ws/install/lane_following:/home/f1tenth/f1tenth_ws/install/birds_eye_view:/home/f1tenth/f1tenth_ws/install/camera:/home/f1tenth/f1tenth_ws/install/internal_interface:/home/f1tenth/f1tenth_ws/install/ackermann_mux LD_LIBRARY_PATH=/home/f1tenth/f1tenth_ws/install/teleop_tools_msgs/lib:/usr/local/lib:/home/f1tenth/f1tenth_ws/install/vesc_driver/lib:/home/f1tenth/f1tenth_ws/install/vesc_ackermann/lib:/home/f1tenth/f1tenth_ws/install/vesc_msgs/lib:/home/f1tenth/f1tenth_ws/install/v4l2_camera/lib:/home/f1tenth/f1tenth_ws/install/usb_cam/lib:/home/f1tenth/f1tenth_ws/install/dashboard/lib:/home/f1tenth/f1tenth_ws/install/calibration/lib:/home/f1tenth/f1tenth_ws/install/internal_interface/lib:/opt/ros/foxy/opt/yaml_cpp_vendor/lib:/opt/ros/foxy/opt/rviz_ogre_vendor/lib:/opt/ros/foxy/lib/aarch64-linux-gnu:/opt/ros/foxy/lib:/usr/local/cuda-11.4/lib64 PYTHONPATH=/home/f1tenth/f1tenth_ws/build/joy_teleop/prefix_override:/usr/lib/python3/dist-packages/colcon_core/task/python/colcon_distutils_commands:/home/f1tenth/f1tenth_ws/install/joy_teleop/lib/python3.8/site-packages:/home/f1tenth/f1tenth_ws/install/teleop_tools_msgs/lib/python3.8/site-packages:/usr/local/lib/python3.8/site-packages/:/home/f1tenth/f1tenth_ws/install/f1tenth_stack/lib/python3.8/site-packages:/home/f1tenth/f1tenth_ws/install/vesc_msgs/lib/python3.8/site-packages:/home/f1tenth/f1tenth_ws/install/joy_teleop/lib/python3.8/site-packages:/home/f1tenth/f1tenth_ws/install/particle_filter/lib/python3.8/site-packages:/home/f1tenth/f1tenth_ws/install/opencv_tools/lib/python3.8/site-packages:/home/f1tenth/f1tenth_ws/install/object_detection/lib/python3.8/site-packages:/home/f1tenth/f1tenth_ws/install/my_camera_package/lib/python3.8/site-packages:/home/f1tenth/f1tenth_ws/install/mouse_teleop/lib/python3.8/site-packages:/home/f1tenth/f1tenth_ws/install/lane_pure_pursuit/lib/python3.8/site-packages:/home/f1tenth/f1tenth_ws/install/lane_keeping/lib/python3.8/site-packages:/home/f1tenth/f1tenth_ws/install/dashboard/lib/python3.8/site-packages:/home/f1tenth/f1tenth_ws/install/calibration/lib/python3.8/site-packages:/home/f1tenth/f1tenth_ws/install/lane_following/lib/python3.8/site-packages:/home/f1tenth/f1tenth_ws/install/key_teleop/lib/python3.8/site-packages:/home/f1tenth/f1tenth_ws/install/birds_eye_view/lib/python3.8/site-packages:/home/f1tenth/f1tenth_ws/install/camera/lib/python3.8/site-packages:/home/f1tenth/f1tenth_ws/install/internal_interface/lib/python3.8/site-packages:/home/f1tenth/f1tenth_ws/install/csi_camera/lib/python3.8/site-packages:/home/f1tenth/f1tenth_ws/install/camera_subscriber_pkg/lib/python3.8/site-packages:/home/f1tenth/f1tenth_ws/install/camera_sub/lib/python3.8/site-packages:/home/f1tenth/f1tenth_ws/install/camera_publisher/lib/python3.8/site-packages:/home/f1tenth/f1tenth_ws/install/camera_package/lib/python3.8/site-packages:/opt/ros/foxy/lib/python3.8/site-packages /usr/bin/python3 -W ignore:setup.py install is deprecated setup.py develop --editable --build-directory /home/f1tenth/f1tenth_ws/build/joy_teleop/build --no-deps symlink_data --force
