[3.505s] Invoking command in '/home/f1tenth/f1tenth_ws/src/my_camera_package': PYTHONPATH=/home/f1tenth/f1tenth_ws/build/my_camera_package/prefix_override:/usr/lib/python3/dist-packages/colcon_core/task/python/colcon_distutils_commands:/home/f1tenth/f1tenth_ws/install/my_camera_package/lib/python3.8/site-packages:${PYTHONPATH} /usr/bin/python3 -W ignore:setup.py install is deprecated setup.py egg_info --egg-base ../../build/my_camera_package build --build-base /home/f1tenth/f1tenth_ws/build/my_camera_package/build install --record /home/f1tenth/f1tenth_ws/build/my_camera_package/install.log --install-scripts $base/lib/my_camera_package --single-version-externally-managed install_data
[4.758s] /home/f1tenth/.local/lib/python3.8/site-packages/setuptools/dist.py:717: UserWarning: Usage of dash-separated 'script-dir' will not be supported in future versions. Please use the underscore name 'script_dir' instead
[4.759s]   warnings.warn(
[4.869s] running egg_info
[4.875s] writing ../../build/my_camera_package/my_camera_package.egg-info/PKG-INFO
[4.876s] writing dependency_links to ../../build/my_camera_package/my_camera_package.egg-info/dependency_links.txt
[4.879s] writing entry points to ../../build/my_camera_package/my_camera_package.egg-info/entry_points.txt
[4.880s] writing requirements to ../../build/my_camera_package/my_camera_package.egg-info/requires.txt
[4.881s] writing top-level names to ../../build/my_camera_package/my_camera_package.egg-info/top_level.txt
[4.899s] reading manifest file '../../build/my_camera_package/my_camera_package.egg-info/SOURCES.txt'
[4.904s] writing manifest file '../../build/my_camera_package/my_camera_package.egg-info/SOURCES.txt'
[4.905s] running build
[4.906s] running build_py
[4.907s] copying my_camera_package/camera_publisher.py -> /home/f1tenth/f1tenth_ws/build/my_camera_package/build/lib/my_camera_package
[4.908s] copying my_camera_package/gstreamer_pipeline.py -> /home/f1tenth/f1tenth_ws/build/my_camera_package/build/lib/my_camera_package
[4.909s] running install
[4.913s] running install_lib
[4.919s] copying /home/f1tenth/f1tenth_ws/build/my_camera_package/build/lib/my_camera_package/camera_publisher.py -> /home/f1tenth/f1tenth_ws/install/my_camera_package/lib/python3.8/site-packages/my_camera_package
[4.919s] copying /home/f1tenth/f1tenth_ws/build/my_camera_package/build/lib/my_camera_package/gstreamer_pipeline.py -> /home/f1tenth/f1tenth_ws/install/my_camera_package/lib/python3.8/site-packages/my_camera_package
[4.922s] byte-compiling /home/f1tenth/f1tenth_ws/install/my_camera_package/lib/python3.8/site-packages/my_camera_package/camera_publisher.py to camera_publisher.cpython-38.pyc
[4.925s] byte-compiling /home/f1tenth/f1tenth_ws/install/my_camera_package/lib/python3.8/site-packages/my_camera_package/gstreamer_pipeline.py to gstreamer_pipeline.cpython-38.pyc
[4.926s] running install_data
[4.927s] running install_egg_info
[4.938s] Copying ../../build/my_camera_package/my_camera_package.egg-info to /home/f1tenth/f1tenth_ws/install/my_camera_package/lib/python3.8/site-packages/my_camera_package-0.0.1-py3.8.egg-info
[4.947s] running install_scripts
[5.039s] Installing camera_publisher script to /home/f1tenth/f1tenth_ws/install/my_camera_package/lib/my_camera_package
[5.041s] writing list of installed files to '/home/f1tenth/f1tenth_ws/build/my_camera_package/install.log'
[5.138s] Invoked command in '/home/f1tenth/f1tenth_ws/src/my_camera_package' returned '0': PYTHONPATH=/home/f1tenth/f1tenth_ws/build/my_camera_package/prefix_override:/usr/lib/python3/dist-packages/colcon_core/task/python/colcon_distutils_commands:/home/f1tenth/f1tenth_ws/install/my_camera_package/lib/python3.8/site-packages:${PYTHONPATH} /usr/bin/python3 -W ignore:setup.py install is deprecated setup.py egg_info --egg-base ../../build/my_camera_package build --build-base /home/f1tenth/f1tenth_ws/build/my_camera_package/build install --record /home/f1tenth/f1tenth_ws/build/my_camera_package/install.log --install-scripts $base/lib/my_camera_package --single-version-externally-managed install_data
