[0.265s] Invoking command in '/home/f1tenth/f1tenth_ws/build/waypoint_generator': CMAKE_PREFIX_PATH=${CMAKE_PREFIX_PATH}:/home/f1tenth/f1tenth_ws/install/f1tenth_stack:/home/f1tenth/f1tenth_ws/install/joy_teleop:/home/f1tenth/f1tenth_ws/install/particle_filter:/home/f1tenth/f1tenth_ws/install/mouse_teleop:/home/f1tenth/f1tenth_ws/install/key_teleop:/opt/ros/foxy /usr/bin/cmake --build /home/f1tenth/f1tenth_ws/build/waypoint_generator -- -j4 -l4
[0.814s] [35m[1mScanning dependencies of target waypoint_generator[0m
[1.164s] [ 50%] [32mBuilding CXX object CMakeFiles/waypoint_generator.dir/src/waypoint_generator.cpp.o[0m
[50.040s] [100%] [32m[1mLinking CXX executable waypoint_generator[0m
[52.634s] [100%] Built target waypoint_generator
[52.813s] Invoked command in '/home/f1tenth/f1tenth_ws/build/waypoint_generator' returned '0': CMAKE_PREFIX_PATH=${CMAKE_PREFIX_PATH}:/home/f1tenth/f1tenth_ws/install/f1tenth_stack:/home/f1tenth/f1tenth_ws/install/joy_teleop:/home/f1tenth/f1tenth_ws/install/particle_filter:/home/f1tenth/f1tenth_ws/install/mouse_teleop:/home/f1tenth/f1tenth_ws/install/key_teleop:/opt/ros/foxy /usr/bin/cmake --build /home/f1tenth/f1tenth_ws/build/waypoint_generator -- -j4 -l4
[53.280s] Invoking command in '/home/f1tenth/f1tenth_ws/build/waypoint_generator': CMAKE_PREFIX_PATH=${CMAKE_PREFIX_PATH}:/home/f1tenth/f1tenth_ws/install/f1tenth_stack:/home/f1tenth/f1tenth_ws/install/joy_teleop:/home/f1tenth/f1tenth_ws/install/particle_filter:/home/f1tenth/f1tenth_ws/install/mouse_teleop:/home/f1tenth/f1tenth_ws/install/key_teleop:/opt/ros/foxy /usr/bin/cmake --install /home/f1tenth/f1tenth_ws/build/waypoint_generator
[53.412s] -- Install configuration: ""
[53.416s] -- Execute custom install script
[53.420s] -- Up-to-date symlink: /home/f1tenth/f1tenth_ws/install/waypoint_generator/lib/waypoint_generator/waypoint_generator
[53.421s] -- Up-to-date symlink: /home/f1tenth/f1tenth_ws/install/waypoint_generator/share/ament_index/resource_index/package_run_dependencies/waypoint_generator
[53.423s] -- Up-to-date symlink: /home/f1tenth/f1tenth_ws/install/waypoint_generator/share/ament_index/resource_index/parent_prefix_path/waypoint_generator
[53.425s] -- Up-to-date symlink: /home/f1tenth/f1tenth_ws/install/waypoint_generator/share/waypoint_generator/environment/ament_prefix_path.sh
[53.430s] -- Up-to-date symlink: /home/f1tenth/f1tenth_ws/install/waypoint_generator/share/waypoint_generator/environment/ament_prefix_path.dsv
[53.434s] -- Up-to-date symlink: /home/f1tenth/f1tenth_ws/install/waypoint_generator/share/waypoint_generator/environment/path.sh
[53.435s] -- Up-to-date symlink: /home/f1tenth/f1tenth_ws/install/waypoint_generator/share/waypoint_generator/environment/path.dsv
[53.438s] -- Up-to-date symlink: /home/f1tenth/f1tenth_ws/install/waypoint_generator/share/waypoint_generator/local_setup.bash
[53.440s] -- Up-to-date symlink: /home/f1tenth/f1tenth_ws/install/waypoint_generator/share/waypoint_generator/local_setup.sh
[53.443s] -- Up-to-date symlink: /home/f1tenth/f1tenth_ws/install/waypoint_generator/share/waypoint_generator/local_setup.zsh
[53.445s] -- Up-to-date symlink: /home/f1tenth/f1tenth_ws/install/waypoint_generator/share/waypoint_generator/local_setup.dsv
[53.448s] -- Symlinking: /home/f1tenth/f1tenth_ws/install/waypoint_generator/share/waypoint_generator/package.dsv
[53.513s] -- Up-to-date symlink: /home/f1tenth/f1tenth_ws/install/waypoint_generator/share/ament_index/resource_index/packages/waypoint_generator
[53.517s] -- Up-to-date symlink: /home/f1tenth/f1tenth_ws/install/waypoint_generator/share/waypoint_generator/cmake/waypoint_generatorConfig.cmake
[53.520s] -- Up-to-date symlink: /home/f1tenth/f1tenth_ws/install/waypoint_generator/share/waypoint_generator/cmake/waypoint_generatorConfig-version.cmake
[53.523s] -- Up-to-date symlink: /home/f1tenth/f1tenth_ws/install/waypoint_generator/share/waypoint_generator/package.xml
[53.541s] Invoked command in '/home/f1tenth/f1tenth_ws/build/waypoint_generator' returned '0': CMAKE_PREFIX_PATH=${CMAKE_PREFIX_PATH}:/home/f1tenth/f1tenth_ws/install/f1tenth_stack:/home/f1tenth/f1tenth_ws/install/joy_teleop:/home/f1tenth/f1tenth_ws/install/particle_filter:/home/f1tenth/f1tenth_ws/install/mouse_teleop:/home/f1tenth/f1tenth_ws/install/key_teleop:/opt/ros/foxy /usr/bin/cmake --install /home/f1tenth/f1tenth_ws/build/waypoint_generator
