/home/f1tenth/.local/lib/python3.8/site-packages/setuptools/dist.py:717: UserWarning: Usage of dash-separated 'script-dir' will not be supported in future versions. Please use the underscore name 'script_dir' instead
  warnings.warn(
running egg_info
creating ../../build/my_camera_package/my_camera_package.egg-info
writing ../../build/my_camera_package/my_camera_package.egg-info/PKG-INFO
writing dependency_links to ../../build/my_camera_package/my_camera_package.egg-info/dependency_links.txt
writing entry points to ../../build/my_camera_package/my_camera_package.egg-info/entry_points.txt
writing requirements to ../../build/my_camera_package/my_camera_package.egg-info/requires.txt
writing top-level names to ../../build/my_camera_package/my_camera_package.egg-info/top_level.txt
writing manifest file '../../build/my_camera_package/my_camera_package.egg-info/SOURCES.txt'
reading manifest file '../../build/my_camera_package/my_camera_package.egg-info/SOURCES.txt'
writing manifest file '../../build/my_camera_package/my_camera_package.egg-info/SOURCES.txt'
running build
running build_py
creating /home/f1tenth/f1tenth_ws/build/my_camera_package/build
creating /home/f1tenth/f1tenth_ws/build/my_camera_package/build/lib
creating /home/f1tenth/f1tenth_ws/build/my_camera_package/build/lib/my_camera_package
copying my_camera_package/__init__.py -> /home/f1tenth/f1tenth_ws/build/my_camera_package/build/lib/my_camera_package
copying my_camera_package/camera_publisher.py -> /home/f1tenth/f1tenth_ws/build/my_camera_package/build/lib/my_camera_package
running install
running install_lib
creating /home/f1tenth/f1tenth_ws/install/my_camera_package/lib/python3.8/site-packages/my_camera_package
copying /home/f1tenth/f1tenth_ws/build/my_camera_package/build/lib/my_camera_package/__init__.py -> /home/f1tenth/f1tenth_ws/install/my_camera_package/lib/python3.8/site-packages/my_camera_package
copying /home/f1tenth/f1tenth_ws/build/my_camera_package/build/lib/my_camera_package/camera_publisher.py -> /home/f1tenth/f1tenth_ws/install/my_camera_package/lib/python3.8/site-packages/my_camera_package
byte-compiling /home/f1tenth/f1tenth_ws/install/my_camera_package/lib/python3.8/site-packages/my_camera_package/__init__.py to __init__.cpython-38.pyc
byte-compiling /home/f1tenth/f1tenth_ws/install/my_camera_package/lib/python3.8/site-packages/my_camera_package/camera_publisher.py to camera_publisher.cpython-38.pyc
running install_data
creating /home/f1tenth/f1tenth_ws/install/my_camera_package/share/ament_index
creating /home/f1tenth/f1tenth_ws/install/my_camera_package/share/ament_index/resource_index
creating /home/f1tenth/f1tenth_ws/install/my_camera_package/share/ament_index/resource_index/packages
copying resource/my_camera_package -> /home/f1tenth/f1tenth_ws/install/my_camera_package/share/ament_index/resource_index/packages
copying package.xml -> /home/f1tenth/f1tenth_ws/install/my_camera_package/share/my_camera_package
running install_egg_info
Copying ../../build/my_camera_package/my_camera_package.egg-info to /home/f1tenth/f1tenth_ws/install/my_camera_package/lib/python3.8/site-packages/my_camera_package-0.0.0-py3.8.egg-info
running install_scripts
Installing camera_publisher script to /home/f1tenth/f1tenth_ws/install/my_camera_package/lib/my_camera_package
writing list of installed files to '/home/f1tenth/f1tenth_ws/build/my_camera_package/install.log'
