running egg_info
writing ../../build/csi_camera/csi_camera.egg-info/PKG-INFO
writing dependency_links to ../../build/csi_camera/csi_camera.egg-info/dependency_links.txt
writing entry points to ../../build/csi_camera/csi_camera.egg-info/entry_points.txt
writing requirements to ../../build/csi_camera/csi_camera.egg-info/requires.txt
writing top-level names to ../../build/csi_camera/csi_camera.egg-info/top_level.txt
reading manifest file '../../build/csi_camera/csi_camera.egg-info/SOURCES.txt'
adding license file 'LICENSE'
writing manifest file '../../build/csi_camera/csi_camera.egg-info/SOURCES.txt'
running build
running build_py
copying csi_camera/ros2_simple_camera.py -> /home/f1tenth/f1tenth_ws/build/csi_camera/build/lib/csi_camera
running install
running install_lib
copying /home/f1tenth/f1tenth_ws/build/csi_camera/build/lib/csi_camera/ros2_simple_camera.py -> /home/f1tenth/f1tenth_ws/install/csi_camera/lib/python3.8/site-packages/csi_camera
byte-compiling /home/f1tenth/f1tenth_ws/install/csi_camera/lib/python3.8/site-packages/csi_camera/ros2_simple_camera.py to ros2_simple_camera.cpython-38.pyc
running install_data
running install_egg_info
removing '/home/f1tenth/f1tenth_ws/install/csi_camera/lib/python3.8/site-packages/csi_camera-0.0.0-py3.8.egg-info' (and everything under it)
Copying ../../build/csi_camera/csi_camera.egg-info to /home/f1tenth/f1tenth_ws/install/csi_camera/lib/python3.8/site-packages/csi_camera-0.0.0-py3.8.egg-info
running install_scripts
Installing dual_camera script to /home/f1tenth/f1tenth_ws/install/csi_camera/lib/csi_camera
Installing simple_camera script to /home/f1tenth/f1tenth_ws/install/csi_camera/lib/csi_camera
writing list of installed files to '/home/f1tenth/f1tenth_ws/build/csi_camera/install.log'
