[6.820s] Invoking command in '/home/f1tenth/f1tenth_ws/src/lane_keeping': PYTHONPATH=/home/f1tenth/f1tenth_ws/build/lane_keeping/prefix_override:/usr/lib/python3/dist-packages/colcon_core/task/python/colcon_distutils_commands:/home/f1tenth/f1tenth_ws/install/lane_keeping/lib/python3.8/site-packages:${PYTHONPATH} /usr/bin/python3 -W ignore:setup.py install is deprecated setup.py egg_info --egg-base ../../build/lane_keeping build --build-base /home/f1tenth/f1tenth_ws/build/lane_keeping/build install --record /home/f1tenth/f1tenth_ws/build/lane_keeping/install.log --install-scripts $base/lib/lane_keeping --single-version-externally-managed install_data
[8.704s] /home/f1tenth/.local/lib/python3.8/site-packages/setuptools/dist.py:771: UserWarning: Usage of dash-separated 'script-dir' will not be supported in future versions. Please use the underscore name 'script_dir' instead
[8.704s]   warnings.warn(
[9.393s] running egg_info
[9.518s] writing ../../build/lane_keeping/lane_keeping.egg-info/PKG-INFO
[9.520s] writing dependency_links to ../../build/lane_keeping/lane_keeping.egg-info/dependency_links.txt
[9.521s] writing entry points to ../../build/lane_keeping/lane_keeping.egg-info/entry_points.txt
[9.522s] writing requirements to ../../build/lane_keeping/lane_keeping.egg-info/requires.txt
[9.524s] writing top-level names to ../../build/lane_keeping/lane_keeping.egg-info/top_level.txt
[9.528s] writing ../../build/lane_keeping/lane_keeping.egg-info/PKG-INFO
[9.528s] writing dependency_links to ../../build/lane_keeping/lane_keeping.egg-info/dependency_links.txt
[9.528s] writing entry points to ../../build/lane_keeping/lane_keeping.egg-info/entry_points.txt
[9.529s] writing requirements to ../../build/lane_keeping/lane_keeping.egg-info/requires.txt
[9.529s] writing top-level names to ../../build/lane_keeping/lane_keeping.egg-info/top_level.txt
[9.707s] reading manifest file '../../build/lane_keeping/lane_keeping.egg-info/SOURCES.txt'
[9.711s] writing manifest file '../../build/lane_keeping/lane_keeping.egg-info/SOURCES.txt'
[9.712s] running build
[9.712s] running build_py
[9.713s] copying lane_keeping/lane_keeping.py -> /home/f1tenth/f1tenth_ws/build/lane_keeping/build/lib/lane_keeping
[9.714s] running install
[9.740s] running install_lib
[9.833s] copying /home/f1tenth/f1tenth_ws/build/lane_keeping/build/lib/lane_keeping/lane_keeping.py -> /home/f1tenth/f1tenth_ws/install/lane_keeping/lib/python3.8/site-packages/lane_keeping
[9.839s] byte-compiling /home/f1tenth/f1tenth_ws/install/lane_keeping/lib/python3.8/site-packages/lane_keeping/lane_keeping.py to lane_keeping.cpython-38.pyc
[9.851s] running install_data
[9.851s] running install_egg_info
[9.949s] removing '/home/f1tenth/f1tenth_ws/install/lane_keeping/lib/python3.8/site-packages/lane_keeping-0.0.0-py3.8.egg-info' (and everything under it)
[9.953s] Copying ../../build/lane_keeping/lane_keeping.egg-info to /home/f1tenth/f1tenth_ws/install/lane_keeping/lib/python3.8/site-packages/lane_keeping-0.0.0-py3.8.egg-info
[9.963s] running install_scripts
[10.383s] Installing lane_keeping script to /home/f1tenth/f1tenth_ws/install/lane_keeping/lib/lane_keeping
[10.387s] writing list of installed files to '/home/f1tenth/f1tenth_ws/build/lane_keeping/install.log'
[10.596s] Invoked command in '/home/f1tenth/f1tenth_ws/src/lane_keeping' returned '0': PYTHONPATH=/home/f1tenth/f1tenth_ws/build/lane_keeping/prefix_override:/usr/lib/python3/dist-packages/colcon_core/task/python/colcon_distutils_commands:/home/f1tenth/f1tenth_ws/install/lane_keeping/lib/python3.8/site-packages:${PYTHONPATH} /usr/bin/python3 -W ignore:setup.py install is deprecated setup.py egg_info --egg-base ../../build/lane_keeping build --build-base /home/f1tenth/f1tenth_ws/build/lane_keeping/build install --record /home/f1tenth/f1tenth_ws/build/lane_keeping/install.log --install-scripts $base/lib/lane_keeping --single-version-externally-managed install_data
