[0.082s] Invoking command in '/home/f1tenth/f1tenth_ws/build/rplidar_ros': CMAKE_PREFIX_PATH=${CMAKE_PREFIX_PATH}:/home/f1tenth/f1tenth_ws/install/f1tenth_stack:/home/f1tenth/f1tenth_ws/install/joy_teleop:/home/f1tenth/f1tenth_ws/install/particle_filter:/home/f1tenth/f1tenth_ws/install/mouse_teleop:/home/f1tenth/f1tenth_ws/install/key_teleop:/opt/ros/foxy /usr/bin/cmake --build /home/f1tenth/f1tenth_ws/build/rplidar_ros -- -j4 -l4
[0.926s] [ 47%] Built target rplidar_node
[0.927s] [ 52%] Built target rplidar_client
[0.952s] [100%] Built target rplidar_composition
[1.249s] Invoked command in '/home/f1tenth/f1tenth_ws/build/rplidar_ros' returned '0': CMAKE_PREFIX_PATH=${CMAKE_PREFIX_PATH}:/home/f1tenth/f1tenth_ws/install/f1tenth_stack:/home/f1tenth/f1tenth_ws/install/joy_teleop:/home/f1tenth/f1tenth_ws/install/particle_filter:/home/f1tenth/f1tenth_ws/install/mouse_teleop:/home/f1tenth/f1tenth_ws/install/key_teleop:/opt/ros/foxy /usr/bin/cmake --build /home/f1tenth/f1tenth_ws/build/rplidar_ros -- -j4 -l4
[2.023s] Invoking command in '/home/f1tenth/f1tenth_ws/build/rplidar_ros': CMAKE_PREFIX_PATH=${CMAKE_PREFIX_PATH}:/home/f1tenth/f1tenth_ws/install/f1tenth_stack:/home/f1tenth/f1tenth_ws/install/joy_teleop:/home/f1tenth/f1tenth_ws/install/particle_filter:/home/f1tenth/f1tenth_ws/install/mouse_teleop:/home/f1tenth/f1tenth_ws/install/key_teleop:/opt/ros/foxy /usr/bin/cmake --install /home/f1tenth/f1tenth_ws/build/rplidar_ros
[2.178s] -- Install configuration: ""
[2.183s] -- Execute custom install script
[2.198s] -- Up-to-date symlink: /home/f1tenth/f1tenth_ws/install/rplidar_ros/share/rplidar_ros/launch/rplidar_a1_launch.py
[2.214s] -- Up-to-date symlink: /home/f1tenth/f1tenth_ws/install/rplidar_ros/share/rplidar_ros/launch/rplidar_a2m12_launch.py
[2.226s] -- Up-to-date symlink: /home/f1tenth/f1tenth_ws/install/rplidar_ros/share/rplidar_ros/launch/rplidar_a2m7_launch.py
[2.227s] -- Up-to-date symlink: /home/f1tenth/f1tenth_ws/install/rplidar_ros/share/rplidar_ros/launch/rplidar_a2m8_launch.py
[2.228s] -- Up-to-date symlink: /home/f1tenth/f1tenth_ws/install/rplidar_ros/share/rplidar_ros/launch/rplidar_a3_launch.py
[2.228s] -- Up-to-date symlink: /home/f1tenth/f1tenth_ws/install/rplidar_ros/share/rplidar_ros/launch/rplidar_c1_launch.py
[2.229s] -- Up-to-date symlink: /home/f1tenth/f1tenth_ws/install/rplidar_ros/share/rplidar_ros/launch/rplidar_s1_launch.py
[2.229s] -- Up-to-date symlink: /home/f1tenth/f1tenth_ws/install/rplidar_ros/share/rplidar_ros/launch/rplidar_s1_tcp_launch.py
[2.229s] -- Up-to-date symlink: /home/f1tenth/f1tenth_ws/install/rplidar_ros/share/rplidar_ros/launch/rplidar_s2_launch.py
[2.237s] -- Up-to-date symlink: /home/f1tenth/f1tenth_ws/install/rplidar_ros/share/rplidar_ros/launch/rplidar_s2e_launch.py
[2.238s] -- Up-to-date symlink: /home/f1tenth/f1tenth_ws/install/rplidar_ros/share/rplidar_ros/launch/rplidar_s3_launch.py
[2.242s] -- Up-to-date symlink: /home/f1tenth/f1tenth_ws/install/rplidar_ros/share/rplidar_ros/launch/rplidar_t1_launch.py
[2.243s] -- Up-to-date symlink: /home/f1tenth/f1tenth_ws/install/rplidar_ros/share/rplidar_ros/launch/view_rplidar_a1_launch.py
[2.244s] -- Up-to-date symlink: /home/f1tenth/f1tenth_ws/install/rplidar_ros/share/rplidar_ros/launch/view_rplidar_a2m12_launch.py
[2.245s] -- Up-to-date symlink: /home/f1tenth/f1tenth_ws/install/rplidar_ros/share/rplidar_ros/launch/view_rplidar_a2m7_launch.py
[2.249s] -- Up-to-date symlink: /home/f1tenth/f1tenth_ws/install/rplidar_ros/share/rplidar_ros/launch/view_rplidar_a2m8_launch.py
[2.250s] -- Up-to-date symlink: /home/f1tenth/f1tenth_ws/install/rplidar_ros/share/rplidar_ros/launch/view_rplidar_a3_launch.py
[2.250s] -- Up-to-date symlink: /home/f1tenth/f1tenth_ws/install/rplidar_ros/share/rplidar_ros/launch/view_rplidar_c1_launch.py
[2.251s] -- Up-to-date symlink: /home/f1tenth/f1tenth_ws/install/rplidar_ros/share/rplidar_ros/launch/view_rplidar_s1_launch.py
[2.251s] -- Up-to-date symlink: /home/f1tenth/f1tenth_ws/install/rplidar_ros/share/rplidar_ros/launch/view_rplidar_s1_tcp_launch.py
[2.252s] -- Up-to-date symlink: /home/f1tenth/f1tenth_ws/install/rplidar_ros/share/rplidar_ros/launch/view_rplidar_s2_launch.py
[2.256s] -- Up-to-date symlink: /home/f1tenth/f1tenth_ws/install/rplidar_ros/share/rplidar_ros/launch/view_rplidar_s2e_launch.py
[2.268s] -- Up-to-date symlink: /home/f1tenth/f1tenth_ws/install/rplidar_ros/share/rplidar_ros/launch/view_rplidar_s3_launch.py
[2.269s] -- Up-to-date symlink: /home/f1tenth/f1tenth_ws/install/rplidar_ros/share/rplidar_ros/launch/view_rplidar_t1_launch.py
[2.280s] -- Up-to-date symlink: /home/f1tenth/f1tenth_ws/install/rplidar_ros/share/rplidar_ros/rviz/rplidar_ros.rviz
[2.284s] -- Up-to-date symlink: /home/f1tenth/f1tenth_ws/install/rplidar_ros/lib/rplidar_ros/rplidar_node
[2.286s] -- Up-to-date symlink: /home/f1tenth/f1tenth_ws/install/rplidar_ros/lib/rplidar_ros/rplidar_composition
[2.288s] -- Up-to-date symlink: /home/f1tenth/f1tenth_ws/install/rplidar_ros/lib/rplidar_ros/rplidar_client
[2.290s] -- Up-to-date symlink: /home/f1tenth/f1tenth_ws/install/rplidar_ros/share/ament_index/resource_index/package_run_dependencies/rplidar_ros
[2.292s] -- Up-to-date symlink: /home/f1tenth/f1tenth_ws/install/rplidar_ros/share/ament_index/resource_index/parent_prefix_path/rplidar_ros
[2.297s] -- Up-to-date symlink: /home/f1tenth/f1tenth_ws/install/rplidar_ros/share/rplidar_ros/environment/ament_prefix_path.sh
[2.298s] -- Up-to-date symlink: /home/f1tenth/f1tenth_ws/install/rplidar_ros/share/rplidar_ros/environment/ament_prefix_path.dsv
[2.305s] -- Up-to-date symlink: /home/f1tenth/f1tenth_ws/install/rplidar_ros/share/rplidar_ros/environment/path.sh
[2.307s] -- Up-to-date symlink: /home/f1tenth/f1tenth_ws/install/rplidar_ros/share/rplidar_ros/environment/path.dsv
[2.310s] -- Up-to-date symlink: /home/f1tenth/f1tenth_ws/install/rplidar_ros/share/rplidar_ros/local_setup.bash
[2.313s] -- Up-to-date symlink: /home/f1tenth/f1tenth_ws/install/rplidar_ros/share/rplidar_ros/local_setup.sh
[2.314s] -- Up-to-date symlink: /home/f1tenth/f1tenth_ws/install/rplidar_ros/share/rplidar_ros/local_setup.zsh
[2.315s] -- Up-to-date symlink: /home/f1tenth/f1tenth_ws/install/rplidar_ros/share/rplidar_ros/local_setup.dsv
[2.317s] -- Symlinking: /home/f1tenth/f1tenth_ws/install/rplidar_ros/share/rplidar_ros/package.dsv
[2.390s] -- Up-to-date symlink: /home/f1tenth/f1tenth_ws/install/rplidar_ros/share/ament_index/resource_index/packages/rplidar_ros
[2.394s] -- Up-to-date symlink: /home/f1tenth/f1tenth_ws/install/rplidar_ros/share/rplidar_ros/cmake/ament_cmake_export_dependencies-extras.cmake
[2.396s] -- Up-to-date symlink: /home/f1tenth/f1tenth_ws/install/rplidar_ros/share/rplidar_ros/cmake/ament_cmake_export_include_directories-extras.cmake
[2.397s] -- Up-to-date symlink: /home/f1tenth/f1tenth_ws/install/rplidar_ros/share/rplidar_ros/cmake/rplidar_rosConfig.cmake
[2.399s] -- Up-to-date symlink: /home/f1tenth/f1tenth_ws/install/rplidar_ros/share/rplidar_ros/cmake/rplidar_rosConfig-version.cmake
[2.402s] -- Up-to-date symlink: /home/f1tenth/f1tenth_ws/install/rplidar_ros/share/rplidar_ros/package.xml
[2.423s] Invoked command in '/home/f1tenth/f1tenth_ws/build/rplidar_ros' returned '0': CMAKE_PREFIX_PATH=${CMAKE_PREFIX_PATH}:/home/f1tenth/f1tenth_ws/install/f1tenth_stack:/home/f1tenth/f1tenth_ws/install/joy_teleop:/home/f1tenth/f1tenth_ws/install/particle_filter:/home/f1tenth/f1tenth_ws/install/mouse_teleop:/home/f1tenth/f1tenth_ws/install/key_teleop:/opt/ros/foxy /usr/bin/cmake --install /home/f1tenth/f1tenth_ws/build/rplidar_ros
