[3.672s] Invoking command in '/home/f1tenth/f1tenth_ws/src/csi_camera': PYTHONPATH=/home/f1tenth/f1tenth_ws/build/csi_camera/prefix_override:/usr/lib/python3/dist-packages/colcon_core/task/python/colcon_distutils_commands:/home/f1tenth/f1tenth_ws/install/csi_camera/lib/python3.8/site-packages:${PYTHONPATH} /usr/bin/python3 -W ignore:setup.py install is deprecated setup.py egg_info --egg-base ../../build/csi_camera build --build-base /home/f1tenth/f1tenth_ws/build/csi_camera/build install --record /home/f1tenth/f1tenth_ws/build/csi_camera/install.log --install-scripts $base/lib/csi_camera --single-version-externally-managed install_data
[4.914s] /home/f1tenth/.local/lib/python3.8/site-packages/setuptools/dist.py:717: UserWarning: Usage of dash-separated 'script-dir' will not be supported in future versions. Please use the underscore name 'script_dir' instead
[4.915s]   warnings.warn(
[5.034s] running egg_info
[5.040s] writing ../../build/csi_camera/csi_camera.egg-info/PKG-INFO
[5.041s] writing dependency_links to ../../build/csi_camera/csi_camera.egg-info/dependency_links.txt
[5.041s] writing entry points to ../../build/csi_camera/csi_camera.egg-info/entry_points.txt
[5.042s] writing requirements to ../../build/csi_camera/csi_camera.egg-info/requires.txt
[5.042s] writing top-level names to ../../build/csi_camera/csi_camera.egg-info/top_level.txt
[5.055s] reading manifest file '../../build/csi_camera/csi_camera.egg-info/SOURCES.txt'
[5.056s] adding license file 'LICENSE'
[5.059s] writing manifest file '../../build/csi_camera/csi_camera.egg-info/SOURCES.txt'
[5.060s] running build
[5.060s] running build_py
[5.061s] copying csi_camera/ros2_simple_camera.py -> /home/f1tenth/f1tenth_ws/build/csi_camera/build/lib/csi_camera
[5.062s] running install
[5.066s] running install_lib
[5.069s] copying /home/f1tenth/f1tenth_ws/build/csi_camera/build/lib/csi_camera/ros2_simple_camera.py -> /home/f1tenth/f1tenth_ws/install/csi_camera/lib/python3.8/site-packages/csi_camera
[5.073s] byte-compiling /home/f1tenth/f1tenth_ws/install/csi_camera/lib/python3.8/site-packages/csi_camera/ros2_simple_camera.py to ros2_simple_camera.cpython-38.pyc
[5.081s] running install_data
[5.082s] running install_egg_info
[5.091s] removing '/home/f1tenth/f1tenth_ws/install/csi_camera/lib/python3.8/site-packages/csi_camera-0.0.0-py3.8.egg-info' (and everything under it)
[5.091s] Copying ../../build/csi_camera/csi_camera.egg-info to /home/f1tenth/f1tenth_ws/install/csi_camera/lib/python3.8/site-packages/csi_camera-0.0.0-py3.8.egg-info
[5.100s] running install_scripts
[5.186s] Installing dual_camera script to /home/f1tenth/f1tenth_ws/install/csi_camera/lib/csi_camera
[5.187s] Installing simple_camera script to /home/f1tenth/f1tenth_ws/install/csi_camera/lib/csi_camera
[5.188s] writing list of installed files to '/home/f1tenth/f1tenth_ws/build/csi_camera/install.log'
[5.283s] Invoked command in '/home/f1tenth/f1tenth_ws/src/csi_camera' returned '0': PYTHONPATH=/home/f1tenth/f1tenth_ws/build/csi_camera/prefix_override:/usr/lib/python3/dist-packages/colcon_core/task/python/colcon_distutils_commands:/home/f1tenth/f1tenth_ws/install/csi_camera/lib/python3.8/site-packages:${PYTHONPATH} /usr/bin/python3 -W ignore:setup.py install is deprecated setup.py egg_info --egg-base ../../build/csi_camera build --build-base /home/f1tenth/f1tenth_ws/build/csi_camera/build install --record /home/f1tenth/f1tenth_ws/build/csi_camera/install.log --install-scripts $base/lib/csi_camera --single-version-externally-managed install_data
