[13.931s] Invoking command in '/home/f1tenth/f1tenth_ws/src/lane_keeping': PYTHONPATH=/home/f1tenth/f1tenth_ws/build/lane_keeping/prefix_override:/usr/lib/python3/dist-packages/colcon_core/task/python/colcon_distutils_commands:/home/f1tenth/f1tenth_ws/install/lane_keeping/lib/python3.8/site-packages:${PYTHONPATH} /usr/bin/python3 -W ignore:setup.py install is deprecated setup.py egg_info --egg-base ../../build/lane_keeping build --build-base /home/f1tenth/f1tenth_ws/build/lane_keeping/build install --record /home/f1tenth/f1tenth_ws/build/lane_keeping/install.log --install-scripts $base/lib/lane_keeping --single-version-externally-managed install_data
[17.788s] /home/f1tenth/.local/lib/python3.8/site-packages/setuptools/dist.py:771: UserWarning: Usage of dash-separated 'script-dir' will not be supported in future versions. Please use the underscore name 'script_dir' instead
[17.789s]   warnings.warn(
[19.194s] running egg_info
[19.400s] writing ../../build/lane_keeping/lane_keeping.egg-info/PKG-INFO
[19.402s] writing dependency_links to ../../build/lane_keeping/lane_keeping.egg-info/dependency_links.txt
[19.403s] writing entry points to ../../build/lane_keeping/lane_keeping.egg-info/entry_points.txt
[19.404s] writing requirements to ../../build/lane_keeping/lane_keeping.egg-info/requires.txt
[19.405s] writing top-level names to ../../build/lane_keeping/lane_keeping.egg-info/top_level.txt
[19.406s] writing ../../build/lane_keeping/lane_keeping.egg-info/PKG-INFO
[19.406s] writing dependency_links to ../../build/lane_keeping/lane_keeping.egg-info/dependency_links.txt
[19.407s] writing entry points to ../../build/lane_keeping/lane_keeping.egg-info/entry_points.txt
[19.408s] writing requirements to ../../build/lane_keeping/lane_keeping.egg-info/requires.txt
[19.409s] writing top-level names to ../../build/lane_keeping/lane_keeping.egg-info/top_level.txt
[19.712s] reading manifest file '../../build/lane_keeping/lane_keeping.egg-info/SOURCES.txt'
[19.717s] writing manifest file '../../build/lane_keeping/lane_keeping.egg-info/SOURCES.txt'
[19.729s] running build
[19.731s] running build_py
[19.733s] copying lane_keeping/lane_keeping.py -> /home/f1tenth/f1tenth_ws/build/lane_keeping/build/lib/lane_keeping
[19.737s] running install
[19.762s] running install_lib
[19.926s] copying /home/f1tenth/f1tenth_ws/build/lane_keeping/build/lib/lane_keeping/lane_keeping.py -> /home/f1tenth/f1tenth_ws/install/lane_keeping/lib/python3.8/site-packages/lane_keeping
[19.929s] byte-compiling /home/f1tenth/f1tenth_ws/install/lane_keeping/lib/python3.8/site-packages/lane_keeping/lane_keeping.py to lane_keeping.cpython-38.pyc
[19.935s] running install_data
[19.936s] running install_egg_info
[20.115s] removing '/home/f1tenth/f1tenth_ws/install/lane_keeping/lib/python3.8/site-packages/lane_keeping-0.0.0-py3.8.egg-info' (and everything under it)
[20.117s] Copying ../../build/lane_keeping/lane_keeping.egg-info to /home/f1tenth/f1tenth_ws/install/lane_keeping/lib/python3.8/site-packages/lane_keeping-0.0.0-py3.8.egg-info
[20.133s] running install_scripts
[20.615s] Installing lane_keeping script to /home/f1tenth/f1tenth_ws/install/lane_keeping/lib/lane_keeping
[20.616s] writing list of installed files to '/home/f1tenth/f1tenth_ws/build/lane_keeping/install.log'
[20.893s] Invoked command in '/home/f1tenth/f1tenth_ws/src/lane_keeping' returned '0': PYTHONPATH=/home/f1tenth/f1tenth_ws/build/lane_keeping/prefix_override:/usr/lib/python3/dist-packages/colcon_core/task/python/colcon_distutils_commands:/home/f1tenth/f1tenth_ws/install/lane_keeping/lib/python3.8/site-packages:${PYTHONPATH} /usr/bin/python3 -W ignore:setup.py install is deprecated setup.py egg_info --egg-base ../../build/lane_keeping build --build-base /home/f1tenth/f1tenth_ws/build/lane_keeping/build install --record /home/f1tenth/f1tenth_ws/build/lane_keeping/install.log --install-scripts $base/lib/lane_keeping --single-version-externally-managed install_data
