[6.850s] Invoking command in '/home/f1tenth/f1tenth_ws/src/lane_keeping': PYTHONPATH=/home/f1tenth/f1tenth_ws/build/lane_keeping/prefix_override:/usr/lib/python3/dist-packages/colcon_core/task/python/colcon_distutils_commands:/home/f1tenth/f1tenth_ws/install/lane_keeping/lib/python3.8/site-packages:${PYTHONPATH} /usr/bin/python3 -W ignore:setup.py install is deprecated setup.py egg_info --egg-base ../../build/lane_keeping build --build-base /home/f1tenth/f1tenth_ws/build/lane_keeping/build install --record /home/f1tenth/f1tenth_ws/build/lane_keeping/install.log --install-scripts $base/lib/lane_keeping --single-version-externally-managed install_data
[9.156s] /home/f1tenth/.local/lib/python3.8/site-packages/setuptools/dist.py:717: UserWarning: Usage of dash-separated 'script-dir' will not be supported in future versions. Please use the underscore name 'script_dir' instead
[9.157s]   warnings.warn(
[9.341s] running egg_info
[9.345s] writing ../../build/lane_keeping/lane_keeping.egg-info/PKG-INFO
[9.346s] writing dependency_links to ../../build/lane_keeping/lane_keeping.egg-info/dependency_links.txt
[9.348s] writing entry points to ../../build/lane_keeping/lane_keeping.egg-info/entry_points.txt
[9.349s] writing requirements to ../../build/lane_keeping/lane_keeping.egg-info/requires.txt
[9.350s] writing top-level names to ../../build/lane_keeping/lane_keeping.egg-info/top_level.txt
[9.370s] reading manifest file '../../build/lane_keeping/lane_keeping.egg-info/SOURCES.txt'
[9.372s] writing manifest file '../../build/lane_keeping/lane_keeping.egg-info/SOURCES.txt'
[9.373s] running build
[9.374s] running build_py
[9.375s] running install
[9.391s] running install_lib
[9.417s] running install_data
[9.422s] running install_egg_info
[9.436s] removing '/home/f1tenth/f1tenth_ws/install/lane_keeping/lib/python3.8/site-packages/lane_keeping-0.0.0-py3.8.egg-info' (and everything under it)
[9.442s] Copying ../../build/lane_keeping/lane_keeping.egg-info to /home/f1tenth/f1tenth_ws/install/lane_keeping/lib/python3.8/site-packages/lane_keeping-0.0.0-py3.8.egg-info
[9.448s] running install_scripts
[9.568s] Installing lane_keeping script to /home/f1tenth/f1tenth_ws/install/lane_keeping/lib/lane_keeping
[9.571s] writing list of installed files to '/home/f1tenth/f1tenth_ws/build/lane_keeping/install.log'
[9.761s] Invoked command in '/home/f1tenth/f1tenth_ws/src/lane_keeping' returned '0': PYTHONPATH=/home/f1tenth/f1tenth_ws/build/lane_keeping/prefix_override:/usr/lib/python3/dist-packages/colcon_core/task/python/colcon_distutils_commands:/home/f1tenth/f1tenth_ws/install/lane_keeping/lib/python3.8/site-packages:${PYTHONPATH} /usr/bin/python3 -W ignore:setup.py install is deprecated setup.py egg_info --egg-base ../../build/lane_keeping build --build-base /home/f1tenth/f1tenth_ws/build/lane_keeping/build install --record /home/f1tenth/f1tenth_ws/build/lane_keeping/install.log --install-scripts $base/lib/lane_keeping --single-version-externally-managed install_data
