[0.000000] (-) TimerEvent: {}
[0.001643] (-) JobUnselected: {'identifier': 'ackermann_mux'}
[0.001886] (-) JobUnselected: {'identifier': 'birds_eye_view'}
[0.002001] (-) JobUnselected: {'identifier': 'calibration'}
[0.002100] (-) JobUnselected: {'identifier': 'camera'}
[0.002224] (-) JobUnselected: {'identifier': 'camera_package'}
[0.002318] (-) JobUnselected: {'identifier': 'camera_publisher'}
[0.002434] (-) JobUnselected: {'identifier': 'camera_subscriber_pkg'}
[0.002543] (-) JobUnselected: {'identifier': 'csi_camera'}
[0.002641] (-) JobUnselected: {'identifier': 'f1tenth_stack'}
[0.002727] (-) JobUnselected: {'identifier': 'internal_interface'}
[0.002811] (-) JobUnselected: {'identifier': 'joy_teleop'}
[0.002892] (-) JobUnselected: {'identifier': 'key_teleop'}
[0.002973] (-) JobUnselected: {'identifier': 'lane_following'}
[0.003053] (-) JobUnselected: {'identifier': 'lane_keeping'}
[0.003157] (-) JobUnselected: {'identifier': 'lane_pure_pursuit'}
[0.003248] (-) JobUnselected: {'identifier': 'mouse_teleop'}
[0.003348] (-) JobUnselected: {'identifier': 'particle_filter'}
[0.003445] (-) JobUnselected: {'identifier': 'pure_pursuit'}
[0.003526] (-) JobUnselected: {'identifier': 'rplidar_ros'}
[0.003608] (-) JobUnselected: {'identifier': 'teleop_tools'}
[0.003706] (-) JobUnselected: {'identifier': 'teleop_tools_msgs'}
[0.003787] (-) JobUnselected: {'identifier': 'vesc'}
[0.003866] (-) JobUnselected: {'identifier': 'vesc_ackermann'}
[0.003945] (-) JobUnselected: {'identifier': 'vesc_driver'}
[0.004040] (-) JobUnselected: {'identifier': 'vesc_msgs'}
[0.004120] (-) JobUnselected: {'identifier': 'waypoint_generator'}
[0.004220] (-) EventReactorShutdown: {}
