[0.093s] Invoking command in '/home/f1tenth/f1tenth_ws/build/rplidar_ros': CMAKE_PREFIX_PATH=${CMAKE_PREFIX_PATH}:/home/f1tenth/f1tenth_ws/install/opencv_tools:/home/f1tenth/f1tenth_ws/install/f1tenth_stack:/home/f1tenth/f1tenth_ws/install/joy_teleop:/home/f1tenth/f1tenth_ws/install/particle_filter:/home/f1tenth/f1tenth_ws/install/mouse_teleop:/home/f1tenth/f1tenth_ws/install/key_teleop:/opt/ros/foxy /usr/bin/cmake --build /home/f1tenth/f1tenth_ws/build/rplidar_ros -- -j4 -l4
[0.807s] [ 47%] Built target rplidar_node
[0.825s] [ 94%] Built target rplidar_composition
[0.850s] [100%] Built target rplidar_client
[0.928s] Invoked command in '/home/f1tenth/f1tenth_ws/build/rplidar_ros' returned '0': CMAKE_PREFIX_PATH=${CMAKE_PREFIX_PATH}:/home/f1tenth/f1tenth_ws/install/opencv_tools:/home/f1tenth/f1tenth_ws/install/f1tenth_stack:/home/f1tenth/f1tenth_ws/install/joy_teleop:/home/f1tenth/f1tenth_ws/install/particle_filter:/home/f1tenth/f1tenth_ws/install/mouse_teleop:/home/f1tenth/f1tenth_ws/install/key_teleop:/opt/ros/foxy /usr/bin/cmake --build /home/f1tenth/f1tenth_ws/build/rplidar_ros -- -j4 -l4
[1.779s] Invoking command in '/home/f1tenth/f1tenth_ws/build/rplidar_ros': CMAKE_PREFIX_PATH=${CMAKE_PREFIX_PATH}:/home/f1tenth/f1tenth_ws/install/opencv_tools:/home/f1tenth/f1tenth_ws/install/f1tenth_stack:/home/f1tenth/f1tenth_ws/install/joy_teleop:/home/f1tenth/f1tenth_ws/install/particle_filter:/home/f1tenth/f1tenth_ws/install/mouse_teleop:/home/f1tenth/f1tenth_ws/install/key_teleop:/opt/ros/foxy /usr/bin/cmake --install /home/f1tenth/f1tenth_ws/build/rplidar_ros
[1.840s] -- Install configuration: ""
[1.844s] -- Execute custom install script
[1.852s] -- Up-to-date symlink: /home/f1tenth/f1tenth_ws/install/rplidar_ros/share/rplidar_ros/launch/rplidar_a1_launch.py
[1.860s] -- Up-to-date symlink: /home/f1tenth/f1tenth_ws/install/rplidar_ros/share/rplidar_ros/launch/rplidar_a2m12_launch.py
[1.863s] -- Up-to-date symlink: /home/f1tenth/f1tenth_ws/install/rplidar_ros/share/rplidar_ros/launch/rplidar_a2m7_launch.py
[1.864s] -- Up-to-date symlink: /home/f1tenth/f1tenth_ws/install/rplidar_ros/share/rplidar_ros/launch/rplidar_a2m8_launch.py
[1.865s] -- Up-to-date symlink: /home/f1tenth/f1tenth_ws/install/rplidar_ros/share/rplidar_ros/launch/rplidar_a3_launch.py
[1.865s] -- Up-to-date symlink: /home/f1tenth/f1tenth_ws/install/rplidar_ros/share/rplidar_ros/launch/rplidar_c1_launch.py
[1.866s] -- Up-to-date symlink: /home/f1tenth/f1tenth_ws/install/rplidar_ros/share/rplidar_ros/launch/rplidar_s1_launch.py
[1.867s] -- Up-to-date symlink: /home/f1tenth/f1tenth_ws/install/rplidar_ros/share/rplidar_ros/launch/rplidar_s1_tcp_launch.py
[1.867s] -- Up-to-date symlink: /home/f1tenth/f1tenth_ws/install/rplidar_ros/share/rplidar_ros/launch/rplidar_s2_launch.py
[1.867s] -- Up-to-date symlink: /home/f1tenth/f1tenth_ws/install/rplidar_ros/share/rplidar_ros/launch/rplidar_s2e_launch.py
[1.868s] -- Up-to-date symlink: /home/f1tenth/f1tenth_ws/install/rplidar_ros/share/rplidar_ros/launch/rplidar_s3_launch.py
[1.868s] -- Up-to-date symlink: /home/f1tenth/f1tenth_ws/install/rplidar_ros/share/rplidar_ros/launch/rplidar_t1_launch.py
[1.869s] -- Up-to-date symlink: /home/f1tenth/f1tenth_ws/install/rplidar_ros/share/rplidar_ros/launch/view_rplidar_a1_launch.py
[1.869s] -- Up-to-date symlink: /home/f1tenth/f1tenth_ws/install/rplidar_ros/share/rplidar_ros/launch/view_rplidar_a2m12_launch.py
[1.870s] -- Up-to-date symlink: /home/f1tenth/f1tenth_ws/install/rplidar_ros/share/rplidar_ros/launch/view_rplidar_a2m7_launch.py
[1.870s] -- Up-to-date symlink: /home/f1tenth/f1tenth_ws/install/rplidar_ros/share/rplidar_ros/launch/view_rplidar_a2m8_launch.py
[1.871s] -- Up-to-date symlink: /home/f1tenth/f1tenth_ws/install/rplidar_ros/share/rplidar_ros/launch/view_rplidar_a3_launch.py
[1.871s] -- Up-to-date symlink: /home/f1tenth/f1tenth_ws/install/rplidar_ros/share/rplidar_ros/launch/view_rplidar_c1_launch.py
[1.872s] -- Up-to-date symlink: /home/f1tenth/f1tenth_ws/install/rplidar_ros/share/rplidar_ros/launch/view_rplidar_s1_launch.py
[1.872s] -- Up-to-date symlink: /home/f1tenth/f1tenth_ws/install/rplidar_ros/share/rplidar_ros/launch/view_rplidar_s1_tcp_launch.py
[1.877s] -- Up-to-date symlink: /home/f1tenth/f1tenth_ws/install/rplidar_ros/share/rplidar_ros/launch/view_rplidar_s2_launch.py
[1.878s] -- Up-to-date symlink: /home/f1tenth/f1tenth_ws/install/rplidar_ros/share/rplidar_ros/launch/view_rplidar_s2e_launch.py
[1.878s] -- Up-to-date symlink: /home/f1tenth/f1tenth_ws/install/rplidar_ros/share/rplidar_ros/launch/view_rplidar_s3_launch.py
[1.878s] -- Up-to-date symlink: /home/f1tenth/f1tenth_ws/install/rplidar_ros/share/rplidar_ros/launch/view_rplidar_t1_launch.py
[1.882s] -- Up-to-date symlink: /home/f1tenth/f1tenth_ws/install/rplidar_ros/share/rplidar_ros/rviz/rplidar_ros.rviz
[1.883s] -- Up-to-date symlink: /home/f1tenth/f1tenth_ws/install/rplidar_ros/lib/rplidar_ros/rplidar_node
[1.884s] -- Up-to-date symlink: /home/f1tenth/f1tenth_ws/install/rplidar_ros/lib/rplidar_ros/rplidar_composition
[1.889s] -- Up-to-date symlink: /home/f1tenth/f1tenth_ws/install/rplidar_ros/lib/rplidar_ros/rplidar_client
[1.889s] -- Up-to-date symlink: /home/f1tenth/f1tenth_ws/install/rplidar_ros/share/ament_index/resource_index/package_run_dependencies/rplidar_ros
[1.891s] -- Up-to-date symlink: /home/f1tenth/f1tenth_ws/install/rplidar_ros/share/ament_index/resource_index/parent_prefix_path/rplidar_ros
[1.891s] -- Up-to-date symlink: /home/f1tenth/f1tenth_ws/install/rplidar_ros/share/rplidar_ros/environment/ament_prefix_path.sh
[1.896s] -- Up-to-date symlink: /home/f1tenth/f1tenth_ws/install/rplidar_ros/share/rplidar_ros/environment/ament_prefix_path.dsv
[1.912s] -- Up-to-date symlink: /home/f1tenth/f1tenth_ws/install/rplidar_ros/share/rplidar_ros/environment/path.sh
[1.931s] -- Up-to-date symlink: /home/f1tenth/f1tenth_ws/install/rplidar_ros/share/rplidar_ros/environment/path.dsv
[1.931s] -- Up-to-date symlink: /home/f1tenth/f1tenth_ws/install/rplidar_ros/share/rplidar_ros/local_setup.bash
[1.932s] -- Up-to-date symlink: /home/f1tenth/f1tenth_ws/install/rplidar_ros/share/rplidar_ros/local_setup.sh
[1.932s] -- Up-to-date symlink: /home/f1tenth/f1tenth_ws/install/rplidar_ros/share/rplidar_ros/local_setup.zsh
[1.933s] -- Up-to-date symlink: /home/f1tenth/f1tenth_ws/install/rplidar_ros/share/rplidar_ros/local_setup.dsv
[1.934s] -- Symlinking: /home/f1tenth/f1tenth_ws/install/rplidar_ros/share/rplidar_ros/package.dsv
[2.039s] -- Up-to-date symlink: /home/f1tenth/f1tenth_ws/install/rplidar_ros/share/ament_index/resource_index/packages/rplidar_ros
[2.041s] -- Up-to-date symlink: /home/f1tenth/f1tenth_ws/install/rplidar_ros/share/rplidar_ros/cmake/ament_cmake_export_dependencies-extras.cmake
[2.046s] -- Up-to-date symlink: /home/f1tenth/f1tenth_ws/install/rplidar_ros/share/rplidar_ros/cmake/ament_cmake_export_include_directories-extras.cmake
[2.046s] -- Up-to-date symlink: /home/f1tenth/f1tenth_ws/install/rplidar_ros/share/rplidar_ros/cmake/rplidar_rosConfig.cmake
[2.047s] -- Up-to-date symlink: /home/f1tenth/f1tenth_ws/install/rplidar_ros/share/rplidar_ros/cmake/rplidar_rosConfig-version.cmake
[2.050s] -- Up-to-date symlink: /home/f1tenth/f1tenth_ws/install/rplidar_ros/share/rplidar_ros/package.xml
[2.151s] Invoked command in '/home/f1tenth/f1tenth_ws/build/rplidar_ros' returned '0': CMAKE_PREFIX_PATH=${CMAKE_PREFIX_PATH}:/home/f1tenth/f1tenth_ws/install/opencv_tools:/home/f1tenth/f1tenth_ws/install/f1tenth_stack:/home/f1tenth/f1tenth_ws/install/joy_teleop:/home/f1tenth/f1tenth_ws/install/particle_filter:/home/f1tenth/f1tenth_ws/install/mouse_teleop:/home/f1tenth/f1tenth_ws/install/key_teleop:/opt/ros/foxy /usr/bin/cmake --install /home/f1tenth/f1tenth_ws/build/rplidar_ros
