[1.861s] DEBUG:colcon:Command line arguments: ['/usr/bin/colcon', 'build', '--packages-select', 'object_detect']
[1.862s] DEBUG:colcon:Parsed command line arguments: Namespace(allow_overriding=[], ament_cmake_args=None, base_paths=['.'], build_base='build', catkin_cmake_args=None, catkin_skip_building_tests=False, cmake_args=None, cmake_clean_cache=False, cmake_clean_first=False, cmake_force_configure=False, cmake_target=None, cmake_target_skip_unavailable=False, continue_on_error=False, event_handlers=None, executor='parallel', ignore_user_meta=False, install_base='install', log_base=None, log_level=None, main=<bound method BuildVerb.main of <colcon_core.verb.build.BuildVerb object at 0xffffb77855b0>>, merge_install=False, metas=['./colcon.meta'], mixin=None, mixin_files=None, mixin_verb=('build',), packages_above=None, packages_above_and_dependencies=None, packages_above_depth=None, packages_end=None, packages_ignore=None, packages_ignore_regex=None, packages_select=['object_detect'], packages_select_build_failed=False, packages_select_by_dep=None, packages_select_regex=None, packages_select_test_failures=False, packages_skip=None, packages_skip_build_finished=False, packages_skip_by_dep=None, packages_skip_regex=None, packages_skip_test_passed=False, packages_skip_up_to=None, packages_start=None, packages_up_to=None, packages_up_to_regex=None, parallel_workers=4, paths=None, symlink_install=False, test_result_base=None, verb_extension=<colcon_core.verb.build.BuildVerb object at 0xffffb77855b0>, verb_name='build', verb_parser=<colcon_mixin.mixin.mixin_argument.MixinArgumentDecorator object at 0xffffb7785b80>)
[3.550s] Level 1:colcon.colcon_core.package_discovery:discover_packages(colcon_meta) check parameters
[3.552s] Level 1:colcon.colcon_core.package_discovery:discover_packages(recursive) check parameters
[3.553s] Level 1:colcon.colcon_core.package_discovery:discover_packages(ignore) check parameters
[3.554s] Level 1:colcon.colcon_core.package_discovery:discover_packages(path) check parameters
[3.554s] Level 1:colcon.colcon_core.package_discovery:discover_packages(colcon_meta) discover
[3.554s] Level 1:colcon.colcon_core.package_discovery:discover_packages(recursive) discover
[3.555s] INFO:colcon.colcon_core.package_discovery:Crawling recursively for packages in '/home/f1tenth/f1tenth_ws'
[3.555s] Level 1:colcon.colcon_core.package_identification:_identify(.) by extensions ['ignore', 'ignore_ament_install']
[3.556s] Level 1:colcon.colcon_core.package_identification:_identify(.) by extension 'ignore'
[3.556s] Level 1:colcon.colcon_core.package_identification:_identify(.) by extension 'ignore_ament_install'
[3.556s] Level 1:colcon.colcon_core.package_identification:_identify(.) by extensions ['colcon_pkg']
[3.556s] Level 1:colcon.colcon_core.package_identification:_identify(.) by extension 'colcon_pkg'
[3.556s] Level 1:colcon.colcon_core.package_identification:_identify(.) by extensions ['colcon_meta']
[3.557s] Level 1:colcon.colcon_core.package_identification:_identify(.) by extension 'colcon_meta'
[3.557s] Level 1:colcon.colcon_core.package_identification:_identify(.) by extensions ['ros']
[3.557s] Level 1:colcon.colcon_core.package_identification:_identify(.) by extension 'ros'
[3.626s] Level 1:colcon.colcon_core.package_identification:_identify(.) by extensions ['cmake', 'python']
[3.626s] Level 1:colcon.colcon_core.package_identification:_identify(.) by extension 'cmake'
[3.626s] Level 1:colcon.colcon_core.package_identification:_identify(.) by extension 'python'
[3.627s] Level 1:colcon.colcon_core.package_identification:_identify(.) by extensions ['python_setup_py']
[3.627s] Level 1:colcon.colcon_core.package_identification:_identify(.) by extension 'python_setup_py'
[3.628s] Level 1:colcon.colcon_core.package_identification:_identify(build) by extensions ['ignore', 'ignore_ament_install']
[3.628s] Level 1:colcon.colcon_core.package_identification:_identify(build) by extension 'ignore'
[3.628s] Level 1:colcon.colcon_core.package_identification:_identify(build) ignored
[3.629s] Level 1:colcon.colcon_core.package_identification:_identify(configuration) by extensions ['ignore', 'ignore_ament_install']
[3.630s] Level 1:colcon.colcon_core.package_identification:_identify(configuration) by extension 'ignore'
[3.631s] Level 1:colcon.colcon_core.package_identification:_identify(configuration) by extension 'ignore_ament_install'
[3.631s] Level 1:colcon.colcon_core.package_identification:_identify(configuration) by extensions ['colcon_pkg']
[3.631s] Level 1:colcon.colcon_core.package_identification:_identify(configuration) by extension 'colcon_pkg'
[3.631s] Level 1:colcon.colcon_core.package_identification:_identify(configuration) by extensions ['colcon_meta']
[3.631s] Level 1:colcon.colcon_core.package_identification:_identify(configuration) by extension 'colcon_meta'
[3.632s] Level 1:colcon.colcon_core.package_identification:_identify(configuration) by extensions ['ros']
[3.632s] Level 1:colcon.colcon_core.package_identification:_identify(configuration) by extension 'ros'
[3.632s] Level 1:colcon.colcon_core.package_identification:_identify(configuration) by extensions ['cmake', 'python']
[3.632s] Level 1:colcon.colcon_core.package_identification:_identify(configuration) by extension 'cmake'
[3.633s] Level 1:colcon.colcon_core.package_identification:_identify(configuration) by extension 'python'
[3.633s] Level 1:colcon.colcon_core.package_identification:_identify(configuration) by extensions ['python_setup_py']
[3.633s] Level 1:colcon.colcon_core.package_identification:_identify(configuration) by extension 'python_setup_py'
[3.634s] Level 1:colcon.colcon_core.package_identification:_identify(install) by extensions ['ignore', 'ignore_ament_install']
[3.634s] Level 1:colcon.colcon_core.package_identification:_identify(install) by extension 'ignore'
[3.634s] Level 1:colcon.colcon_core.package_identification:_identify(install) ignored
[3.635s] Level 1:colcon.colcon_core.package_identification:_identify(log) by extensions ['ignore', 'ignore_ament_install']
[3.636s] Level 1:colcon.colcon_core.package_identification:_identify(log) by extension 'ignore'
[3.636s] Level 1:colcon.colcon_core.package_identification:_identify(log) ignored
[3.636s] Level 1:colcon.colcon_core.package_identification:_identify(src) by extensions ['ignore', 'ignore_ament_install']
[3.637s] Level 1:colcon.colcon_core.package_identification:_identify(src) by extension 'ignore'
[3.637s] Level 1:colcon.colcon_core.package_identification:_identify(src) by extension 'ignore_ament_install'
[3.637s] Level 1:colcon.colcon_core.package_identification:_identify(src) by extensions ['colcon_pkg']
[3.637s] Level 1:colcon.colcon_core.package_identification:_identify(src) by extension 'colcon_pkg'
[3.637s] Level 1:colcon.colcon_core.package_identification:_identify(src) by extensions ['colcon_meta']
[3.637s] Level 1:colcon.colcon_core.package_identification:_identify(src) by extension 'colcon_meta'
[3.638s] Level 1:colcon.colcon_core.package_identification:_identify(src) by extensions ['ros']
[3.638s] Level 1:colcon.colcon_core.package_identification:_identify(src) by extension 'ros'
[3.638s] Level 1:colcon.colcon_core.package_identification:_identify(src) by extensions ['cmake', 'python']
[3.638s] Level 1:colcon.colcon_core.package_identification:_identify(src) by extension 'cmake'
[3.638s] Level 1:colcon.colcon_core.package_identification:_identify(src) by extension 'python'
[3.639s] Level 1:colcon.colcon_core.package_identification:_identify(src) by extensions ['python_setup_py']
[3.639s] Level 1:colcon.colcon_core.package_identification:_identify(src) by extension 'python_setup_py'
[3.639s] Level 1:colcon.colcon_core.package_identification:_identify(src/birds_eye_view) by extensions ['ignore', 'ignore_ament_install']
[3.639s] Level 1:colcon.colcon_core.package_identification:_identify(src/birds_eye_view) by extension 'ignore'
[3.639s] Level 1:colcon.colcon_core.package_identification:_identify(src/birds_eye_view) by extension 'ignore_ament_install'
[3.640s] Level 1:colcon.colcon_core.package_identification:_identify(src/birds_eye_view) by extensions ['colcon_pkg']
[3.640s] Level 1:colcon.colcon_core.package_identification:_identify(src/birds_eye_view) by extension 'colcon_pkg'
[3.640s] Level 1:colcon.colcon_core.package_identification:_identify(src/birds_eye_view) by extensions ['colcon_meta']
[3.640s] Level 1:colcon.colcon_core.package_identification:_identify(src/birds_eye_view) by extension 'colcon_meta'
[3.641s] Level 1:colcon.colcon_core.package_identification:_identify(src/birds_eye_view) by extensions ['ros']
[3.641s] Level 1:colcon.colcon_core.package_identification:_identify(src/birds_eye_view) by extension 'ros'
[3.651s] DEBUG:colcon.colcon_core.package_identification:Package 'src/birds_eye_view' with type 'ros.ament_cmake' and name 'birds_eye_view'
[3.652s] Level 1:colcon.colcon_core.package_identification:_identify(src/calibration) by extensions ['ignore', 'ignore_ament_install']
[3.652s] Level 1:colcon.colcon_core.package_identification:_identify(src/calibration) by extension 'ignore'
[3.652s] Level 1:colcon.colcon_core.package_identification:_identify(src/calibration) by extension 'ignore_ament_install'
[3.653s] Level 1:colcon.colcon_core.package_identification:_identify(src/calibration) by extensions ['colcon_pkg']
[3.653s] Level 1:colcon.colcon_core.package_identification:_identify(src/calibration) by extension 'colcon_pkg'
[3.653s] Level 1:colcon.colcon_core.package_identification:_identify(src/calibration) by extensions ['colcon_meta']
[3.653s] Level 1:colcon.colcon_core.package_identification:_identify(src/calibration) by extension 'colcon_meta'
[3.653s] Level 1:colcon.colcon_core.package_identification:_identify(src/calibration) by extensions ['ros']
[3.653s] Level 1:colcon.colcon_core.package_identification:_identify(src/calibration) by extension 'ros'
[3.658s] DEBUG:colcon.colcon_core.package_identification:Package 'src/calibration' with type 'ros.ament_cmake' and name 'calibration'
[3.659s] Level 1:colcon.colcon_core.package_identification:_identify(src/camera) by extensions ['ignore', 'ignore_ament_install']
[3.659s] Level 1:colcon.colcon_core.package_identification:_identify(src/camera) by extension 'ignore'
[3.659s] Level 1:colcon.colcon_core.package_identification:_identify(src/camera) by extension 'ignore_ament_install'
[3.659s] Level 1:colcon.colcon_core.package_identification:_identify(src/camera) by extensions ['colcon_pkg']
[3.660s] Level 1:colcon.colcon_core.package_identification:_identify(src/camera) by extension 'colcon_pkg'
[3.660s] Level 1:colcon.colcon_core.package_identification:_identify(src/camera) by extensions ['colcon_meta']
[3.660s] Level 1:colcon.colcon_core.package_identification:_identify(src/camera) by extension 'colcon_meta'
[3.660s] Level 1:colcon.colcon_core.package_identification:_identify(src/camera) by extensions ['ros']
[3.660s] Level 1:colcon.colcon_core.package_identification:_identify(src/camera) by extension 'ros'
[3.664s] DEBUG:colcon.colcon_core.package_identification:Package 'src/camera' with type 'ros.ament_cmake' and name 'camera'
[3.664s] Level 1:colcon.colcon_core.package_identification:_identify(src/camera_package) by extensions ['ignore', 'ignore_ament_install']
[3.665s] Level 1:colcon.colcon_core.package_identification:_identify(src/camera_package) by extension 'ignore'
[3.665s] Level 1:colcon.colcon_core.package_identification:_identify(src/camera_package) by extension 'ignore_ament_install'
[3.666s] Level 1:colcon.colcon_core.package_identification:_identify(src/camera_package) by extensions ['colcon_pkg']
[3.666s] Level 1:colcon.colcon_core.package_identification:_identify(src/camera_package) by extension 'colcon_pkg'
[3.666s] Level 1:colcon.colcon_core.package_identification:_identify(src/camera_package) by extensions ['colcon_meta']
[3.666s] Level 1:colcon.colcon_core.package_identification:_identify(src/camera_package) by extension 'colcon_meta'
[3.667s] Level 1:colcon.colcon_core.package_identification:_identify(src/camera_package) by extensions ['ros']
[3.667s] Level 1:colcon.colcon_core.package_identification:_identify(src/camera_package) by extension 'ros'
[3.670s] DEBUG:colcon.colcon_core.package_identification:Package 'src/camera_package' with type 'ros.ament_python' and name 'camera_package'
[3.676s] Level 1:colcon.colcon_core.package_identification:_identify(src/camera_publisher) by extensions ['ignore', 'ignore_ament_install']
[3.676s] Level 1:colcon.colcon_core.package_identification:_identify(src/camera_publisher) by extension 'ignore'
[3.677s] Level 1:colcon.colcon_core.package_identification:_identify(src/camera_publisher) by extension 'ignore_ament_install'
[3.677s] Level 1:colcon.colcon_core.package_identification:_identify(src/camera_publisher) by extensions ['colcon_pkg']
[3.677s] Level 1:colcon.colcon_core.package_identification:_identify(src/camera_publisher) by extension 'colcon_pkg'
[3.678s] Level 1:colcon.colcon_core.package_identification:_identify(src/camera_publisher) by extensions ['colcon_meta']
[3.678s] Level 1:colcon.colcon_core.package_identification:_identify(src/camera_publisher) by extension 'colcon_meta'
[3.679s] Level 1:colcon.colcon_core.package_identification:_identify(src/camera_publisher) by extensions ['ros']
[3.679s] Level 1:colcon.colcon_core.package_identification:_identify(src/camera_publisher) by extension 'ros'
[3.683s] DEBUG:colcon.colcon_core.package_identification:Package 'src/camera_publisher' with type 'ros.ament_python' and name 'camera_publisher'
[3.683s] Level 1:colcon.colcon_core.package_identification:_identify(src/camera_subscriber_pkg) by extensions ['ignore', 'ignore_ament_install']
[3.684s] Level 1:colcon.colcon_core.package_identification:_identify(src/camera_subscriber_pkg) by extension 'ignore'
[3.684s] Level 1:colcon.colcon_core.package_identification:_identify(src/camera_subscriber_pkg) by extension 'ignore_ament_install'
[3.685s] Level 1:colcon.colcon_core.package_identification:_identify(src/camera_subscriber_pkg) by extensions ['colcon_pkg']
[3.685s] Level 1:colcon.colcon_core.package_identification:_identify(src/camera_subscriber_pkg) by extension 'colcon_pkg'
[3.685s] Level 1:colcon.colcon_core.package_identification:_identify(src/camera_subscriber_pkg) by extensions ['colcon_meta']
[3.685s] Level 1:colcon.colcon_core.package_identification:_identify(src/camera_subscriber_pkg) by extension 'colcon_meta'
[3.685s] Level 1:colcon.colcon_core.package_identification:_identify(src/camera_subscriber_pkg) by extensions ['ros']
[3.685s] Level 1:colcon.colcon_core.package_identification:_identify(src/camera_subscriber_pkg) by extension 'ros'
[3.689s] DEBUG:colcon.colcon_core.package_identification:Package 'src/camera_subscriber_pkg' with type 'ros.ament_python' and name 'camera_subscriber_pkg'
[3.690s] Level 1:colcon.colcon_core.package_identification:_identify(src/csi_camera) by extensions ['ignore', 'ignore_ament_install']
[3.690s] Level 1:colcon.colcon_core.package_identification:_identify(src/csi_camera) by extension 'ignore'
[3.691s] Level 1:colcon.colcon_core.package_identification:_identify(src/csi_camera) by extension 'ignore_ament_install'
[3.691s] Level 1:colcon.colcon_core.package_identification:_identify(src/csi_camera) by extensions ['colcon_pkg']
[3.691s] Level 1:colcon.colcon_core.package_identification:_identify(src/csi_camera) by extension 'colcon_pkg'
[3.691s] Level 1:colcon.colcon_core.package_identification:_identify(src/csi_camera) by extensions ['colcon_meta']
[3.691s] Level 1:colcon.colcon_core.package_identification:_identify(src/csi_camera) by extension 'colcon_meta'
[3.691s] Level 1:colcon.colcon_core.package_identification:_identify(src/csi_camera) by extensions ['ros']
[3.692s] Level 1:colcon.colcon_core.package_identification:_identify(src/csi_camera) by extension 'ros'
[3.694s] DEBUG:colcon.colcon_core.package_identification:Package 'src/csi_camera' with type 'ros.ament_python' and name 'csi_camera'
[3.695s] Level 1:colcon.colcon_core.package_identification:_identify(src/f1tenth_system) by extensions ['ignore', 'ignore_ament_install']
[3.695s] Level 1:colcon.colcon_core.package_identification:_identify(src/f1tenth_system) by extension 'ignore'
[3.695s] Level 1:colcon.colcon_core.package_identification:_identify(src/f1tenth_system) by extension 'ignore_ament_install'
[3.697s] Level 1:colcon.colcon_core.package_identification:_identify(src/f1tenth_system) by extensions ['colcon_pkg']
[3.697s] Level 1:colcon.colcon_core.package_identification:_identify(src/f1tenth_system) by extension 'colcon_pkg'
[3.698s] Level 1:colcon.colcon_core.package_identification:_identify(src/f1tenth_system) by extensions ['colcon_meta']
[3.699s] Level 1:colcon.colcon_core.package_identification:_identify(src/f1tenth_system) by extension 'colcon_meta'
[3.700s] Level 1:colcon.colcon_core.package_identification:_identify(src/f1tenth_system) by extensions ['ros']
[3.700s] Level 1:colcon.colcon_core.package_identification:_identify(src/f1tenth_system) by extension 'ros'
[3.700s] Level 1:colcon.colcon_core.package_identification:_identify(src/f1tenth_system) by extensions ['cmake', 'python']
[3.701s] Level 1:colcon.colcon_core.package_identification:_identify(src/f1tenth_system) by extension 'cmake'
[3.701s] Level 1:colcon.colcon_core.package_identification:_identify(src/f1tenth_system) by extension 'python'
[3.705s] Level 1:colcon.colcon_core.package_identification:_identify(src/f1tenth_system) by extensions ['python_setup_py']
[3.705s] Level 1:colcon.colcon_core.package_identification:_identify(src/f1tenth_system) by extension 'python_setup_py'
[3.706s] Level 1:colcon.colcon_core.package_identification:_identify(src/f1tenth_system/ackermann_mux) by extensions ['ignore', 'ignore_ament_install']
[3.706s] Level 1:colcon.colcon_core.package_identification:_identify(src/f1tenth_system/ackermann_mux) by extension 'ignore'
[3.707s] Level 1:colcon.colcon_core.package_identification:_identify(src/f1tenth_system/ackermann_mux) by extension 'ignore_ament_install'
[3.707s] Level 1:colcon.colcon_core.package_identification:_identify(src/f1tenth_system/ackermann_mux) by extensions ['colcon_pkg']
[3.714s] Level 1:colcon.colcon_core.package_identification:_identify(src/f1tenth_system/ackermann_mux) by extension 'colcon_pkg'
[3.714s] Level 1:colcon.colcon_core.package_identification:_identify(src/f1tenth_system/ackermann_mux) by extensions ['colcon_meta']
[3.715s] Level 1:colcon.colcon_core.package_identification:_identify(src/f1tenth_system/ackermann_mux) by extension 'colcon_meta'
[3.721s] Level 1:colcon.colcon_core.package_identification:_identify(src/f1tenth_system/ackermann_mux) by extensions ['ros']
[3.721s] Level 1:colcon.colcon_core.package_identification:_identify(src/f1tenth_system/ackermann_mux) by extension 'ros'
[3.731s] DEBUG:colcon.colcon_core.package_identification:Package 'src/f1tenth_system/ackermann_mux' with type 'ros.ament_cmake' and name 'ackermann_mux'
[3.732s] Level 1:colcon.colcon_core.package_identification:_identify(src/f1tenth_system/f1tenth_stack) by extensions ['ignore', 'ignore_ament_install']
[3.733s] Level 1:colcon.colcon_core.package_identification:_identify(src/f1tenth_system/f1tenth_stack) by extension 'ignore'
[3.733s] Level 1:colcon.colcon_core.package_identification:_identify(src/f1tenth_system/f1tenth_stack) by extension 'ignore_ament_install'
[3.733s] Level 1:colcon.colcon_core.package_identification:_identify(src/f1tenth_system/f1tenth_stack) by extensions ['colcon_pkg']
[3.734s] Level 1:colcon.colcon_core.package_identification:_identify(src/f1tenth_system/f1tenth_stack) by extension 'colcon_pkg'
[3.734s] Level 1:colcon.colcon_core.package_identification:_identify(src/f1tenth_system/f1tenth_stack) by extensions ['colcon_meta']
[3.734s] Level 1:colcon.colcon_core.package_identification:_identify(src/f1tenth_system/f1tenth_stack) by extension 'colcon_meta'
[3.734s] Level 1:colcon.colcon_core.package_identification:_identify(src/f1tenth_system/f1tenth_stack) by extensions ['ros']
[3.734s] Level 1:colcon.colcon_core.package_identification:_identify(src/f1tenth_system/f1tenth_stack) by extension 'ros'
[3.739s] DEBUG:colcon.colcon_core.package_identification:Package 'src/f1tenth_system/f1tenth_stack' with type 'ros.ament_python' and name 'f1tenth_stack'
[3.740s] Level 1:colcon.colcon_core.package_identification:_identify(src/f1tenth_system/scripts) by extensions ['ignore', 'ignore_ament_install']
[3.740s] Level 1:colcon.colcon_core.package_identification:_identify(src/f1tenth_system/scripts) by extension 'ignore'
[3.740s] Level 1:colcon.colcon_core.package_identification:_identify(src/f1tenth_system/scripts) by extension 'ignore_ament_install'
[3.740s] Level 1:colcon.colcon_core.package_identification:_identify(src/f1tenth_system/scripts) by extensions ['colcon_pkg']
[3.741s] Level 1:colcon.colcon_core.package_identification:_identify(src/f1tenth_system/scripts) by extension 'colcon_pkg'
[3.741s] Level 1:colcon.colcon_core.package_identification:_identify(src/f1tenth_system/scripts) by extensions ['colcon_meta']
[3.741s] Level 1:colcon.colcon_core.package_identification:_identify(src/f1tenth_system/scripts) by extension 'colcon_meta'
[3.741s] Level 1:colcon.colcon_core.package_identification:_identify(src/f1tenth_system/scripts) by extensions ['ros']
[3.741s] Level 1:colcon.colcon_core.package_identification:_identify(src/f1tenth_system/scripts) by extension 'ros'
[3.742s] Level 1:colcon.colcon_core.package_identification:_identify(src/f1tenth_system/scripts) by extensions ['cmake', 'python']
[3.742s] Level 1:colcon.colcon_core.package_identification:_identify(src/f1tenth_system/scripts) by extension 'cmake'
[3.742s] Level 1:colcon.colcon_core.package_identification:_identify(src/f1tenth_system/scripts) by extension 'python'
[3.742s] Level 1:colcon.colcon_core.package_identification:_identify(src/f1tenth_system/scripts) by extensions ['python_setup_py']
[3.742s] Level 1:colcon.colcon_core.package_identification:_identify(src/f1tenth_system/scripts) by extension 'python_setup_py'
[3.743s] Level 1:colcon.colcon_core.package_identification:_identify(src/f1tenth_system/teleop_tools) by extensions ['ignore', 'ignore_ament_install']
[3.743s] Level 1:colcon.colcon_core.package_identification:_identify(src/f1tenth_system/teleop_tools) by extension 'ignore'
[3.743s] Level 1:colcon.colcon_core.package_identification:_identify(src/f1tenth_system/teleop_tools) by extension 'ignore_ament_install'
[3.743s] Level 1:colcon.colcon_core.package_identification:_identify(src/f1tenth_system/teleop_tools) by extensions ['colcon_pkg']
[3.744s] Level 1:colcon.colcon_core.package_identification:_identify(src/f1tenth_system/teleop_tools) by extension 'colcon_pkg'
[3.744s] Level 1:colcon.colcon_core.package_identification:_identify(src/f1tenth_system/teleop_tools) by extensions ['colcon_meta']
[3.744s] Level 1:colcon.colcon_core.package_identification:_identify(src/f1tenth_system/teleop_tools) by extension 'colcon_meta'
[3.744s] Level 1:colcon.colcon_core.package_identification:_identify(src/f1tenth_system/teleop_tools) by extensions ['ros']
[3.744s] Level 1:colcon.colcon_core.package_identification:_identify(src/f1tenth_system/teleop_tools) by extension 'ros'
[3.745s] Level 1:colcon.colcon_core.package_identification:_identify(src/f1tenth_system/teleop_tools) by extensions ['cmake', 'python']
[3.745s] Level 1:colcon.colcon_core.package_identification:_identify(src/f1tenth_system/teleop_tools) by extension 'cmake'
[3.745s] Level 1:colcon.colcon_core.package_identification:_identify(src/f1tenth_system/teleop_tools) by extension 'python'
[3.745s] Level 1:colcon.colcon_core.package_identification:_identify(src/f1tenth_system/teleop_tools) by extensions ['python_setup_py']
[3.745s] Level 1:colcon.colcon_core.package_identification:_identify(src/f1tenth_system/teleop_tools) by extension 'python_setup_py'
[3.746s] Level 1:colcon.colcon_core.package_identification:_identify(src/f1tenth_system/teleop_tools/joy_teleop) by extensions ['ignore', 'ignore_ament_install']
[3.746s] Level 1:colcon.colcon_core.package_identification:_identify(src/f1tenth_system/teleop_tools/joy_teleop) by extension 'ignore'
[3.746s] Level 1:colcon.colcon_core.package_identification:_identify(src/f1tenth_system/teleop_tools/joy_teleop) by extension 'ignore_ament_install'
[3.747s] Level 1:colcon.colcon_core.package_identification:_identify(src/f1tenth_system/teleop_tools/joy_teleop) by extensions ['colcon_pkg']
[3.747s] Level 1:colcon.colcon_core.package_identification:_identify(src/f1tenth_system/teleop_tools/joy_teleop) by extension 'colcon_pkg'
[3.747s] Level 1:colcon.colcon_core.package_identification:_identify(src/f1tenth_system/teleop_tools/joy_teleop) by extensions ['colcon_meta']
[3.747s] Level 1:colcon.colcon_core.package_identification:_identify(src/f1tenth_system/teleop_tools/joy_teleop) by extension 'colcon_meta'
[3.747s] Level 1:colcon.colcon_core.package_identification:_identify(src/f1tenth_system/teleop_tools/joy_teleop) by extensions ['ros']
[3.747s] Level 1:colcon.colcon_core.package_identification:_identify(src/f1tenth_system/teleop_tools/joy_teleop) by extension 'ros'
[3.750s] DEBUG:colcon.colcon_core.package_identification:Package 'src/f1tenth_system/teleop_tools/joy_teleop' with type 'ros.ament_python' and name 'joy_teleop'
[3.751s] Level 1:colcon.colcon_core.package_identification:_identify(src/f1tenth_system/teleop_tools/key_teleop) by extensions ['ignore', 'ignore_ament_install']
[3.751s] Level 1:colcon.colcon_core.package_identification:_identify(src/f1tenth_system/teleop_tools/key_teleop) by extension 'ignore'
[3.752s] Level 1:colcon.colcon_core.package_identification:_identify(src/f1tenth_system/teleop_tools/key_teleop) by extension 'ignore_ament_install'
[3.752s] Level 1:colcon.colcon_core.package_identification:_identify(src/f1tenth_system/teleop_tools/key_teleop) by extensions ['colcon_pkg']
[3.752s] Level 1:colcon.colcon_core.package_identification:_identify(src/f1tenth_system/teleop_tools/key_teleop) by extension 'colcon_pkg'
[3.752s] Level 1:colcon.colcon_core.package_identification:_identify(src/f1tenth_system/teleop_tools/key_teleop) by extensions ['colcon_meta']
[3.752s] Level 1:colcon.colcon_core.package_identification:_identify(src/f1tenth_system/teleop_tools/key_teleop) by extension 'colcon_meta'
[3.753s] Level 1:colcon.colcon_core.package_identification:_identify(src/f1tenth_system/teleop_tools/key_teleop) by extensions ['ros']
[3.753s] Level 1:colcon.colcon_core.package_identification:_identify(src/f1tenth_system/teleop_tools/key_teleop) by extension 'ros'
[3.755s] DEBUG:colcon.colcon_core.package_identification:Package 'src/f1tenth_system/teleop_tools/key_teleop' with type 'ros.ament_python' and name 'key_teleop'
[3.756s] Level 1:colcon.colcon_core.package_identification:_identify(src/f1tenth_system/teleop_tools/mouse_teleop) by extensions ['ignore', 'ignore_ament_install']
[3.756s] Level 1:colcon.colcon_core.package_identification:_identify(src/f1tenth_system/teleop_tools/mouse_teleop) by extension 'ignore'
[3.756s] Level 1:colcon.colcon_core.package_identification:_identify(src/f1tenth_system/teleop_tools/mouse_teleop) by extension 'ignore_ament_install'
[3.757s] Level 1:colcon.colcon_core.package_identification:_identify(src/f1tenth_system/teleop_tools/mouse_teleop) by extensions ['colcon_pkg']
[3.757s] Level 1:colcon.colcon_core.package_identification:_identify(src/f1tenth_system/teleop_tools/mouse_teleop) by extension 'colcon_pkg'
[3.757s] Level 1:colcon.colcon_core.package_identification:_identify(src/f1tenth_system/teleop_tools/mouse_teleop) by extensions ['colcon_meta']
[3.757s] Level 1:colcon.colcon_core.package_identification:_identify(src/f1tenth_system/teleop_tools/mouse_teleop) by extension 'colcon_meta'
[3.757s] Level 1:colcon.colcon_core.package_identification:_identify(src/f1tenth_system/teleop_tools/mouse_teleop) by extensions ['ros']
[3.757s] Level 1:colcon.colcon_core.package_identification:_identify(src/f1tenth_system/teleop_tools/mouse_teleop) by extension 'ros'
[3.760s] DEBUG:colcon.colcon_core.package_identification:Package 'src/f1tenth_system/teleop_tools/mouse_teleop' with type 'ros.ament_python' and name 'mouse_teleop'
[3.761s] Level 1:colcon.colcon_core.package_identification:_identify(src/f1tenth_system/teleop_tools/teleop_tools) by extensions ['ignore', 'ignore_ament_install']
[3.761s] Level 1:colcon.colcon_core.package_identification:_identify(src/f1tenth_system/teleop_tools/teleop_tools) by extension 'ignore'
[3.761s] Level 1:colcon.colcon_core.package_identification:_identify(src/f1tenth_system/teleop_tools/teleop_tools) by extension 'ignore_ament_install'
[3.762s] Level 1:colcon.colcon_core.package_identification:_identify(src/f1tenth_system/teleop_tools/teleop_tools) by extensions ['colcon_pkg']
[3.762s] Level 1:colcon.colcon_core.package_identification:_identify(src/f1tenth_system/teleop_tools/teleop_tools) by extension 'colcon_pkg'
[3.762s] Level 1:colcon.colcon_core.package_identification:_identify(src/f1tenth_system/teleop_tools/teleop_tools) by extensions ['colcon_meta']
[3.762s] Level 1:colcon.colcon_core.package_identification:_identify(src/f1tenth_system/teleop_tools/teleop_tools) by extension 'colcon_meta'
[3.762s] Level 1:colcon.colcon_core.package_identification:_identify(src/f1tenth_system/teleop_tools/teleop_tools) by extensions ['ros']
[3.762s] Level 1:colcon.colcon_core.package_identification:_identify(src/f1tenth_system/teleop_tools/teleop_tools) by extension 'ros'
[3.767s] DEBUG:colcon.colcon_core.package_identification:Package 'src/f1tenth_system/teleop_tools/teleop_tools' with type 'ros.ament_cmake' and name 'teleop_tools'
[3.767s] Level 1:colcon.colcon_core.package_identification:_identify(src/f1tenth_system/teleop_tools/teleop_tools_msgs) by extensions ['ignore', 'ignore_ament_install']
[3.768s] Level 1:colcon.colcon_core.package_identification:_identify(src/f1tenth_system/teleop_tools/teleop_tools_msgs) by extension 'ignore'
[3.772s] Level 1:colcon.colcon_core.package_identification:_identify(src/f1tenth_system/teleop_tools/teleop_tools_msgs) by extension 'ignore_ament_install'
[3.773s] Level 1:colcon.colcon_core.package_identification:_identify(src/f1tenth_system/teleop_tools/teleop_tools_msgs) by extensions ['colcon_pkg']
[3.773s] Level 1:colcon.colcon_core.package_identification:_identify(src/f1tenth_system/teleop_tools/teleop_tools_msgs) by extension 'colcon_pkg'
[3.773s] Level 1:colcon.colcon_core.package_identification:_identify(src/f1tenth_system/teleop_tools/teleop_tools_msgs) by extensions ['colcon_meta']
[3.774s] Level 1:colcon.colcon_core.package_identification:_identify(src/f1tenth_system/teleop_tools/teleop_tools_msgs) by extension 'colcon_meta'
[3.774s] Level 1:colcon.colcon_core.package_identification:_identify(src/f1tenth_system/teleop_tools/teleop_tools_msgs) by extensions ['ros']
[3.774s] Level 1:colcon.colcon_core.package_identification:_identify(src/f1tenth_system/teleop_tools/teleop_tools_msgs) by extension 'ros'
[3.777s] DEBUG:colcon.colcon_core.package_identification:Package 'src/f1tenth_system/teleop_tools/teleop_tools_msgs' with type 'ros.ament_cmake' and name 'teleop_tools_msgs'
[3.778s] Level 1:colcon.colcon_core.package_identification:_identify(src/f1tenth_system/vesc) by extensions ['ignore', 'ignore_ament_install']
[3.782s] Level 1:colcon.colcon_core.package_identification:_identify(src/f1tenth_system/vesc) by extension 'ignore'
[3.782s] Level 1:colcon.colcon_core.package_identification:_identify(src/f1tenth_system/vesc) by extension 'ignore_ament_install'
[3.783s] Level 1:colcon.colcon_core.package_identification:_identify(src/f1tenth_system/vesc) by extensions ['colcon_pkg']
[3.783s] Level 1:colcon.colcon_core.package_identification:_identify(src/f1tenth_system/vesc) by extension 'colcon_pkg'
[3.783s] Level 1:colcon.colcon_core.package_identification:_identify(src/f1tenth_system/vesc) by extensions ['colcon_meta']
[3.783s] Level 1:colcon.colcon_core.package_identification:_identify(src/f1tenth_system/vesc) by extension 'colcon_meta'
[3.783s] Level 1:colcon.colcon_core.package_identification:_identify(src/f1tenth_system/vesc) by extensions ['ros']
[3.784s] Level 1:colcon.colcon_core.package_identification:_identify(src/f1tenth_system/vesc) by extension 'ros'
[3.784s] Level 1:colcon.colcon_core.package_identification:_identify(src/f1tenth_system/vesc) by extensions ['cmake', 'python']
[3.784s] Level 1:colcon.colcon_core.package_identification:_identify(src/f1tenth_system/vesc) by extension 'cmake'
[3.784s] Level 1:colcon.colcon_core.package_identification:_identify(src/f1tenth_system/vesc) by extension 'python'
[3.784s] Level 1:colcon.colcon_core.package_identification:_identify(src/f1tenth_system/vesc) by extensions ['python_setup_py']
[3.785s] Level 1:colcon.colcon_core.package_identification:_identify(src/f1tenth_system/vesc) by extension 'python_setup_py'
[3.785s] Level 1:colcon.colcon_core.package_identification:_identify(src/f1tenth_system/vesc/vesc) by extensions ['ignore', 'ignore_ament_install']
[3.786s] Level 1:colcon.colcon_core.package_identification:_identify(src/f1tenth_system/vesc/vesc) by extension 'ignore'
[3.786s] Level 1:colcon.colcon_core.package_identification:_identify(src/f1tenth_system/vesc/vesc) by extension 'ignore_ament_install'
[3.786s] Level 1:colcon.colcon_core.package_identification:_identify(src/f1tenth_system/vesc/vesc) by extensions ['colcon_pkg']
[3.787s] Level 1:colcon.colcon_core.package_identification:_identify(src/f1tenth_system/vesc/vesc) by extension 'colcon_pkg'
[3.787s] Level 1:colcon.colcon_core.package_identification:_identify(src/f1tenth_system/vesc/vesc) by extensions ['colcon_meta']
[3.787s] Level 1:colcon.colcon_core.package_identification:_identify(src/f1tenth_system/vesc/vesc) by extension 'colcon_meta'
[3.787s] Level 1:colcon.colcon_core.package_identification:_identify(src/f1tenth_system/vesc/vesc) by extensions ['ros']
[3.788s] Level 1:colcon.colcon_core.package_identification:_identify(src/f1tenth_system/vesc/vesc) by extension 'ros'
[3.791s] DEBUG:colcon.colcon_core.package_identification:Package 'src/f1tenth_system/vesc/vesc' with type 'ros.ament_cmake' and name 'vesc'
[3.792s] Level 1:colcon.colcon_core.package_identification:_identify(src/f1tenth_system/vesc/vesc_ackermann) by extensions ['ignore', 'ignore_ament_install']
[3.792s] Level 1:colcon.colcon_core.package_identification:_identify(src/f1tenth_system/vesc/vesc_ackermann) by extension 'ignore'
[3.792s] Level 1:colcon.colcon_core.package_identification:_identify(src/f1tenth_system/vesc/vesc_ackermann) by extension 'ignore_ament_install'
[3.793s] Level 1:colcon.colcon_core.package_identification:_identify(src/f1tenth_system/vesc/vesc_ackermann) by extensions ['colcon_pkg']
[3.793s] Level 1:colcon.colcon_core.package_identification:_identify(src/f1tenth_system/vesc/vesc_ackermann) by extension 'colcon_pkg'
[3.793s] Level 1:colcon.colcon_core.package_identification:_identify(src/f1tenth_system/vesc/vesc_ackermann) by extensions ['colcon_meta']
[3.793s] Level 1:colcon.colcon_core.package_identification:_identify(src/f1tenth_system/vesc/vesc_ackermann) by extension 'colcon_meta'
[3.793s] Level 1:colcon.colcon_core.package_identification:_identify(src/f1tenth_system/vesc/vesc_ackermann) by extensions ['ros']
[3.794s] Level 1:colcon.colcon_core.package_identification:_identify(src/f1tenth_system/vesc/vesc_ackermann) by extension 'ros'
[3.799s] DEBUG:colcon.colcon_core.package_identification:Package 'src/f1tenth_system/vesc/vesc_ackermann' with type 'ros.ament_cmake' and name 'vesc_ackermann'
[3.800s] Level 1:colcon.colcon_core.package_identification:_identify(src/f1tenth_system/vesc/vesc_driver) by extensions ['ignore', 'ignore_ament_install']
[3.800s] Level 1:colcon.colcon_core.package_identification:_identify(src/f1tenth_system/vesc/vesc_driver) by extension 'ignore'
[3.801s] Level 1:colcon.colcon_core.package_identification:_identify(src/f1tenth_system/vesc/vesc_driver) by extension 'ignore_ament_install'
[3.801s] Level 1:colcon.colcon_core.package_identification:_identify(src/f1tenth_system/vesc/vesc_driver) by extensions ['colcon_pkg']
[3.801s] Level 1:colcon.colcon_core.package_identification:_identify(src/f1tenth_system/vesc/vesc_driver) by extension 'colcon_pkg'
[3.801s] Level 1:colcon.colcon_core.package_identification:_identify(src/f1tenth_system/vesc/vesc_driver) by extensions ['colcon_meta']
[3.801s] Level 1:colcon.colcon_core.package_identification:_identify(src/f1tenth_system/vesc/vesc_driver) by extension 'colcon_meta'
[3.802s] Level 1:colcon.colcon_core.package_identification:_identify(src/f1tenth_system/vesc/vesc_driver) by extensions ['ros']
[3.802s] Level 1:colcon.colcon_core.package_identification:_identify(src/f1tenth_system/vesc/vesc_driver) by extension 'ros'
[3.811s] DEBUG:colcon.colcon_core.package_identification:Package 'src/f1tenth_system/vesc/vesc_driver' with type 'ros.ament_cmake' and name 'vesc_driver'
[3.812s] Level 1:colcon.colcon_core.package_identification:_identify(src/f1tenth_system/vesc/vesc_msgs) by extensions ['ignore', 'ignore_ament_install']
[3.812s] Level 1:colcon.colcon_core.package_identification:_identify(src/f1tenth_system/vesc/vesc_msgs) by extension 'ignore'
[3.813s] Level 1:colcon.colcon_core.package_identification:_identify(src/f1tenth_system/vesc/vesc_msgs) by extension 'ignore_ament_install'
[3.813s] Level 1:colcon.colcon_core.package_identification:_identify(src/f1tenth_system/vesc/vesc_msgs) by extensions ['colcon_pkg']
[3.813s] Level 1:colcon.colcon_core.package_identification:_identify(src/f1tenth_system/vesc/vesc_msgs) by extension 'colcon_pkg'
[3.813s] Level 1:colcon.colcon_core.package_identification:_identify(src/f1tenth_system/vesc/vesc_msgs) by extensions ['colcon_meta']
[3.813s] Level 1:colcon.colcon_core.package_identification:_identify(src/f1tenth_system/vesc/vesc_msgs) by extension 'colcon_meta'
[3.814s] Level 1:colcon.colcon_core.package_identification:_identify(src/f1tenth_system/vesc/vesc_msgs) by extensions ['ros']
[3.814s] Level 1:colcon.colcon_core.package_identification:_identify(src/f1tenth_system/vesc/vesc_msgs) by extension 'ros'
[3.819s] DEBUG:colcon.colcon_core.package_identification:Package 'src/f1tenth_system/vesc/vesc_msgs' with type 'ros.ament_cmake' and name 'vesc_msgs'
[3.820s] Level 1:colcon.colcon_core.package_identification:_identify(src/internal_interface) by extensions ['ignore', 'ignore_ament_install']
[3.820s] Level 1:colcon.colcon_core.package_identification:_identify(src/internal_interface) by extension 'ignore'
[3.820s] Level 1:colcon.colcon_core.package_identification:_identify(src/internal_interface) by extension 'ignore_ament_install'
[3.820s] Level 1:colcon.colcon_core.package_identification:_identify(src/internal_interface) by extensions ['colcon_pkg']
[3.821s] Level 1:colcon.colcon_core.package_identification:_identify(src/internal_interface) by extension 'colcon_pkg'
[3.821s] Level 1:colcon.colcon_core.package_identification:_identify(src/internal_interface) by extensions ['colcon_meta']
[3.821s] Level 1:colcon.colcon_core.package_identification:_identify(src/internal_interface) by extension 'colcon_meta'
[3.821s] Level 1:colcon.colcon_core.package_identification:_identify(src/internal_interface) by extensions ['ros']
[3.821s] Level 1:colcon.colcon_core.package_identification:_identify(src/internal_interface) by extension 'ros'
[3.824s] DEBUG:colcon.colcon_core.package_identification:Package 'src/internal_interface' with type 'ros.ament_cmake' and name 'internal_interface'
[3.824s] Level 1:colcon.colcon_core.package_identification:_identify(src/lane_following) by extensions ['ignore', 'ignore_ament_install']
[3.825s] Level 1:colcon.colcon_core.package_identification:_identify(src/lane_following) by extension 'ignore'
[3.825s] Level 1:colcon.colcon_core.package_identification:_identify(src/lane_following) by extension 'ignore_ament_install'
[3.825s] Level 1:colcon.colcon_core.package_identification:_identify(src/lane_following) by extensions ['colcon_pkg']
[3.826s] Level 1:colcon.colcon_core.package_identification:_identify(src/lane_following) by extension 'colcon_pkg'
[3.828s] Level 1:colcon.colcon_core.package_identification:_identify(src/lane_following) by extensions ['colcon_meta']
[3.828s] Level 1:colcon.colcon_core.package_identification:_identify(src/lane_following) by extension 'colcon_meta'
[3.828s] Level 1:colcon.colcon_core.package_identification:_identify(src/lane_following) by extensions ['ros']
[3.828s] Level 1:colcon.colcon_core.package_identification:_identify(src/lane_following) by extension 'ros'
[3.831s] DEBUG:colcon.colcon_core.package_identification:Package 'src/lane_following' with type 'ros.ament_cmake' and name 'lane_following'
[3.832s] Level 1:colcon.colcon_core.package_identification:_identify(src/lane_keeping) by extensions ['ignore', 'ignore_ament_install']
[3.832s] Level 1:colcon.colcon_core.package_identification:_identify(src/lane_keeping) by extension 'ignore'
[3.832s] Level 1:colcon.colcon_core.package_identification:_identify(src/lane_keeping) by extension 'ignore_ament_install'
[3.833s] Level 1:colcon.colcon_core.package_identification:_identify(src/lane_keeping) by extensions ['colcon_pkg']
[3.833s] Level 1:colcon.colcon_core.package_identification:_identify(src/lane_keeping) by extension 'colcon_pkg'
[3.833s] Level 1:colcon.colcon_core.package_identification:_identify(src/lane_keeping) by extensions ['colcon_meta']
[3.833s] Level 1:colcon.colcon_core.package_identification:_identify(src/lane_keeping) by extension 'colcon_meta'
[3.833s] Level 1:colcon.colcon_core.package_identification:_identify(src/lane_keeping) by extensions ['ros']
[3.834s] Level 1:colcon.colcon_core.package_identification:_identify(src/lane_keeping) by extension 'ros'
[3.836s] DEBUG:colcon.colcon_core.package_identification:Package 'src/lane_keeping' with type 'ros.ament_python' and name 'lane_keeping'
[3.836s] Level 1:colcon.colcon_core.package_identification:_identify(src/lane_pure_pursuit) by extensions ['ignore', 'ignore_ament_install']
[3.837s] Level 1:colcon.colcon_core.package_identification:_identify(src/lane_pure_pursuit) by extension 'ignore'
[3.837s] Level 1:colcon.colcon_core.package_identification:_identify(src/lane_pure_pursuit) by extension 'ignore_ament_install'
[3.837s] Level 1:colcon.colcon_core.package_identification:_identify(src/lane_pure_pursuit) by extensions ['colcon_pkg']
[3.837s] Level 1:colcon.colcon_core.package_identification:_identify(src/lane_pure_pursuit) by extension 'colcon_pkg'
[3.837s] Level 1:colcon.colcon_core.package_identification:_identify(src/lane_pure_pursuit) by extensions ['colcon_meta']
[3.838s] Level 1:colcon.colcon_core.package_identification:_identify(src/lane_pure_pursuit) by extension 'colcon_meta'
[3.838s] Level 1:colcon.colcon_core.package_identification:_identify(src/lane_pure_pursuit) by extensions ['ros']
[3.838s] Level 1:colcon.colcon_core.package_identification:_identify(src/lane_pure_pursuit) by extension 'ros'
[3.841s] DEBUG:colcon.colcon_core.package_identification:Package 'src/lane_pure_pursuit' with type 'ros.ament_python' and name 'lane_pure_pursuit'
[3.842s] Level 1:colcon.colcon_core.package_identification:_identify(src/object_detect) by extensions ['ignore', 'ignore_ament_install']
[3.842s] Level 1:colcon.colcon_core.package_identification:_identify(src/object_detect) by extension 'ignore'
[3.842s] Level 1:colcon.colcon_core.package_identification:_identify(src/object_detect) by extension 'ignore_ament_install'
[3.843s] Level 1:colcon.colcon_core.package_identification:_identify(src/object_detect) by extensions ['colcon_pkg']
[3.843s] Level 1:colcon.colcon_core.package_identification:_identify(src/object_detect) by extension 'colcon_pkg'
[3.845s] Level 1:colcon.colcon_core.package_identification:_identify(src/object_detect) by extensions ['colcon_meta']
[3.846s] Level 1:colcon.colcon_core.package_identification:_identify(src/object_detect) by extension 'colcon_meta'
[3.847s] Level 1:colcon.colcon_core.package_identification:_identify(src/object_detect) by extensions ['ros']
[3.848s] Level 1:colcon.colcon_core.package_identification:_identify(src/object_detect) by extension 'ros'
[3.851s] DEBUG:colcon.colcon_core.package_identification:Package 'src/object_detect' with type 'ros.ament_python' and name 'object_detect'
[3.852s] Level 1:colcon.colcon_core.package_identification:_identify(src/object_detection) by extensions ['ignore', 'ignore_ament_install']
[3.853s] Level 1:colcon.colcon_core.package_identification:_identify(src/object_detection) by extension 'ignore'
[3.853s] Level 1:colcon.colcon_core.package_identification:_identify(src/object_detection) by extension 'ignore_ament_install'
[3.853s] Level 1:colcon.colcon_core.package_identification:_identify(src/object_detection) by extensions ['colcon_pkg']
[3.853s] Level 1:colcon.colcon_core.package_identification:_identify(src/object_detection) by extension 'colcon_pkg'
[3.854s] Level 1:colcon.colcon_core.package_identification:_identify(src/object_detection) by extensions ['colcon_meta']
[3.854s] Level 1:colcon.colcon_core.package_identification:_identify(src/object_detection) by extension 'colcon_meta'
[3.854s] Level 1:colcon.colcon_core.package_identification:_identify(src/object_detection) by extensions ['ros']
[3.854s] Level 1:colcon.colcon_core.package_identification:_identify(src/object_detection) by extension 'ros'
[4.002s] DEBUG:colcon.colcon_core.package_identification:Package 'src/object_detection' with type 'ros.ament_cmake' and name 'object_detection'
[4.016s] Level 1:colcon.colcon_core.package_identification:_identify(src/particle_filter) by extensions ['ignore', 'ignore_ament_install']
[4.020s] Level 1:colcon.colcon_core.package_identification:_identify(src/particle_filter) by extension 'ignore'
[4.021s] Level 1:colcon.colcon_core.package_identification:_identify(src/particle_filter) by extension 'ignore_ament_install'
[4.022s] Level 1:colcon.colcon_core.package_identification:_identify(src/particle_filter) by extensions ['colcon_pkg']
[4.022s] Level 1:colcon.colcon_core.package_identification:_identify(src/particle_filter) by extension 'colcon_pkg'
[4.023s] Level 1:colcon.colcon_core.package_identification:_identify(src/particle_filter) by extensions ['colcon_meta']
[4.023s] Level 1:colcon.colcon_core.package_identification:_identify(src/particle_filter) by extension 'colcon_meta'
[4.023s] Level 1:colcon.colcon_core.package_identification:_identify(src/particle_filter) by extensions ['ros']
[4.023s] Level 1:colcon.colcon_core.package_identification:_identify(src/particle_filter) by extension 'ros'
[4.041s] DEBUG:colcon.colcon_core.package_identification:Package 'src/particle_filter' with type 'ros.ament_python' and name 'particle_filter'
[4.044s] Level 1:colcon.colcon_core.package_identification:_identify(src/pure_pursuit) by extensions ['ignore', 'ignore_ament_install']
[4.044s] Level 1:colcon.colcon_core.package_identification:_identify(src/pure_pursuit) by extension 'ignore'
[4.045s] Level 1:colcon.colcon_core.package_identification:_identify(src/pure_pursuit) by extension 'ignore_ament_install'
[4.045s] Level 1:colcon.colcon_core.package_identification:_identify(src/pure_pursuit) by extensions ['colcon_pkg']
[4.045s] Level 1:colcon.colcon_core.package_identification:_identify(src/pure_pursuit) by extension 'colcon_pkg'
[4.046s] Level 1:colcon.colcon_core.package_identification:_identify(src/pure_pursuit) by extensions ['colcon_meta']
[4.046s] Level 1:colcon.colcon_core.package_identification:_identify(src/pure_pursuit) by extension 'colcon_meta'
[4.046s] Level 1:colcon.colcon_core.package_identification:_identify(src/pure_pursuit) by extensions ['ros']
[4.046s] Level 1:colcon.colcon_core.package_identification:_identify(src/pure_pursuit) by extension 'ros'
[4.052s] DEBUG:colcon.colcon_core.package_identification:Package 'src/pure_pursuit' with type 'ros.ament_cmake' and name 'pure_pursuit'
[4.052s] Level 1:colcon.colcon_core.package_identification:_identify(src/robot_mover) by extensions ['ignore', 'ignore_ament_install']
[4.053s] Level 1:colcon.colcon_core.package_identification:_identify(src/robot_mover) by extension 'ignore'
[4.053s] Level 1:colcon.colcon_core.package_identification:_identify(src/robot_mover) by extension 'ignore_ament_install'
[4.053s] Level 1:colcon.colcon_core.package_identification:_identify(src/robot_mover) by extensions ['colcon_pkg']
[4.053s] Level 1:colcon.colcon_core.package_identification:_identify(src/robot_mover) by extension 'colcon_pkg'
[4.054s] Level 1:colcon.colcon_core.package_identification:_identify(src/robot_mover) by extensions ['colcon_meta']
[4.054s] Level 1:colcon.colcon_core.package_identification:_identify(src/robot_mover) by extension 'colcon_meta'
[4.054s] Level 1:colcon.colcon_core.package_identification:_identify(src/robot_mover) by extensions ['ros']
[4.054s] Level 1:colcon.colcon_core.package_identification:_identify(src/robot_mover) by extension 'ros'
[4.058s] DEBUG:colcon.colcon_core.package_identification:Package 'src/robot_mover' with type 'ros.ament_python' and name 'robot_mover'
[4.059s] Level 1:colcon.colcon_core.package_identification:_identify(src/rplidar_ros) by extensions ['ignore', 'ignore_ament_install']
[4.060s] Level 1:colcon.colcon_core.package_identification:_identify(src/rplidar_ros) by extension 'ignore'
[4.060s] Level 1:colcon.colcon_core.package_identification:_identify(src/rplidar_ros) by extension 'ignore_ament_install'
[4.061s] Level 1:colcon.colcon_core.package_identification:_identify(src/rplidar_ros) by extensions ['colcon_pkg']
[4.061s] Level 1:colcon.colcon_core.package_identification:_identify(src/rplidar_ros) by extension 'colcon_pkg'
[4.063s] Level 1:colcon.colcon_core.package_identification:_identify(src/rplidar_ros) by extensions ['colcon_meta']
[4.063s] Level 1:colcon.colcon_core.package_identification:_identify(src/rplidar_ros) by extension 'colcon_meta'
[4.064s] Level 1:colcon.colcon_core.package_identification:_identify(src/rplidar_ros) by extensions ['ros']
[4.064s] Level 1:colcon.colcon_core.package_identification:_identify(src/rplidar_ros) by extension 'ros'
[4.070s] DEBUG:colcon.colcon_core.package_identification:Package 'src/rplidar_ros' with type 'ros.ament_cmake' and name 'rplidar_ros'
[4.070s] Level 1:colcon.colcon_core.package_identification:_identify(src/vision_opencv) by extensions ['ignore', 'ignore_ament_install']
[4.071s] Level 1:colcon.colcon_core.package_identification:_identify(src/vision_opencv) by extension 'ignore'
[4.071s] Level 1:colcon.colcon_core.package_identification:_identify(src/vision_opencv) by extension 'ignore_ament_install'
[4.072s] Level 1:colcon.colcon_core.package_identification:_identify(src/vision_opencv) by extensions ['colcon_pkg']
[4.072s] Level 1:colcon.colcon_core.package_identification:_identify(src/vision_opencv) by extension 'colcon_pkg'
[4.072s] Level 1:colcon.colcon_core.package_identification:_identify(src/vision_opencv) by extensions ['colcon_meta']
[4.072s] Level 1:colcon.colcon_core.package_identification:_identify(src/vision_opencv) by extension 'colcon_meta'
[4.073s] Level 1:colcon.colcon_core.package_identification:_identify(src/vision_opencv) by extensions ['ros']
[4.073s] Level 1:colcon.colcon_core.package_identification:_identify(src/vision_opencv) by extension 'ros'
[4.073s] Level 1:colcon.colcon_core.package_identification:_identify(src/vision_opencv) by extensions ['cmake', 'python']
[4.073s] Level 1:colcon.colcon_core.package_identification:_identify(src/vision_opencv) by extension 'cmake'
[4.073s] Level 1:colcon.colcon_core.package_identification:_identify(src/vision_opencv) by extension 'python'
[4.074s] Level 1:colcon.colcon_core.package_identification:_identify(src/vision_opencv) by extensions ['python_setup_py']
[4.074s] Level 1:colcon.colcon_core.package_identification:_identify(src/vision_opencv) by extension 'python_setup_py'
[4.074s] Level 1:colcon.colcon_core.package_identification:_identify(src/vision_opencv/cv_bridge) by extensions ['ignore', 'ignore_ament_install']
[4.075s] Level 1:colcon.colcon_core.package_identification:_identify(src/vision_opencv/cv_bridge) by extension 'ignore'
[4.075s] Level 1:colcon.colcon_core.package_identification:_identify(src/vision_opencv/cv_bridge) by extension 'ignore_ament_install'
[4.075s] Level 1:colcon.colcon_core.package_identification:_identify(src/vision_opencv/cv_bridge) by extensions ['colcon_pkg']
[4.075s] Level 1:colcon.colcon_core.package_identification:_identify(src/vision_opencv/cv_bridge) by extension 'colcon_pkg'
[4.076s] Level 1:colcon.colcon_core.package_identification:_identify(src/vision_opencv/cv_bridge) by extensions ['colcon_meta']
[4.076s] Level 1:colcon.colcon_core.package_identification:_identify(src/vision_opencv/cv_bridge) by extension 'colcon_meta'
[4.076s] Level 1:colcon.colcon_core.package_identification:_identify(src/vision_opencv/cv_bridge) by extensions ['ros']
[4.076s] Level 1:colcon.colcon_core.package_identification:_identify(src/vision_opencv/cv_bridge) by extension 'ros'
[4.084s] DEBUG:colcon.colcon_core.package_identification:Package 'src/vision_opencv/cv_bridge' with type 'ros.ament_cmake' and name 'cv_bridge'
[4.085s] Level 1:colcon.colcon_core.package_identification:_identify(src/vision_opencv/image_geometry) by extensions ['ignore', 'ignore_ament_install']
[4.086s] Level 1:colcon.colcon_core.package_identification:_identify(src/vision_opencv/image_geometry) by extension 'ignore'
[4.086s] Level 1:colcon.colcon_core.package_identification:_identify(src/vision_opencv/image_geometry) by extension 'ignore_ament_install'
[4.086s] Level 1:colcon.colcon_core.package_identification:_identify(src/vision_opencv/image_geometry) by extensions ['colcon_pkg']
[4.086s] Level 1:colcon.colcon_core.package_identification:_identify(src/vision_opencv/image_geometry) by extension 'colcon_pkg'
[4.087s] Level 1:colcon.colcon_core.package_identification:_identify(src/vision_opencv/image_geometry) by extensions ['colcon_meta']
[4.087s] Level 1:colcon.colcon_core.package_identification:_identify(src/vision_opencv/image_geometry) by extension 'colcon_meta'
[4.087s] Level 1:colcon.colcon_core.package_identification:_identify(src/vision_opencv/image_geometry) by extensions ['ros']
[4.087s] Level 1:colcon.colcon_core.package_identification:_identify(src/vision_opencv/image_geometry) by extension 'ros'
[4.091s] DEBUG:colcon.colcon_core.package_identification:Package 'src/vision_opencv/image_geometry' with type 'ros.ament_cmake' and name 'image_geometry'
[4.092s] Level 1:colcon.colcon_core.package_identification:_identify(src/vision_opencv/opencv_tests) by extensions ['ignore', 'ignore_ament_install']
[4.093s] Level 1:colcon.colcon_core.package_identification:_identify(src/vision_opencv/opencv_tests) by extension 'ignore'
[4.093s] Level 1:colcon.colcon_core.package_identification:_identify(src/vision_opencv/opencv_tests) by extension 'ignore_ament_install'
[4.093s] Level 1:colcon.colcon_core.package_identification:_identify(src/vision_opencv/opencv_tests) by extensions ['colcon_pkg']
[4.093s] Level 1:colcon.colcon_core.package_identification:_identify(src/vision_opencv/opencv_tests) by extension 'colcon_pkg'
[4.094s] Level 1:colcon.colcon_core.package_identification:_identify(src/vision_opencv/opencv_tests) by extensions ['colcon_meta']
[4.094s] Level 1:colcon.colcon_core.package_identification:_identify(src/vision_opencv/opencv_tests) by extension 'colcon_meta'
[4.094s] Level 1:colcon.colcon_core.package_identification:_identify(src/vision_opencv/opencv_tests) by extensions ['ros']
[4.096s] Level 1:colcon.colcon_core.package_identification:_identify(src/vision_opencv/opencv_tests) by extension 'ros'
[4.099s] DEBUG:colcon.colcon_core.package_identification:Package 'src/vision_opencv/opencv_tests' with type 'ros.ament_python' and name 'opencv_tests'
[4.100s] Level 1:colcon.colcon_core.package_identification:_identify(src/vision_opencv/vision_opencv) by extensions ['ignore', 'ignore_ament_install']
[4.104s] Level 1:colcon.colcon_core.package_identification:_identify(src/vision_opencv/vision_opencv) by extension 'ignore'
[4.104s] Level 1:colcon.colcon_core.package_identification:_identify(src/vision_opencv/vision_opencv) by extension 'ignore_ament_install'
[4.104s] Level 1:colcon.colcon_core.package_identification:_identify(src/vision_opencv/vision_opencv) by extensions ['colcon_pkg']
[4.104s] Level 1:colcon.colcon_core.package_identification:_identify(src/vision_opencv/vision_opencv) by extension 'colcon_pkg'
[4.105s] Level 1:colcon.colcon_core.package_identification:_identify(src/vision_opencv/vision_opencv) by extensions ['colcon_meta']
[4.105s] Level 1:colcon.colcon_core.package_identification:_identify(src/vision_opencv/vision_opencv) by extension 'colcon_meta'
[4.105s] Level 1:colcon.colcon_core.package_identification:_identify(src/vision_opencv/vision_opencv) by extensions ['ros']
[4.105s] Level 1:colcon.colcon_core.package_identification:_identify(src/vision_opencv/vision_opencv) by extension 'ros'
[4.110s] DEBUG:colcon.colcon_core.package_identification:Package 'src/vision_opencv/vision_opencv' with type 'ros.ament_cmake' and name 'vision_opencv'
[4.111s] Level 1:colcon.colcon_core.package_identification:_identify(src/waypoint_generator) by extensions ['ignore', 'ignore_ament_install']
[4.112s] Level 1:colcon.colcon_core.package_identification:_identify(src/waypoint_generator) by extension 'ignore'
[4.112s] Level 1:colcon.colcon_core.package_identification:_identify(src/waypoint_generator) by extension 'ignore_ament_install'
[4.113s] Level 1:colcon.colcon_core.package_identification:_identify(src/waypoint_generator) by extensions ['colcon_pkg']
[4.113s] Level 1:colcon.colcon_core.package_identification:_identify(src/waypoint_generator) by extension 'colcon_pkg'
[4.113s] Level 1:colcon.colcon_core.package_identification:_identify(src/waypoint_generator) by extensions ['colcon_meta']
[4.113s] Level 1:colcon.colcon_core.package_identification:_identify(src/waypoint_generator) by extension 'colcon_meta'
[4.114s] Level 1:colcon.colcon_core.package_identification:_identify(src/waypoint_generator) by extensions ['ros']
[4.114s] Level 1:colcon.colcon_core.package_identification:_identify(src/waypoint_generator) by extension 'ros'
[4.119s] DEBUG:colcon.colcon_core.package_identification:Package 'src/waypoint_generator' with type 'ros.ament_cmake' and name 'waypoint_generator'
[4.119s] Level 1:colcon.colcon_core.package_discovery:discover_packages(recursive) using defaults
[4.119s] Level 1:colcon.colcon_core.package_discovery:discover_packages(ignore) discover
[4.119s] Level 1:colcon.colcon_core.package_discovery:discover_packages(ignore) using defaults
[4.119s] Level 1:colcon.colcon_core.package_discovery:discover_packages(path) discover
[4.119s] Level 1:colcon.colcon_core.package_discovery:discover_packages(path) using defaults
[4.262s] INFO:colcon.colcon_core.package_selection:Skipping not selected package 'ackermann_mux' in 'src/f1tenth_system/ackermann_mux'
[4.262s] INFO:colcon.colcon_core.package_selection:Skipping not selected package 'camera_package' in 'src/camera_package'
[4.262s] INFO:colcon.colcon_core.package_selection:Skipping not selected package 'camera_publisher' in 'src/camera_publisher'
[4.262s] INFO:colcon.colcon_core.package_selection:Skipping not selected package 'csi_camera' in 'src/csi_camera'
[4.262s] INFO:colcon.colcon_core.package_selection:Skipping not selected package 'cv_bridge' in 'src/vision_opencv/cv_bridge'
[4.262s] INFO:colcon.colcon_core.package_selection:Skipping not selected package 'image_geometry' in 'src/vision_opencv/image_geometry'
[4.263s] INFO:colcon.colcon_core.package_selection:Skipping not selected package 'internal_interface' in 'src/internal_interface'
[4.263s] INFO:colcon.colcon_core.package_selection:Skipping not selected package 'key_teleop' in 'src/f1tenth_system/teleop_tools/key_teleop'
[4.263s] INFO:colcon.colcon_core.package_selection:Skipping not selected package 'lane_keeping' in 'src/lane_keeping'
[4.263s] INFO:colcon.colcon_core.package_selection:Skipping not selected package 'lane_pure_pursuit' in 'src/lane_pure_pursuit'
[4.263s] INFO:colcon.colcon_core.package_selection:Skipping not selected package 'mouse_teleop' in 'src/f1tenth_system/teleop_tools/mouse_teleop'
[4.263s] INFO:colcon.colcon_core.package_selection:Skipping not selected package 'particle_filter' in 'src/particle_filter'
[4.263s] INFO:colcon.colcon_core.package_selection:Skipping not selected package 'pure_pursuit' in 'src/pure_pursuit'
[4.263s] INFO:colcon.colcon_core.package_selection:Skipping not selected package 'robot_mover' in 'src/robot_mover'
[4.263s] INFO:colcon.colcon_core.package_selection:Skipping not selected package 'rplidar_ros' in 'src/rplidar_ros'
[4.264s] INFO:colcon.colcon_core.package_selection:Skipping not selected package 'teleop_tools_msgs' in 'src/f1tenth_system/teleop_tools/teleop_tools_msgs'
[4.264s] INFO:colcon.colcon_core.package_selection:Skipping not selected package 'vesc_msgs' in 'src/f1tenth_system/vesc/vesc_msgs'
[4.264s] INFO:colcon.colcon_core.package_selection:Skipping not selected package 'waypoint_generator' in 'src/waypoint_generator'
[4.264s] INFO:colcon.colcon_core.package_selection:Skipping not selected package 'camera' in 'src/camera'
[4.264s] INFO:colcon.colcon_core.package_selection:Skipping not selected package 'camera_subscriber_pkg' in 'src/camera_subscriber_pkg'
[4.264s] INFO:colcon.colcon_core.package_selection:Skipping not selected package 'joy_teleop' in 'src/f1tenth_system/teleop_tools/joy_teleop'
[4.264s] INFO:colcon.colcon_core.package_selection:Skipping not selected package 'opencv_tests' in 'src/vision_opencv/opencv_tests'
[4.265s] INFO:colcon.colcon_core.package_selection:Skipping not selected package 'vesc_ackermann' in 'src/f1tenth_system/vesc/vesc_ackermann'
[4.265s] INFO:colcon.colcon_core.package_selection:Skipping not selected package 'vesc_driver' in 'src/f1tenth_system/vesc/vesc_driver'
[4.265s] INFO:colcon.colcon_core.package_selection:Skipping not selected package 'vision_opencv' in 'src/vision_opencv/vision_opencv'
[4.265s] INFO:colcon.colcon_core.package_selection:Skipping not selected package 'birds_eye_view' in 'src/birds_eye_view'
[4.265s] INFO:colcon.colcon_core.package_selection:Skipping not selected package 'lane_following' in 'src/lane_following'
[4.265s] INFO:colcon.colcon_core.package_selection:Skipping not selected package 'object_detection' in 'src/object_detection'
[4.265s] INFO:colcon.colcon_core.package_selection:Skipping not selected package 'teleop_tools' in 'src/f1tenth_system/teleop_tools/teleop_tools'
[4.265s] INFO:colcon.colcon_core.package_selection:Skipping not selected package 'vesc' in 'src/f1tenth_system/vesc/vesc'
[4.265s] INFO:colcon.colcon_core.package_selection:Skipping not selected package 'calibration' in 'src/calibration'
[4.266s] INFO:colcon.colcon_core.package_selection:Skipping not selected package 'f1tenth_stack' in 'src/f1tenth_system/f1tenth_stack'
[4.268s] Level 1:colcon.colcon_core.package_discovery:discover_packages(prefix_path) check parameters
[4.268s] Level 1:colcon.colcon_core.package_discovery:discover_packages(prefix_path) discover
[4.303s] DEBUG:colcon.colcon_installed_package_information.package_discovery:Found 40 installed packages in /home/f1tenth/f1tenth_ws/install
[4.312s] DEBUG:colcon.colcon_installed_package_information.package_discovery:Found 275 installed packages in /opt/ros/foxy
[4.323s] Level 1:colcon.colcon_core.package_discovery:discover_packages(prefix_path) using defaults
[4.637s] Level 5:colcon.colcon_core.verb:set package 'object_detect' build argument 'cmake_args' from command line to 'None'
[4.637s] Level 5:colcon.colcon_core.verb:set package 'object_detect' build argument 'cmake_target' from command line to 'None'
[4.637s] Level 5:colcon.colcon_core.verb:set package 'object_detect' build argument 'cmake_target_skip_unavailable' from command line to 'False'
[4.637s] Level 5:colcon.colcon_core.verb:set package 'object_detect' build argument 'cmake_clean_cache' from command line to 'False'
[4.637s] Level 5:colcon.colcon_core.verb:set package 'object_detect' build argument 'cmake_clean_first' from command line to 'False'
[4.637s] Level 5:colcon.colcon_core.verb:set package 'object_detect' build argument 'cmake_force_configure' from command line to 'False'
[4.637s] Level 5:colcon.colcon_core.verb:set package 'object_detect' build argument 'ament_cmake_args' from command line to 'None'
[4.638s] Level 5:colcon.colcon_core.verb:set package 'object_detect' build argument 'catkin_cmake_args' from command line to 'None'
[4.638s] Level 5:colcon.colcon_core.verb:set package 'object_detect' build argument 'catkin_skip_building_tests' from command line to 'False'
[4.638s] DEBUG:colcon.colcon_core.verb:Building package 'object_detect' with the following arguments: {'ament_cmake_args': None, 'build_base': '/home/f1tenth/f1tenth_ws/build/object_detect', 'catkin_cmake_args': None, 'catkin_skip_building_tests': False, 'cmake_args': None, 'cmake_clean_cache': False, 'cmake_clean_first': False, 'cmake_force_configure': False, 'cmake_target': None, 'cmake_target_skip_unavailable': False, 'install_base': '/home/f1tenth/f1tenth_ws/install/object_detect', 'merge_install': False, 'path': '/home/f1tenth/f1tenth_ws/src/object_detect', 'symlink_install': False, 'test_result_base': None}
[4.639s] INFO:colcon.colcon_core.executor:Executing jobs using 'parallel' executor
[4.643s] DEBUG:colcon.colcon_parallel_executor.executor.parallel:run_until_complete
[4.645s] INFO:colcon.colcon_ros.task.ament_python.build:Building ROS package in '/home/f1tenth/f1tenth_ws/src/object_detect' with build type 'ament_python'
[4.645s] Level 1:colcon.colcon_core.shell:create_environment_hook('object_detect', 'ament_prefix_path')
[4.665s] INFO:colcon.colcon_core.plugin_system:Skipping extension 'colcon_core.shell.bat': Not used on non-Windows systems
[4.666s] INFO:colcon.colcon_core.shell:Creating environment hook '/home/f1tenth/f1tenth_ws/install/object_detect/share/object_detect/hook/ament_prefix_path.ps1'
[4.673s] INFO:colcon.colcon_core.shell:Creating environment descriptor '/home/f1tenth/f1tenth_ws/install/object_detect/share/object_detect/hook/ament_prefix_path.dsv'
[4.678s] INFO:colcon.colcon_core.shell:Creating environment hook '/home/f1tenth/f1tenth_ws/install/object_detect/share/object_detect/hook/ament_prefix_path.sh'
[4.682s] INFO:colcon.colcon_core.shell:Skip shell extension 'powershell' for command environment: Not usable outside of PowerShell
[4.682s] DEBUG:colcon.colcon_core.shell:Skip shell extension 'dsv' for command environment
[8.403s] INFO:colcon.colcon_core.task.python.build:Building Python package in '/home/f1tenth/f1tenth_ws/src/object_detect'
[8.409s] INFO:colcon.colcon_core.shell:Skip shell extension 'powershell' for command environment: Not usable outside of PowerShell
[8.411s] DEBUG:colcon.colcon_core.shell:Skip shell extension 'dsv' for command environment
[14.191s] DEBUG:colcon.colcon_core.event_handler.log_command:Invoking command in '/home/f1tenth/f1tenth_ws/src/object_detect': PYTHONPATH=/home/f1tenth/f1tenth_ws/build/object_detect/prefix_override:/usr/lib/python3/dist-packages/colcon_core/task/python/colcon_distutils_commands:/home/f1tenth/f1tenth_ws/install/object_detect/lib/python3.8/site-packages:${PYTHONPATH} /usr/bin/python3 -W ignore:setup.py install is deprecated setup.py egg_info --egg-base ../../build/object_detect build --build-base /home/f1tenth/f1tenth_ws/build/object_detect/build install --record /home/f1tenth/f1tenth_ws/build/object_detect/install.log --install-scripts $base/lib/object_detect --single-version-externally-managed install_data
[19.822s] DEBUG:colcon.colcon_core.event_handler.log_command:Invoked command in '/home/f1tenth/f1tenth_ws/src/object_detect' returned '0': PYTHONPATH=/home/f1tenth/f1tenth_ws/build/object_detect/prefix_override:/usr/lib/python3/dist-packages/colcon_core/task/python/colcon_distutils_commands:/home/f1tenth/f1tenth_ws/install/object_detect/lib/python3.8/site-packages:${PYTHONPATH} /usr/bin/python3 -W ignore:setup.py install is deprecated setup.py egg_info --egg-base ../../build/object_detect build --build-base /home/f1tenth/f1tenth_ws/build/object_detect/build install --record /home/f1tenth/f1tenth_ws/build/object_detect/install.log --install-scripts $base/lib/object_detect --single-version-externally-managed install_data
[19.870s] Level 1:colcon.colcon_core.environment:checking '/home/f1tenth/f1tenth_ws/install/object_detect' for CMake module files
[19.872s] Level 1:colcon.colcon_core.environment:checking '/home/f1tenth/f1tenth_ws/install/object_detect' for CMake config files
[19.880s] Level 1:colcon.colcon_core.environment:checking '/home/f1tenth/f1tenth_ws/install/object_detect/lib'
[19.882s] Level 1:colcon.colcon_core.environment:checking '/home/f1tenth/f1tenth_ws/install/object_detect/bin'
[19.882s] Level 1:colcon.colcon_core.environment:checking '/home/f1tenth/f1tenth_ws/install/object_detect/lib/pkgconfig/object_detect.pc'
[19.883s] Level 1:colcon.colcon_core.environment:checking '/home/f1tenth/f1tenth_ws/install/object_detect/lib/python3.8/site-packages'
[19.884s] Level 1:colcon.colcon_core.shell:create_environment_hook('object_detect', 'pythonpath')
[19.885s] INFO:colcon.colcon_core.shell:Creating environment hook '/home/f1tenth/f1tenth_ws/install/object_detect/share/object_detect/hook/pythonpath.ps1'
[19.889s] INFO:colcon.colcon_core.shell:Creating environment descriptor '/home/f1tenth/f1tenth_ws/install/object_detect/share/object_detect/hook/pythonpath.dsv'
[19.893s] INFO:colcon.colcon_core.shell:Creating environment hook '/home/f1tenth/f1tenth_ws/install/object_detect/share/object_detect/hook/pythonpath.sh'
[19.962s] Level 1:colcon.colcon_core.environment:checking '/home/f1tenth/f1tenth_ws/install/object_detect/bin'
[19.975s] Level 1:colcon.colcon_core.environment:create_environment_scripts_only(object_detect)
[20.026s] INFO:colcon.colcon_core.shell:Creating package script '/home/f1tenth/f1tenth_ws/install/object_detect/share/object_detect/package.ps1'
[20.048s] INFO:colcon.colcon_core.shell:Creating package descriptor '/home/f1tenth/f1tenth_ws/install/object_detect/share/object_detect/package.dsv'
[20.060s] INFO:colcon.colcon_core.shell:Creating package script '/home/f1tenth/f1tenth_ws/install/object_detect/share/object_detect/package.sh'
[20.069s] INFO:colcon.colcon_core.shell:Creating package script '/home/f1tenth/f1tenth_ws/install/object_detect/share/object_detect/package.bash'
[20.081s] INFO:colcon.colcon_core.shell:Creating package script '/home/f1tenth/f1tenth_ws/install/object_detect/share/object_detect/package.zsh'
[20.124s] Level 1:colcon.colcon_core.environment:create_file_with_runtime_dependencies(/home/f1tenth/f1tenth_ws/install/object_detect/share/colcon-core/packages/object_detect)
[20.133s] DEBUG:colcon.colcon_parallel_executor.executor.parallel:closing loop
[20.134s] DEBUG:colcon.colcon_parallel_executor.executor.parallel:loop closed
[20.134s] DEBUG:colcon.colcon_parallel_executor.executor.parallel:run_until_complete finished with '0'
[20.134s] DEBUG:colcon.colcon_core.event_reactor:joining thread
[20.182s] INFO:colcon.colcon_core.plugin_system:Skipping extension 'colcon_notification.desktop_notification.terminal_notifier': Not used on non-Darwin systems
[20.182s] INFO:colcon.colcon_core.plugin_system:Skipping extension 'colcon_notification.desktop_notification.win32': Not used on non-Windows systems
[20.183s] INFO:colcon.colcon_notification.desktop_notification:Sending desktop notification using 'notify2'
[20.361s] DEBUG:colcon.colcon_core.event_reactor:joined thread
[20.372s] INFO:colcon.colcon_core.shell:Creating prefix script '/home/f1tenth/f1tenth_ws/install/local_setup.ps1'
[20.382s] INFO:colcon.colcon_core.shell:Creating prefix util module '/home/f1tenth/f1tenth_ws/install/_local_setup_util_ps1.py'
[20.392s] INFO:colcon.colcon_core.shell:Creating prefix chain script '/home/f1tenth/f1tenth_ws/install/setup.ps1'
[20.420s] INFO:colcon.colcon_core.shell:Creating prefix script '/home/f1tenth/f1tenth_ws/install/local_setup.sh'
[20.423s] INFO:colcon.colcon_core.shell:Creating prefix util module '/home/f1tenth/f1tenth_ws/install/_local_setup_util_sh.py'
[20.427s] INFO:colcon.colcon_core.shell:Creating prefix chain script '/home/f1tenth/f1tenth_ws/install/setup.sh'
[20.451s] INFO:colcon.colcon_core.shell:Creating prefix script '/home/f1tenth/f1tenth_ws/install/local_setup.bash'
[20.455s] INFO:colcon.colcon_core.shell:Creating prefix chain script '/home/f1tenth/f1tenth_ws/install/setup.bash'
[20.471s] INFO:colcon.colcon_core.shell:Creating prefix script '/home/f1tenth/f1tenth_ws/install/local_setup.zsh'
[20.473s] INFO:colcon.colcon_core.shell:Creating prefix chain script '/home/f1tenth/f1tenth_ws/install/setup.zsh'
