[0.270s] Invoking command in '/home/f1tenth/f1tenth_ws/build/teleop_tools_msgs': CMAKE_PREFIX_PATH=${CMAKE_PREFIX_PATH}:/home/f1tenth/f1tenth_ws/install/f1tenth_stack:/home/f1tenth/f1tenth_ws/install/joy_teleop:/home/f1tenth/f1tenth_ws/install/particle_filter:/home/f1tenth/f1tenth_ws/install/mouse_teleop:/home/f1tenth/f1tenth_ws/install/key_teleop:/opt/ros/foxy /usr/bin/cmake --build /home/f1tenth/f1tenth_ws/build/teleop_tools_msgs -- -j4 -l4
[1.123s] [  3%] Built target teleop_tools_msgs__cpp
[1.132s] [ 12%] Built target teleop_tools_msgs__rosidl_generator_c
[1.415s] [ 22%] Built target teleop_tools_msgs__rosidl_typesupport_introspection_cpp
[1.496s] [ 32%] Built target teleop_tools_msgs__rosidl_typesupport_cpp
[1.520s] [ 41%] Built target teleop_tools_msgs__rosidl_typesupport_introspection_c
[1.603s] [ 51%] Built target teleop_tools_msgs__rosidl_typesupport_fastrtps_cpp
[1.730s] [ 61%] Built target teleop_tools_msgs__rosidl_typesupport_c
[1.808s] [ 70%] Built target teleop_tools_msgs__rosidl_typesupport_fastrtps_c
[1.934s] [ 70%] Built target teleop_tools_msgs
[2.072s] [ 74%] Built target teleop_tools_msgs__py
[2.309s] [ 80%] Built target teleop_tools_msgs__python
[2.697s] [ 87%] Built target teleop_tools_msgs__rosidl_typesupport_fastrtps_c__pyext
[2.761s] [ 93%] Built target teleop_tools_msgs__rosidl_typesupport_introspection_c__pyext
[2.761s] [100%] Built target teleop_tools_msgs__rosidl_typesupport_c__pyext
[2.884s] Invoked command in '/home/f1tenth/f1tenth_ws/build/teleop_tools_msgs' returned '0': CMAKE_PREFIX_PATH=${CMAKE_PREFIX_PATH}:/home/f1tenth/f1tenth_ws/install/f1tenth_stack:/home/f1tenth/f1tenth_ws/install/joy_teleop:/home/f1tenth/f1tenth_ws/install/particle_filter:/home/f1tenth/f1tenth_ws/install/mouse_teleop:/home/f1tenth/f1tenth_ws/install/key_teleop:/opt/ros/foxy /usr/bin/cmake --build /home/f1tenth/f1tenth_ws/build/teleop_tools_msgs -- -j4 -l4
[3.570s] Invoking command in '/home/f1tenth/f1tenth_ws/build/teleop_tools_msgs': CMAKE_PREFIX_PATH=${CMAKE_PREFIX_PATH}:/home/f1tenth/f1tenth_ws/install/f1tenth_stack:/home/f1tenth/f1tenth_ws/install/joy_teleop:/home/f1tenth/f1tenth_ws/install/particle_filter:/home/f1tenth/f1tenth_ws/install/mouse_teleop:/home/f1tenth/f1tenth_ws/install/key_teleop:/opt/ros/foxy /usr/bin/cmake --install /home/f1tenth/f1tenth_ws/build/teleop_tools_msgs
[3.650s] -- Install configuration: ""
[3.653s] -- Execute custom install script
[3.657s] -- Up-to-date symlink: /home/f1tenth/f1tenth_ws/install/teleop_tools_msgs/share/ament_index/resource_index/rosidl_interfaces/teleop_tools_msgs
[3.665s] -- Up-to-date symlink: /home/f1tenth/f1tenth_ws/install/teleop_tools_msgs/include/teleop_tools_msgs/action/detail/increment__functions.h
[3.667s] -- Up-to-date symlink: /home/f1tenth/f1tenth_ws/install/teleop_tools_msgs/include/teleop_tools_msgs/action/detail/increment__struct.h
[3.668s] -- Up-to-date symlink: /home/f1tenth/f1tenth_ws/install/teleop_tools_msgs/include/teleop_tools_msgs/action/detail/increment__type_support.h
[3.678s] -- Up-to-date symlink: /home/f1tenth/f1tenth_ws/install/teleop_tools_msgs/include/teleop_tools_msgs/action/increment.h
[3.678s] -- Up-to-date symlink: /home/f1tenth/f1tenth_ws/install/teleop_tools_msgs/include/teleop_tools_msgs/msg/rosidl_generator_c__visibility_control.h
[3.679s] -- Up-to-date symlink: /home/f1tenth/f1tenth_ws/install/teleop_tools_msgs/share/teleop_tools_msgs/environment/library_path.sh
[3.680s] -- Up-to-date symlink: /home/f1tenth/f1tenth_ws/install/teleop_tools_msgs/share/teleop_tools_msgs/environment/library_path.dsv
[3.685s] -- Up-to-date symlink: /home/f1tenth/f1tenth_ws/install/teleop_tools_msgs/include/teleop_tools_msgs/action/detail/increment__rosidl_typesupport_fastrtps_c.h
[3.688s] -- Up-to-date symlink: /home/f1tenth/f1tenth_ws/install/teleop_tools_msgs/include/teleop_tools_msgs/msg/rosidl_typesupport_fastrtps_c__visibility_control.h
[3.701s] -- Up-to-date symlink: /home/f1tenth/f1tenth_ws/install/teleop_tools_msgs/lib/libteleop_tools_msgs__rosidl_typesupport_fastrtps_c.so
[3.703s] -- Up-to-date symlink: /home/f1tenth/f1tenth_ws/install/teleop_tools_msgs/include/teleop_tools_msgs/action/detail/increment__rosidl_typesupport_fastrtps_cpp.hpp
[3.705s] -- Up-to-date symlink: /home/f1tenth/f1tenth_ws/install/teleop_tools_msgs/include/teleop_tools_msgs/msg/rosidl_typesupport_fastrtps_cpp__visibility_control.h
[3.710s] -- Up-to-date symlink: /home/f1tenth/f1tenth_ws/install/teleop_tools_msgs/lib/libteleop_tools_msgs__rosidl_typesupport_fastrtps_cpp.so
[3.714s] -- Up-to-date symlink: /home/f1tenth/f1tenth_ws/install/teleop_tools_msgs/include/teleop_tools_msgs/action/detail/increment__rosidl_typesupport_introspection_c.h
[3.716s] -- Up-to-date symlink: /home/f1tenth/f1tenth_ws/install/teleop_tools_msgs/include/teleop_tools_msgs/msg/rosidl_typesupport_introspection_c__visibility_control.h
[3.721s] -- Up-to-date symlink: /home/f1tenth/f1tenth_ws/install/teleop_tools_msgs/include/teleop_tools_msgs/action/detail/increment__builder.hpp
[3.723s] -- Up-to-date symlink: /home/f1tenth/f1tenth_ws/install/teleop_tools_msgs/include/teleop_tools_msgs/action/detail/increment__struct.hpp
[3.724s] -- Up-to-date symlink: /home/f1tenth/f1tenth_ws/install/teleop_tools_msgs/include/teleop_tools_msgs/action/detail/increment__traits.hpp
[3.725s] -- Up-to-date symlink: /home/f1tenth/f1tenth_ws/install/teleop_tools_msgs/include/teleop_tools_msgs/action/detail/increment__type_support.hpp
[3.727s] -- Up-to-date symlink: /home/f1tenth/f1tenth_ws/install/teleop_tools_msgs/include/teleop_tools_msgs/action/increment.hpp
[3.731s] -- Up-to-date symlink: /home/f1tenth/f1tenth_ws/install/teleop_tools_msgs/include/teleop_tools_msgs/msg/rosidl_generator_cpp__visibility_control.hpp
[3.731s] -- Up-to-date symlink: /home/f1tenth/f1tenth_ws/install/teleop_tools_msgs/include/teleop_tools_msgs/action/detail/increment__rosidl_typesupport_introspection_cpp.hpp
[3.734s] -- Up-to-date symlink: /home/f1tenth/f1tenth_ws/install/teleop_tools_msgs/share/teleop_tools_msgs/environment/pythonpath.sh
[3.735s] -- Up-to-date symlink: /home/f1tenth/f1tenth_ws/install/teleop_tools_msgs/share/teleop_tools_msgs/environment/pythonpath.dsv
[3.737s] -- Up-to-date symlink: /home/f1tenth/f1tenth_ws/install/teleop_tools_msgs/lib/python3.8/site-packages/teleop_tools_msgs/__init__.py
[3.741s] -- Up-to-date symlink: /home/f1tenth/f1tenth_ws/install/teleop_tools_msgs/lib/python3.8/site-packages/teleop_tools_msgs/action/__init__.py
[3.746s] -- Up-to-date symlink: /home/f1tenth/f1tenth_ws/install/teleop_tools_msgs/lib/python3.8/site-packages/teleop_tools_msgs/action/_increment.py
[3.752s] -- Up-to-date symlink: /home/f1tenth/f1tenth_ws/install/teleop_tools_msgs/lib/python3.8/site-packages/teleop_tools_msgs/teleop_tools_msgs_s__rosidl_typesupport_fastrtps_c.cpython-38-aarch64-linux-gnu.so
[3.754s] -- Up-to-date symlink: /home/f1tenth/f1tenth_ws/install/teleop_tools_msgs/lib/python3.8/site-packages/teleop_tools_msgs/teleop_tools_msgs_s__rosidl_typesupport_introspection_c.cpython-38-aarch64-linux-gnu.so
[3.756s] -- Up-to-date symlink: /home/f1tenth/f1tenth_ws/install/teleop_tools_msgs/lib/python3.8/site-packages/teleop_tools_msgs/teleop_tools_msgs_s__rosidl_typesupport_c.cpython-38-aarch64-linux-gnu.so
[3.759s] -- Up-to-date symlink: /home/f1tenth/f1tenth_ws/install/teleop_tools_msgs/lib/libteleop_tools_msgs__python.so
[3.761s] -- Up-to-date symlink: /home/f1tenth/f1tenth_ws/install/teleop_tools_msgs/share/teleop_tools_msgs/action/Increment.idl
[3.764s] -- Up-to-date symlink: /home/f1tenth/f1tenth_ws/install/teleop_tools_msgs/share/teleop_tools_msgs/action/Increment.action
[3.765s] -- Up-to-date symlink: /home/f1tenth/f1tenth_ws/install/teleop_tools_msgs/share/ament_index/resource_index/package_run_dependencies/teleop_tools_msgs
[3.767s] -- Up-to-date symlink: /home/f1tenth/f1tenth_ws/install/teleop_tools_msgs/share/ament_index/resource_index/parent_prefix_path/teleop_tools_msgs
[3.770s] -- Up-to-date symlink: /home/f1tenth/f1tenth_ws/install/teleop_tools_msgs/share/teleop_tools_msgs/environment/ament_prefix_path.sh
[3.772s] -- Up-to-date symlink: /home/f1tenth/f1tenth_ws/install/teleop_tools_msgs/share/teleop_tools_msgs/environment/ament_prefix_path.dsv
[3.774s] -- Up-to-date symlink: /home/f1tenth/f1tenth_ws/install/teleop_tools_msgs/share/teleop_tools_msgs/environment/path.sh
[3.776s] -- Up-to-date symlink: /home/f1tenth/f1tenth_ws/install/teleop_tools_msgs/share/teleop_tools_msgs/environment/path.dsv
[3.778s] -- Up-to-date symlink: /home/f1tenth/f1tenth_ws/install/teleop_tools_msgs/share/teleop_tools_msgs/local_setup.bash
[3.780s] -- Up-to-date symlink: /home/f1tenth/f1tenth_ws/install/teleop_tools_msgs/share/teleop_tools_msgs/local_setup.sh
[3.784s] -- Up-to-date symlink: /home/f1tenth/f1tenth_ws/install/teleop_tools_msgs/share/teleop_tools_msgs/local_setup.zsh
[3.793s] -- Up-to-date symlink: /home/f1tenth/f1tenth_ws/install/teleop_tools_msgs/share/teleop_tools_msgs/local_setup.dsv
[3.795s] -- Symlinking: /home/f1tenth/f1tenth_ws/install/teleop_tools_msgs/share/teleop_tools_msgs/package.dsv
[3.895s] -- Up-to-date symlink: /home/f1tenth/f1tenth_ws/install/teleop_tools_msgs/share/ament_index/resource_index/packages/teleop_tools_msgs
[3.896s] -- Up-to-date symlink: /home/f1tenth/f1tenth_ws/install/teleop_tools_msgs/share/teleop_tools_msgs/cmake/rosidl_cmake-extras.cmake
[3.897s] -- Up-to-date symlink: /home/f1tenth/f1tenth_ws/install/teleop_tools_msgs/share/teleop_tools_msgs/cmake/ament_cmake_export_dependencies-extras.cmake
[3.899s] -- Up-to-date symlink: /home/f1tenth/f1tenth_ws/install/teleop_tools_msgs/share/teleop_tools_msgs/cmake/ament_cmake_export_libraries-extras.cmake
[3.900s] -- Up-to-date symlink: /home/f1tenth/f1tenth_ws/install/teleop_tools_msgs/share/teleop_tools_msgs/cmake/ament_cmake_export_targets-extras.cmake
[3.902s] -- Up-to-date symlink: /home/f1tenth/f1tenth_ws/install/teleop_tools_msgs/share/teleop_tools_msgs/cmake/ament_cmake_export_include_directories-extras.cmake
[3.908s] -- Up-to-date symlink: /home/f1tenth/f1tenth_ws/install/teleop_tools_msgs/share/teleop_tools_msgs/cmake/rosidl_cmake_export_typesupport_libraries-extras.cmake
[3.908s] -- Up-to-date symlink: /home/f1tenth/f1tenth_ws/install/teleop_tools_msgs/share/teleop_tools_msgs/cmake/rosidl_cmake_export_typesupport_targets-extras.cmake
[3.910s] -- Up-to-date symlink: /home/f1tenth/f1tenth_ws/install/teleop_tools_msgs/share/teleop_tools_msgs/cmake/teleop_tools_msgsConfig.cmake
[3.912s] -- Up-to-date symlink: /home/f1tenth/f1tenth_ws/install/teleop_tools_msgs/share/teleop_tools_msgs/cmake/teleop_tools_msgsConfig-version.cmake
[3.915s] -- Up-to-date symlink: /home/f1tenth/f1tenth_ws/install/teleop_tools_msgs/share/teleop_tools_msgs/package.xml
[3.916s] -- Up-to-date: /home/f1tenth/f1tenth_ws/install/teleop_tools_msgs/lib/libteleop_tools_msgs__rosidl_generator_c.so
[3.921s] -- Up-to-date: /home/f1tenth/f1tenth_ws/install/teleop_tools_msgs/lib/libteleop_tools_msgs__rosidl_typesupport_introspection_c.so
[3.923s] -- Up-to-date: /home/f1tenth/f1tenth_ws/install/teleop_tools_msgs/lib/libteleop_tools_msgs__rosidl_typesupport_c.so
[3.927s] -- Up-to-date: /home/f1tenth/f1tenth_ws/install/teleop_tools_msgs/lib/libteleop_tools_msgs__rosidl_typesupport_introspection_cpp.so
[3.929s] -- Up-to-date: /home/f1tenth/f1tenth_ws/install/teleop_tools_msgs/lib/libteleop_tools_msgs__rosidl_typesupport_cpp.so
[4.249s] -- Up-to-date: /home/f1tenth/f1tenth_ws/install/teleop_tools_msgs/share/teleop_tools_msgs/cmake/teleop_tools_msgs__rosidl_generator_cExport.cmake
[4.253s] -- Up-to-date: /home/f1tenth/f1tenth_ws/install/teleop_tools_msgs/share/teleop_tools_msgs/cmake/teleop_tools_msgs__rosidl_generator_cExport-noconfig.cmake
[4.263s] -- Up-to-date: /home/f1tenth/f1tenth_ws/install/teleop_tools_msgs/share/teleop_tools_msgs/cmake/teleop_tools_msgs__rosidl_typesupport_introspection_cExport.cmake
[4.267s] -- Up-to-date: /home/f1tenth/f1tenth_ws/install/teleop_tools_msgs/share/teleop_tools_msgs/cmake/teleop_tools_msgs__rosidl_typesupport_introspection_cExport-noconfig.cmake
[4.268s] -- Up-to-date: /home/f1tenth/f1tenth_ws/install/teleop_tools_msgs/share/teleop_tools_msgs/cmake/teleop_tools_msgs__rosidl_typesupport_cExport.cmake
[4.268s] -- Up-to-date: /home/f1tenth/f1tenth_ws/install/teleop_tools_msgs/share/teleop_tools_msgs/cmake/teleop_tools_msgs__rosidl_typesupport_cExport-noconfig.cmake
[4.271s] -- Up-to-date: /home/f1tenth/f1tenth_ws/install/teleop_tools_msgs/share/teleop_tools_msgs/cmake/teleop_tools_msgs__rosidl_generator_cppExport.cmake
[4.280s] -- Up-to-date: /home/f1tenth/f1tenth_ws/install/teleop_tools_msgs/share/teleop_tools_msgs/cmake/teleop_tools_msgs__rosidl_typesupport_introspection_cppExport.cmake
[4.281s] -- Up-to-date: /home/f1tenth/f1tenth_ws/install/teleop_tools_msgs/share/teleop_tools_msgs/cmake/teleop_tools_msgs__rosidl_typesupport_introspection_cppExport-noconfig.cmake
[4.287s] -- Up-to-date: /home/f1tenth/f1tenth_ws/install/teleop_tools_msgs/share/teleop_tools_msgs/cmake/teleop_tools_msgs__rosidl_typesupport_cppExport.cmake
[4.287s] -- Up-to-date: /home/f1tenth/f1tenth_ws/install/teleop_tools_msgs/share/teleop_tools_msgs/cmake/teleop_tools_msgs__rosidl_typesupport_cppExport-noconfig.cmake
[5.789s] Invoked command in '/home/f1tenth/f1tenth_ws/build/teleop_tools_msgs' returned '0': CMAKE_PREFIX_PATH=${CMAKE_PREFIX_PATH}:/home/f1tenth/f1tenth_ws/install/f1tenth_stack:/home/f1tenth/f1tenth_ws/install/joy_teleop:/home/f1tenth/f1tenth_ws/install/particle_filter:/home/f1tenth/f1tenth_ws/install/mouse_teleop:/home/f1tenth/f1tenth_ws/install/key_teleop:/opt/ros/foxy /usr/bin/cmake --install /home/f1tenth/f1tenth_ws/build/teleop_tools_msgs
