-- The C compiler identification is GNU 9.4.0
-- The CXX compiler identification is GNU 9.4.0
-- Check for working C compiler: /usr/bin/cc
-- Check for working C compiler: /usr/bin/cc -- works
-- Detecting C compiler ABI info
-- Detecting C compiler ABI info - done
-- Detecting C compile features
-- Detecting C compile features - done
-- Check for working CXX compiler: /usr/bin/c++
-- Check for working CXX compiler: /usr/bin/c++ -- works
-- Detecting CXX compiler ABI info
-- Detecting CXX compiler ABI info - done
-- Detecting CXX compile features
-- Detecting CXX compile features - done
-- Found ament_cmake: 0.9.12 (/opt/ros/foxy/share/ament_cmake/cmake)
-- Found PythonInterp: /usr/bin/python3 (found suitable version "3.8.10", minimum required is "3") 
-- Using PYTHON_EXECUTABLE: /usr/bin/python3
-- Found rosidl_default_generators: 1.0.1 (/opt/ros/foxy/share/rosidl_default_generators/cmake)
-- Using all available rosidl_typesupport_c: rosidl_typesupport_fastrtps_c;rosidl_typesupport_introspection_c
-- Found rosidl_adapter: 1.3.1 (/opt/ros/foxy/share/rosidl_adapter/cmake)
-- Found OpenSSL: /usr/lib/aarch64-linux-gnu/libcrypto.so (found version "1.1.1f")  
-- Found FastRTPS: /opt/ros/foxy/include  
-- Using all available rosidl_typesupport_cpp: rosidl_typesupport_fastrtps_cpp;rosidl_typesupport_introspection_cpp
-- Found std_msgs: 2.0.5 (/opt/ros/foxy/share/std_msgs/cmake)
-- Found rclpy: 1.0.13 (/opt/ros/foxy/share/rclpy/cmake)
-- Found ament_lint_auto: 0.9.8 (/opt/ros/foxy/share/ament_lint_auto/cmake)
-- Added test 'flake8' to check Python code syntax and style conventions
-- Added test 'lint_cmake' to check CMake code style
-- Added test 'pep257' to check Python code against some of the style conventions in PEP 257
-- Added test 'xmllint' to check XML markup files
-- Configuring done
-- Generating done
-- Build files have been written to: /home/f1tenth/f1tenth_ws/build/camera
-- Install configuration: ""
-- Installing: /home/f1tenth/f1tenth_ws/install/camera/share/camera/environment/pythonpath.sh
-- Installing: /home/f1tenth/f1tenth_ws/install/camera/share/camera/environment/pythonpath.dsv
-- Installing: /home/f1tenth/f1tenth_ws/install/camera/lib/python3.8/site-packages/camera_pkg
-- Installing: /home/f1tenth/f1tenth_ws/install/camera/lib/python3.8/site-packages/camera_pkg/camera_stream.py
-- Installing: /home/f1tenth/f1tenth_ws/install/camera/lib/python3.8/site-packages/camera_pkg/camera_realtime_stream.py
-- Installing: /home/f1tenth/f1tenth_ws/install/camera/lib/python3.8/site-packages/camera_pkg/camera_manager.py
-- Installing: /home/f1tenth/f1tenth_ws/install/camera/lib/python3.8/site-packages/camera_pkg/camera_playback_stream.py
-- Installing: /home/f1tenth/f1tenth_ws/install/camera/lib/python3.8/site-packages/camera_pkg/default_camera_devices.py
-- Installing: /home/f1tenth/f1tenth_ws/install/camera/lib/python3.8/site-packages/camera_pkg/__init__.py
-- Installing: /home/f1tenth/f1tenth_ws/install/camera/lib/python3.8/site-packages/camera_pkg/camera_publisher.py
-- Installing: /home/f1tenth/f1tenth_ws/install/camera/lib/python3.8/site-packages/camera_pkg/shm_client.py
-- Installing: /home/f1tenth/f1tenth_ws/install/camera/lib/python3.8/site-packages/camera_pkg/camera_shared_object.py
-- Installing: /home/f1tenth/f1tenth_ws/install/camera/lib/python3.8/site-packages/camera_pkg/default_shared_memory_objects.py
-- Installing: /home/f1tenth/f1tenth_ws/install/camera/lib/python3.8/site-packages/camera_pkg/shm_manager.py
-- Installing: /home/f1tenth/f1tenth_ws/install/camera/lib/python3.8/site-packages/camera_pkg/camera_shared_object_client.py
Listing '/home/f1tenth/f1tenth_ws/install/camera/lib/python3.8/site-packages/camera_pkg'...
Compiling '/home/f1tenth/f1tenth_ws/install/camera/lib/python3.8/site-packages/camera_pkg/__init__.py'...
Compiling '/home/f1tenth/f1tenth_ws/install/camera/lib/python3.8/site-packages/camera_pkg/camera_manager.py'...
Compiling '/home/f1tenth/f1tenth_ws/install/camera/lib/python3.8/site-packages/camera_pkg/camera_playback_stream.py'...
Compiling '/home/f1tenth/f1tenth_ws/install/camera/lib/python3.8/site-packages/camera_pkg/camera_publisher.py'...
Compiling '/home/f1tenth/f1tenth_ws/install/camera/lib/python3.8/site-packages/camera_pkg/camera_realtime_stream.py'...
Compiling '/home/f1tenth/f1tenth_ws/install/camera/lib/python3.8/site-packages/camera_pkg/camera_shared_object.py'...
Compiling '/home/f1tenth/f1tenth_ws/install/camera/lib/python3.8/site-packages/camera_pkg/camera_shared_object_client.py'...
Compiling '/home/f1tenth/f1tenth_ws/install/camera/lib/python3.8/site-packages/camera_pkg/camera_stream.py'...
Compiling '/home/f1tenth/f1tenth_ws/install/camera/lib/python3.8/site-packages/camera_pkg/default_camera_devices.py'...
Compiling '/home/f1tenth/f1tenth_ws/install/camera/lib/python3.8/site-packages/camera_pkg/default_shared_memory_objects.py'...
Compiling '/home/f1tenth/f1tenth_ws/install/camera/lib/python3.8/site-packages/camera_pkg/shm_client.py'...
Compiling '/home/f1tenth/f1tenth_ws/install/camera/lib/python3.8/site-packages/camera_pkg/shm_manager.py'...
-- Installing: /home/f1tenth/f1tenth_ws/install/camera/lib/camera/start_camera.py
-- Installing: /home/f1tenth/f1tenth_ws/install/camera/lib/camera/simulate_camera.py
-- Installing: /home/f1tenth/f1tenth_ws/install/camera/lib/camera/start_shm_manager.py
-- Installing: /home/f1tenth/f1tenth_ws/install/camera/lib/camera/start_recording.py
-- Installing: /home/f1tenth/f1tenth_ws/install/camera/share/camera/launch
-- Installing: /home/f1tenth/f1tenth_ws/install/camera/share/camera/launch/start_camera.launch.py
-- Installing: /home/f1tenth/f1tenth_ws/install/camera/share/ament_index/resource_index/package_run_dependencies/camera
-- Installing: /home/f1tenth/f1tenth_ws/install/camera/share/ament_index/resource_index/parent_prefix_path/camera
-- Installing: /home/f1tenth/f1tenth_ws/install/camera/share/camera/environment/ament_prefix_path.sh
-- Installing: /home/f1tenth/f1tenth_ws/install/camera/share/camera/environment/ament_prefix_path.dsv
-- Installing: /home/f1tenth/f1tenth_ws/install/camera/share/camera/environment/path.sh
-- Installing: /home/f1tenth/f1tenth_ws/install/camera/share/camera/environment/path.dsv
-- Installing: /home/f1tenth/f1tenth_ws/install/camera/share/camera/local_setup.bash
-- Installing: /home/f1tenth/f1tenth_ws/install/camera/share/camera/local_setup.sh
-- Installing: /home/f1tenth/f1tenth_ws/install/camera/share/camera/local_setup.zsh
-- Installing: /home/f1tenth/f1tenth_ws/install/camera/share/camera/local_setup.dsv
-- Installing: /home/f1tenth/f1tenth_ws/install/camera/share/camera/package.dsv
-- Installing: /home/f1tenth/f1tenth_ws/install/camera/share/ament_index/resource_index/packages/camera
-- Installing: /home/f1tenth/f1tenth_ws/install/camera/share/camera/cmake/cameraConfig.cmake
-- Installing: /home/f1tenth/f1tenth_ws/install/camera/share/camera/cmake/cameraConfig-version.cmake
-- Installing: /home/f1tenth/f1tenth_ws/install/camera/share/camera/package.xml
