[3.581s] Invoking command in '/home/f1tenth/f1tenth_ws/src/lane_pure_pursuit': PYTHONPATH=/home/f1tenth/f1tenth_ws/build/lane_pure_pursuit/prefix_override:/usr/lib/python3/dist-packages/colcon_core/task/python/colcon_distutils_commands:/home/f1tenth/f1tenth_ws/install/lane_pure_pursuit/lib/python3.8/site-packages:${PYTHONPATH} /usr/bin/python3 -W ignore:setup.py install is deprecated setup.py egg_info --egg-base ../../build/lane_pure_pursuit build --build-base /home/f1tenth/f1tenth_ws/build/lane_pure_pursuit/build install --record /home/f1tenth/f1tenth_ws/build/lane_pure_pursuit/install.log --install-scripts $base/lib/lane_pure_pursuit --single-version-externally-managed install_data
[4.819s] /home/f1tenth/.local/lib/python3.8/site-packages/setuptools/dist.py:717: UserWarning: Usage of dash-separated 'script-dir' will not be supported in future versions. Please use the underscore name 'script_dir' instead
[4.820s]   warnings.warn(
[4.939s] running egg_info
[4.941s] writing ../../build/lane_pure_pursuit/lane_pure_pursuit.egg-info/PKG-INFO
[4.943s] writing dependency_links to ../../build/lane_pure_pursuit/lane_pure_pursuit.egg-info/dependency_links.txt
[4.944s] writing entry points to ../../build/lane_pure_pursuit/lane_pure_pursuit.egg-info/entry_points.txt
[4.945s] writing requirements to ../../build/lane_pure_pursuit/lane_pure_pursuit.egg-info/requires.txt
[4.945s] writing top-level names to ../../build/lane_pure_pursuit/lane_pure_pursuit.egg-info/top_level.txt
[4.960s] reading manifest file '../../build/lane_pure_pursuit/lane_pure_pursuit.egg-info/SOURCES.txt'
[4.963s] writing manifest file '../../build/lane_pure_pursuit/lane_pure_pursuit.egg-info/SOURCES.txt'
[4.966s] running build
[4.968s] running build_py
[4.969s] copying lane_pure_pursuit/pure_pursuit_node.py -> /home/f1tenth/f1tenth_ws/build/lane_pure_pursuit/build/lib/lane_pure_pursuit
[4.969s] running install
[4.973s] running install_lib
[4.977s] copying /home/f1tenth/f1tenth_ws/build/lane_pure_pursuit/build/lib/lane_pure_pursuit/pure_pursuit_node.py -> /home/f1tenth/f1tenth_ws/install/lane_pure_pursuit/lib/python3.8/site-packages/lane_pure_pursuit
[4.980s] byte-compiling /home/f1tenth/f1tenth_ws/install/lane_pure_pursuit/lib/python3.8/site-packages/lane_pure_pursuit/pure_pursuit_node.py to pure_pursuit_node.cpython-38.pyc
[4.984s] running install_data
[4.984s] running install_egg_info
[4.991s] removing '/home/f1tenth/f1tenth_ws/install/lane_pure_pursuit/lib/python3.8/site-packages/lane_pure_pursuit-0.0.0-py3.8.egg-info' (and everything under it)
[4.992s] Copying ../../build/lane_pure_pursuit/lane_pure_pursuit.egg-info to /home/f1tenth/f1tenth_ws/install/lane_pure_pursuit/lib/python3.8/site-packages/lane_pure_pursuit-0.0.0-py3.8.egg-info
[5.002s] running install_scripts
[5.093s] Installing pure_pursuit_node script to /home/f1tenth/f1tenth_ws/install/lane_pure_pursuit/lib/lane_pure_pursuit
[5.095s] writing list of installed files to '/home/f1tenth/f1tenth_ws/build/lane_pure_pursuit/install.log'
[5.187s] Invoked command in '/home/f1tenth/f1tenth_ws/src/lane_pure_pursuit' returned '0': PYTHONPATH=/home/f1tenth/f1tenth_ws/build/lane_pure_pursuit/prefix_override:/usr/lib/python3/dist-packages/colcon_core/task/python/colcon_distutils_commands:/home/f1tenth/f1tenth_ws/install/lane_pure_pursuit/lib/python3.8/site-packages:${PYTHONPATH} /usr/bin/python3 -W ignore:setup.py install is deprecated setup.py egg_info --egg-base ../../build/lane_pure_pursuit build --build-base /home/f1tenth/f1tenth_ws/build/lane_pure_pursuit/build install --record /home/f1tenth/f1tenth_ws/build/lane_pure_pursuit/install.log --install-scripts $base/lib/lane_pure_pursuit --single-version-externally-managed install_data
