[  2%] Built target calibration__cpp
[ 12%] Built target calibration__rosidl_generator_c
[ 23%] Built target calibration__rosidl_typesupport_cpp
[ 33%] Built target calibration__rosidl_typesupport_fastrtps_cpp
[ 43%] Built target calibration__rosidl_typesupport_introspection_cpp
[ 53%] Built target calibration__rosidl_typesupport_c
[ 64%] Built target calibration__rosidl_typesupport_introspection_c
[ 74%] Built target calibration__rosidl_typesupport_fastrtps_c
[ 74%] Built target calibration
[ 76%] Built target calibration__py
[ 84%] Built target calibration__python
[ 89%] Built target calibration__rosidl_typesupport_introspection_c__pyext
[ 94%] Built target calibration__rosidl_typesupport_c__pyext
[100%] Built target calibration__rosidl_typesupport_fastrtps_c__pyext
-- Install configuration: ""
-- Up-to-date: /home/f1tenth/f1tenth_ws/install/calibration/share/calibration/environment/pythonpath.sh
-- Up-to-date: /home/f1tenth/f1tenth_ws/install/calibration/share/calibration/environment/pythonpath.dsv
-- Up-to-date: /home/f1tenth/f1tenth_ws/install/calibration/lib/python3.8/site-packages/calibration_pkg
-- Up-to-date: /home/f1tenth/f1tenth_ws/install/calibration/lib/python3.8/site-packages/calibration_pkg/__init__.py
-- Up-to-date: /home/f1tenth/f1tenth_ws/install/calibration/lib/python3.8/site-packages/calibration_pkg/chessboard_calibration.py
-- Up-to-date: /home/f1tenth/f1tenth_ws/install/calibration/lib/python3.8/site-packages/calibration_pkg/save_image.py
Listing '/home/f1tenth/f1tenth_ws/install/calibration/lib/python3.8/site-packages/calibration_pkg'...
-- Up-to-date: /home/f1tenth/f1tenth_ws/install/calibration/share/ament_index/resource_index/rosidl_interfaces/calibration
-- Up-to-date: /home/f1tenth/f1tenth_ws/install/calibration/include/calibration
-- Up-to-date: /home/f1tenth/f1tenth_ws/install/calibration/include/calibration/action
-- Up-to-date: /home/f1tenth/f1tenth_ws/install/calibration/include/calibration/action/detail
-- Up-to-date: /home/f1tenth/f1tenth_ws/install/calibration/include/calibration/action/detail/take_image__struct.h
-- Up-to-date: /home/f1tenth/f1tenth_ws/install/calibration/include/calibration/action/detail/do_camera_calibration__type_support.h
-- Up-to-date: /home/f1tenth/f1tenth_ws/install/calibration/include/calibration/action/detail/do_camera_calibration__struct.h
-- Up-to-date: /home/f1tenth/f1tenth_ws/install/calibration/include/calibration/action/detail/take_image__type_support.h
-- Up-to-date: /home/f1tenth/f1tenth_ws/install/calibration/include/calibration/action/detail/do_camera_calibration__functions.h
-- Up-to-date: /home/f1tenth/f1tenth_ws/install/calibration/include/calibration/action/detail/do_camera_calibration__functions.c
-- Up-to-date: /home/f1tenth/f1tenth_ws/install/calibration/include/calibration/action/detail/take_image__functions.c
-- Up-to-date: /home/f1tenth/f1tenth_ws/install/calibration/include/calibration/action/detail/take_image__functions.h
-- Up-to-date: /home/f1tenth/f1tenth_ws/install/calibration/include/calibration/action/do_camera_calibration.h
-- Up-to-date: /home/f1tenth/f1tenth_ws/install/calibration/include/calibration/action/take_image.h
-- Up-to-date: /home/f1tenth/f1tenth_ws/install/calibration/include/calibration/msg
-- Up-to-date: /home/f1tenth/f1tenth_ws/install/calibration/include/calibration/msg/rosidl_generator_c__visibility_control.h
-- Up-to-date: /home/f1tenth/f1tenth_ws/install/calibration/share/calibration/environment/library_path.sh
-- Up-to-date: /home/f1tenth/f1tenth_ws/install/calibration/share/calibration/environment/library_path.dsv
-- Up-to-date: /home/f1tenth/f1tenth_ws/install/calibration/lib/libcalibration__rosidl_generator_c.so
-- Up-to-date: /home/f1tenth/f1tenth_ws/install/calibration/include/calibration
-- Up-to-date: /home/f1tenth/f1tenth_ws/install/calibration/include/calibration/action
-- Up-to-date: /home/f1tenth/f1tenth_ws/install/calibration/include/calibration/action/detail
-- Up-to-date: /home/f1tenth/f1tenth_ws/install/calibration/include/calibration/action/detail/do_camera_calibration__rosidl_typesupport_fastrtps_c.h
-- Up-to-date: /home/f1tenth/f1tenth_ws/install/calibration/include/calibration/action/detail/take_image__rosidl_typesupport_fastrtps_c.h
-- Up-to-date: /home/f1tenth/f1tenth_ws/install/calibration/include/calibration/msg
-- Up-to-date: /home/f1tenth/f1tenth_ws/install/calibration/include/calibration/msg/rosidl_typesupport_fastrtps_c__visibility_control.h
-- Up-to-date: /home/f1tenth/f1tenth_ws/install/calibration/lib/libcalibration__rosidl_typesupport_fastrtps_c.so
-- Up-to-date: /home/f1tenth/f1tenth_ws/install/calibration/include/calibration
-- Up-to-date: /home/f1tenth/f1tenth_ws/install/calibration/include/calibration/action
-- Up-to-date: /home/f1tenth/f1tenth_ws/install/calibration/include/calibration/action/detail
-- Up-to-date: /home/f1tenth/f1tenth_ws/install/calibration/include/calibration/action/detail/do_camera_calibration__rosidl_typesupport_fastrtps_cpp.hpp
-- Up-to-date: /home/f1tenth/f1tenth_ws/install/calibration/include/calibration/action/detail/dds_fastrtps
-- Up-to-date: /home/f1tenth/f1tenth_ws/install/calibration/include/calibration/action/detail/take_image__rosidl_typesupport_fastrtps_cpp.hpp
-- Up-to-date: /home/f1tenth/f1tenth_ws/install/calibration/include/calibration/msg
-- Up-to-date: /home/f1tenth/f1tenth_ws/install/calibration/include/calibration/msg/rosidl_typesupport_fastrtps_cpp__visibility_control.h
-- Up-to-date: /home/f1tenth/f1tenth_ws/install/calibration/lib/libcalibration__rosidl_typesupport_fastrtps_cpp.so
-- Up-to-date: /home/f1tenth/f1tenth_ws/install/calibration/include/calibration
-- Up-to-date: /home/f1tenth/f1tenth_ws/install/calibration/include/calibration/action
-- Up-to-date: /home/f1tenth/f1tenth_ws/install/calibration/include/calibration/action/detail
-- Up-to-date: /home/f1tenth/f1tenth_ws/install/calibration/include/calibration/action/detail/do_camera_calibration__rosidl_typesupport_introspection_c.h
-- Up-to-date: /home/f1tenth/f1tenth_ws/install/calibration/include/calibration/action/detail/take_image__rosidl_typesupport_introspection_c.h
-- Up-to-date: /home/f1tenth/f1tenth_ws/install/calibration/include/calibration/action/detail/take_image__type_support.c
-- Up-to-date: /home/f1tenth/f1tenth_ws/install/calibration/include/calibration/action/detail/do_camera_calibration__type_support.c
-- Up-to-date: /home/f1tenth/f1tenth_ws/install/calibration/include/calibration/msg
-- Up-to-date: /home/f1tenth/f1tenth_ws/install/calibration/include/calibration/msg/rosidl_typesupport_introspection_c__visibility_control.h
-- Up-to-date: /home/f1tenth/f1tenth_ws/install/calibration/lib/libcalibration__rosidl_typesupport_introspection_c.so
-- Up-to-date: /home/f1tenth/f1tenth_ws/install/calibration/lib/libcalibration__rosidl_typesupport_c.so
-- Up-to-date: /home/f1tenth/f1tenth_ws/install/calibration/include/calibration
-- Up-to-date: /home/f1tenth/f1tenth_ws/install/calibration/include/calibration/action
-- Up-to-date: /home/f1tenth/f1tenth_ws/install/calibration/include/calibration/action/detail
-- Up-to-date: /home/f1tenth/f1tenth_ws/install/calibration/include/calibration/action/detail/take_image__builder.hpp
-- Up-to-date: /home/f1tenth/f1tenth_ws/install/calibration/include/calibration/action/detail/take_image__traits.hpp
-- Up-to-date: /home/f1tenth/f1tenth_ws/install/calibration/include/calibration/action/detail/do_camera_calibration__traits.hpp
-- Up-to-date: /home/f1tenth/f1tenth_ws/install/calibration/include/calibration/action/detail/take_image__type_support.hpp
-- Up-to-date: /home/f1tenth/f1tenth_ws/install/calibration/include/calibration/action/detail/do_camera_calibration__type_support.hpp
-- Up-to-date: /home/f1tenth/f1tenth_ws/install/calibration/include/calibration/action/detail/take_image__struct.hpp
-- Up-to-date: /home/f1tenth/f1tenth_ws/install/calibration/include/calibration/action/detail/do_camera_calibration__struct.hpp
-- Up-to-date: /home/f1tenth/f1tenth_ws/install/calibration/include/calibration/action/detail/do_camera_calibration__builder.hpp
-- Up-to-date: /home/f1tenth/f1tenth_ws/install/calibration/include/calibration/action/do_camera_calibration.hpp
-- Up-to-date: /home/f1tenth/f1tenth_ws/install/calibration/include/calibration/action/take_image.hpp
-- Up-to-date: /home/f1tenth/f1tenth_ws/install/calibration/include/calibration/msg
-- Up-to-date: /home/f1tenth/f1tenth_ws/install/calibration/include/calibration/msg/rosidl_generator_cpp__visibility_control.hpp
-- Up-to-date: /home/f1tenth/f1tenth_ws/install/calibration/include/calibration
-- Up-to-date: /home/f1tenth/f1tenth_ws/install/calibration/include/calibration/action
-- Up-to-date: /home/f1tenth/f1tenth_ws/install/calibration/include/calibration/action/detail
-- Up-to-date: /home/f1tenth/f1tenth_ws/install/calibration/include/calibration/action/detail/do_camera_calibration__rosidl_typesupport_introspection_cpp.hpp
-- Up-to-date: /home/f1tenth/f1tenth_ws/install/calibration/include/calibration/action/detail/take_image__rosidl_typesupport_introspection_cpp.hpp
-- Up-to-date: /home/f1tenth/f1tenth_ws/install/calibration/include/calibration/action/detail/take_image__type_support.cpp
-- Up-to-date: /home/f1tenth/f1tenth_ws/install/calibration/include/calibration/action/detail/do_camera_calibration__type_support.cpp
-- Up-to-date: /home/f1tenth/f1tenth_ws/install/calibration/lib/libcalibration__rosidl_typesupport_introspection_cpp.so
-- Up-to-date: /home/f1tenth/f1tenth_ws/install/calibration/lib/libcalibration__rosidl_typesupport_cpp.so
-- Up-to-date: /home/f1tenth/f1tenth_ws/install/calibration/lib/python3.8/site-packages/calibration/__init__.py
-- Up-to-date: /home/f1tenth/f1tenth_ws/install/calibration/lib/python3.8/site-packages/calibration/action
-- Up-to-date: /home/f1tenth/f1tenth_ws/install/calibration/lib/python3.8/site-packages/calibration/action/_do_camera_calibration.py
-- Up-to-date: /home/f1tenth/f1tenth_ws/install/calibration/lib/python3.8/site-packages/calibration/action/_take_image_s.c
-- Up-to-date: /home/f1tenth/f1tenth_ws/install/calibration/lib/python3.8/site-packages/calibration/action/__init__.py
-- Up-to-date: /home/f1tenth/f1tenth_ws/install/calibration/lib/python3.8/site-packages/calibration/action/_do_camera_calibration_s.c
-- Up-to-date: /home/f1tenth/f1tenth_ws/install/calibration/lib/python3.8/site-packages/calibration/action/_take_image.py
-- Up-to-date: /home/f1tenth/f1tenth_ws/install/calibration/lib/python3.8/site-packages/calibration/calibration_s__rosidl_typesupport_fastrtps_c.cpython-38-aarch64-linux-gnu.so
-- Up-to-date: /home/f1tenth/f1tenth_ws/install/calibration/lib/python3.8/site-packages/calibration/calibration_s__rosidl_typesupport_introspection_c.cpython-38-aarch64-linux-gnu.so
-- Up-to-date: /home/f1tenth/f1tenth_ws/install/calibration/lib/python3.8/site-packages/calibration/calibration_s__rosidl_typesupport_c.cpython-38-aarch64-linux-gnu.so
-- Up-to-date: /home/f1tenth/f1tenth_ws/install/calibration/lib/libcalibration__python.so
-- Up-to-date: /home/f1tenth/f1tenth_ws/install/calibration/share/calibration/action/TakeImage.idl
-- Up-to-date: /home/f1tenth/f1tenth_ws/install/calibration/share/calibration/action/DoCameraCalibration.idl
-- Up-to-date: /home/f1tenth/f1tenth_ws/install/calibration/share/calibration/action/TakeImage.action
-- Up-to-date: /home/f1tenth/f1tenth_ws/install/calibration/share/calibration/action/DoCameraCalibration.action
-- Up-to-date: /home/f1tenth/f1tenth_ws/install/calibration/lib/calibration/camera_calibration.py
-- Up-to-date: /home/f1tenth/f1tenth_ws/install/calibration/lib/calibration/imu_calibration.py
-- Up-to-date: /home/f1tenth/f1tenth_ws/install/calibration/share/ament_index/resource_index/package_run_dependencies/calibration
-- Up-to-date: /home/f1tenth/f1tenth_ws/install/calibration/share/ament_index/resource_index/parent_prefix_path/calibration
-- Up-to-date: /home/f1tenth/f1tenth_ws/install/calibration/share/calibration/environment/ament_prefix_path.sh
-- Up-to-date: /home/f1tenth/f1tenth_ws/install/calibration/share/calibration/environment/ament_prefix_path.dsv
-- Up-to-date: /home/f1tenth/f1tenth_ws/install/calibration/share/calibration/environment/path.sh
-- Up-to-date: /home/f1tenth/f1tenth_ws/install/calibration/share/calibration/environment/path.dsv
-- Up-to-date: /home/f1tenth/f1tenth_ws/install/calibration/share/calibration/local_setup.bash
-- Up-to-date: /home/f1tenth/f1tenth_ws/install/calibration/share/calibration/local_setup.sh
-- Up-to-date: /home/f1tenth/f1tenth_ws/install/calibration/share/calibration/local_setup.zsh
-- Up-to-date: /home/f1tenth/f1tenth_ws/install/calibration/share/calibration/local_setup.dsv
-- Installing: /home/f1tenth/f1tenth_ws/install/calibration/share/calibration/package.dsv
-- Up-to-date: /home/f1tenth/f1tenth_ws/install/calibration/share/ament_index/resource_index/packages/calibration
-- Up-to-date: /home/f1tenth/f1tenth_ws/install/calibration/share/calibration/cmake/calibration__rosidl_generator_cExport.cmake
-- Up-to-date: /home/f1tenth/f1tenth_ws/install/calibration/share/calibration/cmake/calibration__rosidl_generator_cExport-noconfig.cmake
-- Up-to-date: /home/f1tenth/f1tenth_ws/install/calibration/share/calibration/cmake/calibration__rosidl_typesupport_introspection_cExport.cmake
-- Up-to-date: /home/f1tenth/f1tenth_ws/install/calibration/share/calibration/cmake/calibration__rosidl_typesupport_introspection_cExport-noconfig.cmake
-- Up-to-date: /home/f1tenth/f1tenth_ws/install/calibration/share/calibration/cmake/calibration__rosidl_typesupport_cExport.cmake
-- Up-to-date: /home/f1tenth/f1tenth_ws/install/calibration/share/calibration/cmake/calibration__rosidl_typesupport_cExport-noconfig.cmake
-- Up-to-date: /home/f1tenth/f1tenth_ws/install/calibration/share/calibration/cmake/calibration__rosidl_generator_cppExport.cmake
-- Up-to-date: /home/f1tenth/f1tenth_ws/install/calibration/share/calibration/cmake/calibration__rosidl_typesupport_introspection_cppExport.cmake
-- Up-to-date: /home/f1tenth/f1tenth_ws/install/calibration/share/calibration/cmake/calibration__rosidl_typesupport_introspection_cppExport-noconfig.cmake
-- Up-to-date: /home/f1tenth/f1tenth_ws/install/calibration/share/calibration/cmake/calibration__rosidl_typesupport_cppExport.cmake
-- Up-to-date: /home/f1tenth/f1tenth_ws/install/calibration/share/calibration/cmake/calibration__rosidl_typesupport_cppExport-noconfig.cmake
-- Up-to-date: /home/f1tenth/f1tenth_ws/install/calibration/share/calibration/cmake/rosidl_cmake-extras.cmake
-- Up-to-date: /home/f1tenth/f1tenth_ws/install/calibration/share/calibration/cmake/ament_cmake_export_dependencies-extras.cmake
-- Up-to-date: /home/f1tenth/f1tenth_ws/install/calibration/share/calibration/cmake/ament_cmake_export_libraries-extras.cmake
-- Up-to-date: /home/f1tenth/f1tenth_ws/install/calibration/share/calibration/cmake/ament_cmake_export_targets-extras.cmake
-- Up-to-date: /home/f1tenth/f1tenth_ws/install/calibration/share/calibration/cmake/ament_cmake_export_include_directories-extras.cmake
-- Up-to-date: /home/f1tenth/f1tenth_ws/install/calibration/share/calibration/cmake/rosidl_cmake_export_typesupport_libraries-extras.cmake
-- Up-to-date: /home/f1tenth/f1tenth_ws/install/calibration/share/calibration/cmake/rosidl_cmake_export_typesupport_targets-extras.cmake
-- Up-to-date: /home/f1tenth/f1tenth_ws/install/calibration/share/calibration/cmake/calibrationConfig.cmake
-- Up-to-date: /home/f1tenth/f1tenth_ws/install/calibration/share/calibration/cmake/calibrationConfig-version.cmake
-- Up-to-date: /home/f1tenth/f1tenth_ws/install/calibration/share/calibration/package.xml
