[0.203s] Invoking command in '/home/f1tenth/f1tenth_ws/build/calibration': CMAKE_PREFIX_PATH=/home/f1tenth/f1tenth_ws/install/camera:/home/f1tenth/f1tenth_ws/install/internal_interface:/home/f1tenth/f1tenth_ws/install/waypoint_generator:/home/f1tenth/f1tenth_ws/install/vesc:/home/f1tenth/f1tenth_ws/install/vesc_driver:/home/f1tenth/f1tenth_ws/install/vesc_ackermann:/home/f1tenth/f1tenth_ws/install/vesc_msgs:/home/f1tenth/f1tenth_ws/install/v4l2_camera:/home/f1tenth/f1tenth_ws/install/usb_cam:/home/f1tenth/f1tenth_ws/install/teleop_tools:/home/f1tenth/f1tenth_ws/install/teleop_tools_msgs:/home/f1tenth/f1tenth_ws/install/rplidar_ros:/home/f1tenth/f1tenth_ws/install/pure_pursuit:/home/f1tenth/f1tenth_ws/install/dashboard:/home/f1tenth/f1tenth_ws/install/calibration:/home/f1tenth/f1tenth_ws/install/ackermann_mux:/home/f1tenth/f1tenth_ws/install/f1tenth_stack:/home/f1tenth/f1tenth_ws/install/joy_teleop:/home/f1tenth/f1tenth_ws/install/particle_filter:/home/f1tenth/f1tenth_ws/install/opencv_tools:/home/f1tenth/f1tenth_ws/install/my_camera_package:/home/f1tenth/f1tenth_ws/install/mouse_teleop:/home/f1tenth/f1tenth_ws/install/key_teleop:/home/f1tenth/f1tenth_ws/install/camera_subscriber_pkg:/home/f1tenth/f1tenth_ws/install/camera_sub:/home/f1tenth/f1tenth_ws/install/camera_publisher:/opt/ros/foxy LD_LIBRARY_PATH=/home/f1tenth/f1tenth_ws/install/internal_interface/lib:/home/f1tenth/f1tenth_ws/install/vesc_driver/lib:/home/f1tenth/f1tenth_ws/install/vesc_ackermann/lib:/home/f1tenth/f1tenth_ws/install/vesc_msgs/lib:/home/f1tenth/f1tenth_ws/install/v4l2_camera/lib:/home/f1tenth/f1tenth_ws/install/usb_cam/lib:/home/f1tenth/f1tenth_ws/install/teleop_tools_msgs/lib:/home/f1tenth/f1tenth_ws/install/dashboard/lib:/home/f1tenth/f1tenth_ws/install/calibration/lib:/opt/ros/foxy/opt/yaml_cpp_vendor/lib:/opt/ros/foxy/opt/rviz_ogre_vendor/lib:/opt/ros/foxy/lib/aarch64-linux-gnu:/opt/ros/foxy/lib:/usr/local/cuda-11.4/lib64 PYTHONPATH=/home/f1tenth/f1tenth_ws/install/camera/lib/python3.8/site-packages:/home/f1tenth/f1tenth_ws/install/internal_interface/lib/python3.8/site-packages:/home/f1tenth/f1tenth_ws/install/f1tenth_stack/lib/python3.8/site-packages:/home/f1tenth/f1tenth_ws/install/vesc_msgs/lib/python3.8/site-packages:/home/f1tenth/f1tenth_ws/install/joy_teleop/lib/python3.8/site-packages:/home/f1tenth/f1tenth_ws/install/teleop_tools_msgs/lib/python3.8/site-packages:/home/f1tenth/f1tenth_ws/install/particle_filter/lib/python3.8/site-packages:/home/f1tenth/f1tenth_ws/install/opencv_tools/lib/python3.8/site-packages:/home/f1tenth/f1tenth_ws/install/my_camera_package/lib/python3.8/site-packages:/home/f1tenth/f1tenth_ws/install/mouse_teleop/lib/python3.8/site-packages:/home/f1tenth/f1tenth_ws/install/key_teleop/lib/python3.8/site-packages:/home/f1tenth/f1tenth_ws/install/dashboard/lib/python3.8/site-packages:/home/f1tenth/f1tenth_ws/install/calibration/lib/python3.8/site-packages:/home/f1tenth/f1tenth_ws/install/camera_subscriber_pkg/lib/python3.8/site-packages:/home/f1tenth/f1tenth_ws/install/camera_sub/lib/python3.8/site-packages:/home/f1tenth/f1tenth_ws/install/camera_publisher/lib/python3.8/site-packages:/opt/ros/foxy/lib/python3.8/site-packages /usr/bin/cmake --build /home/f1tenth/f1tenth_ws/build/calibration -- -j4 -l4
[0.754s] [  2%] Built target calibration__cpp
[0.859s] [ 12%] Built target calibration__rosidl_generator_c
[1.091s] [ 23%] Built target calibration__rosidl_typesupport_introspection_cpp
[1.098s] [ 33%] Built target calibration__rosidl_typesupport_fastrtps_cpp
[1.147s] [ 43%] Built target calibration__rosidl_typesupport_c
[1.187s] [ 53%] Built target calibration__rosidl_typesupport_cpp
[1.370s] [ 64%] Built target calibration__rosidl_typesupport_fastrtps_c
[1.401s] [ 74%] Built target calibration__rosidl_typesupport_introspection_c
[1.600s] [ 74%] Built target calibration
[1.862s] [ 76%] Built target calibration__py
[2.082s] [ 84%] Built target calibration__python
[2.429s] [ 89%] Built target calibration__rosidl_typesupport_introspection_c__pyext
[2.438s] [ 94%] Built target calibration__rosidl_typesupport_c__pyext
[2.475s] [100%] Built target calibration__rosidl_typesupport_fastrtps_c__pyext
[2.660s] Invoked command in '/home/f1tenth/f1tenth_ws/build/calibration' returned '0': CMAKE_PREFIX_PATH=/home/f1tenth/f1tenth_ws/install/camera:/home/f1tenth/f1tenth_ws/install/internal_interface:/home/f1tenth/f1tenth_ws/install/waypoint_generator:/home/f1tenth/f1tenth_ws/install/vesc:/home/f1tenth/f1tenth_ws/install/vesc_driver:/home/f1tenth/f1tenth_ws/install/vesc_ackermann:/home/f1tenth/f1tenth_ws/install/vesc_msgs:/home/f1tenth/f1tenth_ws/install/v4l2_camera:/home/f1tenth/f1tenth_ws/install/usb_cam:/home/f1tenth/f1tenth_ws/install/teleop_tools:/home/f1tenth/f1tenth_ws/install/teleop_tools_msgs:/home/f1tenth/f1tenth_ws/install/rplidar_ros:/home/f1tenth/f1tenth_ws/install/pure_pursuit:/home/f1tenth/f1tenth_ws/install/dashboard:/home/f1tenth/f1tenth_ws/install/calibration:/home/f1tenth/f1tenth_ws/install/ackermann_mux:/home/f1tenth/f1tenth_ws/install/f1tenth_stack:/home/f1tenth/f1tenth_ws/install/joy_teleop:/home/f1tenth/f1tenth_ws/install/particle_filter:/home/f1tenth/f1tenth_ws/install/opencv_tools:/home/f1tenth/f1tenth_ws/install/my_camera_package:/home/f1tenth/f1tenth_ws/install/mouse_teleop:/home/f1tenth/f1tenth_ws/install/key_teleop:/home/f1tenth/f1tenth_ws/install/camera_subscriber_pkg:/home/f1tenth/f1tenth_ws/install/camera_sub:/home/f1tenth/f1tenth_ws/install/camera_publisher:/opt/ros/foxy LD_LIBRARY_PATH=/home/f1tenth/f1tenth_ws/install/internal_interface/lib:/home/f1tenth/f1tenth_ws/install/vesc_driver/lib:/home/f1tenth/f1tenth_ws/install/vesc_ackermann/lib:/home/f1tenth/f1tenth_ws/install/vesc_msgs/lib:/home/f1tenth/f1tenth_ws/install/v4l2_camera/lib:/home/f1tenth/f1tenth_ws/install/usb_cam/lib:/home/f1tenth/f1tenth_ws/install/teleop_tools_msgs/lib:/home/f1tenth/f1tenth_ws/install/dashboard/lib:/home/f1tenth/f1tenth_ws/install/calibration/lib:/opt/ros/foxy/opt/yaml_cpp_vendor/lib:/opt/ros/foxy/opt/rviz_ogre_vendor/lib:/opt/ros/foxy/lib/aarch64-linux-gnu:/opt/ros/foxy/lib:/usr/local/cuda-11.4/lib64 PYTHONPATH=/home/f1tenth/f1tenth_ws/install/camera/lib/python3.8/site-packages:/home/f1tenth/f1tenth_ws/install/internal_interface/lib/python3.8/site-packages:/home/f1tenth/f1tenth_ws/install/f1tenth_stack/lib/python3.8/site-packages:/home/f1tenth/f1tenth_ws/install/vesc_msgs/lib/python3.8/site-packages:/home/f1tenth/f1tenth_ws/install/joy_teleop/lib/python3.8/site-packages:/home/f1tenth/f1tenth_ws/install/teleop_tools_msgs/lib/python3.8/site-packages:/home/f1tenth/f1tenth_ws/install/particle_filter/lib/python3.8/site-packages:/home/f1tenth/f1tenth_ws/install/opencv_tools/lib/python3.8/site-packages:/home/f1tenth/f1tenth_ws/install/my_camera_package/lib/python3.8/site-packages:/home/f1tenth/f1tenth_ws/install/mouse_teleop/lib/python3.8/site-packages:/home/f1tenth/f1tenth_ws/install/key_teleop/lib/python3.8/site-packages:/home/f1tenth/f1tenth_ws/install/dashboard/lib/python3.8/site-packages:/home/f1tenth/f1tenth_ws/install/calibration/lib/python3.8/site-packages:/home/f1tenth/f1tenth_ws/install/camera_subscriber_pkg/lib/python3.8/site-packages:/home/f1tenth/f1tenth_ws/install/camera_sub/lib/python3.8/site-packages:/home/f1tenth/f1tenth_ws/install/camera_publisher/lib/python3.8/site-packages:/opt/ros/foxy/lib/python3.8/site-packages /usr/bin/cmake --build /home/f1tenth/f1tenth_ws/build/calibration -- -j4 -l4
[4.456s] Invoking command in '/home/f1tenth/f1tenth_ws/build/calibration': CMAKE_PREFIX_PATH=/home/f1tenth/f1tenth_ws/install/camera:/home/f1tenth/f1tenth_ws/install/internal_interface:/home/f1tenth/f1tenth_ws/install/waypoint_generator:/home/f1tenth/f1tenth_ws/install/vesc:/home/f1tenth/f1tenth_ws/install/vesc_driver:/home/f1tenth/f1tenth_ws/install/vesc_ackermann:/home/f1tenth/f1tenth_ws/install/vesc_msgs:/home/f1tenth/f1tenth_ws/install/v4l2_camera:/home/f1tenth/f1tenth_ws/install/usb_cam:/home/f1tenth/f1tenth_ws/install/teleop_tools:/home/f1tenth/f1tenth_ws/install/teleop_tools_msgs:/home/f1tenth/f1tenth_ws/install/rplidar_ros:/home/f1tenth/f1tenth_ws/install/pure_pursuit:/home/f1tenth/f1tenth_ws/install/dashboard:/home/f1tenth/f1tenth_ws/install/calibration:/home/f1tenth/f1tenth_ws/install/ackermann_mux:/home/f1tenth/f1tenth_ws/install/f1tenth_stack:/home/f1tenth/f1tenth_ws/install/joy_teleop:/home/f1tenth/f1tenth_ws/install/particle_filter:/home/f1tenth/f1tenth_ws/install/opencv_tools:/home/f1tenth/f1tenth_ws/install/my_camera_package:/home/f1tenth/f1tenth_ws/install/mouse_teleop:/home/f1tenth/f1tenth_ws/install/key_teleop:/home/f1tenth/f1tenth_ws/install/camera_subscriber_pkg:/home/f1tenth/f1tenth_ws/install/camera_sub:/home/f1tenth/f1tenth_ws/install/camera_publisher:/opt/ros/foxy LD_LIBRARY_PATH=/home/f1tenth/f1tenth_ws/install/internal_interface/lib:/home/f1tenth/f1tenth_ws/install/vesc_driver/lib:/home/f1tenth/f1tenth_ws/install/vesc_ackermann/lib:/home/f1tenth/f1tenth_ws/install/vesc_msgs/lib:/home/f1tenth/f1tenth_ws/install/v4l2_camera/lib:/home/f1tenth/f1tenth_ws/install/usb_cam/lib:/home/f1tenth/f1tenth_ws/install/teleop_tools_msgs/lib:/home/f1tenth/f1tenth_ws/install/dashboard/lib:/home/f1tenth/f1tenth_ws/install/calibration/lib:/opt/ros/foxy/opt/yaml_cpp_vendor/lib:/opt/ros/foxy/opt/rviz_ogre_vendor/lib:/opt/ros/foxy/lib/aarch64-linux-gnu:/opt/ros/foxy/lib:/usr/local/cuda-11.4/lib64 PYTHONPATH=/home/f1tenth/f1tenth_ws/install/camera/lib/python3.8/site-packages:/home/f1tenth/f1tenth_ws/install/internal_interface/lib/python3.8/site-packages:/home/f1tenth/f1tenth_ws/install/f1tenth_stack/lib/python3.8/site-packages:/home/f1tenth/f1tenth_ws/install/vesc_msgs/lib/python3.8/site-packages:/home/f1tenth/f1tenth_ws/install/joy_teleop/lib/python3.8/site-packages:/home/f1tenth/f1tenth_ws/install/teleop_tools_msgs/lib/python3.8/site-packages:/home/f1tenth/f1tenth_ws/install/particle_filter/lib/python3.8/site-packages:/home/f1tenth/f1tenth_ws/install/opencv_tools/lib/python3.8/site-packages:/home/f1tenth/f1tenth_ws/install/my_camera_package/lib/python3.8/site-packages:/home/f1tenth/f1tenth_ws/install/mouse_teleop/lib/python3.8/site-packages:/home/f1tenth/f1tenth_ws/install/key_teleop/lib/python3.8/site-packages:/home/f1tenth/f1tenth_ws/install/dashboard/lib/python3.8/site-packages:/home/f1tenth/f1tenth_ws/install/calibration/lib/python3.8/site-packages:/home/f1tenth/f1tenth_ws/install/camera_subscriber_pkg/lib/python3.8/site-packages:/home/f1tenth/f1tenth_ws/install/camera_sub/lib/python3.8/site-packages:/home/f1tenth/f1tenth_ws/install/camera_publisher/lib/python3.8/site-packages:/opt/ros/foxy/lib/python3.8/site-packages /usr/bin/cmake --install /home/f1tenth/f1tenth_ws/build/calibration
[4.546s] -- Install configuration: ""
[4.548s] -- Up-to-date: /home/f1tenth/f1tenth_ws/install/calibration/share/calibration/environment/pythonpath.sh
[4.552s] -- Up-to-date: /home/f1tenth/f1tenth_ws/install/calibration/share/calibration/environment/pythonpath.dsv
[4.556s] -- Up-to-date: /home/f1tenth/f1tenth_ws/install/calibration/lib/python3.8/site-packages/calibration_pkg
[4.567s] -- Up-to-date: /home/f1tenth/f1tenth_ws/install/calibration/lib/python3.8/site-packages/calibration_pkg/__init__.py
[4.571s] -- Up-to-date: /home/f1tenth/f1tenth_ws/install/calibration/lib/python3.8/site-packages/calibration_pkg/chessboard_calibration.py
[4.572s] -- Up-to-date: /home/f1tenth/f1tenth_ws/install/calibration/lib/python3.8/site-packages/calibration_pkg/save_image.py
[4.794s] Listing '/home/f1tenth/f1tenth_ws/install/calibration/lib/python3.8/site-packages/calibration_pkg'...
[4.818s] -- Up-to-date: /home/f1tenth/f1tenth_ws/install/calibration/share/ament_index/resource_index/rosidl_interfaces/calibration
[4.821s] -- Up-to-date: /home/f1tenth/f1tenth_ws/install/calibration/include/calibration
[4.824s] -- Up-to-date: /home/f1tenth/f1tenth_ws/install/calibration/include/calibration/action
[4.825s] -- Up-to-date: /home/f1tenth/f1tenth_ws/install/calibration/include/calibration/action/detail
[4.826s] -- Up-to-date: /home/f1tenth/f1tenth_ws/install/calibration/include/calibration/action/detail/take_image__struct.h
[4.828s] -- Up-to-date: /home/f1tenth/f1tenth_ws/install/calibration/include/calibration/action/detail/do_camera_calibration__type_support.h
[4.830s] -- Up-to-date: /home/f1tenth/f1tenth_ws/install/calibration/include/calibration/action/detail/do_camera_calibration__struct.h
[4.831s] -- Up-to-date: /home/f1tenth/f1tenth_ws/install/calibration/include/calibration/action/detail/take_image__type_support.h
[4.832s] -- Up-to-date: /home/f1tenth/f1tenth_ws/install/calibration/include/calibration/action/detail/do_camera_calibration__functions.h
[4.833s] -- Up-to-date: /home/f1tenth/f1tenth_ws/install/calibration/include/calibration/action/detail/do_camera_calibration__functions.c
[4.834s] -- Up-to-date: /home/f1tenth/f1tenth_ws/install/calibration/include/calibration/action/detail/take_image__functions.c
[4.842s] -- Up-to-date: /home/f1tenth/f1tenth_ws/install/calibration/include/calibration/action/detail/take_image__functions.h
[4.842s] -- Up-to-date: /home/f1tenth/f1tenth_ws/install/calibration/include/calibration/action/do_camera_calibration.h
[4.853s] -- Up-to-date: /home/f1tenth/f1tenth_ws/install/calibration/include/calibration/action/take_image.h
[4.854s] -- Up-to-date: /home/f1tenth/f1tenth_ws/install/calibration/include/calibration/msg
[4.854s] -- Up-to-date: /home/f1tenth/f1tenth_ws/install/calibration/include/calibration/msg/rosidl_generator_c__visibility_control.h
[4.856s] -- Up-to-date: /home/f1tenth/f1tenth_ws/install/calibration/share/calibration/environment/library_path.sh
[4.859s] -- Up-to-date: /home/f1tenth/f1tenth_ws/install/calibration/share/calibration/environment/library_path.dsv
[4.862s] -- Up-to-date: /home/f1tenth/f1tenth_ws/install/calibration/lib/libcalibration__rosidl_generator_c.so
[4.864s] -- Up-to-date: /home/f1tenth/f1tenth_ws/install/calibration/include/calibration
[4.865s] -- Up-to-date: /home/f1tenth/f1tenth_ws/install/calibration/include/calibration/action
[4.867s] -- Up-to-date: /home/f1tenth/f1tenth_ws/install/calibration/include/calibration/action/detail
[4.870s] -- Up-to-date: /home/f1tenth/f1tenth_ws/install/calibration/include/calibration/action/detail/do_camera_calibration__rosidl_typesupport_fastrtps_c.h
[4.871s] -- Up-to-date: /home/f1tenth/f1tenth_ws/install/calibration/include/calibration/action/detail/take_image__rosidl_typesupport_fastrtps_c.h
[4.872s] -- Up-to-date: /home/f1tenth/f1tenth_ws/install/calibration/include/calibration/msg
[4.873s] -- Up-to-date: /home/f1tenth/f1tenth_ws/install/calibration/include/calibration/msg/rosidl_typesupport_fastrtps_c__visibility_control.h
[4.875s] -- Up-to-date: /home/f1tenth/f1tenth_ws/install/calibration/lib/libcalibration__rosidl_typesupport_fastrtps_c.so
[4.875s] -- Up-to-date: /home/f1tenth/f1tenth_ws/install/calibration/include/calibration
[4.875s] -- Up-to-date: /home/f1tenth/f1tenth_ws/install/calibration/include/calibration/action
[4.883s] -- Up-to-date: /home/f1tenth/f1tenth_ws/install/calibration/include/calibration/action/detail
[4.890s] -- Up-to-date: /home/f1tenth/f1tenth_ws/install/calibration/include/calibration/action/detail/do_camera_calibration__rosidl_typesupport_fastrtps_cpp.hpp
[4.891s] -- Up-to-date: /home/f1tenth/f1tenth_ws/install/calibration/include/calibration/action/detail/dds_fastrtps
[4.891s] -- Up-to-date: /home/f1tenth/f1tenth_ws/install/calibration/include/calibration/action/detail/take_image__rosidl_typesupport_fastrtps_cpp.hpp
[4.891s] -- Up-to-date: /home/f1tenth/f1tenth_ws/install/calibration/include/calibration/msg
[4.892s] -- Up-to-date: /home/f1tenth/f1tenth_ws/install/calibration/include/calibration/msg/rosidl_typesupport_fastrtps_cpp__visibility_control.h
[4.892s] -- Up-to-date: /home/f1tenth/f1tenth_ws/install/calibration/lib/libcalibration__rosidl_typesupport_fastrtps_cpp.so
[4.892s] -- Up-to-date: /home/f1tenth/f1tenth_ws/install/calibration/include/calibration
[4.893s] -- Up-to-date: /home/f1tenth/f1tenth_ws/install/calibration/include/calibration/action
[4.893s] -- Up-to-date: /home/f1tenth/f1tenth_ws/install/calibration/include/calibration/action/detail
[4.893s] -- Up-to-date: /home/f1tenth/f1tenth_ws/install/calibration/include/calibration/action/detail/do_camera_calibration__rosidl_typesupport_introspection_c.h
[4.894s] -- Up-to-date: /home/f1tenth/f1tenth_ws/install/calibration/include/calibration/action/detail/take_image__rosidl_typesupport_introspection_c.h
[4.894s] -- Up-to-date: /home/f1tenth/f1tenth_ws/install/calibration/include/calibration/action/detail/take_image__type_support.c
[4.897s] -- Up-to-date: /home/f1tenth/f1tenth_ws/install/calibration/include/calibration/action/detail/do_camera_calibration__type_support.c
[4.898s] -- Up-to-date: /home/f1tenth/f1tenth_ws/install/calibration/include/calibration/msg
[4.898s] -- Up-to-date: /home/f1tenth/f1tenth_ws/install/calibration/include/calibration/msg/rosidl_typesupport_introspection_c__visibility_control.h
[4.898s] -- Up-to-date: /home/f1tenth/f1tenth_ws/install/calibration/lib/libcalibration__rosidl_typesupport_introspection_c.so
[4.899s] -- Up-to-date: /home/f1tenth/f1tenth_ws/install/calibration/lib/libcalibration__rosidl_typesupport_c.so
[4.901s] -- Up-to-date: /home/f1tenth/f1tenth_ws/install/calibration/include/calibration
[4.902s] -- Up-to-date: /home/f1tenth/f1tenth_ws/install/calibration/include/calibration/action
[4.902s] -- Up-to-date: /home/f1tenth/f1tenth_ws/install/calibration/include/calibration/action/detail
[4.902s] -- Up-to-date: /home/f1tenth/f1tenth_ws/install/calibration/include/calibration/action/detail/take_image__builder.hpp
[4.903s] -- Up-to-date: /home/f1tenth/f1tenth_ws/install/calibration/include/calibration/action/detail/take_image__traits.hpp
[4.903s] -- Up-to-date: /home/f1tenth/f1tenth_ws/install/calibration/include/calibration/action/detail/do_camera_calibration__traits.hpp
[4.904s] -- Up-to-date: /home/f1tenth/f1tenth_ws/install/calibration/include/calibration/action/detail/take_image__type_support.hpp
[4.905s] -- Up-to-date: /home/f1tenth/f1tenth_ws/install/calibration/include/calibration/action/detail/do_camera_calibration__type_support.hpp
[4.905s] -- Up-to-date: /home/f1tenth/f1tenth_ws/install/calibration/include/calibration/action/detail/take_image__struct.hpp
[4.906s] -- Up-to-date: /home/f1tenth/f1tenth_ws/install/calibration/include/calibration/action/detail/do_camera_calibration__struct.hpp
[4.906s] -- Up-to-date: /home/f1tenth/f1tenth_ws/install/calibration/include/calibration/action/detail/do_camera_calibration__builder.hpp
[4.907s] -- Up-to-date: /home/f1tenth/f1tenth_ws/install/calibration/include/calibration/action/do_camera_calibration.hpp
[4.907s] -- Up-to-date: /home/f1tenth/f1tenth_ws/install/calibration/include/calibration/action/take_image.hpp
[4.907s] -- Up-to-date: /home/f1tenth/f1tenth_ws/install/calibration/include/calibration/msg
[4.908s] -- Up-to-date: /home/f1tenth/f1tenth_ws/install/calibration/include/calibration/msg/rosidl_generator_cpp__visibility_control.hpp
[4.908s] -- Up-to-date: /home/f1tenth/f1tenth_ws/install/calibration/include/calibration
[4.909s] -- Up-to-date: /home/f1tenth/f1tenth_ws/install/calibration/include/calibration/action
[4.909s] -- Up-to-date: /home/f1tenth/f1tenth_ws/install/calibration/include/calibration/action/detail
[4.910s] -- Up-to-date: /home/f1tenth/f1tenth_ws/install/calibration/include/calibration/action/detail/do_camera_calibration__rosidl_typesupport_introspection_cpp.hpp
[4.910s] -- Up-to-date: /home/f1tenth/f1tenth_ws/install/calibration/include/calibration/action/detail/take_image__rosidl_typesupport_introspection_cpp.hpp
[4.910s] -- Up-to-date: /home/f1tenth/f1tenth_ws/install/calibration/include/calibration/action/detail/take_image__type_support.cpp
[4.910s] -- Up-to-date: /home/f1tenth/f1tenth_ws/install/calibration/include/calibration/action/detail/do_camera_calibration__type_support.cpp
[4.911s] -- Up-to-date: /home/f1tenth/f1tenth_ws/install/calibration/lib/libcalibration__rosidl_typesupport_introspection_cpp.so
[4.916s] -- Up-to-date: /home/f1tenth/f1tenth_ws/install/calibration/lib/libcalibration__rosidl_typesupport_cpp.so
[4.917s] -- Up-to-date: /home/f1tenth/f1tenth_ws/install/calibration/lib/python3.8/site-packages/calibration/__init__.py
[5.149s] -- Up-to-date: /home/f1tenth/f1tenth_ws/install/calibration/lib/python3.8/site-packages/calibration/action
[5.150s] -- Up-to-date: /home/f1tenth/f1tenth_ws/install/calibration/lib/python3.8/site-packages/calibration/action/_do_camera_calibration.py
[5.151s] -- Up-to-date: /home/f1tenth/f1tenth_ws/install/calibration/lib/python3.8/site-packages/calibration/action/_take_image_s.c
[5.151s] -- Up-to-date: /home/f1tenth/f1tenth_ws/install/calibration/lib/python3.8/site-packages/calibration/action/__init__.py
[5.151s] -- Up-to-date: /home/f1tenth/f1tenth_ws/install/calibration/lib/python3.8/site-packages/calibration/action/_do_camera_calibration_s.c
[5.152s] -- Up-to-date: /home/f1tenth/f1tenth_ws/install/calibration/lib/python3.8/site-packages/calibration/action/_take_image.py
[5.152s] -- Up-to-date: /home/f1tenth/f1tenth_ws/install/calibration/lib/python3.8/site-packages/calibration/calibration_s__rosidl_typesupport_fastrtps_c.cpython-38-aarch64-linux-gnu.so
[5.156s] -- Up-to-date: /home/f1tenth/f1tenth_ws/install/calibration/lib/python3.8/site-packages/calibration/calibration_s__rosidl_typesupport_introspection_c.cpython-38-aarch64-linux-gnu.so
[5.159s] -- Up-to-date: /home/f1tenth/f1tenth_ws/install/calibration/lib/python3.8/site-packages/calibration/calibration_s__rosidl_typesupport_c.cpython-38-aarch64-linux-gnu.so
[5.162s] -- Up-to-date: /home/f1tenth/f1tenth_ws/install/calibration/lib/libcalibration__python.so
[5.164s] -- Up-to-date: /home/f1tenth/f1tenth_ws/install/calibration/share/calibration/action/TakeImage.idl
[5.165s] -- Up-to-date: /home/f1tenth/f1tenth_ws/install/calibration/share/calibration/action/DoCameraCalibration.idl
[5.165s] -- Up-to-date: /home/f1tenth/f1tenth_ws/install/calibration/share/calibration/action/TakeImage.action
[5.166s] -- Up-to-date: /home/f1tenth/f1tenth_ws/install/calibration/share/calibration/action/DoCameraCalibration.action
[5.167s] -- Up-to-date: /home/f1tenth/f1tenth_ws/install/calibration/lib/calibration/camera_calibration.py
[5.167s] -- Up-to-date: /home/f1tenth/f1tenth_ws/install/calibration/lib/calibration/imu_calibration.py
[5.168s] -- Up-to-date: /home/f1tenth/f1tenth_ws/install/calibration/share/ament_index/resource_index/package_run_dependencies/calibration
[5.169s] -- Up-to-date: /home/f1tenth/f1tenth_ws/install/calibration/share/ament_index/resource_index/parent_prefix_path/calibration
[5.169s] -- Up-to-date: /home/f1tenth/f1tenth_ws/install/calibration/share/calibration/environment/ament_prefix_path.sh
[5.170s] -- Up-to-date: /home/f1tenth/f1tenth_ws/install/calibration/share/calibration/environment/ament_prefix_path.dsv
[5.170s] -- Up-to-date: /home/f1tenth/f1tenth_ws/install/calibration/share/calibration/environment/path.sh
[5.171s] -- Up-to-date: /home/f1tenth/f1tenth_ws/install/calibration/share/calibration/environment/path.dsv
[5.171s] -- Up-to-date: /home/f1tenth/f1tenth_ws/install/calibration/share/calibration/local_setup.bash
[5.171s] -- Up-to-date: /home/f1tenth/f1tenth_ws/install/calibration/share/calibration/local_setup.sh
[5.172s] -- Up-to-date: /home/f1tenth/f1tenth_ws/install/calibration/share/calibration/local_setup.zsh
[5.173s] -- Up-to-date: /home/f1tenth/f1tenth_ws/install/calibration/share/calibration/local_setup.dsv
[5.173s] -- Installing: /home/f1tenth/f1tenth_ws/install/calibration/share/calibration/package.dsv
[5.174s] -- Up-to-date: /home/f1tenth/f1tenth_ws/install/calibration/share/ament_index/resource_index/packages/calibration
[5.174s] -- Up-to-date: /home/f1tenth/f1tenth_ws/install/calibration/share/calibration/cmake/calibration__rosidl_generator_cExport.cmake
[5.175s] -- Up-to-date: /home/f1tenth/f1tenth_ws/install/calibration/share/calibration/cmake/calibration__rosidl_generator_cExport-noconfig.cmake
[5.180s] -- Up-to-date: /home/f1tenth/f1tenth_ws/install/calibration/share/calibration/cmake/calibration__rosidl_typesupport_introspection_cExport.cmake
[5.181s] -- Up-to-date: /home/f1tenth/f1tenth_ws/install/calibration/share/calibration/cmake/calibration__rosidl_typesupport_introspection_cExport-noconfig.cmake
[5.182s] -- Up-to-date: /home/f1tenth/f1tenth_ws/install/calibration/share/calibration/cmake/calibration__rosidl_typesupport_cExport.cmake
[5.182s] -- Up-to-date: /home/f1tenth/f1tenth_ws/install/calibration/share/calibration/cmake/calibration__rosidl_typesupport_cExport-noconfig.cmake
[5.183s] -- Up-to-date: /home/f1tenth/f1tenth_ws/install/calibration/share/calibration/cmake/calibration__rosidl_generator_cppExport.cmake
[5.184s] -- Up-to-date: /home/f1tenth/f1tenth_ws/install/calibration/share/calibration/cmake/calibration__rosidl_typesupport_introspection_cppExport.cmake
[5.184s] -- Up-to-date: /home/f1tenth/f1tenth_ws/install/calibration/share/calibration/cmake/calibration__rosidl_typesupport_introspection_cppExport-noconfig.cmake
[5.190s] -- Up-to-date: /home/f1tenth/f1tenth_ws/install/calibration/share/calibration/cmake/calibration__rosidl_typesupport_cppExport.cmake
[5.191s] -- Up-to-date: /home/f1tenth/f1tenth_ws/install/calibration/share/calibration/cmake/calibration__rosidl_typesupport_cppExport-noconfig.cmake
[5.191s] -- Up-to-date: /home/f1tenth/f1tenth_ws/install/calibration/share/calibration/cmake/rosidl_cmake-extras.cmake
[5.192s] -- Up-to-date: /home/f1tenth/f1tenth_ws/install/calibration/share/calibration/cmake/ament_cmake_export_dependencies-extras.cmake
[5.192s] -- Up-to-date: /home/f1tenth/f1tenth_ws/install/calibration/share/calibration/cmake/ament_cmake_export_libraries-extras.cmake
[5.193s] -- Up-to-date: /home/f1tenth/f1tenth_ws/install/calibration/share/calibration/cmake/ament_cmake_export_targets-extras.cmake
[5.193s] -- Up-to-date: /home/f1tenth/f1tenth_ws/install/calibration/share/calibration/cmake/ament_cmake_export_include_directories-extras.cmake
[5.193s] -- Up-to-date: /home/f1tenth/f1tenth_ws/install/calibration/share/calibration/cmake/rosidl_cmake_export_typesupport_libraries-extras.cmake
[5.194s] -- Up-to-date: /home/f1tenth/f1tenth_ws/install/calibration/share/calibration/cmake/rosidl_cmake_export_typesupport_targets-extras.cmake
[5.194s] -- Up-to-date: /home/f1tenth/f1tenth_ws/install/calibration/share/calibration/cmake/calibrationConfig.cmake
[5.194s] -- Up-to-date: /home/f1tenth/f1tenth_ws/install/calibration/share/calibration/cmake/calibrationConfig-version.cmake
[5.195s] -- Up-to-date: /home/f1tenth/f1tenth_ws/install/calibration/share/calibration/package.xml
[5.205s] Invoked command in '/home/f1tenth/f1tenth_ws/build/calibration' returned '0': CMAKE_PREFIX_PATH=/home/f1tenth/f1tenth_ws/install/camera:/home/f1tenth/f1tenth_ws/install/internal_interface:/home/f1tenth/f1tenth_ws/install/waypoint_generator:/home/f1tenth/f1tenth_ws/install/vesc:/home/f1tenth/f1tenth_ws/install/vesc_driver:/home/f1tenth/f1tenth_ws/install/vesc_ackermann:/home/f1tenth/f1tenth_ws/install/vesc_msgs:/home/f1tenth/f1tenth_ws/install/v4l2_camera:/home/f1tenth/f1tenth_ws/install/usb_cam:/home/f1tenth/f1tenth_ws/install/teleop_tools:/home/f1tenth/f1tenth_ws/install/teleop_tools_msgs:/home/f1tenth/f1tenth_ws/install/rplidar_ros:/home/f1tenth/f1tenth_ws/install/pure_pursuit:/home/f1tenth/f1tenth_ws/install/dashboard:/home/f1tenth/f1tenth_ws/install/calibration:/home/f1tenth/f1tenth_ws/install/ackermann_mux:/home/f1tenth/f1tenth_ws/install/f1tenth_stack:/home/f1tenth/f1tenth_ws/install/joy_teleop:/home/f1tenth/f1tenth_ws/install/particle_filter:/home/f1tenth/f1tenth_ws/install/opencv_tools:/home/f1tenth/f1tenth_ws/install/my_camera_package:/home/f1tenth/f1tenth_ws/install/mouse_teleop:/home/f1tenth/f1tenth_ws/install/key_teleop:/home/f1tenth/f1tenth_ws/install/camera_subscriber_pkg:/home/f1tenth/f1tenth_ws/install/camera_sub:/home/f1tenth/f1tenth_ws/install/camera_publisher:/opt/ros/foxy LD_LIBRARY_PATH=/home/f1tenth/f1tenth_ws/install/internal_interface/lib:/home/f1tenth/f1tenth_ws/install/vesc_driver/lib:/home/f1tenth/f1tenth_ws/install/vesc_ackermann/lib:/home/f1tenth/f1tenth_ws/install/vesc_msgs/lib:/home/f1tenth/f1tenth_ws/install/v4l2_camera/lib:/home/f1tenth/f1tenth_ws/install/usb_cam/lib:/home/f1tenth/f1tenth_ws/install/teleop_tools_msgs/lib:/home/f1tenth/f1tenth_ws/install/dashboard/lib:/home/f1tenth/f1tenth_ws/install/calibration/lib:/opt/ros/foxy/opt/yaml_cpp_vendor/lib:/opt/ros/foxy/opt/rviz_ogre_vendor/lib:/opt/ros/foxy/lib/aarch64-linux-gnu:/opt/ros/foxy/lib:/usr/local/cuda-11.4/lib64 PYTHONPATH=/home/f1tenth/f1tenth_ws/install/camera/lib/python3.8/site-packages:/home/f1tenth/f1tenth_ws/install/internal_interface/lib/python3.8/site-packages:/home/f1tenth/f1tenth_ws/install/f1tenth_stack/lib/python3.8/site-packages:/home/f1tenth/f1tenth_ws/install/vesc_msgs/lib/python3.8/site-packages:/home/f1tenth/f1tenth_ws/install/joy_teleop/lib/python3.8/site-packages:/home/f1tenth/f1tenth_ws/install/teleop_tools_msgs/lib/python3.8/site-packages:/home/f1tenth/f1tenth_ws/install/particle_filter/lib/python3.8/site-packages:/home/f1tenth/f1tenth_ws/install/opencv_tools/lib/python3.8/site-packages:/home/f1tenth/f1tenth_ws/install/my_camera_package/lib/python3.8/site-packages:/home/f1tenth/f1tenth_ws/install/mouse_teleop/lib/python3.8/site-packages:/home/f1tenth/f1tenth_ws/install/key_teleop/lib/python3.8/site-packages:/home/f1tenth/f1tenth_ws/install/dashboard/lib/python3.8/site-packages:/home/f1tenth/f1tenth_ws/install/calibration/lib/python3.8/site-packages:/home/f1tenth/f1tenth_ws/install/camera_subscriber_pkg/lib/python3.8/site-packages:/home/f1tenth/f1tenth_ws/install/camera_sub/lib/python3.8/site-packages:/home/f1tenth/f1tenth_ws/install/camera_publisher/lib/python3.8/site-packages:/opt/ros/foxy/lib/python3.8/site-packages /usr/bin/cmake --install /home/f1tenth/f1tenth_ws/build/calibration
