[0.178s] Invoking command in '/home/f1tenth/f1tenth_ws/build/pure_pursuit': CMAKE_PREFIX_PATH=${CMAKE_PREFIX_PATH}:/home/f1tenth/f1tenth_ws/install/opencv_tools:/home/f1tenth/f1tenth_ws/install/f1tenth_stack:/home/f1tenth/f1tenth_ws/install/joy_teleop:/home/f1tenth/f1tenth_ws/install/particle_filter:/home/f1tenth/f1tenth_ws/install/mouse_teleop:/home/f1tenth/f1tenth_ws/install/key_teleop:/opt/ros/foxy /usr/bin/cmake --build /home/f1tenth/f1tenth_ws/build/pure_pursuit -- -j4 -l4
[0.894s] [ 50%] Built target waypoint_visualizer
[1.102s] [100%] Built target pure_pursuit
[1.206s] Invoked command in '/home/f1tenth/f1tenth_ws/build/pure_pursuit' returned '0': CMAKE_PREFIX_PATH=${CMAKE_PREFIX_PATH}:/home/f1tenth/f1tenth_ws/install/opencv_tools:/home/f1tenth/f1tenth_ws/install/f1tenth_stack:/home/f1tenth/f1tenth_ws/install/joy_teleop:/home/f1tenth/f1tenth_ws/install/particle_filter:/home/f1tenth/f1tenth_ws/install/mouse_teleop:/home/f1tenth/f1tenth_ws/install/key_teleop:/opt/ros/foxy /usr/bin/cmake --build /home/f1tenth/f1tenth_ws/build/pure_pursuit -- -j4 -l4
[1.599s] Invoking command in '/home/f1tenth/f1tenth_ws/build/pure_pursuit': CMAKE_PREFIX_PATH=${CMAKE_PREFIX_PATH}:/home/f1tenth/f1tenth_ws/install/opencv_tools:/home/f1tenth/f1tenth_ws/install/f1tenth_stack:/home/f1tenth/f1tenth_ws/install/joy_teleop:/home/f1tenth/f1tenth_ws/install/particle_filter:/home/f1tenth/f1tenth_ws/install/mouse_teleop:/home/f1tenth/f1tenth_ws/install/key_teleop:/opt/ros/foxy /usr/bin/cmake --install /home/f1tenth/f1tenth_ws/build/pure_pursuit
[1.747s] -- Install configuration: ""
[1.750s] -- Execute custom install script
[1.756s] -- Up-to-date symlink: /home/f1tenth/f1tenth_ws/install/pure_pursuit/lib/pure_pursuit/pure_pursuit
[1.763s] -- Up-to-date symlink: /home/f1tenth/f1tenth_ws/install/pure_pursuit/lib/pure_pursuit/waypoint_visualizer
[1.779s] -- Up-to-date symlink: /home/f1tenth/f1tenth_ws/install/pure_pursuit/share/pure_pursuit/launch/pure_pursuit.rviz
[1.801s] -- Up-to-date symlink: /home/f1tenth/f1tenth_ws/install/pure_pursuit/share/pure_pursuit/launch/pure_pursuit_launch.py
[1.818s] -- Up-to-date symlink: /home/f1tenth/f1tenth_ws/install/pure_pursuit/share/pure_pursuit/launch/sim_pure_pursuit.rviz
[1.825s] -- Up-to-date symlink: /home/f1tenth/f1tenth_ws/install/pure_pursuit/share/pure_pursuit/launch/sim_pure_pursuit_launch.py
[1.842s] -- Up-to-date symlink: /home/f1tenth/f1tenth_ws/install/pure_pursuit/share/pure_pursuit/config/config.yaml
[1.846s] -- Up-to-date symlink: /home/f1tenth/f1tenth_ws/install/pure_pursuit/share/pure_pursuit/config/sim_config.yaml
[1.848s] -- Up-to-date symlink: /home/f1tenth/f1tenth_ws/install/pure_pursuit/share/ament_index/resource_index/package_run_dependencies/pure_pursuit
[1.853s] -- Up-to-date symlink: /home/f1tenth/f1tenth_ws/install/pure_pursuit/share/ament_index/resource_index/parent_prefix_path/pure_pursuit
[1.858s] -- Up-to-date symlink: /home/f1tenth/f1tenth_ws/install/pure_pursuit/share/pure_pursuit/environment/ament_prefix_path.sh
[1.862s] -- Up-to-date symlink: /home/f1tenth/f1tenth_ws/install/pure_pursuit/share/pure_pursuit/environment/ament_prefix_path.dsv
[1.869s] -- Up-to-date symlink: /home/f1tenth/f1tenth_ws/install/pure_pursuit/share/pure_pursuit/environment/path.sh
[1.870s] -- Up-to-date symlink: /home/f1tenth/f1tenth_ws/install/pure_pursuit/share/pure_pursuit/environment/path.dsv
[1.872s] -- Up-to-date symlink: /home/f1tenth/f1tenth_ws/install/pure_pursuit/share/pure_pursuit/local_setup.bash
[1.887s] -- Up-to-date symlink: /home/f1tenth/f1tenth_ws/install/pure_pursuit/share/pure_pursuit/local_setup.sh
[1.930s] -- Up-to-date symlink: /home/f1tenth/f1tenth_ws/install/pure_pursuit/share/pure_pursuit/local_setup.zsh
[1.932s] -- Up-to-date symlink: /home/f1tenth/f1tenth_ws/install/pure_pursuit/share/pure_pursuit/local_setup.dsv
[1.933s] -- Symlinking: /home/f1tenth/f1tenth_ws/install/pure_pursuit/share/pure_pursuit/package.dsv
[2.018s] -- Up-to-date symlink: /home/f1tenth/f1tenth_ws/install/pure_pursuit/share/ament_index/resource_index/packages/pure_pursuit
[2.020s] -- Up-to-date symlink: /home/f1tenth/f1tenth_ws/install/pure_pursuit/share/pure_pursuit/cmake/pure_pursuitConfig.cmake
[2.022s] -- Up-to-date symlink: /home/f1tenth/f1tenth_ws/install/pure_pursuit/share/pure_pursuit/cmake/pure_pursuitConfig-version.cmake
[2.025s] -- Up-to-date symlink: /home/f1tenth/f1tenth_ws/install/pure_pursuit/share/pure_pursuit/package.xml
[2.036s] Invoked command in '/home/f1tenth/f1tenth_ws/build/pure_pursuit' returned '0': CMAKE_PREFIX_PATH=${CMAKE_PREFIX_PATH}:/home/f1tenth/f1tenth_ws/install/opencv_tools:/home/f1tenth/f1tenth_ws/install/f1tenth_stack:/home/f1tenth/f1tenth_ws/install/joy_teleop:/home/f1tenth/f1tenth_ws/install/particle_filter:/home/f1tenth/f1tenth_ws/install/mouse_teleop:/home/f1tenth/f1tenth_ws/install/key_teleop:/opt/ros/foxy /usr/bin/cmake --install /home/f1tenth/f1tenth_ws/build/pure_pursuit
