[ 13%] Built target sfml-system
[ 22%] Built target sfml-network
[ 38%] Built target sfml-audio
[ 57%] Built target sfml-window
[ 81%] Built target sfml-graphics
[ 87%] Built target interface_lib
[ 94%] Built target ui_lib
[ 98%] Built target simulator_lib
[35m[1mScanning dependencies of target start_dashboard[0m
[ 99%] [32mBuilding CXX object src/CMakeFiles/start_dashboard.dir/dashboard.cpp.o[0m
[01m[K/home/f1tenth/f1tenth_ws/src/dashboard/src/dashboard.cpp:[m[K In function ‘[01m[Kint main(int, char**)[m[K’:
[01m[K/home/f1tenth/f1tenth_ws/src/dashboard/src/dashboard.cpp:101:18:[m[K [01;35m[Kwarning: [m[Kunused variable ‘[01m[Kconsumed[m[K’ [[01;35m[K-Wunused-variable[m[K]
  101 |             bool [01;35m[Kconsumed[m[K = ui.HandleEvent(event);
      |                  [01;35m[K^~~~~~~~[m[K
[100%] [32m[1mLinking CXX executable start_dashboard[0m
[100%] Built target start_dashboard
-- Install configuration: ""
-- Up-to-date: /home/f1tenth/f1tenth_ws/install/dashboard/share/dashboard/environment/pythonpath.sh
-- Up-to-date: /home/f1tenth/f1tenth_ws/install/dashboard/share/dashboard/environment/pythonpath.dsv
-- Up-to-date: /home/f1tenth/f1tenth_ws/install/dashboard/lib/python3.8/site-packages/dashboard_pkg
-- Up-to-date: /home/f1tenth/f1tenth_ws/install/dashboard/lib/python3.8/site-packages/dashboard_pkg/__init__.py
Listing '/home/f1tenth/f1tenth_ws/install/dashboard/lib/python3.8/site-packages/dashboard_pkg'...
-- Up-to-date: /home/f1tenth/f1tenth_ws/install/dashboard/share/dashboard/launch
-- Up-to-date: /home/f1tenth/f1tenth_ws/install/dashboard/share/dashboard/launch/start_dashboard.launch.py
-- Up-to-date: /home/f1tenth/f1tenth_ws/install/dashboard/share/ament_index/resource_index/package_run_dependencies/dashboard
-- Up-to-date: /home/f1tenth/f1tenth_ws/install/dashboard/share/ament_index/resource_index/parent_prefix_path/dashboard
-- Up-to-date: /home/f1tenth/f1tenth_ws/install/dashboard/share/dashboard/environment/ament_prefix_path.sh
-- Up-to-date: /home/f1tenth/f1tenth_ws/install/dashboard/share/dashboard/environment/ament_prefix_path.dsv
-- Up-to-date: /home/f1tenth/f1tenth_ws/install/dashboard/share/dashboard/environment/path.sh
-- Up-to-date: /home/f1tenth/f1tenth_ws/install/dashboard/share/dashboard/environment/path.dsv
-- Up-to-date: /home/f1tenth/f1tenth_ws/install/dashboard/share/dashboard/local_setup.bash
-- Up-to-date: /home/f1tenth/f1tenth_ws/install/dashboard/share/dashboard/local_setup.sh
-- Up-to-date: /home/f1tenth/f1tenth_ws/install/dashboard/share/dashboard/local_setup.zsh
-- Up-to-date: /home/f1tenth/f1tenth_ws/install/dashboard/share/dashboard/local_setup.dsv
-- Installing: /home/f1tenth/f1tenth_ws/install/dashboard/share/dashboard/package.dsv
-- Up-to-date: /home/f1tenth/f1tenth_ws/install/dashboard/share/ament_index/resource_index/packages/dashboard
-- Up-to-date: /home/f1tenth/f1tenth_ws/install/dashboard/share/dashboard/cmake/dashboardConfig.cmake
-- Up-to-date: /home/f1tenth/f1tenth_ws/install/dashboard/share/dashboard/cmake/dashboardConfig-version.cmake
-- Up-to-date: /home/f1tenth/f1tenth_ws/install/dashboard/share/dashboard/package.xml
-- Up-to-date: /home/f1tenth/f1tenth_ws/install/dashboard/lib/pkgconfig/sfml-all.pc
-- Up-to-date: /home/f1tenth/f1tenth_ws/install/dashboard/lib/pkgconfig/sfml-system.pc
-- Up-to-date: /home/f1tenth/f1tenth_ws/install/dashboard/lib/pkgconfig/sfml-window.pc
-- Up-to-date: /home/f1tenth/f1tenth_ws/install/dashboard/lib/pkgconfig/sfml-graphics.pc
-- Up-to-date: /home/f1tenth/f1tenth_ws/install/dashboard/lib/pkgconfig/sfml-audio.pc
-- Up-to-date: /home/f1tenth/f1tenth_ws/install/dashboard/lib/pkgconfig/sfml-network.pc
-- Up-to-date: /home/f1tenth/f1tenth_ws/install/dashboard/./include
-- Up-to-date: /home/f1tenth/f1tenth_ws/install/dashboard/./include/SFML
-- Up-to-date: /home/f1tenth/f1tenth_ws/install/dashboard/./include/SFML/Network.hpp
-- Up-to-date: /home/f1tenth/f1tenth_ws/install/dashboard/./include/SFML/GpuPreference.hpp
-- Up-to-date: /home/f1tenth/f1tenth_ws/install/dashboard/./include/SFML/OpenGL.hpp
-- Up-to-date: /home/f1tenth/f1tenth_ws/install/dashboard/./include/SFML/Network
-- Up-to-date: /home/f1tenth/f1tenth_ws/install/dashboard/./include/SFML/Network/Ftp.hpp
-- Up-to-date: /home/f1tenth/f1tenth_ws/install/dashboard/./include/SFML/Network/Http.hpp
-- Up-to-date: /home/f1tenth/f1tenth_ws/install/dashboard/./include/SFML/Network/Packet.hpp
-- Up-to-date: /home/f1tenth/f1tenth_ws/install/dashboard/./include/SFML/Network/TcpSocket.hpp
-- Up-to-date: /home/f1tenth/f1tenth_ws/install/dashboard/./include/SFML/Network/UdpSocket.hpp
-- Up-to-date: /home/f1tenth/f1tenth_ws/install/dashboard/./include/SFML/Network/IpAddress.hpp
-- Up-to-date: /home/f1tenth/f1tenth_ws/install/dashboard/./include/SFML/Network/SocketHandle.hpp
-- Up-to-date: /home/f1tenth/f1tenth_ws/install/dashboard/./include/SFML/Network/SocketSelector.hpp
-- Up-to-date: /home/f1tenth/f1tenth_ws/install/dashboard/./include/SFML/Network/TcpListener.hpp
-- Up-to-date: /home/f1tenth/f1tenth_ws/install/dashboard/./include/SFML/Network/Export.hpp
-- Up-to-date: /home/f1tenth/f1tenth_ws/install/dashboard/./include/SFML/Network/Socket.hpp
-- Up-to-date: /home/f1tenth/f1tenth_ws/install/dashboard/./include/SFML/Window.hpp
-- Up-to-date: /home/f1tenth/f1tenth_ws/install/dashboard/./include/SFML/Audio
-- Up-to-date: /home/f1tenth/f1tenth_ws/install/dashboard/./include/SFML/Audio/SoundFileReader.hpp
-- Up-to-date: /home/f1tenth/f1tenth_ws/install/dashboard/./include/SFML/Audio/SoundSource.hpp
-- Up-to-date: /home/f1tenth/f1tenth_ws/install/dashboard/./include/SFML/Audio/Listener.hpp
-- Up-to-date: /home/f1tenth/f1tenth_ws/install/dashboard/./include/SFML/Audio/SoundFileFactory.inl
-- Up-to-date: /home/f1tenth/f1tenth_ws/install/dashboard/./include/SFML/Audio/Music.hpp
-- Up-to-date: /home/f1tenth/f1tenth_ws/install/dashboard/./include/SFML/Audio/AlResource.hpp
-- Up-to-date: /home/f1tenth/f1tenth_ws/install/dashboard/./include/SFML/Audio/InputSoundFile.hpp
-- Up-to-date: /home/f1tenth/f1tenth_ws/install/dashboard/./include/SFML/Audio/SoundBuffer.hpp
-- Up-to-date: /home/f1tenth/f1tenth_ws/install/dashboard/./include/SFML/Audio/SoundFileWriter.hpp
-- Up-to-date: /home/f1tenth/f1tenth_ws/install/dashboard/./include/SFML/Audio/SoundBufferRecorder.hpp
-- Up-to-date: /home/f1tenth/f1tenth_ws/install/dashboard/./include/SFML/Audio/Sound.hpp
-- Up-to-date: /home/f1tenth/f1tenth_ws/install/dashboard/./include/SFML/Audio/SoundFileFactory.hpp
-- Up-to-date: /home/f1tenth/f1tenth_ws/install/dashboard/./include/SFML/Audio/OutputSoundFile.hpp
-- Up-to-date: /home/f1tenth/f1tenth_ws/install/dashboard/./include/SFML/Audio/SoundStream.hpp
-- Up-to-date: /home/f1tenth/f1tenth_ws/install/dashboard/./include/SFML/Audio/Export.hpp
-- Up-to-date: /home/f1tenth/f1tenth_ws/install/dashboard/./include/SFML/Audio/SoundRecorder.hpp
-- Up-to-date: /home/f1tenth/f1tenth_ws/install/dashboard/./include/SFML/Main.hpp
-- Up-to-date: /home/f1tenth/f1tenth_ws/install/dashboard/./include/SFML/Audio.hpp
-- Up-to-date: /home/f1tenth/f1tenth_ws/install/dashboard/./include/SFML/Graphics
-- Up-to-date: /home/f1tenth/f1tenth_ws/install/dashboard/./include/SFML/Graphics/RenderStates.hpp
-- Up-to-date: /home/f1tenth/f1tenth_ws/install/dashboard/./include/SFML/Graphics/Vertex.hpp
-- Up-to-date: /home/f1tenth/f1tenth_ws/install/dashboard/./include/SFML/Graphics/Drawable.hpp
-- Up-to-date: /home/f1tenth/f1tenth_ws/install/dashboard/./include/SFML/Graphics/Image.hpp
-- Up-to-date: /home/f1tenth/f1tenth_ws/install/dashboard/./include/SFML/Graphics/BlendMode.hpp
-- Up-to-date: /home/f1tenth/f1tenth_ws/install/dashboard/./include/SFML/Graphics/Texture.hpp
-- Up-to-date: /home/f1tenth/f1tenth_ws/install/dashboard/./include/SFML/Graphics/Glsl.inl
-- Up-to-date: /home/f1tenth/f1tenth_ws/install/dashboard/./include/SFML/Graphics/Text.hpp
-- Up-to-date: /home/f1tenth/f1tenth_ws/install/dashboard/./include/SFML/Graphics/VertexArray.hpp
-- Up-to-date: /home/f1tenth/f1tenth_ws/install/dashboard/./include/SFML/Graphics/Rect.hpp
-- Up-to-date: /home/f1tenth/f1tenth_ws/install/dashboard/./include/SFML/Graphics/ConvexShape.hpp
-- Up-to-date: /home/f1tenth/f1tenth_ws/install/dashboard/./include/SFML/Graphics/PrimitiveType.hpp
-- Up-to-date: /home/f1tenth/f1tenth_ws/install/dashboard/./include/SFML/Graphics/Shape.hpp
-- Up-to-date: /home/f1tenth/f1tenth_ws/install/dashboard/./include/SFML/Graphics/RenderWindow.hpp
-- Up-to-date: /home/f1tenth/f1tenth_ws/install/dashboard/./include/SFML/Graphics/View.hpp
-- Up-to-date: /home/f1tenth/f1tenth_ws/install/dashboard/./include/SFML/Graphics/Glsl.hpp
-- Up-to-date: /home/f1tenth/f1tenth_ws/install/dashboard/./include/SFML/Graphics/Glyph.hpp
-- Up-to-date: /home/f1tenth/f1tenth_ws/install/dashboard/./include/SFML/Graphics/CircleShape.hpp
-- Up-to-date: /home/f1tenth/f1tenth_ws/install/dashboard/./include/SFML/Graphics/Shader.hpp
-- Up-to-date: /home/f1tenth/f1tenth_ws/install/dashboard/./include/SFML/Graphics/Color.hpp
-- Up-to-date: /home/f1tenth/f1tenth_ws/install/dashboard/./include/SFML/Graphics/Font.hpp
-- Up-to-date: /home/f1tenth/f1tenth_ws/install/dashboard/./include/SFML/Graphics/RectangleShape.hpp
-- Up-to-date: /home/f1tenth/f1tenth_ws/install/dashboard/./include/SFML/Graphics/Transformable.hpp
-- Up-to-date: /home/f1tenth/f1tenth_ws/install/dashboard/./include/SFML/Graphics/RenderTexture.hpp
-- Up-to-date: /home/f1tenth/f1tenth_ws/install/dashboard/./include/SFML/Graphics/Sprite.hpp
-- Up-to-date: /home/f1tenth/f1tenth_ws/install/dashboard/./include/SFML/Graphics/Export.hpp
-- Up-to-date: /home/f1tenth/f1tenth_ws/install/dashboard/./include/SFML/Graphics/RenderTarget.hpp
-- Up-to-date: /home/f1tenth/f1tenth_ws/install/dashboard/./include/SFML/Graphics/Transform.hpp
-- Up-to-date: /home/f1tenth/f1tenth_ws/install/dashboard/./include/SFML/Graphics/VertexBuffer.hpp
-- Up-to-date: /home/f1tenth/f1tenth_ws/install/dashboard/./include/SFML/Graphics/Rect.inl
-- Up-to-date: /home/f1tenth/f1tenth_ws/install/dashboard/./include/SFML/System
-- Up-to-date: /home/f1tenth/f1tenth_ws/install/dashboard/./include/SFML/System/String.hpp
-- Up-to-date: /home/f1tenth/f1tenth_ws/install/dashboard/./include/SFML/System/InputStream.hpp
-- Up-to-date: /home/f1tenth/f1tenth_ws/install/dashboard/./include/SFML/System/ThreadLocal.hpp
-- Up-to-date: /home/f1tenth/f1tenth_ws/install/dashboard/./include/SFML/System/Mutex.hpp
-- Up-to-date: /home/f1tenth/f1tenth_ws/install/dashboard/./include/SFML/System/Vector3.hpp
-- Up-to-date: /home/f1tenth/f1tenth_ws/install/dashboard/./include/SFML/System/Sleep.hpp
-- Up-to-date: /home/f1tenth/f1tenth_ws/install/dashboard/./include/SFML/System/Time.hpp
-- Up-to-date: /home/f1tenth/f1tenth_ws/install/dashboard/./include/SFML/System/String.inl
-- Up-to-date: /home/f1tenth/f1tenth_ws/install/dashboard/./include/SFML/System/ThreadLocalPtr.inl
-- Up-to-date: /home/f1tenth/f1tenth_ws/install/dashboard/./include/SFML/System/FileInputStream.hpp
-- Up-to-date: /home/f1tenth/f1tenth_ws/install/dashboard/./include/SFML/System/NativeActivity.hpp
-- Up-to-date: /home/f1tenth/f1tenth_ws/install/dashboard/./include/SFML/System/ThreadLocalPtr.hpp
-- Up-to-date: /home/f1tenth/f1tenth_ws/install/dashboard/./include/SFML/System/Utf.hpp
-- Up-to-date: /home/f1tenth/f1tenth_ws/install/dashboard/./include/SFML/System/Lock.hpp
-- Up-to-date: /home/f1tenth/f1tenth_ws/install/dashboard/./include/SFML/System/Thread.hpp
-- Up-to-date: /home/f1tenth/f1tenth_ws/install/dashboard/./include/SFML/System/Vector2.hpp
-- Up-to-date: /home/f1tenth/f1tenth_ws/install/dashboard/./include/SFML/System/Clock.hpp
-- Up-to-date: /home/f1tenth/f1tenth_ws/install/dashboard/./include/SFML/System/MemoryInputStream.hpp
-- Up-to-date: /home/f1tenth/f1tenth_ws/install/dashboard/./include/SFML/System/Err.hpp
-- Up-to-date: /home/f1tenth/f1tenth_ws/install/dashboard/./include/SFML/System/Vector3.inl
-- Up-to-date: /home/f1tenth/f1tenth_ws/install/dashboard/./include/SFML/System/Vector2.inl
-- Up-to-date: /home/f1tenth/f1tenth_ws/install/dashboard/./include/SFML/System/NonCopyable.hpp
-- Up-to-date: /home/f1tenth/f1tenth_ws/install/dashboard/./include/SFML/System/Utf.inl
-- Up-to-date: /home/f1tenth/f1tenth_ws/install/dashboard/./include/SFML/System/Export.hpp
-- Up-to-date: /home/f1tenth/f1tenth_ws/install/dashboard/./include/SFML/System/Thread.inl
-- Up-to-date: /home/f1tenth/f1tenth_ws/install/dashboard/./include/SFML/Config.hpp
-- Up-to-date: /home/f1tenth/f1tenth_ws/install/dashboard/./include/SFML/Graphics.hpp
-- Up-to-date: /home/f1tenth/f1tenth_ws/install/dashboard/./include/SFML/System.hpp
-- Up-to-date: /home/f1tenth/f1tenth_ws/install/dashboard/./include/SFML/Window
-- Up-to-date: /home/f1tenth/f1tenth_ws/install/dashboard/./include/SFML/Window/GlResource.hpp
-- Up-to-date: /home/f1tenth/f1tenth_ws/install/dashboard/./include/SFML/Window/Touch.hpp
-- Up-to-date: /home/f1tenth/f1tenth_ws/install/dashboard/./include/SFML/Window/Event.hpp
-- Up-to-date: /home/f1tenth/f1tenth_ws/install/dashboard/./include/SFML/Window/Mouse.hpp
-- Up-to-date: /home/f1tenth/f1tenth_ws/install/dashboard/./include/SFML/Window/WindowHandle.hpp
-- Up-to-date: /home/f1tenth/f1tenth_ws/install/dashboard/./include/SFML/Window/WindowStyle.hpp
-- Up-to-date: /home/f1tenth/f1tenth_ws/install/dashboard/./include/SFML/Window/Window.hpp
-- Up-to-date: /home/f1tenth/f1tenth_ws/install/dashboard/./include/SFML/Window/Context.hpp
-- Up-to-date: /home/f1tenth/f1tenth_ws/install/dashboard/./include/SFML/Window/Keyboard.hpp
-- Up-to-date: /home/f1tenth/f1tenth_ws/install/dashboard/./include/SFML/Window/Export.hpp
-- Up-to-date: /home/f1tenth/f1tenth_ws/install/dashboard/./include/SFML/Window/Joystick.hpp
-- Up-to-date: /home/f1tenth/f1tenth_ws/install/dashboard/./include/SFML/Window/VideoMode.hpp
-- Up-to-date: /home/f1tenth/f1tenth_ws/install/dashboard/./include/SFML/Window/ContextSettings.hpp
-- Up-to-date: /home/f1tenth/f1tenth_ws/install/dashboard/./include/SFML/Window/Clipboard.hpp
-- Up-to-date: /home/f1tenth/f1tenth_ws/install/dashboard/./include/SFML/Window/Cursor.hpp
-- Up-to-date: /home/f1tenth/f1tenth_ws/install/dashboard/./include/SFML/Window/Sensor.hpp
-- Up-to-date: /home/f1tenth/f1tenth_ws/install/dashboard/share/SFML/license.md
-- Up-to-date: /home/f1tenth/f1tenth_ws/install/dashboard/share/SFML/readme.md
-- Up-to-date: /home/f1tenth/f1tenth_ws/install/dashboard/lib/cmake/SFML/SFMLSharedTargets.cmake
-- Up-to-date: /home/f1tenth/f1tenth_ws/install/dashboard/lib/cmake/SFML/SFMLSharedTargets-noconfig.cmake
-- Up-to-date: /home/f1tenth/f1tenth_ws/install/dashboard/lib/cmake/SFML/SFMLConfig.cmake
-- Up-to-date: /home/f1tenth/f1tenth_ws/install/dashboard/lib/cmake/SFML/SFMLConfigDependencies.cmake
-- Up-to-date: /home/f1tenth/f1tenth_ws/install/dashboard/lib/cmake/SFML/SFMLConfigVersion.cmake
-- Up-to-date: /home/f1tenth/f1tenth_ws/install/dashboard/lib/libsfml-system.so.2.5.1
-- Up-to-date: /home/f1tenth/f1tenth_ws/install/dashboard/lib/libsfml-system.so.2.5
-- Up-to-date: /home/f1tenth/f1tenth_ws/install/dashboard/lib/libsfml-system.so
-- Up-to-date: /home/f1tenth/f1tenth_ws/install/dashboard/lib/libsfml-window.so.2.5.1
-- Up-to-date: /home/f1tenth/f1tenth_ws/install/dashboard/lib/libsfml-window.so.2.5
-- Up-to-date: /home/f1tenth/f1tenth_ws/install/dashboard/lib/libsfml-window.so
-- Up-to-date: /home/f1tenth/f1tenth_ws/install/dashboard/lib/libsfml-network.so.2.5.1
-- Up-to-date: /home/f1tenth/f1tenth_ws/install/dashboard/lib/libsfml-network.so.2.5
-- Up-to-date: /home/f1tenth/f1tenth_ws/install/dashboard/lib/libsfml-network.so
-- Up-to-date: /home/f1tenth/f1tenth_ws/install/dashboard/lib/libsfml-graphics.so.2.5.1
-- Up-to-date: /home/f1tenth/f1tenth_ws/install/dashboard/lib/libsfml-graphics.so.2.5
-- Up-to-date: /home/f1tenth/f1tenth_ws/install/dashboard/lib/libsfml-graphics.so
-- Up-to-date: /home/f1tenth/f1tenth_ws/install/dashboard/lib/libsfml-audio.so.2.5.1
-- Up-to-date: /home/f1tenth/f1tenth_ws/install/dashboard/lib/libsfml-audio.so.2.5
-- Up-to-date: /home/f1tenth/f1tenth_ws/install/dashboard/lib/libsfml-audio.so
-- Installing: /home/f1tenth/f1tenth_ws/install/dashboard/lib/dashboard/start_dashboard
-- Set runtime path of "/home/f1tenth/f1tenth_ws/install/dashboard/lib/dashboard/start_dashboard" to ""
