[0.087s] Invoking command in '/home/f1tenth/f1tenth_ws/build/camera_visualizer': /usr/bin/cmake --build /home/f1tenth/f1tenth_ws/build/camera_visualizer -- -j4 -l4
[0.311s] -- Found ament_cmake: 0.9.12 (/opt/ros/foxy/share/ament_cmake/cmake)
[0.541s] -- Using PYTHON_EXECUTABLE: /usr/bin/python3
[1.896s] -- Found rclcpp: 2.4.3 (/opt/ros/foxy/share/rclcpp/cmake)
[2.133s] -- Using all available rosidl_typesupport_c: rosidl_typesupport_fastrtps_c;rosidl_typesupport_introspection_c
[2.154s] -- Found rosidl_adapter: 1.3.1 (/opt/ros/foxy/share/rosidl_adapter/cmake)
[2.910s] -- Using all available rosidl_typesupport_cpp: rosidl_typesupport_fastrtps_cpp;rosidl_typesupport_introspection_cpp
[3.184s] -- Found rmw_implementation_cmake: 1.0.4 (/opt/ros/foxy/share/rmw_implementation_cmake/cmake)
[3.191s] -- Using RMW implementation 'rmw_fastrtps_cpp' as default
[3.896s] -- Found sensor_msgs: 2.0.5 (/opt/ros/foxy/share/sensor_msgs/cmake)
[4.825s] -- Configuring done
[4.884s] -- Generating done
[4.893s] -- Build files have been written to: /home/f1tenth/f1tenth_ws/build/camera_visualizer
[5.202s] [ 50%] [32mBuilding CXX object CMakeFiles/camera_subscriber_node.dir/src/camera_subscriber.cpp.o[0m
[5.816s] In file included from [01m[K/home/f1tenth/f1tenth_ws/src/camera_visualizer/src/camera_subscriber.cpp:1[m[K:
[5.817s] [01m[K/home/f1tenth/f1tenth_ws/src/camera_visualizer/src/camera_subscriber.hpp:5:10:[m[K [01;31m[Kfatal error: [m[Kencodedimage.hpp: No such file or directory
[5.819s]     5 | #include [01;31m[K"encodedimage.hpp"[m[K
[5.820s]       |          [01;31m[K^~~~~~~~~~~~~~~~~~[m[K
[5.820s] compilation terminated.
[5.828s] make[2]: *** [CMakeFiles/camera_subscriber_node.dir/build.make:63: CMakeFiles/camera_subscriber_node.dir/src/camera_subscriber.cpp.o] Error 1
[5.832s] make[1]: *** [CMakeFiles/Makefile2:78: CMakeFiles/camera_subscriber_node.dir/all] Error 2
[5.832s] make: *** [Makefile:141: all] Error 2
[5.838s] Invoked command in '/home/f1tenth/f1tenth_ws/build/camera_visualizer' returned '2': /usr/bin/cmake --build /home/f1tenth/f1tenth_ws/build/camera_visualizer -- -j4 -l4
