[7.937s] Invoking command in '/home/f1tenth/f1tenth_ws/src/object_detect': PYTHONPATH=/home/f1tenth/f1tenth_ws/build/object_detect/prefix_override:/usr/lib/python3/dist-packages/colcon_core/task/python/colcon_distutils_commands:/home/f1tenth/f1tenth_ws/install/object_detect/lib/python3.8/site-packages:${PYTHONPATH} /usr/bin/python3 -W ignore:setup.py install is deprecated setup.py egg_info --egg-base ../../build/object_detect build --build-base /home/f1tenth/f1tenth_ws/build/object_detect/build install --record /home/f1tenth/f1tenth_ws/build/object_detect/install.log --install-scripts $base/lib/object_detect --single-version-externally-managed install_data
[10.160s] /home/f1tenth/.local/lib/python3.8/site-packages/setuptools/dist.py:771: UserWarning: Usage of dash-separated 'script-dir' will not be supported in future versions. Please use the underscore name 'script_dir' instead
[10.161s]   warnings.warn(
[11.072s] running egg_info
[11.234s] writing ../../build/object_detect/object_detect.egg-info/PKG-INFO
[11.235s] writing dependency_links to ../../build/object_detect/object_detect.egg-info/dependency_links.txt
[11.236s] writing entry points to ../../build/object_detect/object_detect.egg-info/entry_points.txt
[11.238s] writing requirements to ../../build/object_detect/object_detect.egg-info/requires.txt
[11.238s] writing top-level names to ../../build/object_detect/object_detect.egg-info/top_level.txt
[11.239s] writing ../../build/object_detect/object_detect.egg-info/PKG-INFO
[11.241s] writing dependency_links to ../../build/object_detect/object_detect.egg-info/dependency_links.txt
[11.242s] writing entry points to ../../build/object_detect/object_detect.egg-info/entry_points.txt
[11.244s] writing requirements to ../../build/object_detect/object_detect.egg-info/requires.txt
[11.245s] writing top-level names to ../../build/object_detect/object_detect.egg-info/top_level.txt
[11.461s] reading manifest file '../../build/object_detect/object_detect.egg-info/SOURCES.txt'
[11.469s] writing manifest file '../../build/object_detect/object_detect.egg-info/SOURCES.txt'
[11.470s] running build
[11.471s] running build_py
[11.474s] copying object_detect/object_detect.py -> /home/f1tenth/f1tenth_ws/build/object_detect/build/lib/object_detect
[11.476s] running install
[11.505s] running install_lib
[11.609s] copying /home/f1tenth/f1tenth_ws/build/object_detect/build/lib/object_detect/object_detect.py -> /home/f1tenth/f1tenth_ws/install/object_detect/lib/python3.8/site-packages/object_detect
[11.613s] byte-compiling /home/f1tenth/f1tenth_ws/install/object_detect/lib/python3.8/site-packages/object_detect/object_detect.py to object_detect.cpython-38.pyc
[11.621s] running install_data
[11.622s] running install_egg_info
[11.751s] removing '/home/f1tenth/f1tenth_ws/install/object_detect/lib/python3.8/site-packages/object_detect-0.0.0-py3.8.egg-info' (and everything under it)
[11.758s] Copying ../../build/object_detect/object_detect.egg-info to /home/f1tenth/f1tenth_ws/install/object_detect/lib/python3.8/site-packages/object_detect-0.0.0-py3.8.egg-info
[11.769s] running install_scripts
[12.223s] Installing object_detect script to /home/f1tenth/f1tenth_ws/install/object_detect/lib/object_detect
[12.225s] writing list of installed files to '/home/f1tenth/f1tenth_ws/build/object_detect/install.log'
[12.474s] Invoked command in '/home/f1tenth/f1tenth_ws/src/object_detect' returned '0': PYTHONPATH=/home/f1tenth/f1tenth_ws/build/object_detect/prefix_override:/usr/lib/python3/dist-packages/colcon_core/task/python/colcon_distutils_commands:/home/f1tenth/f1tenth_ws/install/object_detect/lib/python3.8/site-packages:${PYTHONPATH} /usr/bin/python3 -W ignore:setup.py install is deprecated setup.py egg_info --egg-base ../../build/object_detect build --build-base /home/f1tenth/f1tenth_ws/build/object_detect/build install --record /home/f1tenth/f1tenth_ws/build/object_detect/install.log --install-scripts $base/lib/object_detect --single-version-externally-managed install_data
