[6.022s] Invoking command in '/home/f1tenth/f1tenth_ws/src/f1tenth_system/teleop_tools/mouse_teleop': PYTHONPATH=/home/f1tenth/f1tenth_ws/build/mouse_teleop/prefix_override:/usr/lib/python3/dist-packages/colcon_core/task/python/colcon_distutils_commands:/home/f1tenth/f1tenth_ws/install/mouse_teleop/lib/python3.8/site-packages:${PYTHONPATH} /usr/bin/python3 -W ignore:setup.py install is deprecated setup.py egg_info --egg-base ../../../../build/mouse_teleop build --build-base /home/f1tenth/f1tenth_ws/build/mouse_teleop/build install --record /home/f1tenth/f1tenth_ws/build/mouse_teleop/install.log --install-scripts $base/lib/mouse_teleop --single-version-externally-managed install_data
[8.417s] /home/f1tenth/.local/lib/python3.8/site-packages/setuptools/dist.py:717: UserWarning: Usage of dash-separated 'script-dir' will not be supported in future versions. Please use the underscore name 'script_dir' instead
[8.417s]   warnings.warn(
[8.659s] running egg_info
[8.667s] writing ../../../../build/mouse_teleop/mouse_teleop.egg-info/PKG-INFO
[8.670s] writing dependency_links to ../../../../build/mouse_teleop/mouse_teleop.egg-info/dependency_links.txt
[8.674s] writing entry points to ../../../../build/mouse_teleop/mouse_teleop.egg-info/entry_points.txt
[8.676s] writing requirements to ../../../../build/mouse_teleop/mouse_teleop.egg-info/requires.txt
[8.679s] writing top-level names to ../../../../build/mouse_teleop/mouse_teleop.egg-info/top_level.txt
[8.699s] reading manifest file '../../../../build/mouse_teleop/mouse_teleop.egg-info/SOURCES.txt'
[8.702s] adding license file 'LICENSE'
[8.706s] writing manifest file '../../../../build/mouse_teleop/mouse_teleop.egg-info/SOURCES.txt'
[8.708s] running build
[8.708s] running build_py
[8.713s] running install
[8.724s] running install_lib
[8.744s] running install_data
[8.752s] running install_egg_info
[8.768s] removing '/home/f1tenth/f1tenth_ws/install/mouse_teleop/lib/python3.8/site-packages/mouse_teleop-0.3.0-py3.8.egg-info' (and everything under it)
[8.775s] Copying ../../../../build/mouse_teleop/mouse_teleop.egg-info to /home/f1tenth/f1tenth_ws/install/mouse_teleop/lib/python3.8/site-packages/mouse_teleop-0.3.0-py3.8.egg-info
[8.796s] running install_scripts
[8.990s] Installing mouse_teleop script to /home/f1tenth/f1tenth_ws/install/mouse_teleop/lib/mouse_teleop
[8.999s] writing list of installed files to '/home/f1tenth/f1tenth_ws/build/mouse_teleop/install.log'
[9.270s] Invoked command in '/home/f1tenth/f1tenth_ws/src/f1tenth_system/teleop_tools/mouse_teleop' returned '0': PYTHONPATH=/home/f1tenth/f1tenth_ws/build/mouse_teleop/prefix_override:/usr/lib/python3/dist-packages/colcon_core/task/python/colcon_distutils_commands:/home/f1tenth/f1tenth_ws/install/mouse_teleop/lib/python3.8/site-packages:${PYTHONPATH} /usr/bin/python3 -W ignore:setup.py install is deprecated setup.py egg_info --egg-base ../../../../build/mouse_teleop build --build-base /home/f1tenth/f1tenth_ws/build/mouse_teleop/build install --record /home/f1tenth/f1tenth_ws/build/mouse_teleop/install.log --install-scripts $base/lib/mouse_teleop --single-version-externally-managed install_data
