[0.075s] Invoking command in '/home/f1tenth/f1tenth_ws/build/v4l2_camera': CMAKE_PREFIX_PATH=${CMAKE_PREFIX_PATH}:/home/f1tenth/f1tenth_ws/install/f1tenth_stack:/home/f1tenth/f1tenth_ws/install/joy_teleop:/home/f1tenth/f1tenth_ws/install/particle_filter:/home/f1tenth/f1tenth_ws/install/opencv_tools:/home/f1tenth/f1tenth_ws/install/mouse_teleop:/home/f1tenth/f1tenth_ws/install/key_teleop:/opt/ros/foxy /usr/bin/cmake --build /home/f1tenth/f1tenth_ws/build/v4l2_camera -- -j4 -l4
[0.500s] [ 42%] Built target v4l2_camera
[0.694s] [ 71%] Built target v4l2_camera_node
[0.703s] [100%] Built target v4l2_camera_compose_test
[0.768s] Invoked command in '/home/f1tenth/f1tenth_ws/build/v4l2_camera' returned '0': CMAKE_PREFIX_PATH=${CMAKE_PREFIX_PATH}:/home/f1tenth/f1tenth_ws/install/f1tenth_stack:/home/f1tenth/f1tenth_ws/install/joy_teleop:/home/f1tenth/f1tenth_ws/install/particle_filter:/home/f1tenth/f1tenth_ws/install/opencv_tools:/home/f1tenth/f1tenth_ws/install/mouse_teleop:/home/f1tenth/f1tenth_ws/install/key_teleop:/opt/ros/foxy /usr/bin/cmake --build /home/f1tenth/f1tenth_ws/build/v4l2_camera -- -j4 -l4
[1.036s] Invoking command in '/home/f1tenth/f1tenth_ws/build/v4l2_camera': CMAKE_PREFIX_PATH=${CMAKE_PREFIX_PATH}:/home/f1tenth/f1tenth_ws/install/f1tenth_stack:/home/f1tenth/f1tenth_ws/install/joy_teleop:/home/f1tenth/f1tenth_ws/install/particle_filter:/home/f1tenth/f1tenth_ws/install/opencv_tools:/home/f1tenth/f1tenth_ws/install/mouse_teleop:/home/f1tenth/f1tenth_ws/install/key_teleop:/opt/ros/foxy /usr/bin/cmake --install /home/f1tenth/f1tenth_ws/build/v4l2_camera
[1.113s] -- Install configuration: ""
[1.113s] -- Up-to-date: /home/f1tenth/f1tenth_ws/install/v4l2_camera/include
[1.114s] -- Up-to-date: /home/f1tenth/f1tenth_ws/install/v4l2_camera/include/v4l2_camera
[1.114s] -- Up-to-date: /home/f1tenth/f1tenth_ws/install/v4l2_camera/include/v4l2_camera/visibility_control.h
[1.117s] -- Up-to-date: /home/f1tenth/f1tenth_ws/install/v4l2_camera/include/v4l2_camera/fourcc.hpp
[1.119s] -- Up-to-date: /home/f1tenth/f1tenth_ws/install/v4l2_camera/include/v4l2_camera/image_format.hpp
[1.120s] -- Up-to-date: /home/f1tenth/f1tenth_ws/install/v4l2_camera/include/v4l2_camera/control.hpp
[1.120s] -- Up-to-date: /home/f1tenth/f1tenth_ws/install/v4l2_camera/include/v4l2_camera/v4l2_camera.hpp
[1.121s] -- Up-to-date: /home/f1tenth/f1tenth_ws/install/v4l2_camera/include/v4l2_camera/pixel_format.hpp
[1.121s] -- Up-to-date: /home/f1tenth/f1tenth_ws/install/v4l2_camera/include/v4l2_camera/v4l2_camera_device.hpp
[1.121s] -- Up-to-date: /home/f1tenth/f1tenth_ws/install/v4l2_camera/share/v4l2_camera/launch
[1.122s] -- Installing: /home/f1tenth/f1tenth_ws/install/v4l2_camera/share/v4l2_camera/launch/camera_launch.py
[1.122s] -- Up-to-date: /home/f1tenth/f1tenth_ws/install/v4l2_camera/lib/libv4l2_camera.so
[1.122s] -- Up-to-date: /home/f1tenth/f1tenth_ws/install/v4l2_camera/lib/v4l2_camera/v4l2_camera_node
[1.124s] -- Up-to-date: /home/f1tenth/f1tenth_ws/install/v4l2_camera/lib/v4l2_camera/v4l2_camera_compose_test
[1.125s] -- Up-to-date: /home/f1tenth/f1tenth_ws/install/v4l2_camera/share/v4l2_camera/environment/library_path.sh
[1.126s] -- Up-to-date: /home/f1tenth/f1tenth_ws/install/v4l2_camera/share/v4l2_camera/environment/library_path.dsv
[1.126s] -- Up-to-date: /home/f1tenth/f1tenth_ws/install/v4l2_camera/share/ament_index/resource_index/package_run_dependencies/v4l2_camera
[1.126s] -- Up-to-date: /home/f1tenth/f1tenth_ws/install/v4l2_camera/share/ament_index/resource_index/parent_prefix_path/v4l2_camera
[1.127s] -- Up-to-date: /home/f1tenth/f1tenth_ws/install/v4l2_camera/share/v4l2_camera/environment/ament_prefix_path.sh
[1.127s] -- Up-to-date: /home/f1tenth/f1tenth_ws/install/v4l2_camera/share/v4l2_camera/environment/ament_prefix_path.dsv
[1.128s] -- Up-to-date: /home/f1tenth/f1tenth_ws/install/v4l2_camera/share/v4l2_camera/environment/path.sh
[1.128s] -- Up-to-date: /home/f1tenth/f1tenth_ws/install/v4l2_camera/share/v4l2_camera/environment/path.dsv
[1.128s] -- Up-to-date: /home/f1tenth/f1tenth_ws/install/v4l2_camera/share/v4l2_camera/local_setup.bash
[1.129s] -- Up-to-date: /home/f1tenth/f1tenth_ws/install/v4l2_camera/share/v4l2_camera/local_setup.sh
[1.129s] -- Up-to-date: /home/f1tenth/f1tenth_ws/install/v4l2_camera/share/v4l2_camera/local_setup.zsh
[1.129s] -- Up-to-date: /home/f1tenth/f1tenth_ws/install/v4l2_camera/share/v4l2_camera/local_setup.dsv
[1.130s] -- Installing: /home/f1tenth/f1tenth_ws/install/v4l2_camera/share/v4l2_camera/package.dsv
[1.130s] -- Up-to-date: /home/f1tenth/f1tenth_ws/install/v4l2_camera/share/ament_index/resource_index/packages/v4l2_camera
[1.131s] -- Up-to-date: /home/f1tenth/f1tenth_ws/install/v4l2_camera/share/ament_index/resource_index/rclcpp_components/v4l2_camera
[1.131s] -- Up-to-date: /home/f1tenth/f1tenth_ws/install/v4l2_camera/share/v4l2_camera/cmake/export_v4l2_cameraExport.cmake
[1.131s] -- Up-to-date: /home/f1tenth/f1tenth_ws/install/v4l2_camera/share/v4l2_camera/cmake/export_v4l2_cameraExport-noconfig.cmake
[1.132s] -- Up-to-date: /home/f1tenth/f1tenth_ws/install/v4l2_camera/share/v4l2_camera/cmake/ament_cmake_export_include_directories-extras.cmake
[1.132s] -- Up-to-date: /home/f1tenth/f1tenth_ws/install/v4l2_camera/share/v4l2_camera/cmake/ament_cmake_export_targets-extras.cmake
[1.133s] -- Up-to-date: /home/f1tenth/f1tenth_ws/install/v4l2_camera/share/v4l2_camera/cmake/ament_cmake_export_libraries-extras.cmake
[1.133s] -- Up-to-date: /home/f1tenth/f1tenth_ws/install/v4l2_camera/share/v4l2_camera/cmake/ament_cmake_export_dependencies-extras.cmake
[1.134s] -- Up-to-date: /home/f1tenth/f1tenth_ws/install/v4l2_camera/share/v4l2_camera/cmake/v4l2_cameraConfig.cmake
[1.134s] -- Up-to-date: /home/f1tenth/f1tenth_ws/install/v4l2_camera/share/v4l2_camera/cmake/v4l2_cameraConfig-version.cmake
[1.134s] -- Up-to-date: /home/f1tenth/f1tenth_ws/install/v4l2_camera/share/v4l2_camera/package.xml
[1.145s] Invoked command in '/home/f1tenth/f1tenth_ws/build/v4l2_camera' returned '0': CMAKE_PREFIX_PATH=${CMAKE_PREFIX_PATH}:/home/f1tenth/f1tenth_ws/install/f1tenth_stack:/home/f1tenth/f1tenth_ws/install/joy_teleop:/home/f1tenth/f1tenth_ws/install/particle_filter:/home/f1tenth/f1tenth_ws/install/opencv_tools:/home/f1tenth/f1tenth_ws/install/mouse_teleop:/home/f1tenth/f1tenth_ws/install/key_teleop:/opt/ros/foxy /usr/bin/cmake --install /home/f1tenth/f1tenth_ws/build/v4l2_camera
