[2.221s] DEBUG:colcon:Command line arguments: ['/usr/bin/colcon', 'build', '--packages-select', 'camera_package']
[2.222s] DEBUG:colcon:Parsed command line arguments: Namespace(allow_overriding=[], ament_cmake_args=None, base_paths=['.'], build_base='build', catkin_cmake_args=None, catkin_skip_building_tests=False, cmake_args=None, cmake_clean_cache=False, cmake_clean_first=False, cmake_force_configure=False, cmake_target=None, cmake_target_skip_unavailable=False, continue_on_error=False, event_handlers=None, executor='parallel', ignore_user_meta=False, install_base='install', log_base=None, log_level=None, main=<bound method BuildVerb.main of <colcon_core.verb.build.BuildVerb object at 0xffffaf3609d0>>, merge_install=False, metas=['./colcon.meta'], mixin=None, mixin_files=None, mixin_verb=('build',), packages_above=None, packages_above_and_dependencies=None, packages_above_depth=None, packages_end=None, packages_ignore=None, packages_ignore_regex=None, packages_select=['camera_package'], packages_select_build_failed=False, packages_select_by_dep=None, packages_select_regex=None, packages_select_test_failures=False, packages_skip=None, packages_skip_build_finished=False, packages_skip_by_dep=None, packages_skip_regex=None, packages_skip_test_passed=False, packages_skip_up_to=None, packages_start=None, packages_up_to=None, packages_up_to_regex=None, parallel_workers=4, paths=None, symlink_install=False, test_result_base=None, verb_extension=<colcon_core.verb.build.BuildVerb object at 0xffffaf3609d0>, verb_name='build', verb_parser=<colcon_mixin.mixin.mixin_argument.MixinArgumentDecorator object at 0xffffaf360f70>)
[3.441s] Level 1:colcon.colcon_core.package_discovery:discover_packages(colcon_meta) check parameters
[3.442s] Level 1:colcon.colcon_core.package_discovery:discover_packages(recursive) check parameters
[3.442s] Level 1:colcon.colcon_core.package_discovery:discover_packages(ignore) check parameters
[3.442s] Level 1:colcon.colcon_core.package_discovery:discover_packages(path) check parameters
[3.442s] Level 1:colcon.colcon_core.package_discovery:discover_packages(colcon_meta) discover
[3.443s] Level 1:colcon.colcon_core.package_discovery:discover_packages(recursive) discover
[3.443s] INFO:colcon.colcon_core.package_discovery:Crawling recursively for packages in '/home/f1tenth/f1tenth_ws'
[3.443s] Level 1:colcon.colcon_core.package_identification:_identify(.) by extensions ['ignore', 'ignore_ament_install']
[3.444s] Level 1:colcon.colcon_core.package_identification:_identify(.) by extension 'ignore'
[3.444s] Level 1:colcon.colcon_core.package_identification:_identify(.) by extension 'ignore_ament_install'
[3.444s] Level 1:colcon.colcon_core.package_identification:_identify(.) by extensions ['colcon_pkg']
[3.445s] Level 1:colcon.colcon_core.package_identification:_identify(.) by extension 'colcon_pkg'
[3.445s] Level 1:colcon.colcon_core.package_identification:_identify(.) by extensions ['colcon_meta']
[3.445s] Level 1:colcon.colcon_core.package_identification:_identify(.) by extension 'colcon_meta'
[3.445s] Level 1:colcon.colcon_core.package_identification:_identify(.) by extensions ['ros']
[3.445s] Level 1:colcon.colcon_core.package_identification:_identify(.) by extension 'ros'
[3.524s] Level 1:colcon.colcon_core.package_identification:_identify(.) by extensions ['cmake', 'python']
[3.525s] Level 1:colcon.colcon_core.package_identification:_identify(.) by extension 'cmake'
[3.525s] Level 1:colcon.colcon_core.package_identification:_identify(.) by extension 'python'
[3.525s] Level 1:colcon.colcon_core.package_identification:_identify(.) by extensions ['python_setup_py']
[3.526s] Level 1:colcon.colcon_core.package_identification:_identify(.) by extension 'python_setup_py'
[3.526s] Level 1:colcon.colcon_core.package_identification:_identify(build) by extensions ['ignore', 'ignore_ament_install']
[3.527s] Level 1:colcon.colcon_core.package_identification:_identify(build) by extension 'ignore'
[3.527s] Level 1:colcon.colcon_core.package_identification:_identify(build) ignored
[3.528s] Level 1:colcon.colcon_core.package_identification:_identify(configuration) by extensions ['ignore', 'ignore_ament_install']
[3.529s] Level 1:colcon.colcon_core.package_identification:_identify(configuration) by extension 'ignore'
[3.529s] Level 1:colcon.colcon_core.package_identification:_identify(configuration) by extension 'ignore_ament_install'
[3.529s] Level 1:colcon.colcon_core.package_identification:_identify(configuration) by extensions ['colcon_pkg']
[3.530s] Level 1:colcon.colcon_core.package_identification:_identify(configuration) by extension 'colcon_pkg'
[3.530s] Level 1:colcon.colcon_core.package_identification:_identify(configuration) by extensions ['colcon_meta']
[3.530s] Level 1:colcon.colcon_core.package_identification:_identify(configuration) by extension 'colcon_meta'
[3.530s] Level 1:colcon.colcon_core.package_identification:_identify(configuration) by extensions ['ros']
[3.531s] Level 1:colcon.colcon_core.package_identification:_identify(configuration) by extension 'ros'
[3.531s] Level 1:colcon.colcon_core.package_identification:_identify(configuration) by extensions ['cmake', 'python']
[3.531s] Level 1:colcon.colcon_core.package_identification:_identify(configuration) by extension 'cmake'
[3.531s] Level 1:colcon.colcon_core.package_identification:_identify(configuration) by extension 'python'
[3.532s] Level 1:colcon.colcon_core.package_identification:_identify(configuration) by extensions ['python_setup_py']
[3.532s] Level 1:colcon.colcon_core.package_identification:_identify(configuration) by extension 'python_setup_py'
[3.533s] Level 1:colcon.colcon_core.package_identification:_identify(install) by extensions ['ignore', 'ignore_ament_install']
[3.533s] Level 1:colcon.colcon_core.package_identification:_identify(install) by extension 'ignore'
[3.535s] Level 1:colcon.colcon_core.package_identification:_identify(install) ignored
[3.538s] Level 1:colcon.colcon_core.package_identification:_identify(log) by extensions ['ignore', 'ignore_ament_install']
[3.538s] Level 1:colcon.colcon_core.package_identification:_identify(log) by extension 'ignore'
[3.539s] Level 1:colcon.colcon_core.package_identification:_identify(log) ignored
[3.539s] Level 1:colcon.colcon_core.package_identification:_identify(src) by extensions ['ignore', 'ignore_ament_install']
[3.539s] Level 1:colcon.colcon_core.package_identification:_identify(src) by extension 'ignore'
[3.540s] Level 1:colcon.colcon_core.package_identification:_identify(src) by extension 'ignore_ament_install'
[3.540s] Level 1:colcon.colcon_core.package_identification:_identify(src) by extensions ['colcon_pkg']
[3.540s] Level 1:colcon.colcon_core.package_identification:_identify(src) by extension 'colcon_pkg'
[3.540s] Level 1:colcon.colcon_core.package_identification:_identify(src) by extensions ['colcon_meta']
[3.541s] Level 1:colcon.colcon_core.package_identification:_identify(src) by extension 'colcon_meta'
[3.541s] Level 1:colcon.colcon_core.package_identification:_identify(src) by extensions ['ros']
[3.541s] Level 1:colcon.colcon_core.package_identification:_identify(src) by extension 'ros'
[3.541s] Level 1:colcon.colcon_core.package_identification:_identify(src) by extensions ['cmake', 'python']
[3.541s] Level 1:colcon.colcon_core.package_identification:_identify(src) by extension 'cmake'
[3.542s] Level 1:colcon.colcon_core.package_identification:_identify(src) by extension 'python'
[3.542s] Level 1:colcon.colcon_core.package_identification:_identify(src) by extensions ['python_setup_py']
[3.542s] Level 1:colcon.colcon_core.package_identification:_identify(src) by extension 'python_setup_py'
[3.543s] Level 1:colcon.colcon_core.package_identification:_identify(src/birds_eye_view) by extensions ['ignore', 'ignore_ament_install']
[3.543s] Level 1:colcon.colcon_core.package_identification:_identify(src/birds_eye_view) by extension 'ignore'
[3.543s] Level 1:colcon.colcon_core.package_identification:_identify(src/birds_eye_view) by extension 'ignore_ament_install'
[3.544s] Level 1:colcon.colcon_core.package_identification:_identify(src/birds_eye_view) by extensions ['colcon_pkg']
[3.544s] Level 1:colcon.colcon_core.package_identification:_identify(src/birds_eye_view) by extension 'colcon_pkg'
[3.544s] Level 1:colcon.colcon_core.package_identification:_identify(src/birds_eye_view) by extensions ['colcon_meta']
[3.546s] Level 1:colcon.colcon_core.package_identification:_identify(src/birds_eye_view) by extension 'colcon_meta'
[3.547s] Level 1:colcon.colcon_core.package_identification:_identify(src/birds_eye_view) by extensions ['ros']
[3.547s] Level 1:colcon.colcon_core.package_identification:_identify(src/birds_eye_view) by extension 'ros'
[3.563s] DEBUG:colcon.colcon_core.package_identification:Package 'src/birds_eye_view' with type 'ros.ament_cmake' and name 'birds_eye_view'
[3.564s] Level 1:colcon.colcon_core.package_identification:_identify(src/calibration) by extensions ['ignore', 'ignore_ament_install']
[3.564s] Level 1:colcon.colcon_core.package_identification:_identify(src/calibration) by extension 'ignore'
[3.564s] Level 1:colcon.colcon_core.package_identification:_identify(src/calibration) by extension 'ignore_ament_install'
[3.565s] Level 1:colcon.colcon_core.package_identification:_identify(src/calibration) by extensions ['colcon_pkg']
[3.565s] Level 1:colcon.colcon_core.package_identification:_identify(src/calibration) by extension 'colcon_pkg'
[3.565s] Level 1:colcon.colcon_core.package_identification:_identify(src/calibration) by extensions ['colcon_meta']
[3.565s] Level 1:colcon.colcon_core.package_identification:_identify(src/calibration) by extension 'colcon_meta'
[3.566s] Level 1:colcon.colcon_core.package_identification:_identify(src/calibration) by extensions ['ros']
[3.567s] Level 1:colcon.colcon_core.package_identification:_identify(src/calibration) by extension 'ros'
[3.571s] DEBUG:colcon.colcon_core.package_identification:Package 'src/calibration' with type 'ros.ament_cmake' and name 'calibration'
[3.572s] Level 1:colcon.colcon_core.package_identification:_identify(src/camera) by extensions ['ignore', 'ignore_ament_install']
[3.572s] Level 1:colcon.colcon_core.package_identification:_identify(src/camera) by extension 'ignore'
[3.573s] Level 1:colcon.colcon_core.package_identification:_identify(src/camera) by extension 'ignore_ament_install'
[3.575s] Level 1:colcon.colcon_core.package_identification:_identify(src/camera) by extensions ['colcon_pkg']
[3.575s] Level 1:colcon.colcon_core.package_identification:_identify(src/camera) by extension 'colcon_pkg'
[3.575s] Level 1:colcon.colcon_core.package_identification:_identify(src/camera) by extensions ['colcon_meta']
[3.576s] Level 1:colcon.colcon_core.package_identification:_identify(src/camera) by extension 'colcon_meta'
[3.576s] Level 1:colcon.colcon_core.package_identification:_identify(src/camera) by extensions ['ros']
[3.576s] Level 1:colcon.colcon_core.package_identification:_identify(src/camera) by extension 'ros'
[3.580s] DEBUG:colcon.colcon_core.package_identification:Package 'src/camera' with type 'ros.ament_cmake' and name 'camera'
[3.581s] Level 1:colcon.colcon_core.package_identification:_identify(src/camera_package) by extensions ['ignore', 'ignore_ament_install']
[3.582s] Level 1:colcon.colcon_core.package_identification:_identify(src/camera_package) by extension 'ignore'
[3.583s] Level 1:colcon.colcon_core.package_identification:_identify(src/camera_package) by extension 'ignore_ament_install'
[3.583s] Level 1:colcon.colcon_core.package_identification:_identify(src/camera_package) by extensions ['colcon_pkg']
[3.583s] Level 1:colcon.colcon_core.package_identification:_identify(src/camera_package) by extension 'colcon_pkg'
[3.584s] Level 1:colcon.colcon_core.package_identification:_identify(src/camera_package) by extensions ['colcon_meta']
[3.584s] Level 1:colcon.colcon_core.package_identification:_identify(src/camera_package) by extension 'colcon_meta'
[3.584s] Level 1:colcon.colcon_core.package_identification:_identify(src/camera_package) by extensions ['ros']
[3.585s] Level 1:colcon.colcon_core.package_identification:_identify(src/camera_package) by extension 'ros'
[3.594s] DEBUG:colcon.colcon_core.package_identification:Package 'src/camera_package' with type 'ros.ament_python' and name 'camera_package'
[3.595s] Level 1:colcon.colcon_core.package_identification:_identify(src/camera_publisher) by extensions ['ignore', 'ignore_ament_install']
[3.596s] Level 1:colcon.colcon_core.package_identification:_identify(src/camera_publisher) by extension 'ignore'
[3.596s] Level 1:colcon.colcon_core.package_identification:_identify(src/camera_publisher) by extension 'ignore_ament_install'
[3.596s] Level 1:colcon.colcon_core.package_identification:_identify(src/camera_publisher) by extensions ['colcon_pkg']
[3.597s] Level 1:colcon.colcon_core.package_identification:_identify(src/camera_publisher) by extension 'colcon_pkg'
[3.597s] Level 1:colcon.colcon_core.package_identification:_identify(src/camera_publisher) by extensions ['colcon_meta']
[3.597s] Level 1:colcon.colcon_core.package_identification:_identify(src/camera_publisher) by extension 'colcon_meta'
[3.597s] Level 1:colcon.colcon_core.package_identification:_identify(src/camera_publisher) by extensions ['ros']
[3.597s] Level 1:colcon.colcon_core.package_identification:_identify(src/camera_publisher) by extension 'ros'
[3.601s] DEBUG:colcon.colcon_core.package_identification:Package 'src/camera_publisher' with type 'ros.ament_python' and name 'camera_publisher'
[3.602s] Level 1:colcon.colcon_core.package_identification:_identify(src/camera_subscriber_pkg) by extensions ['ignore', 'ignore_ament_install']
[3.602s] Level 1:colcon.colcon_core.package_identification:_identify(src/camera_subscriber_pkg) by extension 'ignore'
[3.603s] Level 1:colcon.colcon_core.package_identification:_identify(src/camera_subscriber_pkg) by extension 'ignore_ament_install'
[3.603s] Level 1:colcon.colcon_core.package_identification:_identify(src/camera_subscriber_pkg) by extensions ['colcon_pkg']
[3.603s] Level 1:colcon.colcon_core.package_identification:_identify(src/camera_subscriber_pkg) by extension 'colcon_pkg'
[3.603s] Level 1:colcon.colcon_core.package_identification:_identify(src/camera_subscriber_pkg) by extensions ['colcon_meta']
[3.603s] Level 1:colcon.colcon_core.package_identification:_identify(src/camera_subscriber_pkg) by extension 'colcon_meta'
[3.604s] Level 1:colcon.colcon_core.package_identification:_identify(src/camera_subscriber_pkg) by extensions ['ros']
[3.604s] Level 1:colcon.colcon_core.package_identification:_identify(src/camera_subscriber_pkg) by extension 'ros'
[3.607s] DEBUG:colcon.colcon_core.package_identification:Package 'src/camera_subscriber_pkg' with type 'ros.ament_python' and name 'camera_subscriber_pkg'
[3.608s] Level 1:colcon.colcon_core.package_identification:_identify(src/csi_camera) by extensions ['ignore', 'ignore_ament_install']
[3.609s] Level 1:colcon.colcon_core.package_identification:_identify(src/csi_camera) by extension 'ignore'
[3.609s] Level 1:colcon.colcon_core.package_identification:_identify(src/csi_camera) by extension 'ignore_ament_install'
[3.609s] Level 1:colcon.colcon_core.package_identification:_identify(src/csi_camera) by extensions ['colcon_pkg']
[3.609s] Level 1:colcon.colcon_core.package_identification:_identify(src/csi_camera) by extension 'colcon_pkg'
[3.609s] Level 1:colcon.colcon_core.package_identification:_identify(src/csi_camera) by extensions ['colcon_meta']
[3.609s] Level 1:colcon.colcon_core.package_identification:_identify(src/csi_camera) by extension 'colcon_meta'
[3.610s] Level 1:colcon.colcon_core.package_identification:_identify(src/csi_camera) by extensions ['ros']
[3.610s] Level 1:colcon.colcon_core.package_identification:_identify(src/csi_camera) by extension 'ros'
[3.613s] DEBUG:colcon.colcon_core.package_identification:Package 'src/csi_camera' with type 'ros.ament_python' and name 'csi_camera'
[3.614s] Level 1:colcon.colcon_core.package_identification:_identify(src/f1tenth_system) by extensions ['ignore', 'ignore_ament_install']
[3.614s] Level 1:colcon.colcon_core.package_identification:_identify(src/f1tenth_system) by extension 'ignore'
[3.614s] Level 1:colcon.colcon_core.package_identification:_identify(src/f1tenth_system) by extension 'ignore_ament_install'
[3.616s] Level 1:colcon.colcon_core.package_identification:_identify(src/f1tenth_system) by extensions ['colcon_pkg']
[3.616s] Level 1:colcon.colcon_core.package_identification:_identify(src/f1tenth_system) by extension 'colcon_pkg'
[3.616s] Level 1:colcon.colcon_core.package_identification:_identify(src/f1tenth_system) by extensions ['colcon_meta']
[3.616s] Level 1:colcon.colcon_core.package_identification:_identify(src/f1tenth_system) by extension 'colcon_meta'
[3.616s] Level 1:colcon.colcon_core.package_identification:_identify(src/f1tenth_system) by extensions ['ros']
[3.617s] Level 1:colcon.colcon_core.package_identification:_identify(src/f1tenth_system) by extension 'ros'
[3.621s] Level 1:colcon.colcon_core.package_identification:_identify(src/f1tenth_system) by extensions ['cmake', 'python']
[3.621s] Level 1:colcon.colcon_core.package_identification:_identify(src/f1tenth_system) by extension 'cmake'
[3.621s] Level 1:colcon.colcon_core.package_identification:_identify(src/f1tenth_system) by extension 'python'
[3.622s] Level 1:colcon.colcon_core.package_identification:_identify(src/f1tenth_system) by extensions ['python_setup_py']
[3.622s] Level 1:colcon.colcon_core.package_identification:_identify(src/f1tenth_system) by extension 'python_setup_py'
[3.623s] Level 1:colcon.colcon_core.package_identification:_identify(src/f1tenth_system/ackermann_mux) by extensions ['ignore', 'ignore_ament_install']
[3.623s] Level 1:colcon.colcon_core.package_identification:_identify(src/f1tenth_system/ackermann_mux) by extension 'ignore'
[3.624s] Level 1:colcon.colcon_core.package_identification:_identify(src/f1tenth_system/ackermann_mux) by extension 'ignore_ament_install'
[3.624s] Level 1:colcon.colcon_core.package_identification:_identify(src/f1tenth_system/ackermann_mux) by extensions ['colcon_pkg']
[3.624s] Level 1:colcon.colcon_core.package_identification:_identify(src/f1tenth_system/ackermann_mux) by extension 'colcon_pkg'
[3.625s] Level 1:colcon.colcon_core.package_identification:_identify(src/f1tenth_system/ackermann_mux) by extensions ['colcon_meta']
[3.625s] Level 1:colcon.colcon_core.package_identification:_identify(src/f1tenth_system/ackermann_mux) by extension 'colcon_meta'
[3.625s] Level 1:colcon.colcon_core.package_identification:_identify(src/f1tenth_system/ackermann_mux) by extensions ['ros']
[3.625s] Level 1:colcon.colcon_core.package_identification:_identify(src/f1tenth_system/ackermann_mux) by extension 'ros'
[3.630s] DEBUG:colcon.colcon_core.package_identification:Package 'src/f1tenth_system/ackermann_mux' with type 'ros.ament_cmake' and name 'ackermann_mux'
[3.631s] Level 1:colcon.colcon_core.package_identification:_identify(src/f1tenth_system/f1tenth_stack) by extensions ['ignore', 'ignore_ament_install']
[3.632s] Level 1:colcon.colcon_core.package_identification:_identify(src/f1tenth_system/f1tenth_stack) by extension 'ignore'
[3.632s] Level 1:colcon.colcon_core.package_identification:_identify(src/f1tenth_system/f1tenth_stack) by extension 'ignore_ament_install'
[3.633s] Level 1:colcon.colcon_core.package_identification:_identify(src/f1tenth_system/f1tenth_stack) by extensions ['colcon_pkg']
[3.633s] Level 1:colcon.colcon_core.package_identification:_identify(src/f1tenth_system/f1tenth_stack) by extension 'colcon_pkg'
[3.634s] Level 1:colcon.colcon_core.package_identification:_identify(src/f1tenth_system/f1tenth_stack) by extensions ['colcon_meta']
[3.634s] Level 1:colcon.colcon_core.package_identification:_identify(src/f1tenth_system/f1tenth_stack) by extension 'colcon_meta'
[3.634s] Level 1:colcon.colcon_core.package_identification:_identify(src/f1tenth_system/f1tenth_stack) by extensions ['ros']
[3.634s] Level 1:colcon.colcon_core.package_identification:_identify(src/f1tenth_system/f1tenth_stack) by extension 'ros'
[3.640s] DEBUG:colcon.colcon_core.package_identification:Package 'src/f1tenth_system/f1tenth_stack' with type 'ros.ament_python' and name 'f1tenth_stack'
[3.640s] Level 1:colcon.colcon_core.package_identification:_identify(src/f1tenth_system/scripts) by extensions ['ignore', 'ignore_ament_install']
[3.641s] Level 1:colcon.colcon_core.package_identification:_identify(src/f1tenth_system/scripts) by extension 'ignore'
[3.641s] Level 1:colcon.colcon_core.package_identification:_identify(src/f1tenth_system/scripts) by extension 'ignore_ament_install'
[3.641s] Level 1:colcon.colcon_core.package_identification:_identify(src/f1tenth_system/scripts) by extensions ['colcon_pkg']
[3.641s] Level 1:colcon.colcon_core.package_identification:_identify(src/f1tenth_system/scripts) by extension 'colcon_pkg'
[3.642s] Level 1:colcon.colcon_core.package_identification:_identify(src/f1tenth_system/scripts) by extensions ['colcon_meta']
[3.642s] Level 1:colcon.colcon_core.package_identification:_identify(src/f1tenth_system/scripts) by extension 'colcon_meta'
[3.643s] Level 1:colcon.colcon_core.package_identification:_identify(src/f1tenth_system/scripts) by extensions ['ros']
[3.643s] Level 1:colcon.colcon_core.package_identification:_identify(src/f1tenth_system/scripts) by extension 'ros'
[3.644s] Level 1:colcon.colcon_core.package_identification:_identify(src/f1tenth_system/scripts) by extensions ['cmake', 'python']
[3.644s] Level 1:colcon.colcon_core.package_identification:_identify(src/f1tenth_system/scripts) by extension 'cmake'
[3.644s] Level 1:colcon.colcon_core.package_identification:_identify(src/f1tenth_system/scripts) by extension 'python'
[3.644s] Level 1:colcon.colcon_core.package_identification:_identify(src/f1tenth_system/scripts) by extensions ['python_setup_py']
[3.645s] Level 1:colcon.colcon_core.package_identification:_identify(src/f1tenth_system/scripts) by extension 'python_setup_py'
[3.645s] Level 1:colcon.colcon_core.package_identification:_identify(src/f1tenth_system/teleop_tools) by extensions ['ignore', 'ignore_ament_install']
[3.647s] Level 1:colcon.colcon_core.package_identification:_identify(src/f1tenth_system/teleop_tools) by extension 'ignore'
[3.648s] Level 1:colcon.colcon_core.package_identification:_identify(src/f1tenth_system/teleop_tools) by extension 'ignore_ament_install'
[3.649s] Level 1:colcon.colcon_core.package_identification:_identify(src/f1tenth_system/teleop_tools) by extensions ['colcon_pkg']
[3.650s] Level 1:colcon.colcon_core.package_identification:_identify(src/f1tenth_system/teleop_tools) by extension 'colcon_pkg'
[3.650s] Level 1:colcon.colcon_core.package_identification:_identify(src/f1tenth_system/teleop_tools) by extensions ['colcon_meta']
[3.650s] Level 1:colcon.colcon_core.package_identification:_identify(src/f1tenth_system/teleop_tools) by extension 'colcon_meta'
[3.651s] Level 1:colcon.colcon_core.package_identification:_identify(src/f1tenth_system/teleop_tools) by extensions ['ros']
[3.651s] Level 1:colcon.colcon_core.package_identification:_identify(src/f1tenth_system/teleop_tools) by extension 'ros'
[3.651s] Level 1:colcon.colcon_core.package_identification:_identify(src/f1tenth_system/teleop_tools) by extensions ['cmake', 'python']
[3.651s] Level 1:colcon.colcon_core.package_identification:_identify(src/f1tenth_system/teleop_tools) by extension 'cmake'
[3.652s] Level 1:colcon.colcon_core.package_identification:_identify(src/f1tenth_system/teleop_tools) by extension 'python'
[3.652s] Level 1:colcon.colcon_core.package_identification:_identify(src/f1tenth_system/teleop_tools) by extensions ['python_setup_py']
[3.652s] Level 1:colcon.colcon_core.package_identification:_identify(src/f1tenth_system/teleop_tools) by extension 'python_setup_py'
[3.653s] Level 1:colcon.colcon_core.package_identification:_identify(src/f1tenth_system/teleop_tools/joy_teleop) by extensions ['ignore', 'ignore_ament_install']
[3.653s] Level 1:colcon.colcon_core.package_identification:_identify(src/f1tenth_system/teleop_tools/joy_teleop) by extension 'ignore'
[3.654s] Level 1:colcon.colcon_core.package_identification:_identify(src/f1tenth_system/teleop_tools/joy_teleop) by extension 'ignore_ament_install'
[3.654s] Level 1:colcon.colcon_core.package_identification:_identify(src/f1tenth_system/teleop_tools/joy_teleop) by extensions ['colcon_pkg']
[3.654s] Level 1:colcon.colcon_core.package_identification:_identify(src/f1tenth_system/teleop_tools/joy_teleop) by extension 'colcon_pkg'
[3.654s] Level 1:colcon.colcon_core.package_identification:_identify(src/f1tenth_system/teleop_tools/joy_teleop) by extensions ['colcon_meta']
[3.655s] Level 1:colcon.colcon_core.package_identification:_identify(src/f1tenth_system/teleop_tools/joy_teleop) by extension 'colcon_meta'
[3.655s] Level 1:colcon.colcon_core.package_identification:_identify(src/f1tenth_system/teleop_tools/joy_teleop) by extensions ['ros']
[3.655s] Level 1:colcon.colcon_core.package_identification:_identify(src/f1tenth_system/teleop_tools/joy_teleop) by extension 'ros'
[3.658s] DEBUG:colcon.colcon_core.package_identification:Package 'src/f1tenth_system/teleop_tools/joy_teleop' with type 'ros.ament_python' and name 'joy_teleop'
[3.660s] Level 1:colcon.colcon_core.package_identification:_identify(src/f1tenth_system/teleop_tools/key_teleop) by extensions ['ignore', 'ignore_ament_install']
[3.660s] Level 1:colcon.colcon_core.package_identification:_identify(src/f1tenth_system/teleop_tools/key_teleop) by extension 'ignore'
[3.660s] Level 1:colcon.colcon_core.package_identification:_identify(src/f1tenth_system/teleop_tools/key_teleop) by extension 'ignore_ament_install'
[3.661s] Level 1:colcon.colcon_core.package_identification:_identify(src/f1tenth_system/teleop_tools/key_teleop) by extensions ['colcon_pkg']
[3.661s] Level 1:colcon.colcon_core.package_identification:_identify(src/f1tenth_system/teleop_tools/key_teleop) by extension 'colcon_pkg'
[3.661s] Level 1:colcon.colcon_core.package_identification:_identify(src/f1tenth_system/teleop_tools/key_teleop) by extensions ['colcon_meta']
[3.661s] Level 1:colcon.colcon_core.package_identification:_identify(src/f1tenth_system/teleop_tools/key_teleop) by extension 'colcon_meta'
[3.662s] Level 1:colcon.colcon_core.package_identification:_identify(src/f1tenth_system/teleop_tools/key_teleop) by extensions ['ros']
[3.662s] Level 1:colcon.colcon_core.package_identification:_identify(src/f1tenth_system/teleop_tools/key_teleop) by extension 'ros'
[3.672s] DEBUG:colcon.colcon_core.package_identification:Package 'src/f1tenth_system/teleop_tools/key_teleop' with type 'ros.ament_python' and name 'key_teleop'
[3.674s] Level 1:colcon.colcon_core.package_identification:_identify(src/f1tenth_system/teleop_tools/mouse_teleop) by extensions ['ignore', 'ignore_ament_install']
[3.675s] Level 1:colcon.colcon_core.package_identification:_identify(src/f1tenth_system/teleop_tools/mouse_teleop) by extension 'ignore'
[3.675s] Level 1:colcon.colcon_core.package_identification:_identify(src/f1tenth_system/teleop_tools/mouse_teleop) by extension 'ignore_ament_install'
[3.676s] Level 1:colcon.colcon_core.package_identification:_identify(src/f1tenth_system/teleop_tools/mouse_teleop) by extensions ['colcon_pkg']
[3.676s] Level 1:colcon.colcon_core.package_identification:_identify(src/f1tenth_system/teleop_tools/mouse_teleop) by extension 'colcon_pkg'
[3.676s] Level 1:colcon.colcon_core.package_identification:_identify(src/f1tenth_system/teleop_tools/mouse_teleop) by extensions ['colcon_meta']
[3.676s] Level 1:colcon.colcon_core.package_identification:_identify(src/f1tenth_system/teleop_tools/mouse_teleop) by extension 'colcon_meta'
[3.676s] Level 1:colcon.colcon_core.package_identification:_identify(src/f1tenth_system/teleop_tools/mouse_teleop) by extensions ['ros']
[3.677s] Level 1:colcon.colcon_core.package_identification:_identify(src/f1tenth_system/teleop_tools/mouse_teleop) by extension 'ros'
[3.680s] DEBUG:colcon.colcon_core.package_identification:Package 'src/f1tenth_system/teleop_tools/mouse_teleop' with type 'ros.ament_python' and name 'mouse_teleop'
[3.680s] Level 1:colcon.colcon_core.package_identification:_identify(src/f1tenth_system/teleop_tools/teleop_tools) by extensions ['ignore', 'ignore_ament_install']
[3.681s] Level 1:colcon.colcon_core.package_identification:_identify(src/f1tenth_system/teleop_tools/teleop_tools) by extension 'ignore'
[3.681s] Level 1:colcon.colcon_core.package_identification:_identify(src/f1tenth_system/teleop_tools/teleop_tools) by extension 'ignore_ament_install'
[3.682s] Level 1:colcon.colcon_core.package_identification:_identify(src/f1tenth_system/teleop_tools/teleop_tools) by extensions ['colcon_pkg']
[3.682s] Level 1:colcon.colcon_core.package_identification:_identify(src/f1tenth_system/teleop_tools/teleop_tools) by extension 'colcon_pkg'
[3.682s] Level 1:colcon.colcon_core.package_identification:_identify(src/f1tenth_system/teleop_tools/teleop_tools) by extensions ['colcon_meta']
[3.682s] Level 1:colcon.colcon_core.package_identification:_identify(src/f1tenth_system/teleop_tools/teleop_tools) by extension 'colcon_meta'
[3.683s] Level 1:colcon.colcon_core.package_identification:_identify(src/f1tenth_system/teleop_tools/teleop_tools) by extensions ['ros']
[3.683s] Level 1:colcon.colcon_core.package_identification:_identify(src/f1tenth_system/teleop_tools/teleop_tools) by extension 'ros'
[3.685s] DEBUG:colcon.colcon_core.package_identification:Package 'src/f1tenth_system/teleop_tools/teleop_tools' with type 'ros.ament_cmake' and name 'teleop_tools'
[3.690s] Level 1:colcon.colcon_core.package_identification:_identify(src/f1tenth_system/teleop_tools/teleop_tools_msgs) by extensions ['ignore', 'ignore_ament_install']
[3.694s] Level 1:colcon.colcon_core.package_identification:_identify(src/f1tenth_system/teleop_tools/teleop_tools_msgs) by extension 'ignore'
[3.695s] Level 1:colcon.colcon_core.package_identification:_identify(src/f1tenth_system/teleop_tools/teleop_tools_msgs) by extension 'ignore_ament_install'
[3.695s] Level 1:colcon.colcon_core.package_identification:_identify(src/f1tenth_system/teleop_tools/teleop_tools_msgs) by extensions ['colcon_pkg']
[3.696s] Level 1:colcon.colcon_core.package_identification:_identify(src/f1tenth_system/teleop_tools/teleop_tools_msgs) by extension 'colcon_pkg'
[3.696s] Level 1:colcon.colcon_core.package_identification:_identify(src/f1tenth_system/teleop_tools/teleop_tools_msgs) by extensions ['colcon_meta']
[3.696s] Level 1:colcon.colcon_core.package_identification:_identify(src/f1tenth_system/teleop_tools/teleop_tools_msgs) by extension 'colcon_meta'
[3.697s] Level 1:colcon.colcon_core.package_identification:_identify(src/f1tenth_system/teleop_tools/teleop_tools_msgs) by extensions ['ros']
[3.697s] Level 1:colcon.colcon_core.package_identification:_identify(src/f1tenth_system/teleop_tools/teleop_tools_msgs) by extension 'ros'
[3.701s] DEBUG:colcon.colcon_core.package_identification:Package 'src/f1tenth_system/teleop_tools/teleop_tools_msgs' with type 'ros.ament_cmake' and name 'teleop_tools_msgs'
[3.701s] Level 1:colcon.colcon_core.package_identification:_identify(src/f1tenth_system/vesc) by extensions ['ignore', 'ignore_ament_install']
[3.702s] Level 1:colcon.colcon_core.package_identification:_identify(src/f1tenth_system/vesc) by extension 'ignore'
[3.702s] Level 1:colcon.colcon_core.package_identification:_identify(src/f1tenth_system/vesc) by extension 'ignore_ament_install'
[3.703s] Level 1:colcon.colcon_core.package_identification:_identify(src/f1tenth_system/vesc) by extensions ['colcon_pkg']
[3.703s] Level 1:colcon.colcon_core.package_identification:_identify(src/f1tenth_system/vesc) by extension 'colcon_pkg'
[3.703s] Level 1:colcon.colcon_core.package_identification:_identify(src/f1tenth_system/vesc) by extensions ['colcon_meta']
[3.703s] Level 1:colcon.colcon_core.package_identification:_identify(src/f1tenth_system/vesc) by extension 'colcon_meta'
[3.703s] Level 1:colcon.colcon_core.package_identification:_identify(src/f1tenth_system/vesc) by extensions ['ros']
[3.703s] Level 1:colcon.colcon_core.package_identification:_identify(src/f1tenth_system/vesc) by extension 'ros'
[3.704s] Level 1:colcon.colcon_core.package_identification:_identify(src/f1tenth_system/vesc) by extensions ['cmake', 'python']
[3.704s] Level 1:colcon.colcon_core.package_identification:_identify(src/f1tenth_system/vesc) by extension 'cmake'
[3.704s] Level 1:colcon.colcon_core.package_identification:_identify(src/f1tenth_system/vesc) by extension 'python'
[3.704s] Level 1:colcon.colcon_core.package_identification:_identify(src/f1tenth_system/vesc) by extensions ['python_setup_py']
[3.710s] Level 1:colcon.colcon_core.package_identification:_identify(src/f1tenth_system/vesc) by extension 'python_setup_py'
[3.713s] Level 1:colcon.colcon_core.package_identification:_identify(src/f1tenth_system/vesc/vesc) by extensions ['ignore', 'ignore_ament_install']
[3.714s] Level 1:colcon.colcon_core.package_identification:_identify(src/f1tenth_system/vesc/vesc) by extension 'ignore'
[3.714s] Level 1:colcon.colcon_core.package_identification:_identify(src/f1tenth_system/vesc/vesc) by extension 'ignore_ament_install'
[3.714s] Level 1:colcon.colcon_core.package_identification:_identify(src/f1tenth_system/vesc/vesc) by extensions ['colcon_pkg']
[3.715s] Level 1:colcon.colcon_core.package_identification:_identify(src/f1tenth_system/vesc/vesc) by extension 'colcon_pkg'
[3.715s] Level 1:colcon.colcon_core.package_identification:_identify(src/f1tenth_system/vesc/vesc) by extensions ['colcon_meta']
[3.715s] Level 1:colcon.colcon_core.package_identification:_identify(src/f1tenth_system/vesc/vesc) by extension 'colcon_meta'
[3.715s] Level 1:colcon.colcon_core.package_identification:_identify(src/f1tenth_system/vesc/vesc) by extensions ['ros']
[3.715s] Level 1:colcon.colcon_core.package_identification:_identify(src/f1tenth_system/vesc/vesc) by extension 'ros'
[3.721s] DEBUG:colcon.colcon_core.package_identification:Package 'src/f1tenth_system/vesc/vesc' with type 'ros.ament_cmake' and name 'vesc'
[3.723s] Level 1:colcon.colcon_core.package_identification:_identify(src/f1tenth_system/vesc/vesc_ackermann) by extensions ['ignore', 'ignore_ament_install']
[3.723s] Level 1:colcon.colcon_core.package_identification:_identify(src/f1tenth_system/vesc/vesc_ackermann) by extension 'ignore'
[3.724s] Level 1:colcon.colcon_core.package_identification:_identify(src/f1tenth_system/vesc/vesc_ackermann) by extension 'ignore_ament_install'
[3.724s] Level 1:colcon.colcon_core.package_identification:_identify(src/f1tenth_system/vesc/vesc_ackermann) by extensions ['colcon_pkg']
[3.724s] Level 1:colcon.colcon_core.package_identification:_identify(src/f1tenth_system/vesc/vesc_ackermann) by extension 'colcon_pkg'
[3.724s] Level 1:colcon.colcon_core.package_identification:_identify(src/f1tenth_system/vesc/vesc_ackermann) by extensions ['colcon_meta']
[3.724s] Level 1:colcon.colcon_core.package_identification:_identify(src/f1tenth_system/vesc/vesc_ackermann) by extension 'colcon_meta'
[3.725s] Level 1:colcon.colcon_core.package_identification:_identify(src/f1tenth_system/vesc/vesc_ackermann) by extensions ['ros']
[3.725s] Level 1:colcon.colcon_core.package_identification:_identify(src/f1tenth_system/vesc/vesc_ackermann) by extension 'ros'
[3.737s] DEBUG:colcon.colcon_core.package_identification:Package 'src/f1tenth_system/vesc/vesc_ackermann' with type 'ros.ament_cmake' and name 'vesc_ackermann'
[3.738s] Level 1:colcon.colcon_core.package_identification:_identify(src/f1tenth_system/vesc/vesc_driver) by extensions ['ignore', 'ignore_ament_install']
[3.738s] Level 1:colcon.colcon_core.package_identification:_identify(src/f1tenth_system/vesc/vesc_driver) by extension 'ignore'
[3.739s] Level 1:colcon.colcon_core.package_identification:_identify(src/f1tenth_system/vesc/vesc_driver) by extension 'ignore_ament_install'
[3.739s] Level 1:colcon.colcon_core.package_identification:_identify(src/f1tenth_system/vesc/vesc_driver) by extensions ['colcon_pkg']
[3.739s] Level 1:colcon.colcon_core.package_identification:_identify(src/f1tenth_system/vesc/vesc_driver) by extension 'colcon_pkg'
[3.740s] Level 1:colcon.colcon_core.package_identification:_identify(src/f1tenth_system/vesc/vesc_driver) by extensions ['colcon_meta']
[3.740s] Level 1:colcon.colcon_core.package_identification:_identify(src/f1tenth_system/vesc/vesc_driver) by extension 'colcon_meta'
[3.740s] Level 1:colcon.colcon_core.package_identification:_identify(src/f1tenth_system/vesc/vesc_driver) by extensions ['ros']
[3.740s] Level 1:colcon.colcon_core.package_identification:_identify(src/f1tenth_system/vesc/vesc_driver) by extension 'ros'
[3.747s] DEBUG:colcon.colcon_core.package_identification:Package 'src/f1tenth_system/vesc/vesc_driver' with type 'ros.ament_cmake' and name 'vesc_driver'
[3.748s] Level 1:colcon.colcon_core.package_identification:_identify(src/f1tenth_system/vesc/vesc_msgs) by extensions ['ignore', 'ignore_ament_install']
[3.749s] Level 1:colcon.colcon_core.package_identification:_identify(src/f1tenth_system/vesc/vesc_msgs) by extension 'ignore'
[3.753s] Level 1:colcon.colcon_core.package_identification:_identify(src/f1tenth_system/vesc/vesc_msgs) by extension 'ignore_ament_install'
[3.755s] Level 1:colcon.colcon_core.package_identification:_identify(src/f1tenth_system/vesc/vesc_msgs) by extensions ['colcon_pkg']
[3.756s] Level 1:colcon.colcon_core.package_identification:_identify(src/f1tenth_system/vesc/vesc_msgs) by extension 'colcon_pkg'
[3.756s] Level 1:colcon.colcon_core.package_identification:_identify(src/f1tenth_system/vesc/vesc_msgs) by extensions ['colcon_meta']
[3.756s] Level 1:colcon.colcon_core.package_identification:_identify(src/f1tenth_system/vesc/vesc_msgs) by extension 'colcon_meta'
[3.756s] Level 1:colcon.colcon_core.package_identification:_identify(src/f1tenth_system/vesc/vesc_msgs) by extensions ['ros']
[3.757s] Level 1:colcon.colcon_core.package_identification:_identify(src/f1tenth_system/vesc/vesc_msgs) by extension 'ros'
[3.764s] DEBUG:colcon.colcon_core.package_identification:Package 'src/f1tenth_system/vesc/vesc_msgs' with type 'ros.ament_cmake' and name 'vesc_msgs'
[3.764s] Level 1:colcon.colcon_core.package_identification:_identify(src/internal_interface) by extensions ['ignore', 'ignore_ament_install']
[3.765s] Level 1:colcon.colcon_core.package_identification:_identify(src/internal_interface) by extension 'ignore'
[3.765s] Level 1:colcon.colcon_core.package_identification:_identify(src/internal_interface) by extension 'ignore_ament_install'
[3.765s] Level 1:colcon.colcon_core.package_identification:_identify(src/internal_interface) by extensions ['colcon_pkg']
[3.766s] Level 1:colcon.colcon_core.package_identification:_identify(src/internal_interface) by extension 'colcon_pkg'
[3.766s] Level 1:colcon.colcon_core.package_identification:_identify(src/internal_interface) by extensions ['colcon_meta']
[3.766s] Level 1:colcon.colcon_core.package_identification:_identify(src/internal_interface) by extension 'colcon_meta'
[3.766s] Level 1:colcon.colcon_core.package_identification:_identify(src/internal_interface) by extensions ['ros']
[3.766s] Level 1:colcon.colcon_core.package_identification:_identify(src/internal_interface) by extension 'ros'
[3.771s] DEBUG:colcon.colcon_core.package_identification:Package 'src/internal_interface' with type 'ros.ament_cmake' and name 'internal_interface'
[3.772s] Level 1:colcon.colcon_core.package_identification:_identify(src/lane_following) by extensions ['ignore', 'ignore_ament_install']
[3.772s] Level 1:colcon.colcon_core.package_identification:_identify(src/lane_following) by extension 'ignore'
[3.772s] Level 1:colcon.colcon_core.package_identification:_identify(src/lane_following) by extension 'ignore_ament_install'
[3.773s] Level 1:colcon.colcon_core.package_identification:_identify(src/lane_following) by extensions ['colcon_pkg']
[3.773s] Level 1:colcon.colcon_core.package_identification:_identify(src/lane_following) by extension 'colcon_pkg'
[3.773s] Level 1:colcon.colcon_core.package_identification:_identify(src/lane_following) by extensions ['colcon_meta']
[3.773s] Level 1:colcon.colcon_core.package_identification:_identify(src/lane_following) by extension 'colcon_meta'
[3.774s] Level 1:colcon.colcon_core.package_identification:_identify(src/lane_following) by extensions ['ros']
[3.774s] Level 1:colcon.colcon_core.package_identification:_identify(src/lane_following) by extension 'ros'
[3.777s] DEBUG:colcon.colcon_core.package_identification:Package 'src/lane_following' with type 'ros.ament_cmake' and name 'lane_following'
[3.778s] Level 1:colcon.colcon_core.package_identification:_identify(src/lane_pure_pursuit) by extensions ['ignore', 'ignore_ament_install']
[3.783s] Level 1:colcon.colcon_core.package_identification:_identify(src/lane_pure_pursuit) by extension 'ignore'
[3.784s] Level 1:colcon.colcon_core.package_identification:_identify(src/lane_pure_pursuit) by extension 'ignore_ament_install'
[3.784s] Level 1:colcon.colcon_core.package_identification:_identify(src/lane_pure_pursuit) by extensions ['colcon_pkg']
[3.785s] Level 1:colcon.colcon_core.package_identification:_identify(src/lane_pure_pursuit) by extension 'colcon_pkg'
[3.786s] Level 1:colcon.colcon_core.package_identification:_identify(src/lane_pure_pursuit) by extensions ['colcon_meta']
[3.789s] Level 1:colcon.colcon_core.package_identification:_identify(src/lane_pure_pursuit) by extension 'colcon_meta'
[3.789s] Level 1:colcon.colcon_core.package_identification:_identify(src/lane_pure_pursuit) by extensions ['ros']
[3.789s] Level 1:colcon.colcon_core.package_identification:_identify(src/lane_pure_pursuit) by extension 'ros'
[3.795s] DEBUG:colcon.colcon_core.package_identification:Package 'src/lane_pure_pursuit' with type 'ros.ament_python' and name 'lane_pure_pursuit'
[3.796s] Level 1:colcon.colcon_core.package_identification:_identify(src/particle_filter) by extensions ['ignore', 'ignore_ament_install']
[3.796s] Level 1:colcon.colcon_core.package_identification:_identify(src/particle_filter) by extension 'ignore'
[3.797s] Level 1:colcon.colcon_core.package_identification:_identify(src/particle_filter) by extension 'ignore_ament_install'
[3.798s] Level 1:colcon.colcon_core.package_identification:_identify(src/particle_filter) by extensions ['colcon_pkg']
[3.798s] Level 1:colcon.colcon_core.package_identification:_identify(src/particle_filter) by extension 'colcon_pkg'
[3.799s] Level 1:colcon.colcon_core.package_identification:_identify(src/particle_filter) by extensions ['colcon_meta']
[3.799s] Level 1:colcon.colcon_core.package_identification:_identify(src/particle_filter) by extension 'colcon_meta'
[3.799s] Level 1:colcon.colcon_core.package_identification:_identify(src/particle_filter) by extensions ['ros']
[3.799s] Level 1:colcon.colcon_core.package_identification:_identify(src/particle_filter) by extension 'ros'
[3.805s] DEBUG:colcon.colcon_core.package_identification:Package 'src/particle_filter' with type 'ros.ament_python' and name 'particle_filter'
[3.806s] Level 1:colcon.colcon_core.package_identification:_identify(src/pure_pursuit) by extensions ['ignore', 'ignore_ament_install']
[3.806s] Level 1:colcon.colcon_core.package_identification:_identify(src/pure_pursuit) by extension 'ignore'
[3.806s] Level 1:colcon.colcon_core.package_identification:_identify(src/pure_pursuit) by extension 'ignore_ament_install'
[3.806s] Level 1:colcon.colcon_core.package_identification:_identify(src/pure_pursuit) by extensions ['colcon_pkg']
[3.807s] Level 1:colcon.colcon_core.package_identification:_identify(src/pure_pursuit) by extension 'colcon_pkg'
[3.807s] Level 1:colcon.colcon_core.package_identification:_identify(src/pure_pursuit) by extensions ['colcon_meta']
[3.807s] Level 1:colcon.colcon_core.package_identification:_identify(src/pure_pursuit) by extension 'colcon_meta'
[3.807s] Level 1:colcon.colcon_core.package_identification:_identify(src/pure_pursuit) by extensions ['ros']
[3.807s] Level 1:colcon.colcon_core.package_identification:_identify(src/pure_pursuit) by extension 'ros'
[3.812s] DEBUG:colcon.colcon_core.package_identification:Package 'src/pure_pursuit' with type 'ros.ament_cmake' and name 'pure_pursuit'
[3.813s] Level 1:colcon.colcon_core.package_identification:_identify(src/rplidar_ros) by extensions ['ignore', 'ignore_ament_install']
[3.813s] Level 1:colcon.colcon_core.package_identification:_identify(src/rplidar_ros) by extension 'ignore'
[3.813s] Level 1:colcon.colcon_core.package_identification:_identify(src/rplidar_ros) by extension 'ignore_ament_install'
[3.814s] Level 1:colcon.colcon_core.package_identification:_identify(src/rplidar_ros) by extensions ['colcon_pkg']
[3.814s] Level 1:colcon.colcon_core.package_identification:_identify(src/rplidar_ros) by extension 'colcon_pkg'
[3.814s] Level 1:colcon.colcon_core.package_identification:_identify(src/rplidar_ros) by extensions ['colcon_meta']
[3.814s] Level 1:colcon.colcon_core.package_identification:_identify(src/rplidar_ros) by extension 'colcon_meta'
[3.814s] Level 1:colcon.colcon_core.package_identification:_identify(src/rplidar_ros) by extensions ['ros']
[3.815s] Level 1:colcon.colcon_core.package_identification:_identify(src/rplidar_ros) by extension 'ros'
[3.817s] DEBUG:colcon.colcon_core.package_identification:Package 'src/rplidar_ros' with type 'ros.ament_cmake' and name 'rplidar_ros'
[3.818s] Level 1:colcon.colcon_core.package_identification:_identify(src/waypoint_generator) by extensions ['ignore', 'ignore_ament_install']
[3.819s] Level 1:colcon.colcon_core.package_identification:_identify(src/waypoint_generator) by extension 'ignore'
[3.819s] Level 1:colcon.colcon_core.package_identification:_identify(src/waypoint_generator) by extension 'ignore_ament_install'
[3.819s] Level 1:colcon.colcon_core.package_identification:_identify(src/waypoint_generator) by extensions ['colcon_pkg']
[3.819s] Level 1:colcon.colcon_core.package_identification:_identify(src/waypoint_generator) by extension 'colcon_pkg'
[3.820s] Level 1:colcon.colcon_core.package_identification:_identify(src/waypoint_generator) by extensions ['colcon_meta']
[3.820s] Level 1:colcon.colcon_core.package_identification:_identify(src/waypoint_generator) by extension 'colcon_meta'
[3.820s] Level 1:colcon.colcon_core.package_identification:_identify(src/waypoint_generator) by extensions ['ros']
[3.820s] Level 1:colcon.colcon_core.package_identification:_identify(src/waypoint_generator) by extension 'ros'
[3.833s] DEBUG:colcon.colcon_core.package_identification:Package 'src/waypoint_generator' with type 'ros.ament_cmake' and name 'waypoint_generator'
[3.833s] Level 1:colcon.colcon_core.package_discovery:discover_packages(recursive) using defaults
[3.833s] Level 1:colcon.colcon_core.package_discovery:discover_packages(ignore) discover
[3.834s] Level 1:colcon.colcon_core.package_discovery:discover_packages(ignore) using defaults
[3.834s] Level 1:colcon.colcon_core.package_discovery:discover_packages(path) discover
[3.834s] Level 1:colcon.colcon_core.package_discovery:discover_packages(path) using defaults
[4.030s] INFO:colcon.colcon_core.package_selection:Skipping not selected package 'ackermann_mux' in 'src/f1tenth_system/ackermann_mux'
[4.030s] INFO:colcon.colcon_core.package_selection:Skipping not selected package 'camera_publisher' in 'src/camera_publisher'
[4.030s] INFO:colcon.colcon_core.package_selection:Skipping not selected package 'camera_subscriber_pkg' in 'src/camera_subscriber_pkg'
[4.031s] INFO:colcon.colcon_core.package_selection:Skipping not selected package 'csi_camera' in 'src/csi_camera'
[4.031s] INFO:colcon.colcon_core.package_selection:Skipping not selected package 'internal_interface' in 'src/internal_interface'
[4.031s] INFO:colcon.colcon_core.package_selection:Skipping not selected package 'key_teleop' in 'src/f1tenth_system/teleop_tools/key_teleop'
[4.031s] INFO:colcon.colcon_core.package_selection:Skipping not selected package 'lane_pure_pursuit' in 'src/lane_pure_pursuit'
[4.031s] INFO:colcon.colcon_core.package_selection:Skipping not selected package 'mouse_teleop' in 'src/f1tenth_system/teleop_tools/mouse_teleop'
[4.031s] INFO:colcon.colcon_core.package_selection:Skipping not selected package 'particle_filter' in 'src/particle_filter'
[4.031s] INFO:colcon.colcon_core.package_selection:Skipping not selected package 'pure_pursuit' in 'src/pure_pursuit'
[4.032s] INFO:colcon.colcon_core.package_selection:Skipping not selected package 'rplidar_ros' in 'src/rplidar_ros'
[4.032s] INFO:colcon.colcon_core.package_selection:Skipping not selected package 'teleop_tools_msgs' in 'src/f1tenth_system/teleop_tools/teleop_tools_msgs'
[4.032s] INFO:colcon.colcon_core.package_selection:Skipping not selected package 'vesc_msgs' in 'src/f1tenth_system/vesc/vesc_msgs'
[4.032s] INFO:colcon.colcon_core.package_selection:Skipping not selected package 'waypoint_generator' in 'src/waypoint_generator'
[4.032s] INFO:colcon.colcon_core.package_selection:Skipping not selected package 'camera' in 'src/camera'
[4.033s] INFO:colcon.colcon_core.package_selection:Skipping not selected package 'joy_teleop' in 'src/f1tenth_system/teleop_tools/joy_teleop'
[4.033s] INFO:colcon.colcon_core.package_selection:Skipping not selected package 'vesc_ackermann' in 'src/f1tenth_system/vesc/vesc_ackermann'
[4.033s] INFO:colcon.colcon_core.package_selection:Skipping not selected package 'vesc_driver' in 'src/f1tenth_system/vesc/vesc_driver'
[4.033s] INFO:colcon.colcon_core.package_selection:Skipping not selected package 'birds_eye_view' in 'src/birds_eye_view'
[4.033s] INFO:colcon.colcon_core.package_selection:Skipping not selected package 'lane_following' in 'src/lane_following'
[4.034s] INFO:colcon.colcon_core.package_selection:Skipping not selected package 'teleop_tools' in 'src/f1tenth_system/teleop_tools/teleop_tools'
[4.034s] INFO:colcon.colcon_core.package_selection:Skipping not selected package 'vesc' in 'src/f1tenth_system/vesc/vesc'
[4.034s] INFO:colcon.colcon_core.package_selection:Skipping not selected package 'calibration' in 'src/calibration'
[4.034s] INFO:colcon.colcon_core.package_selection:Skipping not selected package 'f1tenth_stack' in 'src/f1tenth_system/f1tenth_stack'
[4.036s] Level 1:colcon.colcon_core.package_discovery:discover_packages(prefix_path) check parameters
[4.036s] Level 1:colcon.colcon_core.package_discovery:discover_packages(prefix_path) discover
[4.073s] DEBUG:colcon.colcon_installed_package_information.package_discovery:Found 32 installed packages in /home/f1tenth/f1tenth_ws/install
[4.082s] DEBUG:colcon.colcon_installed_package_information.package_discovery:Found 288 installed packages in /opt/ros/foxy
[4.091s] Level 1:colcon.colcon_core.package_discovery:discover_packages(prefix_path) using defaults
[4.435s] Level 5:colcon.colcon_core.verb:set package 'camera_package' build argument 'cmake_args' from command line to 'None'
[4.435s] Level 5:colcon.colcon_core.verb:set package 'camera_package' build argument 'cmake_target' from command line to 'None'
[4.435s] Level 5:colcon.colcon_core.verb:set package 'camera_package' build argument 'cmake_target_skip_unavailable' from command line to 'False'
[4.435s] Level 5:colcon.colcon_core.verb:set package 'camera_package' build argument 'cmake_clean_cache' from command line to 'False'
[4.435s] Level 5:colcon.colcon_core.verb:set package 'camera_package' build argument 'cmake_clean_first' from command line to 'False'
[4.436s] Level 5:colcon.colcon_core.verb:set package 'camera_package' build argument 'cmake_force_configure' from command line to 'False'
[4.436s] Level 5:colcon.colcon_core.verb:set package 'camera_package' build argument 'ament_cmake_args' from command line to 'None'
[4.436s] Level 5:colcon.colcon_core.verb:set package 'camera_package' build argument 'catkin_cmake_args' from command line to 'None'
[4.436s] Level 5:colcon.colcon_core.verb:set package 'camera_package' build argument 'catkin_skip_building_tests' from command line to 'False'
[4.436s] DEBUG:colcon.colcon_core.verb:Building package 'camera_package' with the following arguments: {'ament_cmake_args': None, 'build_base': '/home/f1tenth/f1tenth_ws/build/camera_package', 'catkin_cmake_args': None, 'catkin_skip_building_tests': False, 'cmake_args': None, 'cmake_clean_cache': False, 'cmake_clean_first': False, 'cmake_force_configure': False, 'cmake_target': None, 'cmake_target_skip_unavailable': False, 'install_base': '/home/f1tenth/f1tenth_ws/install/camera_package', 'merge_install': False, 'path': '/home/f1tenth/f1tenth_ws/src/camera_package', 'symlink_install': False, 'test_result_base': None}
[4.437s] INFO:colcon.colcon_core.executor:Executing jobs using 'parallel' executor
[4.441s] DEBUG:colcon.colcon_parallel_executor.executor.parallel:run_until_complete
[4.442s] INFO:colcon.colcon_ros.task.ament_python.build:Building ROS package in '/home/f1tenth/f1tenth_ws/src/camera_package' with build type 'ament_python'
[4.442s] Level 1:colcon.colcon_core.shell:create_environment_hook('camera_package', 'ament_prefix_path')
[4.464s] INFO:colcon.colcon_core.plugin_system:Skipping extension 'colcon_core.shell.bat': Not used on non-Windows systems
[4.465s] INFO:colcon.colcon_core.shell:Creating environment hook '/home/f1tenth/f1tenth_ws/install/camera_package/share/camera_package/hook/ament_prefix_path.ps1'
[4.468s] INFO:colcon.colcon_core.shell:Creating environment descriptor '/home/f1tenth/f1tenth_ws/install/camera_package/share/camera_package/hook/ament_prefix_path.dsv'
[4.470s] INFO:colcon.colcon_core.shell:Creating environment hook '/home/f1tenth/f1tenth_ws/install/camera_package/share/camera_package/hook/ament_prefix_path.sh'
[4.474s] INFO:colcon.colcon_core.shell:Skip shell extension 'powershell' for command environment: Not usable outside of PowerShell
[4.475s] DEBUG:colcon.colcon_core.shell:Skip shell extension 'dsv' for command environment
[6.369s] INFO:colcon.colcon_core.task.python.build:Building Python package in '/home/f1tenth/f1tenth_ws/src/camera_package'
[6.374s] INFO:colcon.colcon_core.shell:Skip shell extension 'powershell' for command environment: Not usable outside of PowerShell
[6.375s] DEBUG:colcon.colcon_core.shell:Skip shell extension 'dsv' for command environment
[8.678s] DEBUG:colcon.colcon_core.event_handler.log_command:Invoking command in '/home/f1tenth/f1tenth_ws/src/camera_package': PYTHONPATH=/home/f1tenth/f1tenth_ws/build/camera_package/prefix_override:/usr/lib/python3/dist-packages/colcon_core/task/python/colcon_distutils_commands:/home/f1tenth/f1tenth_ws/install/camera_package/lib/python3.8/site-packages:${PYTHONPATH} /usr/bin/python3 -W ignore:setup.py install is deprecated setup.py egg_info --egg-base ../../build/camera_package build --build-base /home/f1tenth/f1tenth_ws/build/camera_package/build install --record /home/f1tenth/f1tenth_ws/build/camera_package/install.log --install-scripts $base/lib/camera_package --single-version-externally-managed install_data
[10.659s] DEBUG:colcon.colcon_core.event_handler.log_command:Invoked command in '/home/f1tenth/f1tenth_ws/src/camera_package' returned '0': PYTHONPATH=/home/f1tenth/f1tenth_ws/build/camera_package/prefix_override:/usr/lib/python3/dist-packages/colcon_core/task/python/colcon_distutils_commands:/home/f1tenth/f1tenth_ws/install/camera_package/lib/python3.8/site-packages:${PYTHONPATH} /usr/bin/python3 -W ignore:setup.py install is deprecated setup.py egg_info --egg-base ../../build/camera_package build --build-base /home/f1tenth/f1tenth_ws/build/camera_package/build install --record /home/f1tenth/f1tenth_ws/build/camera_package/install.log --install-scripts $base/lib/camera_package --single-version-externally-managed install_data
[10.694s] Level 1:colcon.colcon_core.environment:checking '/home/f1tenth/f1tenth_ws/install/camera_package' for CMake module files
[10.697s] Level 1:colcon.colcon_core.environment:checking '/home/f1tenth/f1tenth_ws/install/camera_package' for CMake config files
[10.705s] Level 1:colcon.colcon_core.environment:checking '/home/f1tenth/f1tenth_ws/install/camera_package/lib'
[10.706s] Level 1:colcon.colcon_core.environment:checking '/home/f1tenth/f1tenth_ws/install/camera_package/bin'
[10.706s] Level 1:colcon.colcon_core.environment:checking '/home/f1tenth/f1tenth_ws/install/camera_package/lib/pkgconfig/camera_package.pc'
[10.707s] Level 1:colcon.colcon_core.environment:checking '/home/f1tenth/f1tenth_ws/install/camera_package/lib/python3.8/site-packages'
[10.707s] Level 1:colcon.colcon_core.shell:create_environment_hook('camera_package', 'pythonpath')
[10.708s] INFO:colcon.colcon_core.shell:Creating environment hook '/home/f1tenth/f1tenth_ws/install/camera_package/share/camera_package/hook/pythonpath.ps1'
[10.711s] INFO:colcon.colcon_core.shell:Creating environment descriptor '/home/f1tenth/f1tenth_ws/install/camera_package/share/camera_package/hook/pythonpath.dsv'
[10.713s] INFO:colcon.colcon_core.shell:Creating environment hook '/home/f1tenth/f1tenth_ws/install/camera_package/share/camera_package/hook/pythonpath.sh'
[10.715s] Level 1:colcon.colcon_core.environment:checking '/home/f1tenth/f1tenth_ws/install/camera_package/bin'
[10.715s] Level 1:colcon.colcon_core.environment:create_environment_scripts_only(camera_package)
[10.716s] INFO:colcon.colcon_core.shell:Creating package script '/home/f1tenth/f1tenth_ws/install/camera_package/share/camera_package/package.ps1'
[10.720s] INFO:colcon.colcon_core.shell:Creating package descriptor '/home/f1tenth/f1tenth_ws/install/camera_package/share/camera_package/package.dsv'
[10.722s] INFO:colcon.colcon_core.shell:Creating package script '/home/f1tenth/f1tenth_ws/install/camera_package/share/camera_package/package.sh'
[10.727s] INFO:colcon.colcon_core.shell:Creating package script '/home/f1tenth/f1tenth_ws/install/camera_package/share/camera_package/package.bash'
[10.733s] INFO:colcon.colcon_core.shell:Creating package script '/home/f1tenth/f1tenth_ws/install/camera_package/share/camera_package/package.zsh'
[10.737s] Level 1:colcon.colcon_core.environment:create_file_with_runtime_dependencies(/home/f1tenth/f1tenth_ws/install/camera_package/share/colcon-core/packages/camera_package)
[10.739s] DEBUG:colcon.colcon_parallel_executor.executor.parallel:closing loop
[10.740s] DEBUG:colcon.colcon_parallel_executor.executor.parallel:loop closed
[10.741s] DEBUG:colcon.colcon_parallel_executor.executor.parallel:run_until_complete finished with '0'
[10.741s] DEBUG:colcon.colcon_core.event_reactor:joining thread
[10.791s] INFO:colcon.colcon_core.plugin_system:Skipping extension 'colcon_notification.desktop_notification.terminal_notifier': Not used on non-Darwin systems
[10.792s] INFO:colcon.colcon_core.plugin_system:Skipping extension 'colcon_notification.desktop_notification.win32': Not used on non-Windows systems
[10.793s] INFO:colcon.colcon_notification.desktop_notification:Sending desktop notification using 'notify2'
[10.898s] DEBUG:colcon.colcon_core.event_reactor:joined thread
[10.901s] INFO:colcon.colcon_core.shell:Creating prefix script '/home/f1tenth/f1tenth_ws/install/local_setup.ps1'
[10.905s] INFO:colcon.colcon_core.shell:Creating prefix util module '/home/f1tenth/f1tenth_ws/install/_local_setup_util_ps1.py'
[10.911s] INFO:colcon.colcon_core.shell:Creating prefix chain script '/home/f1tenth/f1tenth_ws/install/setup.ps1'
[10.924s] INFO:colcon.colcon_core.shell:Creating prefix script '/home/f1tenth/f1tenth_ws/install/local_setup.sh'
[10.931s] INFO:colcon.colcon_core.shell:Creating prefix util module '/home/f1tenth/f1tenth_ws/install/_local_setup_util_sh.py'
[10.935s] INFO:colcon.colcon_core.shell:Creating prefix chain script '/home/f1tenth/f1tenth_ws/install/setup.sh'
[10.948s] INFO:colcon.colcon_core.shell:Creating prefix script '/home/f1tenth/f1tenth_ws/install/local_setup.bash'
[10.951s] INFO:colcon.colcon_core.shell:Creating prefix chain script '/home/f1tenth/f1tenth_ws/install/setup.bash'
[10.965s] INFO:colcon.colcon_core.shell:Creating prefix script '/home/f1tenth/f1tenth_ws/install/local_setup.zsh'
[10.971s] INFO:colcon.colcon_core.shell:Creating prefix chain script '/home/f1tenth/f1tenth_ws/install/setup.zsh'
