[0.000000] (-) TimerEvent: {}
[0.002241] (-) JobUnselected: {'identifier': 'ackermann_mux'}
[0.002449] (-) JobUnselected: {'identifier': 'birds_eye_view'}
[0.003245] (-) JobUnselected: {'identifier': 'calibration'}
[0.003393] (-) JobUnselected: {'identifier': 'camera'}
[0.003525] (-) JobUnselected: {'identifier': 'camera_package'}
[0.003650] (-) JobUnselected: {'identifier': 'camera_publisher'}
[0.003770] (-) JobUnselected: {'identifier': 'camera_subscriber_pkg'}
[0.004535] (-) JobUnselected: {'identifier': 'f1tenth_stack'}
[0.004672] (-) JobUnselected: {'identifier': 'internal_interface'}
[0.004805] (-) JobUnselected: {'identifier': 'joy_teleop'}
[0.005126] (-) JobUnselected: {'identifier': 'key_teleop'}
[0.007418] (-) JobUnselected: {'identifier': 'lane_following'}
[0.007703] (-) JobUnselected: {'identifier': 'lane_keeping'}
[0.007932] (-) JobUnselected: {'identifier': 'lane_pure_pursuit'}
[0.008164] (-) JobUnselected: {'identifier': 'mouse_teleop'}
[0.008582] (-) JobUnselected: {'identifier': 'object_detection'}
[0.009044] (-) JobUnselected: {'identifier': 'particle_filter'}
[0.009226] (-) JobUnselected: {'identifier': 'pure_pursuit'}
[0.009365] (-) JobUnselected: {'identifier': 'rplidar_ros'}
[0.009513] (-) JobUnselected: {'identifier': 'teleop_tools'}
[0.009621] (-) JobUnselected: {'identifier': 'teleop_tools_msgs'}
[0.009728] (-) JobUnselected: {'identifier': 'vesc'}
[0.009827] (-) JobUnselected: {'identifier': 'vesc_ackermann'}
[0.009924] (-) JobUnselected: {'identifier': 'vesc_driver'}
[0.010018] (-) JobUnselected: {'identifier': 'vesc_msgs'}
[0.010113] (-) JobUnselected: {'identifier': 'waypoint_generator'}
[0.010315] (csi_camera) JobQueued: {'identifier': 'csi_camera', 'dependencies': OrderedDict()}
[0.010484] (csi_camera) JobStarted: {'identifier': 'csi_camera'}
[0.098700] (-) TimerEvent: {}
[0.202972] (-) TimerEvent: {}
[0.305228] (-) TimerEvent: {}
[0.406083] (-) TimerEvent: {}
[0.507116] (-) TimerEvent: {}
[0.608276] (-) TimerEvent: {}
[0.709219] (-) TimerEvent: {}
[0.810218] (-) TimerEvent: {}
[0.911617] (-) TimerEvent: {}
[1.012515] (-) TimerEvent: {}
[1.113436] (-) TimerEvent: {}
[1.214634] (-) TimerEvent: {}
[1.315635] (-) TimerEvent: {}
[1.341411] (csi_camera) StderrLine: {'line': b'Traceback (most recent call last):\n  File "/usr/lib/python3/dist-packages/colcon_core/executor/__init__.py", line 91, in __call__\n    rc = await self.task(*args, **kwargs)\n  File "/usr/lib/python3/dist-packages/colcon_core/task/__init__.py", line 93, in __call__\n    return await task_method(*args, **kwargs)\n  File "/usr/lib/python3/dist-packages/colcon_ros/task/ament_python/build.py", line 51, in build\n    setup_py_data = get_setup_data(self.context.pkg, env)\n  File "/usr/lib/python3/dist-packages/colcon_core/task/python/__init__.py", line 20, in get_setup_data\n    return dict(pkg.metadata[key](env))\n  File "/usr/lib/python3/dist-packages/colcon_ros/package_augmentation/ros_ament_python.py", line 57, in getter\n    return get_setup_information(\n  File "/usr/lib/python3/dist-packages/colcon_python_setup_py/package_identification/python_setup_py.py", line 241, in get_setup_information\n    _setup_information_cache[hashable_env] = _get_setup_information(\n  File "/usr/lib/python3/dist-packages/colcon_python_setup_py/package_identification/python_setup_py.py", line 288, in _get_setup_information\n    result = subprocess.run(\n  File "/usr/lib/python3.8/subprocess.py", line 516, in run\n    raise CalledProcessError(retcode, process.args,\nsubprocess.CalledProcessError: Command \'[\'/usr/bin/python3\', \'-c\', \'import sys;from contextlib import suppress;exec("with suppress(ImportError):    from setuptools.extern.packaging.specifiers    import SpecifierSet");exec("with suppress(ImportError):    from packaging.specifiers import SpecifierSet");from distutils.core import run_setup;dist = run_setup(    \\\'setup.py\\\', script_args=(\\\'--dry-run\\\',), stop_after=\\\'config\\\');skip_keys = (\\\'cmdclass\\\', \\\'distclass\\\', \\\'ext_modules\\\', \\\'metadata\\\');data = {    key: value for key, value in dist.__dict__.items()     if (        not key.startswith(\\\'_\\\') and         not callable(value) and         key not in skip_keys and         key not in dist.display_option_names    )};data[\\\'metadata\\\'] = {    k: v for k, v in dist.metadata.__dict__.items()     if k not in (\\\'license_files\\\', \\\'provides_extras\\\')};sys.stdout.buffer.write(repr(data).encode(\\\'utf-8\\\'))\']\' returned non-zero exit status 1.\n'}
[1.347611] (csi_camera) JobEnded: {'identifier': 'csi_camera', 'rc': 1}
[1.357963] (-) EventReactorShutdown: {}
