-- Install configuration: ""
-- Up-to-date: /home/f1tenth/f1tenth_ws/install/camera/share/camera/environment/pythonpath.sh
-- Up-to-date: /home/f1tenth/f1tenth_ws/install/camera/share/camera/environment/pythonpath.dsv
-- Up-to-date: /home/f1tenth/f1tenth_ws/install/camera/lib/python3.8/site-packages/camera_pkg
-- Up-to-date: /home/f1tenth/f1tenth_ws/install/camera/lib/python3.8/site-packages/camera_pkg/camera_stream.py
-- Up-to-date: /home/f1tenth/f1tenth_ws/install/camera/lib/python3.8/site-packages/camera_pkg/camera_realtime_stream.py
-- Up-to-date: /home/f1tenth/f1tenth_ws/install/camera/lib/python3.8/site-packages/camera_pkg/camera_manager.py
-- Up-to-date: /home/f1tenth/f1tenth_ws/install/camera/lib/python3.8/site-packages/camera_pkg/camera_playback_stream.py
-- Up-to-date: /home/f1tenth/f1tenth_ws/install/camera/lib/python3.8/site-packages/camera_pkg/default_camera_devices.py
-- Up-to-date: /home/f1tenth/f1tenth_ws/install/camera/lib/python3.8/site-packages/camera_pkg/__init__.py
-- Up-to-date: /home/f1tenth/f1tenth_ws/install/camera/lib/python3.8/site-packages/camera_pkg/camera_publisher.py
-- Up-to-date: /home/f1tenth/f1tenth_ws/install/camera/lib/python3.8/site-packages/camera_pkg/shm_client.py
-- Up-to-date: /home/f1tenth/f1tenth_ws/install/camera/lib/python3.8/site-packages/camera_pkg/camera_shared_object.py
-- Up-to-date: /home/f1tenth/f1tenth_ws/install/camera/lib/python3.8/site-packages/camera_pkg/default_shared_memory_objects.py
-- Up-to-date: /home/f1tenth/f1tenth_ws/install/camera/lib/python3.8/site-packages/camera_pkg/shm_manager.py
-- Up-to-date: /home/f1tenth/f1tenth_ws/install/camera/lib/python3.8/site-packages/camera_pkg/camera_shared_object_client.py
Listing '/home/f1tenth/f1tenth_ws/install/camera/lib/python3.8/site-packages/camera_pkg'...
-- Up-to-date: /home/f1tenth/f1tenth_ws/install/camera/lib/camera/start_camera.py
-- Up-to-date: /home/f1tenth/f1tenth_ws/install/camera/lib/camera/simulate_camera.py
-- Up-to-date: /home/f1tenth/f1tenth_ws/install/camera/lib/camera/start_shm_manager.py
-- Up-to-date: /home/f1tenth/f1tenth_ws/install/camera/lib/camera/start_recording.py
-- Up-to-date: /home/f1tenth/f1tenth_ws/install/camera/share/camera/launch
-- Up-to-date: /home/f1tenth/f1tenth_ws/install/camera/share/camera/launch/start_camera.launch.py
-- Up-to-date: /home/f1tenth/f1tenth_ws/install/camera/share/ament_index/resource_index/package_run_dependencies/camera
-- Up-to-date: /home/f1tenth/f1tenth_ws/install/camera/share/ament_index/resource_index/parent_prefix_path/camera
-- Up-to-date: /home/f1tenth/f1tenth_ws/install/camera/share/camera/environment/ament_prefix_path.sh
-- Up-to-date: /home/f1tenth/f1tenth_ws/install/camera/share/camera/environment/ament_prefix_path.dsv
-- Up-to-date: /home/f1tenth/f1tenth_ws/install/camera/share/camera/environment/path.sh
-- Up-to-date: /home/f1tenth/f1tenth_ws/install/camera/share/camera/environment/path.dsv
-- Up-to-date: /home/f1tenth/f1tenth_ws/install/camera/share/camera/local_setup.bash
-- Up-to-date: /home/f1tenth/f1tenth_ws/install/camera/share/camera/local_setup.sh
-- Up-to-date: /home/f1tenth/f1tenth_ws/install/camera/share/camera/local_setup.zsh
-- Up-to-date: /home/f1tenth/f1tenth_ws/install/camera/share/camera/local_setup.dsv
-- Installing: /home/f1tenth/f1tenth_ws/install/camera/share/camera/package.dsv
-- Up-to-date: /home/f1tenth/f1tenth_ws/install/camera/share/ament_index/resource_index/packages/camera
-- Up-to-date: /home/f1tenth/f1tenth_ws/install/camera/share/camera/cmake/cameraConfig.cmake
-- Up-to-date: /home/f1tenth/f1tenth_ws/install/camera/share/camera/cmake/cameraConfig-version.cmake
-- Up-to-date: /home/f1tenth/f1tenth_ws/install/camera/share/camera/package.xml
