running develop
Removing /home/f1tenth/f1tenth_ws/install/mouse_teleop/lib/python3.8/site-packages/mouse-teleop.egg-link (link to .)
running egg_info
writing ../../../../build/mouse_teleop/mouse_teleop.egg-info/PKG-INFO
writing dependency_links to ../../../../build/mouse_teleop/mouse_teleop.egg-info/dependency_links.txt
writing entry points to ../../../../build/mouse_teleop/mouse_teleop.egg-info/entry_points.txt
writing requirements to ../../../../build/mouse_teleop/mouse_teleop.egg-info/requires.txt
writing top-level names to ../../../../build/mouse_teleop/mouse_teleop.egg-info/top_level.txt
reading manifest file '../../../../build/mouse_teleop/mouse_teleop.egg-info/SOURCES.txt'
adding license file 'LICENSE'
writing manifest file '../../../../build/mouse_teleop/mouse_teleop.egg-info/SOURCES.txt'
running build
running build_py
creating /home/f1tenth/f1tenth_ws/build/mouse_teleop/build
creating /home/f1tenth/f1tenth_ws/build/mouse_teleop/build/lib
creating /home/f1tenth/f1tenth_ws/build/mouse_teleop/build/lib/mouse_teleop
copying mouse_teleop/__init__.py -> /home/f1tenth/f1tenth_ws/build/mouse_teleop/build/lib/mouse_teleop
copying mouse_teleop/mouse_teleop.py -> /home/f1tenth/f1tenth_ws/build/mouse_teleop/build/lib/mouse_teleop
running install
running install_lib
creating /home/f1tenth/f1tenth_ws/install/mouse_teleop/lib/python3.8/site-packages/mouse_teleop
copying /home/f1tenth/f1tenth_ws/build/mouse_teleop/build/lib/mouse_teleop/__init__.py -> /home/f1tenth/f1tenth_ws/install/mouse_teleop/lib/python3.8/site-packages/mouse_teleop
copying /home/f1tenth/f1tenth_ws/build/mouse_teleop/build/lib/mouse_teleop/mouse_teleop.py -> /home/f1tenth/f1tenth_ws/install/mouse_teleop/lib/python3.8/site-packages/mouse_teleop
byte-compiling /home/f1tenth/f1tenth_ws/install/mouse_teleop/lib/python3.8/site-packages/mouse_teleop/__init__.py to __init__.cpython-38.pyc
byte-compiling /home/f1tenth/f1tenth_ws/install/mouse_teleop/lib/python3.8/site-packages/mouse_teleop/mouse_teleop.py to mouse_teleop.cpython-38.pyc
running install_data
copying package.xml -> /home/f1tenth/f1tenth_ws/install/mouse_teleop/share/mouse_teleop
copying config/mouse_teleop.yaml -> /home/f1tenth/f1tenth_ws/install/mouse_teleop/share/mouse_teleop/config
copying launch/mouse_teleop.launch.py -> /home/f1tenth/f1tenth_ws/install/mouse_teleop/share/mouse_teleop/launch
copying resource/mouse_teleop -> /home/f1tenth/f1tenth_ws/install/mouse_teleop/share/ament_index/resource_index/packages
running install_egg_info
Copying ../../../../build/mouse_teleop/mouse_teleop.egg-info to /home/f1tenth/f1tenth_ws/install/mouse_teleop/lib/python3.8/site-packages/mouse_teleop-0.3.0-py3.8.egg-info
running install_scripts
Installing mouse_teleop script to /home/f1tenth/f1tenth_ws/install/mouse_teleop/lib/mouse_teleop
writing list of installed files to '/home/f1tenth/f1tenth_ws/build/mouse_teleop/install.log'
