[0.279s] Invoking command in '/home/f1tenth/f1tenth_ws/build/pure_pursuit': CMAKE_PREFIX_PATH=${CMAKE_PREFIX_PATH}:/home/f1tenth/f1tenth_ws/install/f1tenth_stack:/home/f1tenth/f1tenth_ws/install/joy_teleop:/home/f1tenth/f1tenth_ws/install/particle_filter:/home/f1tenth/f1tenth_ws/install/mouse_teleop:/home/f1tenth/f1tenth_ws/install/key_teleop:/opt/ros/foxy /usr/bin/cmake --build /home/f1tenth/f1tenth_ws/build/pure_pursuit -- -j4 -l4
[1.587s] [ 50%] Built target waypoint_visualizer
[2.234s] [100%] Built target pure_pursuit
[2.498s] Invoked command in '/home/f1tenth/f1tenth_ws/build/pure_pursuit' returned '0': CMAKE_PREFIX_PATH=${CMAKE_PREFIX_PATH}:/home/f1tenth/f1tenth_ws/install/f1tenth_stack:/home/f1tenth/f1tenth_ws/install/joy_teleop:/home/f1tenth/f1tenth_ws/install/particle_filter:/home/f1tenth/f1tenth_ws/install/mouse_teleop:/home/f1tenth/f1tenth_ws/install/key_teleop:/opt/ros/foxy /usr/bin/cmake --build /home/f1tenth/f1tenth_ws/build/pure_pursuit -- -j4 -l4
[3.187s] Invoking command in '/home/f1tenth/f1tenth_ws/build/pure_pursuit': CMAKE_PREFIX_PATH=${CMAKE_PREFIX_PATH}:/home/f1tenth/f1tenth_ws/install/f1tenth_stack:/home/f1tenth/f1tenth_ws/install/joy_teleop:/home/f1tenth/f1tenth_ws/install/particle_filter:/home/f1tenth/f1tenth_ws/install/mouse_teleop:/home/f1tenth/f1tenth_ws/install/key_teleop:/opt/ros/foxy /usr/bin/cmake --install /home/f1tenth/f1tenth_ws/build/pure_pursuit
[3.470s] -- Install configuration: ""
[3.473s] -- Execute custom install script
[3.487s] -- Up-to-date symlink: /home/f1tenth/f1tenth_ws/install/pure_pursuit/lib/pure_pursuit/pure_pursuit
[3.490s] -- Up-to-date symlink: /home/f1tenth/f1tenth_ws/install/pure_pursuit/lib/pure_pursuit/waypoint_visualizer
[3.502s] -- Up-to-date symlink: /home/f1tenth/f1tenth_ws/install/pure_pursuit/share/pure_pursuit/launch/pure_pursuit.rviz
[3.507s] -- Up-to-date symlink: /home/f1tenth/f1tenth_ws/install/pure_pursuit/share/pure_pursuit/launch/pure_pursuit_launch.py
[3.508s] -- Up-to-date symlink: /home/f1tenth/f1tenth_ws/install/pure_pursuit/share/pure_pursuit/launch/sim_pure_pursuit.rviz
[3.509s] -- Up-to-date symlink: /home/f1tenth/f1tenth_ws/install/pure_pursuit/share/pure_pursuit/launch/sim_pure_pursuit_launch.py
[3.514s] -- Up-to-date symlink: /home/f1tenth/f1tenth_ws/install/pure_pursuit/share/pure_pursuit/config/config.yaml
[3.517s] -- Up-to-date symlink: /home/f1tenth/f1tenth_ws/install/pure_pursuit/share/pure_pursuit/config/sim_config.yaml
[3.522s] -- Up-to-date symlink: /home/f1tenth/f1tenth_ws/install/pure_pursuit/share/ament_index/resource_index/package_run_dependencies/pure_pursuit
[3.526s] -- Up-to-date symlink: /home/f1tenth/f1tenth_ws/install/pure_pursuit/share/ament_index/resource_index/parent_prefix_path/pure_pursuit
[3.527s] -- Up-to-date symlink: /home/f1tenth/f1tenth_ws/install/pure_pursuit/share/pure_pursuit/environment/ament_prefix_path.sh
[3.535s] -- Up-to-date symlink: /home/f1tenth/f1tenth_ws/install/pure_pursuit/share/pure_pursuit/environment/ament_prefix_path.dsv
[3.535s] -- Up-to-date symlink: /home/f1tenth/f1tenth_ws/install/pure_pursuit/share/pure_pursuit/environment/path.sh
[3.539s] -- Up-to-date symlink: /home/f1tenth/f1tenth_ws/install/pure_pursuit/share/pure_pursuit/environment/path.dsv
[3.541s] -- Up-to-date symlink: /home/f1tenth/f1tenth_ws/install/pure_pursuit/share/pure_pursuit/local_setup.bash
[3.545s] -- Up-to-date symlink: /home/f1tenth/f1tenth_ws/install/pure_pursuit/share/pure_pursuit/local_setup.sh
[3.546s] -- Up-to-date symlink: /home/f1tenth/f1tenth_ws/install/pure_pursuit/share/pure_pursuit/local_setup.zsh
[3.549s] -- Up-to-date symlink: /home/f1tenth/f1tenth_ws/install/pure_pursuit/share/pure_pursuit/local_setup.dsv
[3.550s] -- Symlinking: /home/f1tenth/f1tenth_ws/install/pure_pursuit/share/pure_pursuit/package.dsv
[3.699s] -- Up-to-date symlink: /home/f1tenth/f1tenth_ws/install/pure_pursuit/share/ament_index/resource_index/packages/pure_pursuit
[3.700s] -- Up-to-date symlink: /home/f1tenth/f1tenth_ws/install/pure_pursuit/share/pure_pursuit/cmake/pure_pursuitConfig.cmake
[3.701s] -- Up-to-date symlink: /home/f1tenth/f1tenth_ws/install/pure_pursuit/share/pure_pursuit/cmake/pure_pursuitConfig-version.cmake
[3.702s] -- Up-to-date symlink: /home/f1tenth/f1tenth_ws/install/pure_pursuit/share/pure_pursuit/package.xml
[3.719s] Invoked command in '/home/f1tenth/f1tenth_ws/build/pure_pursuit' returned '0': CMAKE_PREFIX_PATH=${CMAKE_PREFIX_PATH}:/home/f1tenth/f1tenth_ws/install/f1tenth_stack:/home/f1tenth/f1tenth_ws/install/joy_teleop:/home/f1tenth/f1tenth_ws/install/particle_filter:/home/f1tenth/f1tenth_ws/install/mouse_teleop:/home/f1tenth/f1tenth_ws/install/key_teleop:/opt/ros/foxy /usr/bin/cmake --install /home/f1tenth/f1tenth_ws/build/pure_pursuit
