[0.246s] Invoking command in '/home/f1tenth/f1tenth_ws/build/ackermann_mux': CMAKE_PREFIX_PATH=${CMAKE_PREFIX_PATH}:/home/f1tenth/f1tenth_ws/install/f1tenth_stack:/home/f1tenth/f1tenth_ws/install/joy_teleop:/home/f1tenth/f1tenth_ws/install/particle_filter:/home/f1tenth/f1tenth_ws/install/mouse_teleop:/home/f1tenth/f1tenth_ws/install/key_teleop:/opt/ros/foxy /usr/bin/cmake --build /home/f1tenth/f1tenth_ws/build/ackermann_mux -- -j4 -l4
[1.370s] [100%] Built target ackermann_mux
[3.214s] Invoked command in '/home/f1tenth/f1tenth_ws/build/ackermann_mux' returned '0': CMAKE_PREFIX_PATH=${CMAKE_PREFIX_PATH}:/home/f1tenth/f1tenth_ws/install/f1tenth_stack:/home/f1tenth/f1tenth_ws/install/joy_teleop:/home/f1tenth/f1tenth_ws/install/particle_filter:/home/f1tenth/f1tenth_ws/install/mouse_teleop:/home/f1tenth/f1tenth_ws/install/key_teleop:/opt/ros/foxy /usr/bin/cmake --build /home/f1tenth/f1tenth_ws/build/ackermann_mux -- -j4 -l4
[3.687s] Invoking command in '/home/f1tenth/f1tenth_ws/build/ackermann_mux': CMAKE_PREFIX_PATH=${CMAKE_PREFIX_PATH}:/home/f1tenth/f1tenth_ws/install/f1tenth_stack:/home/f1tenth/f1tenth_ws/install/joy_teleop:/home/f1tenth/f1tenth_ws/install/particle_filter:/home/f1tenth/f1tenth_ws/install/mouse_teleop:/home/f1tenth/f1tenth_ws/install/key_teleop:/opt/ros/foxy /usr/bin/cmake --install /home/f1tenth/f1tenth_ws/build/ackermann_mux
[3.781s] -- Install configuration: ""
[3.787s] -- Execute custom install script
[3.795s] -- Up-to-date symlink: /home/f1tenth/f1tenth_ws/install/ackermann_mux/lib/ackermann_mux/ackermann_mux
[3.800s] -- Up-to-date symlink: /home/f1tenth/f1tenth_ws/install/ackermann_mux/share/ackermann_mux/launch/ackermann_mux_launch.py
[3.807s] -- Up-to-date symlink: /home/f1tenth/f1tenth_ws/install/ackermann_mux/share/ackermann_mux/config/ackermann_mux_locks.yaml
[3.810s] -- Up-to-date symlink: /home/f1tenth/f1tenth_ws/install/ackermann_mux/share/ackermann_mux/config/ackermann_mux_topics.yaml
[3.814s] -- Up-to-date symlink: /home/f1tenth/f1tenth_ws/install/ackermann_mux/share/ackermann_mux/config/joystick.yaml
[3.824s] -- Up-to-date symlink: /home/f1tenth/f1tenth_ws/install/ackermann_mux/include/ackermann_mux/ackermann_mux.hpp
[3.827s] -- Up-to-date symlink: /home/f1tenth/f1tenth_ws/install/ackermann_mux/include/ackermann_mux/ackermann_mux_diagnostics.hpp
[3.829s] -- Up-to-date symlink: /home/f1tenth/f1tenth_ws/install/ackermann_mux/include/ackermann_mux/ackermann_mux_diagnostics_status.hpp
[3.832s] -- Up-to-date symlink: /home/f1tenth/f1tenth_ws/install/ackermann_mux/include/ackermann_mux/params_helpers.hpp
[3.836s] -- Up-to-date symlink: /home/f1tenth/f1tenth_ws/install/ackermann_mux/include/ackermann_mux/topic_handle.hpp
[3.841s] -- Up-to-date symlink: /home/f1tenth/f1tenth_ws/install/ackermann_mux/include/ackermann_mux/utils.hpp
[3.849s] -- Up-to-date symlink: /home/f1tenth/f1tenth_ws/install/ackermann_mux/share/ament_index/resource_index/package_run_dependencies/ackermann_mux
[3.852s] -- Up-to-date symlink: /home/f1tenth/f1tenth_ws/install/ackermann_mux/share/ament_index/resource_index/parent_prefix_path/ackermann_mux
[3.857s] -- Up-to-date symlink: /home/f1tenth/f1tenth_ws/install/ackermann_mux/share/ackermann_mux/environment/ament_prefix_path.sh
[3.860s] -- Up-to-date symlink: /home/f1tenth/f1tenth_ws/install/ackermann_mux/share/ackermann_mux/environment/ament_prefix_path.dsv
[3.863s] -- Up-to-date symlink: /home/f1tenth/f1tenth_ws/install/ackermann_mux/share/ackermann_mux/environment/path.sh
[3.867s] -- Up-to-date symlink: /home/f1tenth/f1tenth_ws/install/ackermann_mux/share/ackermann_mux/environment/path.dsv
[3.869s] -- Up-to-date symlink: /home/f1tenth/f1tenth_ws/install/ackermann_mux/share/ackermann_mux/local_setup.bash
[3.874s] -- Up-to-date symlink: /home/f1tenth/f1tenth_ws/install/ackermann_mux/share/ackermann_mux/local_setup.sh
[3.879s] -- Up-to-date symlink: /home/f1tenth/f1tenth_ws/install/ackermann_mux/share/ackermann_mux/local_setup.zsh
[3.884s] -- Up-to-date symlink: /home/f1tenth/f1tenth_ws/install/ackermann_mux/share/ackermann_mux/local_setup.dsv
[3.887s] -- Symlinking: /home/f1tenth/f1tenth_ws/install/ackermann_mux/share/ackermann_mux/package.dsv
[4.012s] -- Up-to-date symlink: /home/f1tenth/f1tenth_ws/install/ackermann_mux/share/ament_index/resource_index/packages/ackermann_mux
[4.019s] -- Up-to-date symlink: /home/f1tenth/f1tenth_ws/install/ackermann_mux/share/ackermann_mux/cmake/ament_cmake_export_include_directories-extras.cmake
[4.023s] -- Up-to-date symlink: /home/f1tenth/f1tenth_ws/install/ackermann_mux/share/ackermann_mux/cmake/ament_cmake_export_dependencies-extras.cmake
[4.027s] -- Up-to-date symlink: /home/f1tenth/f1tenth_ws/install/ackermann_mux/share/ackermann_mux/cmake/ackermann_muxConfig.cmake
[4.028s] -- Up-to-date symlink: /home/f1tenth/f1tenth_ws/install/ackermann_mux/share/ackermann_mux/cmake/ackermann_muxConfig-version.cmake
[4.029s] -- Up-to-date symlink: /home/f1tenth/f1tenth_ws/install/ackermann_mux/share/ackermann_mux/package.xml
[4.045s] Invoked command in '/home/f1tenth/f1tenth_ws/build/ackermann_mux' returned '0': CMAKE_PREFIX_PATH=${CMAKE_PREFIX_PATH}:/home/f1tenth/f1tenth_ws/install/f1tenth_stack:/home/f1tenth/f1tenth_ws/install/joy_teleop:/home/f1tenth/f1tenth_ws/install/particle_filter:/home/f1tenth/f1tenth_ws/install/mouse_teleop:/home/f1tenth/f1tenth_ws/install/key_teleop:/opt/ros/foxy /usr/bin/cmake --install /home/f1tenth/f1tenth_ws/build/ackermann_mux
