[0.265s] Invoking command in '/home/f1tenth/f1tenth_ws/build/rplidar_ros': CMAKE_PREFIX_PATH=${CMAKE_PREFIX_PATH}:/home/f1tenth/f1tenth_ws/install/my_camera_package:/home/f1tenth/f1tenth_ws/install/camera:/home/f1tenth/f1tenth_ws/install/f1tenth_stack:/home/f1tenth/f1tenth_ws/install/joy_teleop:/home/f1tenth/f1tenth_ws/install/particle_filter:/home/f1tenth/f1tenth_ws/install/opencv_tools:/home/f1tenth/f1tenth_ws/install/mouse_teleop:/home/f1tenth/f1tenth_ws/install/key_teleop:/opt/ros/foxy /usr/bin/cmake --build /home/f1tenth/f1tenth_ws/build/rplidar_ros -- -j4 -l4
[0.976s] [  5%] Built target rplidar_client
[1.101s] [ 52%] Built target rplidar_node
[1.149s] [100%] Built target rplidar_composition
[1.252s] Invoked command in '/home/f1tenth/f1tenth_ws/build/rplidar_ros' returned '0': CMAKE_PREFIX_PATH=${CMAKE_PREFIX_PATH}:/home/f1tenth/f1tenth_ws/install/my_camera_package:/home/f1tenth/f1tenth_ws/install/camera:/home/f1tenth/f1tenth_ws/install/f1tenth_stack:/home/f1tenth/f1tenth_ws/install/joy_teleop:/home/f1tenth/f1tenth_ws/install/particle_filter:/home/f1tenth/f1tenth_ws/install/opencv_tools:/home/f1tenth/f1tenth_ws/install/mouse_teleop:/home/f1tenth/f1tenth_ws/install/key_teleop:/opt/ros/foxy /usr/bin/cmake --build /home/f1tenth/f1tenth_ws/build/rplidar_ros -- -j4 -l4
[2.210s] Invoking command in '/home/f1tenth/f1tenth_ws/build/rplidar_ros': CMAKE_PREFIX_PATH=${CMAKE_PREFIX_PATH}:/home/f1tenth/f1tenth_ws/install/my_camera_package:/home/f1tenth/f1tenth_ws/install/camera:/home/f1tenth/f1tenth_ws/install/f1tenth_stack:/home/f1tenth/f1tenth_ws/install/joy_teleop:/home/f1tenth/f1tenth_ws/install/particle_filter:/home/f1tenth/f1tenth_ws/install/opencv_tools:/home/f1tenth/f1tenth_ws/install/mouse_teleop:/home/f1tenth/f1tenth_ws/install/key_teleop:/opt/ros/foxy /usr/bin/cmake --install /home/f1tenth/f1tenth_ws/build/rplidar_ros
[2.314s] -- Install configuration: ""
[2.315s] -- Execute custom install script
[2.324s] -- Up-to-date symlink: /home/f1tenth/f1tenth_ws/install/rplidar_ros/share/rplidar_ros/launch/rplidar_a1_launch.py
[2.327s] -- Up-to-date symlink: /home/f1tenth/f1tenth_ws/install/rplidar_ros/share/rplidar_ros/launch/rplidar_a2m12_launch.py
[2.338s] -- Up-to-date symlink: /home/f1tenth/f1tenth_ws/install/rplidar_ros/share/rplidar_ros/launch/rplidar_a2m7_launch.py
[2.340s] -- Up-to-date symlink: /home/f1tenth/f1tenth_ws/install/rplidar_ros/share/rplidar_ros/launch/rplidar_a2m8_launch.py
[2.343s] -- Up-to-date symlink: /home/f1tenth/f1tenth_ws/install/rplidar_ros/share/rplidar_ros/launch/rplidar_a3_launch.py
[2.361s] -- Up-to-date symlink: /home/f1tenth/f1tenth_ws/install/rplidar_ros/share/rplidar_ros/launch/rplidar_c1_launch.py
[2.383s] -- Up-to-date symlink: /home/f1tenth/f1tenth_ws/install/rplidar_ros/share/rplidar_ros/launch/rplidar_s1_launch.py
[2.385s] -- Up-to-date symlink: /home/f1tenth/f1tenth_ws/install/rplidar_ros/share/rplidar_ros/launch/rplidar_s1_tcp_launch.py
[2.390s] -- Up-to-date symlink: /home/f1tenth/f1tenth_ws/install/rplidar_ros/share/rplidar_ros/launch/rplidar_s2_launch.py
[2.392s] -- Up-to-date symlink: /home/f1tenth/f1tenth_ws/install/rplidar_ros/share/rplidar_ros/launch/rplidar_s2e_launch.py
[2.396s] -- Up-to-date symlink: /home/f1tenth/f1tenth_ws/install/rplidar_ros/share/rplidar_ros/launch/rplidar_s3_launch.py
[2.402s] -- Up-to-date symlink: /home/f1tenth/f1tenth_ws/install/rplidar_ros/share/rplidar_ros/launch/rplidar_t1_launch.py
[2.418s] -- Up-to-date symlink: /home/f1tenth/f1tenth_ws/install/rplidar_ros/share/rplidar_ros/launch/view_rplidar_a1_launch.py
[2.430s] -- Up-to-date symlink: /home/f1tenth/f1tenth_ws/install/rplidar_ros/share/rplidar_ros/launch/view_rplidar_a2m12_launch.py
[2.432s] -- Up-to-date symlink: /home/f1tenth/f1tenth_ws/install/rplidar_ros/share/rplidar_ros/launch/view_rplidar_a2m7_launch.py
[2.432s] -- Up-to-date symlink: /home/f1tenth/f1tenth_ws/install/rplidar_ros/share/rplidar_ros/launch/view_rplidar_a2m8_launch.py
[2.435s] -- Up-to-date symlink: /home/f1tenth/f1tenth_ws/install/rplidar_ros/share/rplidar_ros/launch/view_rplidar_a3_launch.py
[2.435s] -- Up-to-date symlink: /home/f1tenth/f1tenth_ws/install/rplidar_ros/share/rplidar_ros/launch/view_rplidar_c1_launch.py
[2.436s] -- Up-to-date symlink: /home/f1tenth/f1tenth_ws/install/rplidar_ros/share/rplidar_ros/launch/view_rplidar_s1_launch.py
[2.436s] -- Up-to-date symlink: /home/f1tenth/f1tenth_ws/install/rplidar_ros/share/rplidar_ros/launch/view_rplidar_s1_tcp_launch.py
[2.438s] -- Up-to-date symlink: /home/f1tenth/f1tenth_ws/install/rplidar_ros/share/rplidar_ros/launch/view_rplidar_s2_launch.py
[2.439s] -- Up-to-date symlink: /home/f1tenth/f1tenth_ws/install/rplidar_ros/share/rplidar_ros/launch/view_rplidar_s2e_launch.py
[2.440s] -- Up-to-date symlink: /home/f1tenth/f1tenth_ws/install/rplidar_ros/share/rplidar_ros/launch/view_rplidar_s3_launch.py
[2.440s] -- Up-to-date symlink: /home/f1tenth/f1tenth_ws/install/rplidar_ros/share/rplidar_ros/launch/view_rplidar_t1_launch.py
[2.441s] -- Up-to-date symlink: /home/f1tenth/f1tenth_ws/install/rplidar_ros/share/rplidar_ros/rviz/rplidar_ros.rviz
[2.448s] -- Up-to-date symlink: /home/f1tenth/f1tenth_ws/install/rplidar_ros/lib/rplidar_ros/rplidar_node
[2.464s] -- Up-to-date symlink: /home/f1tenth/f1tenth_ws/install/rplidar_ros/lib/rplidar_ros/rplidar_composition
[2.467s] -- Up-to-date symlink: /home/f1tenth/f1tenth_ws/install/rplidar_ros/lib/rplidar_ros/rplidar_client
[2.469s] -- Up-to-date symlink: /home/f1tenth/f1tenth_ws/install/rplidar_ros/share/ament_index/resource_index/package_run_dependencies/rplidar_ros
[2.471s] -- Up-to-date symlink: /home/f1tenth/f1tenth_ws/install/rplidar_ros/share/ament_index/resource_index/parent_prefix_path/rplidar_ros
[2.472s] -- Up-to-date symlink: /home/f1tenth/f1tenth_ws/install/rplidar_ros/share/rplidar_ros/environment/ament_prefix_path.sh
[2.472s] -- Up-to-date symlink: /home/f1tenth/f1tenth_ws/install/rplidar_ros/share/rplidar_ros/environment/ament_prefix_path.dsv
[2.472s] -- Up-to-date symlink: /home/f1tenth/f1tenth_ws/install/rplidar_ros/share/rplidar_ros/environment/path.sh
[2.477s] -- Up-to-date symlink: /home/f1tenth/f1tenth_ws/install/rplidar_ros/share/rplidar_ros/environment/path.dsv
[2.477s] -- Up-to-date symlink: /home/f1tenth/f1tenth_ws/install/rplidar_ros/share/rplidar_ros/local_setup.bash
[2.478s] -- Up-to-date symlink: /home/f1tenth/f1tenth_ws/install/rplidar_ros/share/rplidar_ros/local_setup.sh
[2.478s] -- Up-to-date symlink: /home/f1tenth/f1tenth_ws/install/rplidar_ros/share/rplidar_ros/local_setup.zsh
[2.478s] -- Up-to-date symlink: /home/f1tenth/f1tenth_ws/install/rplidar_ros/share/rplidar_ros/local_setup.dsv
[2.478s] -- Symlinking: /home/f1tenth/f1tenth_ws/install/rplidar_ros/share/rplidar_ros/package.dsv
[2.546s] -- Up-to-date symlink: /home/f1tenth/f1tenth_ws/install/rplidar_ros/share/ament_index/resource_index/packages/rplidar_ros
[2.550s] -- Up-to-date symlink: /home/f1tenth/f1tenth_ws/install/rplidar_ros/share/rplidar_ros/cmake/ament_cmake_export_dependencies-extras.cmake
[2.552s] -- Up-to-date symlink: /home/f1tenth/f1tenth_ws/install/rplidar_ros/share/rplidar_ros/cmake/ament_cmake_export_include_directories-extras.cmake
[2.558s] -- Up-to-date symlink: /home/f1tenth/f1tenth_ws/install/rplidar_ros/share/rplidar_ros/cmake/rplidar_rosConfig.cmake
[2.559s] -- Up-to-date symlink: /home/f1tenth/f1tenth_ws/install/rplidar_ros/share/rplidar_ros/cmake/rplidar_rosConfig-version.cmake
[2.561s] -- Up-to-date symlink: /home/f1tenth/f1tenth_ws/install/rplidar_ros/share/rplidar_ros/package.xml
[2.601s] Invoked command in '/home/f1tenth/f1tenth_ws/build/rplidar_ros' returned '0': CMAKE_PREFIX_PATH=${CMAKE_PREFIX_PATH}:/home/f1tenth/f1tenth_ws/install/my_camera_package:/home/f1tenth/f1tenth_ws/install/camera:/home/f1tenth/f1tenth_ws/install/f1tenth_stack:/home/f1tenth/f1tenth_ws/install/joy_teleop:/home/f1tenth/f1tenth_ws/install/particle_filter:/home/f1tenth/f1tenth_ws/install/opencv_tools:/home/f1tenth/f1tenth_ws/install/mouse_teleop:/home/f1tenth/f1tenth_ws/install/key_teleop:/opt/ros/foxy /usr/bin/cmake --install /home/f1tenth/f1tenth_ws/build/rplidar_ros
