/home/f1tenth/.local/lib/python3.8/site-packages/setuptools/dist.py:755: SetuptoolsDeprecationWarning: Invalid dash-separated options
!!

        ********************************************************************************
        Usage of dash-separated 'script-dir' will not be supported in future
        versions. Please use the underscore name 'script_dir' instead.

        This deprecation is overdue, please update your project and remove deprecated
        calls to avoid build errors in the future.

        See https://setuptools.pypa.io/en/latest/userguide/declarative_config.html for details.
        ********************************************************************************

!!
  opt = self.warn_dash_deprecation(opt, section)
running develop
/home/f1tenth/.local/lib/python3.8/site-packages/setuptools/command/develop.py:40: EasyInstallDeprecationWarning: easy_install command is deprecated.
!!

        ********************************************************************************
        Please avoid running ``setup.py`` and ``easy_install``.
        Instead, use pypa/build, pypa/installer, pypa/build or
        other standards-based tools.

        See https://github.com/pypa/setuptools/issues/917 for details.
        ********************************************************************************

!!
  easy_install.initialize_options(self)
running egg_info
writing key_teleop.egg-info/PKG-INFO
writing dependency_links to key_teleop.egg-info/dependency_links.txt
writing entry points to key_teleop.egg-info/entry_points.txt
writing requirements to key_teleop.egg-info/requires.txt
writing top-level names to key_teleop.egg-info/top_level.txt
writing key_teleop.egg-info/PKG-INFO
writing dependency_links to key_teleop.egg-info/dependency_links.txt
writing entry points to key_teleop.egg-info/entry_points.txt
writing requirements to key_teleop.egg-info/requires.txt
writing top-level names to key_teleop.egg-info/top_level.txt
reading manifest file 'key_teleop.egg-info/SOURCES.txt'
writing manifest file 'key_teleop.egg-info/SOURCES.txt'
running build_ext
Creating /home/f1tenth/f1tenth_ws/install/key_teleop/lib/python3.8/site-packages/key-teleop.egg-link (link to .)
Installing key_teleop script to /home/f1tenth/f1tenth_ws/install/key_teleop/lib/key_teleop

Installed /home/f1tenth/f1tenth_ws/build/key_teleop
running symlink_data
symbolically linking /home/f1tenth/f1tenth_ws/build/key_teleop/package.xml -> /home/f1tenth/f1tenth_ws/install/key_teleop/share/key_teleop
symbolically linking /home/f1tenth/f1tenth_ws/build/key_teleop/config/key_teleop.yaml -> /home/f1tenth/f1tenth_ws/install/key_teleop/share/key_teleop/config
symbolically linking /home/f1tenth/f1tenth_ws/build/key_teleop/resource/key_teleop -> /home/f1tenth/f1tenth_ws/install/key_teleop/share/ament_index/resource_index/packages
