[0.415s] Invoking command in '/home/f1tenth/f1tenth_ws/build/internal_interface': CMAKE_PREFIX_PATH=${CMAKE_PREFIX_PATH}:/home/f1tenth/f1tenth_ws/install/f1tenth_stack:/home/f1tenth/f1tenth_ws/install/joy_teleop:/home/f1tenth/f1tenth_ws/install/particle_filter:/home/f1tenth/f1tenth_ws/install/opencv_tools:/home/f1tenth/f1tenth_ws/install/opencv_tests:/home/f1tenth/f1tenth_ws/install/object_detect:/home/f1tenth/f1tenth_ws/install/my_camera_package:/home/f1tenth/f1tenth_ws/install/mouse_teleop:/home/f1tenth/f1tenth_ws/install/lane_pure_pursuit:/home/f1tenth/f1tenth_ws/install/lane_keeping:/home/f1tenth/f1tenth_ws/install/key_teleop:/home/f1tenth/f1tenth_ws/install/camera_subscriber_pkg:/home/f1tenth/f1tenth_ws/install/camera_sub:/home/f1tenth/f1tenth_ws/install/csi_camera:/home/f1tenth/f1tenth_ws/install/camera_publisher:/home/f1tenth/f1tenth_ws/install/camera_package:/opt/ros/foxy /usr/bin/cmake /home/f1tenth/f1tenth_ws/src/internal_interface -DCMAKE_INSTALL_PREFIX=/home/f1tenth/f1tenth_ws/install/internal_interface
[0.784s] -- Found ament_cmake: 0.9.12 (/opt/ros/foxy/share/ament_cmake/cmake)
[1.220s] -- Found PythonInterp: /usr/bin/python3 (found suitable version "3.8.10", minimum required is "3") 
[1.225s] -- Using PYTHON_EXECUTABLE: /usr/bin/python3
[4.163s] -- Override CMake install command with custom implementation using symlinks instead of copying resources
[4.421s] -- Found rosidl_default_generators: 1.0.1 (/opt/ros/foxy/share/rosidl_default_generators/cmake)
[4.620s] -- Using all available rosidl_typesupport_c: rosidl_typesupport_fastrtps_c;rosidl_typesupport_introspection_c
[4.707s] -- Found rosidl_adapter: 1.3.1 (/opt/ros/foxy/share/rosidl_adapter/cmake)
[6.705s] -- Using all available rosidl_typesupport_cpp: rosidl_typesupport_fastrtps_cpp;rosidl_typesupport_introspection_cpp
[6.991s] -- Found std_msgs: 2.0.5 (/opt/ros/foxy/share/std_msgs/cmake)
[7.556s] -- Found ament_lint_auto: 0.9.8 (/opt/ros/foxy/share/ament_lint_auto/cmake)
[8.792s] -- Found PythonInterp: /usr/bin/python3 (found version "3.8.10") 
[11.385s] -- Found ament_cmake_ros: 0.9.2 (/opt/ros/foxy/share/ament_cmake_ros/cmake)
[13.793s] -- Using all available rosidl_typesupport_c: rosidl_typesupport_fastrtps_c;rosidl_typesupport_introspection_c
[14.768s] -- Using all available rosidl_typesupport_cpp: rosidl_typesupport_fastrtps_cpp;rosidl_typesupport_introspection_cpp
[15.245s] -- Found PythonInterp: /usr/bin/python3 (found suitable version "3.8.10", minimum required is "3.5") 
[15.249s] -- Found python_cmake_module: 0.8.1 (/opt/ros/foxy/share/python_cmake_module/cmake)
[15.574s] -- Using PYTHON_EXECUTABLE: /usr/bin/python3
[15.578s] -- Using PYTHON_INCLUDE_DIRS: /usr/include/python3.8
[15.578s] -- Using PYTHON_LIBRARIES: /usr/lib/aarch64-linux-gnu/libpython3.8.so
[16.425s] -- Added test 'cppcheck' to perform static code analysis on C / C++ code
[16.431s] -- Configured cppcheck include dirs: 
[16.432s] -- Configured cppcheck exclude dirs and/or files: 
[16.442s] -- Added test 'lint_cmake' to check CMake code style
[16.465s] -- Added test 'uncrustify' to check C / C++ code style
[16.466s] -- Configured uncrustify additional arguments: 
[16.470s] -- Added test 'xmllint' to check XML markup files
[16.642s] -- Configuring done
[17.920s] -- Generating done
[17.942s] -- Build files have been written to: /home/f1tenth/f1tenth_ws/build/internal_interface
[18.014s] Invoked command in '/home/f1tenth/f1tenth_ws/build/internal_interface' returned '0': CMAKE_PREFIX_PATH=${CMAKE_PREFIX_PATH}:/home/f1tenth/f1tenth_ws/install/f1tenth_stack:/home/f1tenth/f1tenth_ws/install/joy_teleop:/home/f1tenth/f1tenth_ws/install/particle_filter:/home/f1tenth/f1tenth_ws/install/opencv_tools:/home/f1tenth/f1tenth_ws/install/opencv_tests:/home/f1tenth/f1tenth_ws/install/object_detect:/home/f1tenth/f1tenth_ws/install/my_camera_package:/home/f1tenth/f1tenth_ws/install/mouse_teleop:/home/f1tenth/f1tenth_ws/install/lane_pure_pursuit:/home/f1tenth/f1tenth_ws/install/lane_keeping:/home/f1tenth/f1tenth_ws/install/key_teleop:/home/f1tenth/f1tenth_ws/install/camera_subscriber_pkg:/home/f1tenth/f1tenth_ws/install/camera_sub:/home/f1tenth/f1tenth_ws/install/csi_camera:/home/f1tenth/f1tenth_ws/install/camera_publisher:/home/f1tenth/f1tenth_ws/install/camera_package:/opt/ros/foxy /usr/bin/cmake /home/f1tenth/f1tenth_ws/src/internal_interface -DCMAKE_INSTALL_PREFIX=/home/f1tenth/f1tenth_ws/install/internal_interface
[18.029s] Invoking command in '/home/f1tenth/f1tenth_ws/build/internal_interface': CMAKE_PREFIX_PATH=${CMAKE_PREFIX_PATH}:/home/f1tenth/f1tenth_ws/install/f1tenth_stack:/home/f1tenth/f1tenth_ws/install/joy_teleop:/home/f1tenth/f1tenth_ws/install/particle_filter:/home/f1tenth/f1tenth_ws/install/opencv_tools:/home/f1tenth/f1tenth_ws/install/opencv_tests:/home/f1tenth/f1tenth_ws/install/object_detect:/home/f1tenth/f1tenth_ws/install/my_camera_package:/home/f1tenth/f1tenth_ws/install/mouse_teleop:/home/f1tenth/f1tenth_ws/install/lane_pure_pursuit:/home/f1tenth/f1tenth_ws/install/lane_keeping:/home/f1tenth/f1tenth_ws/install/key_teleop:/home/f1tenth/f1tenth_ws/install/camera_subscriber_pkg:/home/f1tenth/f1tenth_ws/install/camera_sub:/home/f1tenth/f1tenth_ws/install/csi_camera:/home/f1tenth/f1tenth_ws/install/camera_publisher:/home/f1tenth/f1tenth_ws/install/camera_package:/opt/ros/foxy /usr/bin/cmake --build /home/f1tenth/f1tenth_ws/build/internal_interface -- -j4 -l4
[18.987s] [  0%] Built target internal_interface__cpp
[19.445s] [ 12%] Built target internal_interface__rosidl_generator_c
[19.861s] [ 24%] Built target internal_interface__rosidl_typesupport_cpp
[20.353s] [ 36%] Built target internal_interface__rosidl_typesupport_c
[20.788s] [ 49%] Built target internal_interface__rosidl_typesupport_introspection_c
[21.293s] [ 61%] Built target internal_interface__rosidl_typesupport_fastrtps_cpp
[21.639s] [ 74%] Built target internal_interface__rosidl_typesupport_introspection_cpp
[22.216s] [ 86%] Built target internal_interface__rosidl_typesupport_fastrtps_c
[22.571s] [ 86%] Built target internal_interface
[22.964s] [ 86%] Built target internal_interface__py
[23.672s] [ 98%] Built target internal_interface__python
[24.066s] [ 99%] Built target internal_interface__rosidl_typesupport_fastrtps_c__pyext
[24.436s] [100%] Built target internal_interface__rosidl_typesupport_c__pyext
[24.804s] [100%] Built target internal_interface__rosidl_typesupport_introspection_c__pyext
[24.940s] Invoked command in '/home/f1tenth/f1tenth_ws/build/internal_interface' returned '0': CMAKE_PREFIX_PATH=${CMAKE_PREFIX_PATH}:/home/f1tenth/f1tenth_ws/install/f1tenth_stack:/home/f1tenth/f1tenth_ws/install/joy_teleop:/home/f1tenth/f1tenth_ws/install/particle_filter:/home/f1tenth/f1tenth_ws/install/opencv_tools:/home/f1tenth/f1tenth_ws/install/opencv_tests:/home/f1tenth/f1tenth_ws/install/object_detect:/home/f1tenth/f1tenth_ws/install/my_camera_package:/home/f1tenth/f1tenth_ws/install/mouse_teleop:/home/f1tenth/f1tenth_ws/install/lane_pure_pursuit:/home/f1tenth/f1tenth_ws/install/lane_keeping:/home/f1tenth/f1tenth_ws/install/key_teleop:/home/f1tenth/f1tenth_ws/install/camera_subscriber_pkg:/home/f1tenth/f1tenth_ws/install/camera_sub:/home/f1tenth/f1tenth_ws/install/csi_camera:/home/f1tenth/f1tenth_ws/install/camera_publisher:/home/f1tenth/f1tenth_ws/install/camera_package:/opt/ros/foxy /usr/bin/cmake --build /home/f1tenth/f1tenth_ws/build/internal_interface -- -j4 -l4
[34.718s] Invoking command in '/home/f1tenth/f1tenth_ws/build/internal_interface': CMAKE_PREFIX_PATH=${CMAKE_PREFIX_PATH}:/home/f1tenth/f1tenth_ws/install/f1tenth_stack:/home/f1tenth/f1tenth_ws/install/joy_teleop:/home/f1tenth/f1tenth_ws/install/particle_filter:/home/f1tenth/f1tenth_ws/install/opencv_tools:/home/f1tenth/f1tenth_ws/install/opencv_tests:/home/f1tenth/f1tenth_ws/install/object_detect:/home/f1tenth/f1tenth_ws/install/my_camera_package:/home/f1tenth/f1tenth_ws/install/mouse_teleop:/home/f1tenth/f1tenth_ws/install/lane_pure_pursuit:/home/f1tenth/f1tenth_ws/install/lane_keeping:/home/f1tenth/f1tenth_ws/install/key_teleop:/home/f1tenth/f1tenth_ws/install/camera_subscriber_pkg:/home/f1tenth/f1tenth_ws/install/camera_sub:/home/f1tenth/f1tenth_ws/install/csi_camera:/home/f1tenth/f1tenth_ws/install/camera_publisher:/home/f1tenth/f1tenth_ws/install/camera_package:/opt/ros/foxy /usr/bin/cmake --install /home/f1tenth/f1tenth_ws/build/internal_interface
[34.863s] -- Install configuration: ""
[34.868s] -- Execute custom install script
[34.870s] -- Up-to-date symlink: /home/f1tenth/f1tenth_ws/install/internal_interface/share/ament_index/resource_index/rosidl_interfaces/internal_interface
[34.891s] -- Up-to-date symlink: /home/f1tenth/f1tenth_ws/install/internal_interface/include/internal_interface/msg/car_state.h
[34.895s] -- Up-to-date symlink: /home/f1tenth/f1tenth_ws/install/internal_interface/include/internal_interface/msg/control_input.h
[34.897s] -- Up-to-date symlink: /home/f1tenth/f1tenth_ws/install/internal_interface/include/internal_interface/msg/detail/car_state__functions.h
[34.901s] -- Up-to-date symlink: /home/f1tenth/f1tenth_ws/install/internal_interface/include/internal_interface/msg/detail/car_state__struct.h
[34.903s] -- Up-to-date symlink: /home/f1tenth/f1tenth_ws/install/internal_interface/include/internal_interface/msg/detail/car_state__type_support.h
[34.906s] -- Up-to-date symlink: /home/f1tenth/f1tenth_ws/install/internal_interface/include/internal_interface/msg/detail/control_input__functions.h
[34.913s] -- Up-to-date symlink: /home/f1tenth/f1tenth_ws/install/internal_interface/include/internal_interface/msg/detail/control_input__struct.h
[34.915s] -- Up-to-date symlink: /home/f1tenth/f1tenth_ws/install/internal_interface/include/internal_interface/msg/detail/control_input__type_support.h
[34.917s] -- Up-to-date symlink: /home/f1tenth/f1tenth_ws/install/internal_interface/include/internal_interface/msg/detail/detected_lanes__functions.h
[34.920s] -- Up-to-date symlink: /home/f1tenth/f1tenth_ws/install/internal_interface/include/internal_interface/msg/detail/detected_lanes__struct.h
[34.927s] -- Up-to-date symlink: /home/f1tenth/f1tenth_ws/install/internal_interface/include/internal_interface/msg/detail/detected_lanes__type_support.h
[34.932s] -- Up-to-date symlink: /home/f1tenth/f1tenth_ws/install/internal_interface/include/internal_interface/msg/detail/encoded_image__functions.h
[34.935s] -- Up-to-date symlink: /home/f1tenth/f1tenth_ws/install/internal_interface/include/internal_interface/msg/detail/encoded_image__struct.h
[34.937s] -- Up-to-date symlink: /home/f1tenth/f1tenth_ws/install/internal_interface/include/internal_interface/msg/detail/encoded_image__type_support.h
[34.939s] -- Up-to-date symlink: /home/f1tenth/f1tenth_ws/install/internal_interface/include/internal_interface/msg/detail/goal_state__functions.h
[34.941s] -- Up-to-date symlink: /home/f1tenth/f1tenth_ws/install/internal_interface/include/internal_interface/msg/detail/goal_state__struct.h
[34.944s] -- Up-to-date symlink: /home/f1tenth/f1tenth_ws/install/internal_interface/include/internal_interface/msg/detail/goal_state__type_support.h
[34.947s] -- Up-to-date symlink: /home/f1tenth/f1tenth_ws/install/internal_interface/include/internal_interface/msg/detail/gps_curve__functions.h
[34.948s] -- Up-to-date symlink: /home/f1tenth/f1tenth_ws/install/internal_interface/include/internal_interface/msg/detail/gps_curve__struct.h
[34.956s] -- Up-to-date symlink: /home/f1tenth/f1tenth_ws/install/internal_interface/include/internal_interface/msg/detail/gps_curve__type_support.h
[34.956s] -- Up-to-date symlink: /home/f1tenth/f1tenth_ws/install/internal_interface/include/internal_interface/msg/detail/gps_node__functions.h
[34.956s] -- Up-to-date symlink: /home/f1tenth/f1tenth_ws/install/internal_interface/include/internal_interface/msg/detail/gps_node__struct.h
[34.959s] -- Up-to-date symlink: /home/f1tenth/f1tenth_ws/install/internal_interface/include/internal_interface/msg/detail/gps_node__type_support.h
[34.960s] -- Up-to-date symlink: /home/f1tenth/f1tenth_ws/install/internal_interface/include/internal_interface/msg/detail/intersection__functions.h
[34.960s] -- Up-to-date symlink: /home/f1tenth/f1tenth_ws/install/internal_interface/include/internal_interface/msg/detail/intersection__struct.h
[34.964s] -- Up-to-date symlink: /home/f1tenth/f1tenth_ws/install/internal_interface/include/internal_interface/msg/detail/intersection__type_support.h
[34.965s] -- Up-to-date symlink: /home/f1tenth/f1tenth_ws/install/internal_interface/include/internal_interface/msg/detail/localized_object__functions.h
[34.968s] -- Up-to-date symlink: /home/f1tenth/f1tenth_ws/install/internal_interface/include/internal_interface/msg/detail/localized_object__struct.h
[34.968s] -- Up-to-date symlink: /home/f1tenth/f1tenth_ws/install/internal_interface/include/internal_interface/msg/detail/localized_object__type_support.h
[34.970s] -- Up-to-date symlink: /home/f1tenth/f1tenth_ws/install/internal_interface/include/internal_interface/msg/detail/localized_objects__functions.h
[34.974s] -- Up-to-date symlink: /home/f1tenth/f1tenth_ws/install/internal_interface/include/internal_interface/msg/detail/localized_objects__struct.h
[34.980s] -- Up-to-date symlink: /home/f1tenth/f1tenth_ws/install/internal_interface/include/internal_interface/msg/detail/localized_objects__type_support.h
[34.983s] -- Up-to-date symlink: /home/f1tenth/f1tenth_ws/install/internal_interface/include/internal_interface/msg/detail/look_ahead_point__functions.h
[34.984s] -- Up-to-date symlink: /home/f1tenth/f1tenth_ws/install/internal_interface/include/internal_interface/msg/detail/look_ahead_point__struct.h
[34.986s] -- Up-to-date symlink: /home/f1tenth/f1tenth_ws/install/internal_interface/include/internal_interface/msg/detail/look_ahead_point__type_support.h
[34.990s] -- Up-to-date symlink: /home/f1tenth/f1tenth_ws/install/internal_interface/include/internal_interface/msg/detail/manuever_description__functions.h
[34.993s] -- Up-to-date symlink: /home/f1tenth/f1tenth_ws/install/internal_interface/include/internal_interface/msg/detail/manuever_description__struct.h
[34.995s] -- Up-to-date symlink: /home/f1tenth/f1tenth_ws/install/internal_interface/include/internal_interface/msg/detail/manuever_description__type_support.h
[35.014s] -- Up-to-date symlink: /home/f1tenth/f1tenth_ws/install/internal_interface/include/internal_interface/msg/detail/manuever_part__functions.h
[35.019s] -- Up-to-date symlink: /home/f1tenth/f1tenth_ws/install/internal_interface/include/internal_interface/msg/detail/manuever_part__struct.h
[35.021s] -- Up-to-date symlink: /home/f1tenth/f1tenth_ws/install/internal_interface/include/internal_interface/msg/detail/manuever_part__type_support.h
[35.028s] -- Up-to-date symlink: /home/f1tenth/f1tenth_ws/install/internal_interface/include/internal_interface/msg/detail/node__functions.h
[35.029s] -- Up-to-date symlink: /home/f1tenth/f1tenth_ws/install/internal_interface/include/internal_interface/msg/detail/node__struct.h
[35.035s] -- Up-to-date symlink: /home/f1tenth/f1tenth_ws/install/internal_interface/include/internal_interface/msg/detail/node__type_support.h
[35.039s] -- Up-to-date symlink: /home/f1tenth/f1tenth_ws/install/internal_interface/include/internal_interface/msg/detail/object__functions.h
[35.041s] -- Up-to-date symlink: /home/f1tenth/f1tenth_ws/install/internal_interface/include/internal_interface/msg/detail/object__struct.h
[35.044s] -- Up-to-date symlink: /home/f1tenth/f1tenth_ws/install/internal_interface/include/internal_interface/msg/detail/object__type_support.h
[35.045s] -- Up-to-date symlink: /home/f1tenth/f1tenth_ws/install/internal_interface/include/internal_interface/msg/detail/objects__functions.h
[35.048s] -- Up-to-date symlink: /home/f1tenth/f1tenth_ws/install/internal_interface/include/internal_interface/msg/detail/objects__struct.h
[35.051s] -- Up-to-date symlink: /home/f1tenth/f1tenth_ws/install/internal_interface/include/internal_interface/msg/detail/objects__type_support.h
[35.053s] -- Up-to-date symlink: /home/f1tenth/f1tenth_ws/install/internal_interface/include/internal_interface/msg/detail/path__functions.h
[35.054s] -- Up-to-date symlink: /home/f1tenth/f1tenth_ws/install/internal_interface/include/internal_interface/msg/detail/path__struct.h
[35.056s] -- Up-to-date symlink: /home/f1tenth/f1tenth_ws/install/internal_interface/include/internal_interface/msg/detail/path__type_support.h
[35.074s] -- Up-to-date symlink: /home/f1tenth/f1tenth_ws/install/internal_interface/include/internal_interface/msg/detail/proximity_status__functions.h
[35.103s] -- Up-to-date symlink: /home/f1tenth/f1tenth_ws/install/internal_interface/include/internal_interface/msg/detail/proximity_status__struct.h
[35.104s] -- Up-to-date symlink: /home/f1tenth/f1tenth_ws/install/internal_interface/include/internal_interface/msg/detail/proximity_status__type_support.h
[35.104s] -- Up-to-date symlink: /home/f1tenth/f1tenth_ws/install/internal_interface/include/internal_interface/msg/detail/pure_pursuit_params__functions.h
[35.105s] -- Up-to-date symlink: /home/f1tenth/f1tenth_ws/install/internal_interface/include/internal_interface/msg/detail/pure_pursuit_params__struct.h
[35.105s] -- Up-to-date symlink: /home/f1tenth/f1tenth_ws/install/internal_interface/include/internal_interface/msg/detail/pure_pursuit_params__type_support.h
[35.106s] -- Up-to-date symlink: /home/f1tenth/f1tenth_ws/install/internal_interface/include/internal_interface/msg/detail/raw_battery__functions.h
[35.106s] -- Up-to-date symlink: /home/f1tenth/f1tenth_ws/install/internal_interface/include/internal_interface/msg/detail/raw_battery__struct.h
[35.106s] -- Up-to-date symlink: /home/f1tenth/f1tenth_ws/install/internal_interface/include/internal_interface/msg/detail/raw_battery__type_support.h
[35.107s] -- Up-to-date symlink: /home/f1tenth/f1tenth_ws/install/internal_interface/include/internal_interface/msg/detail/raw_distance_sensor__functions.h
[35.107s] -- Up-to-date symlink: /home/f1tenth/f1tenth_ws/install/internal_interface/include/internal_interface/msg/detail/raw_distance_sensor__struct.h
[35.108s] -- Up-to-date symlink: /home/f1tenth/f1tenth_ws/install/internal_interface/include/internal_interface/msg/detail/raw_distance_sensor__type_support.h
[35.108s] -- Up-to-date symlink: /home/f1tenth/f1tenth_ws/install/internal_interface/include/internal_interface/msg/detail/raw_gps__functions.h
[35.109s] -- Up-to-date symlink: /home/f1tenth/f1tenth_ws/install/internal_interface/include/internal_interface/msg/detail/raw_gps__struct.h
[35.110s] -- Up-to-date symlink: /home/f1tenth/f1tenth_ws/install/internal_interface/include/internal_interface/msg/detail/raw_gps__type_support.h
[35.111s] -- Up-to-date symlink: /home/f1tenth/f1tenth_ws/install/internal_interface/include/internal_interface/msg/detail/raw_imu__functions.h
[35.111s] -- Up-to-date symlink: /home/f1tenth/f1tenth_ws/install/internal_interface/include/internal_interface/msg/detail/raw_imu__struct.h
[35.140s] -- Up-to-date symlink: /home/f1tenth/f1tenth_ws/install/internal_interface/include/internal_interface/msg/detail/raw_imu__type_support.h
[35.141s] -- Up-to-date symlink: /home/f1tenth/f1tenth_ws/install/internal_interface/include/internal_interface/msg/detail/real_control_input__functions.h
[35.146s] -- Up-to-date symlink: /home/f1tenth/f1tenth_ws/install/internal_interface/include/internal_interface/msg/detail/real_control_input__struct.h
[35.147s] -- Up-to-date symlink: /home/f1tenth/f1tenth_ws/install/internal_interface/include/internal_interface/msg/detail/real_control_input__type_support.h
[35.149s] -- Up-to-date symlink: /home/f1tenth/f1tenth_ws/install/internal_interface/include/internal_interface/msg/detail/semaphore__functions.h
[35.157s] -- Up-to-date symlink: /home/f1tenth/f1tenth_ws/install/internal_interface/include/internal_interface/msg/detail/semaphore__struct.h
[35.157s] -- Up-to-date symlink: /home/f1tenth/f1tenth_ws/install/internal_interface/include/internal_interface/msg/detail/semaphore__type_support.h
[35.158s] -- Up-to-date symlink: /home/f1tenth/f1tenth_ws/install/internal_interface/include/internal_interface/msg/detail/stop_signal__functions.h
[35.160s] -- Up-to-date symlink: /home/f1tenth/f1tenth_ws/install/internal_interface/include/internal_interface/msg/detail/stop_signal__struct.h
[35.163s] -- Up-to-date symlink: /home/f1tenth/f1tenth_ws/install/internal_interface/include/internal_interface/msg/detail/stop_signal__type_support.h
[35.165s] -- Up-to-date symlink: /home/f1tenth/f1tenth_ws/install/internal_interface/include/internal_interface/msg/detail/wheel_encoders__functions.h
[35.165s] -- Up-to-date symlink: /home/f1tenth/f1tenth_ws/install/internal_interface/include/internal_interface/msg/detail/wheel_encoders__struct.h
[35.165s] -- Up-to-date symlink: /home/f1tenth/f1tenth_ws/install/internal_interface/include/internal_interface/msg/detail/wheel_encoders__type_support.h
[35.166s] -- Up-to-date symlink: /home/f1tenth/f1tenth_ws/install/internal_interface/include/internal_interface/msg/detected_lanes.h
[35.166s] -- Up-to-date symlink: /home/f1tenth/f1tenth_ws/install/internal_interface/include/internal_interface/msg/encoded_image.h
[35.168s] -- Up-to-date symlink: /home/f1tenth/f1tenth_ws/install/internal_interface/include/internal_interface/msg/goal_state.h
[35.169s] -- Up-to-date symlink: /home/f1tenth/f1tenth_ws/install/internal_interface/include/internal_interface/msg/gps_curve.h
[35.170s] -- Up-to-date symlink: /home/f1tenth/f1tenth_ws/install/internal_interface/include/internal_interface/msg/gps_node.h
[35.170s] -- Up-to-date symlink: /home/f1tenth/f1tenth_ws/install/internal_interface/include/internal_interface/msg/intersection.h
[35.171s] -- Up-to-date symlink: /home/f1tenth/f1tenth_ws/install/internal_interface/include/internal_interface/msg/localized_object.h
[35.171s] -- Up-to-date symlink: /home/f1tenth/f1tenth_ws/install/internal_interface/include/internal_interface/msg/localized_objects.h
[35.172s] -- Up-to-date symlink: /home/f1tenth/f1tenth_ws/install/internal_interface/include/internal_interface/msg/look_ahead_point.h
[35.172s] -- Up-to-date symlink: /home/f1tenth/f1tenth_ws/install/internal_interface/include/internal_interface/msg/manuever_description.h
[35.174s] -- Up-to-date symlink: /home/f1tenth/f1tenth_ws/install/internal_interface/include/internal_interface/msg/manuever_part.h
[35.174s] -- Up-to-date symlink: /home/f1tenth/f1tenth_ws/install/internal_interface/include/internal_interface/msg/node.h
[35.175s] -- Up-to-date symlink: /home/f1tenth/f1tenth_ws/install/internal_interface/include/internal_interface/msg/object.h
[35.175s] -- Up-to-date symlink: /home/f1tenth/f1tenth_ws/install/internal_interface/include/internal_interface/msg/objects.h
[35.180s] -- Up-to-date symlink: /home/f1tenth/f1tenth_ws/install/internal_interface/include/internal_interface/msg/path.h
[35.180s] -- Up-to-date symlink: /home/f1tenth/f1tenth_ws/install/internal_interface/include/internal_interface/msg/proximity_status.h
[35.181s] -- Up-to-date symlink: /home/f1tenth/f1tenth_ws/install/internal_interface/include/internal_interface/msg/pure_pursuit_params.h
[35.183s] -- Up-to-date symlink: /home/f1tenth/f1tenth_ws/install/internal_interface/include/internal_interface/msg/raw_battery.h
[35.184s] -- Up-to-date symlink: /home/f1tenth/f1tenth_ws/install/internal_interface/include/internal_interface/msg/raw_distance_sensor.h
[35.185s] -- Up-to-date symlink: /home/f1tenth/f1tenth_ws/install/internal_interface/include/internal_interface/msg/raw_gps.h
[35.187s] -- Up-to-date symlink: /home/f1tenth/f1tenth_ws/install/internal_interface/include/internal_interface/msg/raw_imu.h
[35.193s] -- Up-to-date symlink: /home/f1tenth/f1tenth_ws/install/internal_interface/include/internal_interface/msg/real_control_input.h
[35.193s] -- Up-to-date symlink: /home/f1tenth/f1tenth_ws/install/internal_interface/include/internal_interface/msg/rosidl_generator_c__visibility_control.h
[35.197s] -- Up-to-date symlink: /home/f1tenth/f1tenth_ws/install/internal_interface/include/internal_interface/msg/semaphore.h
[35.199s] -- Up-to-date symlink: /home/f1tenth/f1tenth_ws/install/internal_interface/include/internal_interface/msg/stop_signal.h
[35.200s] -- Up-to-date symlink: /home/f1tenth/f1tenth_ws/install/internal_interface/include/internal_interface/msg/wheel_encoders.h
[35.201s] -- Up-to-date symlink: /home/f1tenth/f1tenth_ws/install/internal_interface/share/internal_interface/environment/library_path.sh
[35.204s] -- Up-to-date symlink: /home/f1tenth/f1tenth_ws/install/internal_interface/share/internal_interface/environment/library_path.dsv
[35.218s] -- Up-to-date symlink: /home/f1tenth/f1tenth_ws/install/internal_interface/include/internal_interface/msg/detail/car_state__rosidl_typesupport_fastrtps_c.h
[35.220s] -- Up-to-date symlink: /home/f1tenth/f1tenth_ws/install/internal_interface/include/internal_interface/msg/detail/control_input__rosidl_typesupport_fastrtps_c.h
[35.221s] -- Up-to-date symlink: /home/f1tenth/f1tenth_ws/install/internal_interface/include/internal_interface/msg/detail/detected_lanes__rosidl_typesupport_fastrtps_c.h
[35.225s] -- Up-to-date symlink: /home/f1tenth/f1tenth_ws/install/internal_interface/include/internal_interface/msg/detail/encoded_image__rosidl_typesupport_fastrtps_c.h
[35.226s] -- Up-to-date symlink: /home/f1tenth/f1tenth_ws/install/internal_interface/include/internal_interface/msg/detail/goal_state__rosidl_typesupport_fastrtps_c.h
[35.228s] -- Up-to-date symlink: /home/f1tenth/f1tenth_ws/install/internal_interface/include/internal_interface/msg/detail/gps_curve__rosidl_typesupport_fastrtps_c.h
[35.232s] -- Up-to-date symlink: /home/f1tenth/f1tenth_ws/install/internal_interface/include/internal_interface/msg/detail/gps_node__rosidl_typesupport_fastrtps_c.h
[35.237s] -- Up-to-date symlink: /home/f1tenth/f1tenth_ws/install/internal_interface/include/internal_interface/msg/detail/intersection__rosidl_typesupport_fastrtps_c.h
[35.238s] -- Up-to-date symlink: /home/f1tenth/f1tenth_ws/install/internal_interface/include/internal_interface/msg/detail/localized_object__rosidl_typesupport_fastrtps_c.h
[35.240s] -- Up-to-date symlink: /home/f1tenth/f1tenth_ws/install/internal_interface/include/internal_interface/msg/detail/localized_objects__rosidl_typesupport_fastrtps_c.h
[35.249s] -- Up-to-date symlink: /home/f1tenth/f1tenth_ws/install/internal_interface/include/internal_interface/msg/detail/look_ahead_point__rosidl_typesupport_fastrtps_c.h
[35.252s] -- Up-to-date symlink: /home/f1tenth/f1tenth_ws/install/internal_interface/include/internal_interface/msg/detail/manuever_description__rosidl_typesupport_fastrtps_c.h
[35.255s] -- Up-to-date symlink: /home/f1tenth/f1tenth_ws/install/internal_interface/include/internal_interface/msg/detail/manuever_part__rosidl_typesupport_fastrtps_c.h
[35.259s] -- Up-to-date symlink: /home/f1tenth/f1tenth_ws/install/internal_interface/include/internal_interface/msg/detail/node__rosidl_typesupport_fastrtps_c.h
[35.266s] -- Up-to-date symlink: /home/f1tenth/f1tenth_ws/install/internal_interface/include/internal_interface/msg/detail/object__rosidl_typesupport_fastrtps_c.h
[35.268s] -- Up-to-date symlink: /home/f1tenth/f1tenth_ws/install/internal_interface/include/internal_interface/msg/detail/objects__rosidl_typesupport_fastrtps_c.h
[35.271s] -- Up-to-date symlink: /home/f1tenth/f1tenth_ws/install/internal_interface/include/internal_interface/msg/detail/path__rosidl_typesupport_fastrtps_c.h
[35.274s] -- Up-to-date symlink: /home/f1tenth/f1tenth_ws/install/internal_interface/include/internal_interface/msg/detail/proximity_status__rosidl_typesupport_fastrtps_c.h
[35.281s] -- Up-to-date symlink: /home/f1tenth/f1tenth_ws/install/internal_interface/include/internal_interface/msg/detail/pure_pursuit_params__rosidl_typesupport_fastrtps_c.h
[35.285s] -- Up-to-date symlink: /home/f1tenth/f1tenth_ws/install/internal_interface/include/internal_interface/msg/detail/raw_battery__rosidl_typesupport_fastrtps_c.h
[35.288s] -- Up-to-date symlink: /home/f1tenth/f1tenth_ws/install/internal_interface/include/internal_interface/msg/detail/raw_distance_sensor__rosidl_typesupport_fastrtps_c.h
[35.292s] -- Up-to-date symlink: /home/f1tenth/f1tenth_ws/install/internal_interface/include/internal_interface/msg/detail/raw_gps__rosidl_typesupport_fastrtps_c.h
[35.295s] -- Up-to-date symlink: /home/f1tenth/f1tenth_ws/install/internal_interface/include/internal_interface/msg/detail/raw_imu__rosidl_typesupport_fastrtps_c.h
[35.297s] -- Up-to-date symlink: /home/f1tenth/f1tenth_ws/install/internal_interface/include/internal_interface/msg/detail/real_control_input__rosidl_typesupport_fastrtps_c.h
[35.299s] -- Up-to-date symlink: /home/f1tenth/f1tenth_ws/install/internal_interface/include/internal_interface/msg/detail/semaphore__rosidl_typesupport_fastrtps_c.h
[35.302s] -- Up-to-date symlink: /home/f1tenth/f1tenth_ws/install/internal_interface/include/internal_interface/msg/detail/stop_signal__rosidl_typesupport_fastrtps_c.h
[35.304s] -- Up-to-date symlink: /home/f1tenth/f1tenth_ws/install/internal_interface/include/internal_interface/msg/detail/wheel_encoders__rosidl_typesupport_fastrtps_c.h
[35.320s] -- Up-to-date symlink: /home/f1tenth/f1tenth_ws/install/internal_interface/include/internal_interface/msg/rosidl_typesupport_fastrtps_c__visibility_control.h
[35.321s] -- Up-to-date symlink: /home/f1tenth/f1tenth_ws/install/internal_interface/lib/libinternal_interface__rosidl_typesupport_fastrtps_c.so
[35.329s] -- Up-to-date symlink: /home/f1tenth/f1tenth_ws/install/internal_interface/include/internal_interface/msg/detail/car_state__rosidl_typesupport_fastrtps_cpp.hpp
[35.332s] -- Up-to-date symlink: /home/f1tenth/f1tenth_ws/install/internal_interface/include/internal_interface/msg/detail/control_input__rosidl_typesupport_fastrtps_cpp.hpp
[35.336s] -- Up-to-date symlink: /home/f1tenth/f1tenth_ws/install/internal_interface/include/internal_interface/msg/detail/detected_lanes__rosidl_typesupport_fastrtps_cpp.hpp
[35.340s] -- Up-to-date symlink: /home/f1tenth/f1tenth_ws/install/internal_interface/include/internal_interface/msg/detail/encoded_image__rosidl_typesupport_fastrtps_cpp.hpp
[35.350s] -- Up-to-date symlink: /home/f1tenth/f1tenth_ws/install/internal_interface/include/internal_interface/msg/detail/goal_state__rosidl_typesupport_fastrtps_cpp.hpp
[35.354s] -- Up-to-date symlink: /home/f1tenth/f1tenth_ws/install/internal_interface/include/internal_interface/msg/detail/gps_curve__rosidl_typesupport_fastrtps_cpp.hpp
[35.357s] -- Up-to-date symlink: /home/f1tenth/f1tenth_ws/install/internal_interface/include/internal_interface/msg/detail/gps_node__rosidl_typesupport_fastrtps_cpp.hpp
[35.357s] -- Up-to-date symlink: /home/f1tenth/f1tenth_ws/install/internal_interface/include/internal_interface/msg/detail/intersection__rosidl_typesupport_fastrtps_cpp.hpp
[35.360s] -- Up-to-date symlink: /home/f1tenth/f1tenth_ws/install/internal_interface/include/internal_interface/msg/detail/localized_object__rosidl_typesupport_fastrtps_cpp.hpp
[35.362s] -- Up-to-date symlink: /home/f1tenth/f1tenth_ws/install/internal_interface/include/internal_interface/msg/detail/localized_objects__rosidl_typesupport_fastrtps_cpp.hpp
[35.364s] -- Up-to-date symlink: /home/f1tenth/f1tenth_ws/install/internal_interface/include/internal_interface/msg/detail/look_ahead_point__rosidl_typesupport_fastrtps_cpp.hpp
[35.366s] -- Up-to-date symlink: /home/f1tenth/f1tenth_ws/install/internal_interface/include/internal_interface/msg/detail/manuever_description__rosidl_typesupport_fastrtps_cpp.hpp
[35.368s] -- Up-to-date symlink: /home/f1tenth/f1tenth_ws/install/internal_interface/include/internal_interface/msg/detail/manuever_part__rosidl_typesupport_fastrtps_cpp.hpp
[35.372s] -- Up-to-date symlink: /home/f1tenth/f1tenth_ws/install/internal_interface/include/internal_interface/msg/detail/node__rosidl_typesupport_fastrtps_cpp.hpp
[35.385s] -- Up-to-date symlink: /home/f1tenth/f1tenth_ws/install/internal_interface/include/internal_interface/msg/detail/object__rosidl_typesupport_fastrtps_cpp.hpp
[35.387s] -- Up-to-date symlink: /home/f1tenth/f1tenth_ws/install/internal_interface/include/internal_interface/msg/detail/objects__rosidl_typesupport_fastrtps_cpp.hpp
[35.391s] -- Up-to-date symlink: /home/f1tenth/f1tenth_ws/install/internal_interface/include/internal_interface/msg/detail/path__rosidl_typesupport_fastrtps_cpp.hpp
[35.394s] -- Up-to-date symlink: /home/f1tenth/f1tenth_ws/install/internal_interface/include/internal_interface/msg/detail/proximity_status__rosidl_typesupport_fastrtps_cpp.hpp
[35.396s] -- Up-to-date symlink: /home/f1tenth/f1tenth_ws/install/internal_interface/include/internal_interface/msg/detail/pure_pursuit_params__rosidl_typesupport_fastrtps_cpp.hpp
[35.398s] -- Up-to-date symlink: /home/f1tenth/f1tenth_ws/install/internal_interface/include/internal_interface/msg/detail/raw_battery__rosidl_typesupport_fastrtps_cpp.hpp
[35.401s] -- Up-to-date symlink: /home/f1tenth/f1tenth_ws/install/internal_interface/include/internal_interface/msg/detail/raw_distance_sensor__rosidl_typesupport_fastrtps_cpp.hpp
[35.403s] -- Up-to-date symlink: /home/f1tenth/f1tenth_ws/install/internal_interface/include/internal_interface/msg/detail/raw_gps__rosidl_typesupport_fastrtps_cpp.hpp
[35.407s] -- Up-to-date symlink: /home/f1tenth/f1tenth_ws/install/internal_interface/include/internal_interface/msg/detail/raw_imu__rosidl_typesupport_fastrtps_cpp.hpp
[35.409s] -- Up-to-date symlink: /home/f1tenth/f1tenth_ws/install/internal_interface/include/internal_interface/msg/detail/real_control_input__rosidl_typesupport_fastrtps_cpp.hpp
[35.411s] -- Up-to-date symlink: /home/f1tenth/f1tenth_ws/install/internal_interface/include/internal_interface/msg/detail/semaphore__rosidl_typesupport_fastrtps_cpp.hpp
[35.415s] -- Up-to-date symlink: /home/f1tenth/f1tenth_ws/install/internal_interface/include/internal_interface/msg/detail/stop_signal__rosidl_typesupport_fastrtps_cpp.hpp
[35.416s] -- Up-to-date symlink: /home/f1tenth/f1tenth_ws/install/internal_interface/include/internal_interface/msg/detail/wheel_encoders__rosidl_typesupport_fastrtps_cpp.hpp
[35.420s] -- Up-to-date symlink: /home/f1tenth/f1tenth_ws/install/internal_interface/include/internal_interface/msg/rosidl_typesupport_fastrtps_cpp__visibility_control.h
[35.423s] -- Up-to-date symlink: /home/f1tenth/f1tenth_ws/install/internal_interface/lib/libinternal_interface__rosidl_typesupport_fastrtps_cpp.so
[35.439s] -- Up-to-date symlink: /home/f1tenth/f1tenth_ws/install/internal_interface/include/internal_interface/msg/detail/car_state__rosidl_typesupport_introspection_c.h
[35.442s] -- Up-to-date symlink: /home/f1tenth/f1tenth_ws/install/internal_interface/include/internal_interface/msg/detail/control_input__rosidl_typesupport_introspection_c.h
[35.447s] -- Up-to-date symlink: /home/f1tenth/f1tenth_ws/install/internal_interface/include/internal_interface/msg/detail/detected_lanes__rosidl_typesupport_introspection_c.h
[35.448s] -- Up-to-date symlink: /home/f1tenth/f1tenth_ws/install/internal_interface/include/internal_interface/msg/detail/encoded_image__rosidl_typesupport_introspection_c.h
[35.453s] -- Up-to-date symlink: /home/f1tenth/f1tenth_ws/install/internal_interface/include/internal_interface/msg/detail/goal_state__rosidl_typesupport_introspection_c.h
[35.455s] -- Up-to-date symlink: /home/f1tenth/f1tenth_ws/install/internal_interface/include/internal_interface/msg/detail/gps_curve__rosidl_typesupport_introspection_c.h
[35.458s] -- Up-to-date symlink: /home/f1tenth/f1tenth_ws/install/internal_interface/include/internal_interface/msg/detail/gps_node__rosidl_typesupport_introspection_c.h
[35.461s] -- Up-to-date symlink: /home/f1tenth/f1tenth_ws/install/internal_interface/include/internal_interface/msg/detail/intersection__rosidl_typesupport_introspection_c.h
[35.464s] -- Up-to-date symlink: /home/f1tenth/f1tenth_ws/install/internal_interface/include/internal_interface/msg/detail/localized_object__rosidl_typesupport_introspection_c.h
[35.465s] -- Up-to-date symlink: /home/f1tenth/f1tenth_ws/install/internal_interface/include/internal_interface/msg/detail/localized_objects__rosidl_typesupport_introspection_c.h
[35.466s] -- Up-to-date symlink: /home/f1tenth/f1tenth_ws/install/internal_interface/include/internal_interface/msg/detail/look_ahead_point__rosidl_typesupport_introspection_c.h
[35.467s] -- Up-to-date symlink: /home/f1tenth/f1tenth_ws/install/internal_interface/include/internal_interface/msg/detail/manuever_description__rosidl_typesupport_introspection_c.h
[35.469s] -- Up-to-date symlink: /home/f1tenth/f1tenth_ws/install/internal_interface/include/internal_interface/msg/detail/manuever_part__rosidl_typesupport_introspection_c.h
[35.475s] -- Up-to-date symlink: /home/f1tenth/f1tenth_ws/install/internal_interface/include/internal_interface/msg/detail/node__rosidl_typesupport_introspection_c.h
[35.481s] -- Up-to-date symlink: /home/f1tenth/f1tenth_ws/install/internal_interface/include/internal_interface/msg/detail/object__rosidl_typesupport_introspection_c.h
[35.481s] -- Up-to-date symlink: /home/f1tenth/f1tenth_ws/install/internal_interface/include/internal_interface/msg/detail/objects__rosidl_typesupport_introspection_c.h
[35.482s] -- Up-to-date symlink: /home/f1tenth/f1tenth_ws/install/internal_interface/include/internal_interface/msg/detail/path__rosidl_typesupport_introspection_c.h
[35.483s] -- Up-to-date symlink: /home/f1tenth/f1tenth_ws/install/internal_interface/include/internal_interface/msg/detail/proximity_status__rosidl_typesupport_introspection_c.h
[35.489s] -- Up-to-date symlink: /home/f1tenth/f1tenth_ws/install/internal_interface/include/internal_interface/msg/detail/pure_pursuit_params__rosidl_typesupport_introspection_c.h
[35.493s] -- Up-to-date symlink: /home/f1tenth/f1tenth_ws/install/internal_interface/include/internal_interface/msg/detail/raw_battery__rosidl_typesupport_introspection_c.h
[35.493s] -- Up-to-date symlink: /home/f1tenth/f1tenth_ws/install/internal_interface/include/internal_interface/msg/detail/raw_distance_sensor__rosidl_typesupport_introspection_c.h
[35.497s] -- Up-to-date symlink: /home/f1tenth/f1tenth_ws/install/internal_interface/include/internal_interface/msg/detail/raw_gps__rosidl_typesupport_introspection_c.h
[35.497s] -- Up-to-date symlink: /home/f1tenth/f1tenth_ws/install/internal_interface/include/internal_interface/msg/detail/raw_imu__rosidl_typesupport_introspection_c.h
[35.497s] -- Up-to-date symlink: /home/f1tenth/f1tenth_ws/install/internal_interface/include/internal_interface/msg/detail/real_control_input__rosidl_typesupport_introspection_c.h
[35.498s] -- Up-to-date symlink: /home/f1tenth/f1tenth_ws/install/internal_interface/include/internal_interface/msg/detail/semaphore__rosidl_typesupport_introspection_c.h
[35.500s] -- Up-to-date symlink: /home/f1tenth/f1tenth_ws/install/internal_interface/include/internal_interface/msg/detail/stop_signal__rosidl_typesupport_introspection_c.h
[35.501s] -- Up-to-date symlink: /home/f1tenth/f1tenth_ws/install/internal_interface/include/internal_interface/msg/detail/wheel_encoders__rosidl_typesupport_introspection_c.h
[35.503s] -- Up-to-date symlink: /home/f1tenth/f1tenth_ws/install/internal_interface/include/internal_interface/msg/rosidl_typesupport_introspection_c__visibility_control.h
[35.538s] -- Up-to-date symlink: /home/f1tenth/f1tenth_ws/install/internal_interface/include/internal_interface/msg/car_state.hpp
[35.541s] -- Up-to-date symlink: /home/f1tenth/f1tenth_ws/install/internal_interface/include/internal_interface/msg/control_input.hpp
[35.544s] -- Up-to-date symlink: /home/f1tenth/f1tenth_ws/install/internal_interface/include/internal_interface/msg/detail/car_state__builder.hpp
[35.553s] -- Up-to-date symlink: /home/f1tenth/f1tenth_ws/install/internal_interface/include/internal_interface/msg/detail/car_state__struct.hpp
[35.557s] -- Up-to-date symlink: /home/f1tenth/f1tenth_ws/install/internal_interface/include/internal_interface/msg/detail/car_state__traits.hpp
[35.561s] -- Up-to-date symlink: /home/f1tenth/f1tenth_ws/install/internal_interface/include/internal_interface/msg/detail/car_state__type_support.hpp
[35.567s] -- Up-to-date symlink: /home/f1tenth/f1tenth_ws/install/internal_interface/include/internal_interface/msg/detail/control_input__builder.hpp
[35.568s] -- Up-to-date symlink: /home/f1tenth/f1tenth_ws/install/internal_interface/include/internal_interface/msg/detail/control_input__struct.hpp
[35.570s] -- Up-to-date symlink: /home/f1tenth/f1tenth_ws/install/internal_interface/include/internal_interface/msg/detail/control_input__traits.hpp
[35.582s] -- Up-to-date symlink: /home/f1tenth/f1tenth_ws/install/internal_interface/include/internal_interface/msg/detail/control_input__type_support.hpp
[35.585s] -- Up-to-date symlink: /home/f1tenth/f1tenth_ws/install/internal_interface/include/internal_interface/msg/detail/detected_lanes__builder.hpp
[35.594s] -- Up-to-date symlink: /home/f1tenth/f1tenth_ws/install/internal_interface/include/internal_interface/msg/detail/detected_lanes__struct.hpp
[35.600s] -- Up-to-date symlink: /home/f1tenth/f1tenth_ws/install/internal_interface/include/internal_interface/msg/detail/detected_lanes__traits.hpp
[35.608s] -- Up-to-date symlink: /home/f1tenth/f1tenth_ws/install/internal_interface/include/internal_interface/msg/detail/detected_lanes__type_support.hpp
[35.612s] -- Up-to-date symlink: /home/f1tenth/f1tenth_ws/install/internal_interface/include/internal_interface/msg/detail/encoded_image__builder.hpp
[35.618s] -- Up-to-date symlink: /home/f1tenth/f1tenth_ws/install/internal_interface/include/internal_interface/msg/detail/encoded_image__struct.hpp
[35.623s] -- Up-to-date symlink: /home/f1tenth/f1tenth_ws/install/internal_interface/include/internal_interface/msg/detail/encoded_image__traits.hpp
[35.630s] -- Up-to-date symlink: /home/f1tenth/f1tenth_ws/install/internal_interface/include/internal_interface/msg/detail/encoded_image__type_support.hpp
[35.638s] -- Up-to-date symlink: /home/f1tenth/f1tenth_ws/install/internal_interface/include/internal_interface/msg/detail/goal_state__builder.hpp
[35.642s] -- Up-to-date symlink: /home/f1tenth/f1tenth_ws/install/internal_interface/include/internal_interface/msg/detail/goal_state__struct.hpp
[35.649s] -- Up-to-date symlink: /home/f1tenth/f1tenth_ws/install/internal_interface/include/internal_interface/msg/detail/goal_state__traits.hpp
[35.651s] -- Up-to-date symlink: /home/f1tenth/f1tenth_ws/install/internal_interface/include/internal_interface/msg/detail/goal_state__type_support.hpp
[35.654s] -- Up-to-date symlink: /home/f1tenth/f1tenth_ws/install/internal_interface/include/internal_interface/msg/detail/gps_curve__builder.hpp
[35.656s] -- Up-to-date symlink: /home/f1tenth/f1tenth_ws/install/internal_interface/include/internal_interface/msg/detail/gps_curve__struct.hpp
[35.657s] -- Up-to-date symlink: /home/f1tenth/f1tenth_ws/install/internal_interface/include/internal_interface/msg/detail/gps_curve__traits.hpp
[35.660s] -- Up-to-date symlink: /home/f1tenth/f1tenth_ws/install/internal_interface/include/internal_interface/msg/detail/gps_curve__type_support.hpp
[35.661s] -- Up-to-date symlink: /home/f1tenth/f1tenth_ws/install/internal_interface/include/internal_interface/msg/detail/gps_node__builder.hpp
[35.663s] -- Up-to-date symlink: /home/f1tenth/f1tenth_ws/install/internal_interface/include/internal_interface/msg/detail/gps_node__struct.hpp
[35.667s] -- Up-to-date symlink: /home/f1tenth/f1tenth_ws/install/internal_interface/include/internal_interface/msg/detail/gps_node__traits.hpp
[35.667s] -- Up-to-date symlink: /home/f1tenth/f1tenth_ws/install/internal_interface/include/internal_interface/msg/detail/gps_node__type_support.hpp
[35.669s] -- Up-to-date symlink: /home/f1tenth/f1tenth_ws/install/internal_interface/include/internal_interface/msg/detail/intersection__builder.hpp
[35.672s] -- Up-to-date symlink: /home/f1tenth/f1tenth_ws/install/internal_interface/include/internal_interface/msg/detail/intersection__struct.hpp
[35.675s] -- Up-to-date symlink: /home/f1tenth/f1tenth_ws/install/internal_interface/include/internal_interface/msg/detail/intersection__traits.hpp
[35.694s] -- Up-to-date symlink: /home/f1tenth/f1tenth_ws/install/internal_interface/include/internal_interface/msg/detail/intersection__type_support.hpp
[35.697s] -- Up-to-date symlink: /home/f1tenth/f1tenth_ws/install/internal_interface/include/internal_interface/msg/detail/localized_object__builder.hpp
[35.698s] -- Up-to-date symlink: /home/f1tenth/f1tenth_ws/install/internal_interface/include/internal_interface/msg/detail/localized_object__struct.hpp
[35.703s] -- Up-to-date symlink: /home/f1tenth/f1tenth_ws/install/internal_interface/include/internal_interface/msg/detail/localized_object__traits.hpp
[35.703s] -- Up-to-date symlink: /home/f1tenth/f1tenth_ws/install/internal_interface/include/internal_interface/msg/detail/localized_object__type_support.hpp
[35.722s] -- Up-to-date symlink: /home/f1tenth/f1tenth_ws/install/internal_interface/include/internal_interface/msg/detail/localized_objects__builder.hpp
[35.723s] -- Up-to-date symlink: /home/f1tenth/f1tenth_ws/install/internal_interface/include/internal_interface/msg/detail/localized_objects__struct.hpp
[35.724s] -- Up-to-date symlink: /home/f1tenth/f1tenth_ws/install/internal_interface/include/internal_interface/msg/detail/localized_objects__traits.hpp
[35.724s] -- Up-to-date symlink: /home/f1tenth/f1tenth_ws/install/internal_interface/include/internal_interface/msg/detail/localized_objects__type_support.hpp
[35.724s] -- Up-to-date symlink: /home/f1tenth/f1tenth_ws/install/internal_interface/include/internal_interface/msg/detail/look_ahead_point__builder.hpp
[35.737s] -- Up-to-date symlink: /home/f1tenth/f1tenth_ws/install/internal_interface/include/internal_interface/msg/detail/look_ahead_point__struct.hpp
[35.737s] -- Up-to-date symlink: /home/f1tenth/f1tenth_ws/install/internal_interface/include/internal_interface/msg/detail/look_ahead_point__traits.hpp
[35.737s] -- Up-to-date symlink: /home/f1tenth/f1tenth_ws/install/internal_interface/include/internal_interface/msg/detail/look_ahead_point__type_support.hpp
[35.739s] -- Up-to-date symlink: /home/f1tenth/f1tenth_ws/install/internal_interface/include/internal_interface/msg/detail/manuever_description__builder.hpp
[35.739s] -- Up-to-date symlink: /home/f1tenth/f1tenth_ws/install/internal_interface/include/internal_interface/msg/detail/manuever_description__struct.hpp
[35.742s] -- Up-to-date symlink: /home/f1tenth/f1tenth_ws/install/internal_interface/include/internal_interface/msg/detail/manuever_description__traits.hpp
[35.746s] -- Up-to-date symlink: /home/f1tenth/f1tenth_ws/install/internal_interface/include/internal_interface/msg/detail/manuever_description__type_support.hpp
[35.749s] -- Up-to-date symlink: /home/f1tenth/f1tenth_ws/install/internal_interface/include/internal_interface/msg/detail/manuever_part__builder.hpp
[35.751s] -- Up-to-date symlink: /home/f1tenth/f1tenth_ws/install/internal_interface/include/internal_interface/msg/detail/manuever_part__struct.hpp
[35.755s] -- Up-to-date symlink: /home/f1tenth/f1tenth_ws/install/internal_interface/include/internal_interface/msg/detail/manuever_part__traits.hpp
[35.762s] -- Up-to-date symlink: /home/f1tenth/f1tenth_ws/install/internal_interface/include/internal_interface/msg/detail/manuever_part__type_support.hpp
[35.766s] -- Up-to-date symlink: /home/f1tenth/f1tenth_ws/install/internal_interface/include/internal_interface/msg/detail/node__builder.hpp
[35.768s] -- Up-to-date symlink: /home/f1tenth/f1tenth_ws/install/internal_interface/include/internal_interface/msg/detail/node__struct.hpp
[35.773s] -- Up-to-date symlink: /home/f1tenth/f1tenth_ws/install/internal_interface/include/internal_interface/msg/detail/node__traits.hpp
[35.774s] -- Up-to-date symlink: /home/f1tenth/f1tenth_ws/install/internal_interface/include/internal_interface/msg/detail/node__type_support.hpp
[35.783s] -- Up-to-date symlink: /home/f1tenth/f1tenth_ws/install/internal_interface/include/internal_interface/msg/detail/object__builder.hpp
[35.788s] -- Up-to-date symlink: /home/f1tenth/f1tenth_ws/install/internal_interface/include/internal_interface/msg/detail/object__struct.hpp
[35.788s] -- Up-to-date symlink: /home/f1tenth/f1tenth_ws/install/internal_interface/include/internal_interface/msg/detail/object__traits.hpp
[35.793s] -- Up-to-date symlink: /home/f1tenth/f1tenth_ws/install/internal_interface/include/internal_interface/msg/detail/object__type_support.hpp
[35.794s] -- Up-to-date symlink: /home/f1tenth/f1tenth_ws/install/internal_interface/include/internal_interface/msg/detail/objects__builder.hpp
[35.797s] -- Up-to-date symlink: /home/f1tenth/f1tenth_ws/install/internal_interface/include/internal_interface/msg/detail/objects__struct.hpp
[35.816s] -- Up-to-date symlink: /home/f1tenth/f1tenth_ws/install/internal_interface/include/internal_interface/msg/detail/objects__traits.hpp
[35.825s] -- Up-to-date symlink: /home/f1tenth/f1tenth_ws/install/internal_interface/include/internal_interface/msg/detail/objects__type_support.hpp
[35.831s] -- Up-to-date symlink: /home/f1tenth/f1tenth_ws/install/internal_interface/include/internal_interface/msg/detail/path__builder.hpp
[35.831s] -- Up-to-date symlink: /home/f1tenth/f1tenth_ws/install/internal_interface/include/internal_interface/msg/detail/path__struct.hpp
[35.835s] -- Up-to-date symlink: /home/f1tenth/f1tenth_ws/install/internal_interface/include/internal_interface/msg/detail/path__traits.hpp
[35.835s] -- Up-to-date symlink: /home/f1tenth/f1tenth_ws/install/internal_interface/include/internal_interface/msg/detail/path__type_support.hpp
[35.835s] -- Up-to-date symlink: /home/f1tenth/f1tenth_ws/install/internal_interface/include/internal_interface/msg/detail/proximity_status__builder.hpp
[35.837s] -- Up-to-date symlink: /home/f1tenth/f1tenth_ws/install/internal_interface/include/internal_interface/msg/detail/proximity_status__struct.hpp
[35.846s] -- Up-to-date symlink: /home/f1tenth/f1tenth_ws/install/internal_interface/include/internal_interface/msg/detail/proximity_status__traits.hpp
[35.848s] -- Up-to-date symlink: /home/f1tenth/f1tenth_ws/install/internal_interface/include/internal_interface/msg/detail/proximity_status__type_support.hpp
[35.892s] -- Up-to-date symlink: /home/f1tenth/f1tenth_ws/install/internal_interface/include/internal_interface/msg/detail/pure_pursuit_params__builder.hpp
[35.899s] -- Up-to-date symlink: /home/f1tenth/f1tenth_ws/install/internal_interface/include/internal_interface/msg/detail/pure_pursuit_params__struct.hpp
[35.917s] -- Up-to-date symlink: /home/f1tenth/f1tenth_ws/install/internal_interface/include/internal_interface/msg/detail/pure_pursuit_params__traits.hpp
[35.925s] -- Up-to-date symlink: /home/f1tenth/f1tenth_ws/install/internal_interface/include/internal_interface/msg/detail/pure_pursuit_params__type_support.hpp
[35.930s] -- Up-to-date symlink: /home/f1tenth/f1tenth_ws/install/internal_interface/include/internal_interface/msg/detail/raw_battery__builder.hpp
[35.932s] -- Up-to-date symlink: /home/f1tenth/f1tenth_ws/install/internal_interface/include/internal_interface/msg/detail/raw_battery__struct.hpp
[35.937s] -- Up-to-date symlink: /home/f1tenth/f1tenth_ws/install/internal_interface/include/internal_interface/msg/detail/raw_battery__traits.hpp
[35.943s] -- Up-to-date symlink: /home/f1tenth/f1tenth_ws/install/internal_interface/include/internal_interface/msg/detail/raw_battery__type_support.hpp
[35.949s] -- Up-to-date symlink: /home/f1tenth/f1tenth_ws/install/internal_interface/include/internal_interface/msg/detail/raw_distance_sensor__builder.hpp
[35.952s] -- Up-to-date symlink: /home/f1tenth/f1tenth_ws/install/internal_interface/include/internal_interface/msg/detail/raw_distance_sensor__struct.hpp
[35.959s] -- Up-to-date symlink: /home/f1tenth/f1tenth_ws/install/internal_interface/include/internal_interface/msg/detail/raw_distance_sensor__traits.hpp
[35.959s] -- Up-to-date symlink: /home/f1tenth/f1tenth_ws/install/internal_interface/include/internal_interface/msg/detail/raw_distance_sensor__type_support.hpp
[35.961s] -- Up-to-date symlink: /home/f1tenth/f1tenth_ws/install/internal_interface/include/internal_interface/msg/detail/raw_gps__builder.hpp
[35.964s] -- Up-to-date symlink: /home/f1tenth/f1tenth_ws/install/internal_interface/include/internal_interface/msg/detail/raw_gps__struct.hpp
[35.966s] -- Up-to-date symlink: /home/f1tenth/f1tenth_ws/install/internal_interface/include/internal_interface/msg/detail/raw_gps__traits.hpp
[35.970s] -- Up-to-date symlink: /home/f1tenth/f1tenth_ws/install/internal_interface/include/internal_interface/msg/detail/raw_gps__type_support.hpp
[35.981s] -- Up-to-date symlink: /home/f1tenth/f1tenth_ws/install/internal_interface/include/internal_interface/msg/detail/raw_imu__builder.hpp
[35.983s] -- Up-to-date symlink: /home/f1tenth/f1tenth_ws/install/internal_interface/include/internal_interface/msg/detail/raw_imu__struct.hpp
[35.998s] -- Up-to-date symlink: /home/f1tenth/f1tenth_ws/install/internal_interface/include/internal_interface/msg/detail/raw_imu__traits.hpp
[35.999s] -- Up-to-date symlink: /home/f1tenth/f1tenth_ws/install/internal_interface/include/internal_interface/msg/detail/raw_imu__type_support.hpp
[36.003s] -- Up-to-date symlink: /home/f1tenth/f1tenth_ws/install/internal_interface/include/internal_interface/msg/detail/real_control_input__builder.hpp
[36.008s] -- Up-to-date symlink: /home/f1tenth/f1tenth_ws/install/internal_interface/include/internal_interface/msg/detail/real_control_input__struct.hpp
[36.018s] -- Up-to-date symlink: /home/f1tenth/f1tenth_ws/install/internal_interface/include/internal_interface/msg/detail/real_control_input__traits.hpp
[36.023s] -- Up-to-date symlink: /home/f1tenth/f1tenth_ws/install/internal_interface/include/internal_interface/msg/detail/real_control_input__type_support.hpp
[36.029s] -- Up-to-date symlink: /home/f1tenth/f1tenth_ws/install/internal_interface/include/internal_interface/msg/detail/semaphore__builder.hpp
[36.032s] -- Up-to-date symlink: /home/f1tenth/f1tenth_ws/install/internal_interface/include/internal_interface/msg/detail/semaphore__struct.hpp
[36.036s] -- Up-to-date symlink: /home/f1tenth/f1tenth_ws/install/internal_interface/include/internal_interface/msg/detail/semaphore__traits.hpp
[36.047s] -- Up-to-date symlink: /home/f1tenth/f1tenth_ws/install/internal_interface/include/internal_interface/msg/detail/semaphore__type_support.hpp
[36.058s] -- Up-to-date symlink: /home/f1tenth/f1tenth_ws/install/internal_interface/include/internal_interface/msg/detail/stop_signal__builder.hpp
[36.061s] -- Up-to-date symlink: /home/f1tenth/f1tenth_ws/install/internal_interface/include/internal_interface/msg/detail/stop_signal__struct.hpp
[36.063s] -- Up-to-date symlink: /home/f1tenth/f1tenth_ws/install/internal_interface/include/internal_interface/msg/detail/stop_signal__traits.hpp
[36.064s] -- Up-to-date symlink: /home/f1tenth/f1tenth_ws/install/internal_interface/include/internal_interface/msg/detail/stop_signal__type_support.hpp
[36.074s] -- Up-to-date symlink: /home/f1tenth/f1tenth_ws/install/internal_interface/include/internal_interface/msg/detail/wheel_encoders__builder.hpp
[36.087s] -- Up-to-date symlink: /home/f1tenth/f1tenth_ws/install/internal_interface/include/internal_interface/msg/detail/wheel_encoders__struct.hpp
[36.087s] -- Up-to-date symlink: /home/f1tenth/f1tenth_ws/install/internal_interface/include/internal_interface/msg/detail/wheel_encoders__traits.hpp
[36.088s] -- Up-to-date symlink: /home/f1tenth/f1tenth_ws/install/internal_interface/include/internal_interface/msg/detail/wheel_encoders__type_support.hpp
[36.089s] -- Up-to-date symlink: /home/f1tenth/f1tenth_ws/install/internal_interface/include/internal_interface/msg/detected_lanes.hpp
[36.100s] -- Up-to-date symlink: /home/f1tenth/f1tenth_ws/install/internal_interface/include/internal_interface/msg/encoded_image.hpp
[36.104s] -- Up-to-date symlink: /home/f1tenth/f1tenth_ws/install/internal_interface/include/internal_interface/msg/goal_state.hpp
[36.106s] -- Up-to-date symlink: /home/f1tenth/f1tenth_ws/install/internal_interface/include/internal_interface/msg/gps_curve.hpp
[36.109s] -- Up-to-date symlink: /home/f1tenth/f1tenth_ws/install/internal_interface/include/internal_interface/msg/gps_node.hpp
[36.111s] -- Up-to-date symlink: /home/f1tenth/f1tenth_ws/install/internal_interface/include/internal_interface/msg/intersection.hpp
[36.114s] -- Up-to-date symlink: /home/f1tenth/f1tenth_ws/install/internal_interface/include/internal_interface/msg/localized_object.hpp
[36.114s] -- Up-to-date symlink: /home/f1tenth/f1tenth_ws/install/internal_interface/include/internal_interface/msg/localized_objects.hpp
[36.116s] -- Up-to-date symlink: /home/f1tenth/f1tenth_ws/install/internal_interface/include/internal_interface/msg/look_ahead_point.hpp
[36.117s] -- Up-to-date symlink: /home/f1tenth/f1tenth_ws/install/internal_interface/include/internal_interface/msg/manuever_description.hpp
[36.119s] -- Up-to-date symlink: /home/f1tenth/f1tenth_ws/install/internal_interface/include/internal_interface/msg/manuever_part.hpp
[36.124s] -- Up-to-date symlink: /home/f1tenth/f1tenth_ws/install/internal_interface/include/internal_interface/msg/node.hpp
[36.124s] -- Up-to-date symlink: /home/f1tenth/f1tenth_ws/install/internal_interface/include/internal_interface/msg/object.hpp
[36.126s] -- Up-to-date symlink: /home/f1tenth/f1tenth_ws/install/internal_interface/include/internal_interface/msg/objects.hpp
[36.128s] -- Up-to-date symlink: /home/f1tenth/f1tenth_ws/install/internal_interface/include/internal_interface/msg/path.hpp
[36.129s] -- Up-to-date symlink: /home/f1tenth/f1tenth_ws/install/internal_interface/include/internal_interface/msg/proximity_status.hpp
[36.132s] -- Up-to-date symlink: /home/f1tenth/f1tenth_ws/install/internal_interface/include/internal_interface/msg/pure_pursuit_params.hpp
[36.134s] -- Up-to-date symlink: /home/f1tenth/f1tenth_ws/install/internal_interface/include/internal_interface/msg/raw_battery.hpp
[36.136s] -- Up-to-date symlink: /home/f1tenth/f1tenth_ws/install/internal_interface/include/internal_interface/msg/raw_distance_sensor.hpp
[36.151s] -- Up-to-date symlink: /home/f1tenth/f1tenth_ws/install/internal_interface/include/internal_interface/msg/raw_gps.hpp
[36.151s] -- Up-to-date symlink: /home/f1tenth/f1tenth_ws/install/internal_interface/include/internal_interface/msg/raw_imu.hpp
[36.152s] -- Up-to-date symlink: /home/f1tenth/f1tenth_ws/install/internal_interface/include/internal_interface/msg/real_control_input.hpp
[36.155s] -- Up-to-date symlink: /home/f1tenth/f1tenth_ws/install/internal_interface/include/internal_interface/msg/rosidl_generator_cpp__visibility_control.hpp
[36.158s] -- Up-to-date symlink: /home/f1tenth/f1tenth_ws/install/internal_interface/include/internal_interface/msg/semaphore.hpp
[36.159s] -- Up-to-date symlink: /home/f1tenth/f1tenth_ws/install/internal_interface/include/internal_interface/msg/stop_signal.hpp
[36.169s] -- Up-to-date symlink: /home/f1tenth/f1tenth_ws/install/internal_interface/include/internal_interface/msg/wheel_encoders.hpp
[36.175s] -- Up-to-date symlink: /home/f1tenth/f1tenth_ws/install/internal_interface/include/internal_interface/msg/detail/car_state__rosidl_typesupport_introspection_cpp.hpp
[36.192s] -- Up-to-date symlink: /home/f1tenth/f1tenth_ws/install/internal_interface/include/internal_interface/msg/detail/control_input__rosidl_typesupport_introspection_cpp.hpp
[36.192s] -- Up-to-date symlink: /home/f1tenth/f1tenth_ws/install/internal_interface/include/internal_interface/msg/detail/detected_lanes__rosidl_typesupport_introspection_cpp.hpp
[36.193s] -- Up-to-date symlink: /home/f1tenth/f1tenth_ws/install/internal_interface/include/internal_interface/msg/detail/encoded_image__rosidl_typesupport_introspection_cpp.hpp
[36.196s] -- Up-to-date symlink: /home/f1tenth/f1tenth_ws/install/internal_interface/include/internal_interface/msg/detail/goal_state__rosidl_typesupport_introspection_cpp.hpp
[36.197s] -- Up-to-date symlink: /home/f1tenth/f1tenth_ws/install/internal_interface/include/internal_interface/msg/detail/gps_curve__rosidl_typesupport_introspection_cpp.hpp
[36.199s] -- Up-to-date symlink: /home/f1tenth/f1tenth_ws/install/internal_interface/include/internal_interface/msg/detail/gps_node__rosidl_typesupport_introspection_cpp.hpp
[36.202s] -- Up-to-date symlink: /home/f1tenth/f1tenth_ws/install/internal_interface/include/internal_interface/msg/detail/intersection__rosidl_typesupport_introspection_cpp.hpp
[36.203s] -- Up-to-date symlink: /home/f1tenth/f1tenth_ws/install/internal_interface/include/internal_interface/msg/detail/localized_object__rosidl_typesupport_introspection_cpp.hpp
[36.207s] -- Up-to-date symlink: /home/f1tenth/f1tenth_ws/install/internal_interface/include/internal_interface/msg/detail/localized_objects__rosidl_typesupport_introspection_cpp.hpp
[36.207s] -- Up-to-date symlink: /home/f1tenth/f1tenth_ws/install/internal_interface/include/internal_interface/msg/detail/look_ahead_point__rosidl_typesupport_introspection_cpp.hpp
[36.208s] -- Up-to-date symlink: /home/f1tenth/f1tenth_ws/install/internal_interface/include/internal_interface/msg/detail/manuever_description__rosidl_typesupport_introspection_cpp.hpp
[36.210s] -- Up-to-date symlink: /home/f1tenth/f1tenth_ws/install/internal_interface/include/internal_interface/msg/detail/manuever_part__rosidl_typesupport_introspection_cpp.hpp
[36.212s] -- Up-to-date symlink: /home/f1tenth/f1tenth_ws/install/internal_interface/include/internal_interface/msg/detail/node__rosidl_typesupport_introspection_cpp.hpp
[36.214s] -- Up-to-date symlink: /home/f1tenth/f1tenth_ws/install/internal_interface/include/internal_interface/msg/detail/object__rosidl_typesupport_introspection_cpp.hpp
[36.215s] -- Up-to-date symlink: /home/f1tenth/f1tenth_ws/install/internal_interface/include/internal_interface/msg/detail/objects__rosidl_typesupport_introspection_cpp.hpp
[36.221s] -- Up-to-date symlink: /home/f1tenth/f1tenth_ws/install/internal_interface/include/internal_interface/msg/detail/path__rosidl_typesupport_introspection_cpp.hpp
[36.226s] -- Up-to-date symlink: /home/f1tenth/f1tenth_ws/install/internal_interface/include/internal_interface/msg/detail/proximity_status__rosidl_typesupport_introspection_cpp.hpp
[36.228s] -- Up-to-date symlink: /home/f1tenth/f1tenth_ws/install/internal_interface/include/internal_interface/msg/detail/pure_pursuit_params__rosidl_typesupport_introspection_cpp.hpp
[36.237s] -- Up-to-date symlink: /home/f1tenth/f1tenth_ws/install/internal_interface/include/internal_interface/msg/detail/raw_battery__rosidl_typesupport_introspection_cpp.hpp
[36.237s] -- Up-to-date symlink: /home/f1tenth/f1tenth_ws/install/internal_interface/include/internal_interface/msg/detail/raw_distance_sensor__rosidl_typesupport_introspection_cpp.hpp
[36.238s] -- Up-to-date symlink: /home/f1tenth/f1tenth_ws/install/internal_interface/include/internal_interface/msg/detail/raw_gps__rosidl_typesupport_introspection_cpp.hpp
[36.240s] -- Up-to-date symlink: /home/f1tenth/f1tenth_ws/install/internal_interface/include/internal_interface/msg/detail/raw_imu__rosidl_typesupport_introspection_cpp.hpp
[36.241s] -- Up-to-date symlink: /home/f1tenth/f1tenth_ws/install/internal_interface/include/internal_interface/msg/detail/real_control_input__rosidl_typesupport_introspection_cpp.hpp
[36.243s] -- Up-to-date symlink: /home/f1tenth/f1tenth_ws/install/internal_interface/include/internal_interface/msg/detail/semaphore__rosidl_typesupport_introspection_cpp.hpp
[36.248s] -- Up-to-date symlink: /home/f1tenth/f1tenth_ws/install/internal_interface/include/internal_interface/msg/detail/stop_signal__rosidl_typesupport_introspection_cpp.hpp
[36.249s] -- Up-to-date symlink: /home/f1tenth/f1tenth_ws/install/internal_interface/include/internal_interface/msg/detail/wheel_encoders__rosidl_typesupport_introspection_cpp.hpp
[36.252s] -- Up-to-date symlink: /home/f1tenth/f1tenth_ws/install/internal_interface/share/internal_interface/environment/pythonpath.sh
[36.254s] -- Up-to-date symlink: /home/f1tenth/f1tenth_ws/install/internal_interface/share/internal_interface/environment/pythonpath.dsv
[36.320s] -- Up-to-date symlink: /home/f1tenth/f1tenth_ws/install/internal_interface/lib/python3.8/site-packages/internal_interface/__init__.py
[36.321s] -- Up-to-date symlink: /home/f1tenth/f1tenth_ws/install/internal_interface/lib/python3.8/site-packages/internal_interface/msg/__init__.py
[36.328s] -- Up-to-date symlink: /home/f1tenth/f1tenth_ws/install/internal_interface/lib/python3.8/site-packages/internal_interface/msg/_car_state.py
[36.336s] -- Up-to-date symlink: /home/f1tenth/f1tenth_ws/install/internal_interface/lib/python3.8/site-packages/internal_interface/msg/_control_input.py
[36.347s] -- Up-to-date symlink: /home/f1tenth/f1tenth_ws/install/internal_interface/lib/python3.8/site-packages/internal_interface/msg/_detected_lanes.py
[36.351s] -- Up-to-date symlink: /home/f1tenth/f1tenth_ws/install/internal_interface/lib/python3.8/site-packages/internal_interface/msg/_encoded_image.py
[36.353s] -- Up-to-date symlink: /home/f1tenth/f1tenth_ws/install/internal_interface/lib/python3.8/site-packages/internal_interface/msg/_goal_state.py
[36.355s] -- Up-to-date symlink: /home/f1tenth/f1tenth_ws/install/internal_interface/lib/python3.8/site-packages/internal_interface/msg/_gps_curve.py
[36.358s] -- Up-to-date symlink: /home/f1tenth/f1tenth_ws/install/internal_interface/lib/python3.8/site-packages/internal_interface/msg/_gps_node.py
[36.367s] -- Up-to-date symlink: /home/f1tenth/f1tenth_ws/install/internal_interface/lib/python3.8/site-packages/internal_interface/msg/_intersection.py
[36.376s] -- Up-to-date symlink: /home/f1tenth/f1tenth_ws/install/internal_interface/lib/python3.8/site-packages/internal_interface/msg/_localized_object.py
[36.389s] -- Up-to-date symlink: /home/f1tenth/f1tenth_ws/install/internal_interface/lib/python3.8/site-packages/internal_interface/msg/_localized_objects.py
[36.394s] -- Up-to-date symlink: /home/f1tenth/f1tenth_ws/install/internal_interface/lib/python3.8/site-packages/internal_interface/msg/_look_ahead_point.py
[36.401s] -- Up-to-date symlink: /home/f1tenth/f1tenth_ws/install/internal_interface/lib/python3.8/site-packages/internal_interface/msg/_manuever_description.py
[36.432s] -- Up-to-date symlink: /home/f1tenth/f1tenth_ws/install/internal_interface/lib/python3.8/site-packages/internal_interface/msg/_manuever_part.py
[36.450s] -- Up-to-date symlink: /home/f1tenth/f1tenth_ws/install/internal_interface/lib/python3.8/site-packages/internal_interface/msg/_node.py
[36.460s] -- Up-to-date symlink: /home/f1tenth/f1tenth_ws/install/internal_interface/lib/python3.8/site-packages/internal_interface/msg/_object.py
[36.481s] -- Up-to-date symlink: /home/f1tenth/f1tenth_ws/install/internal_interface/lib/python3.8/site-packages/internal_interface/msg/_objects.py
[36.491s] -- Up-to-date symlink: /home/f1tenth/f1tenth_ws/install/internal_interface/lib/python3.8/site-packages/internal_interface/msg/_path.py
[36.502s] -- Up-to-date symlink: /home/f1tenth/f1tenth_ws/install/internal_interface/lib/python3.8/site-packages/internal_interface/msg/_proximity_status.py
[36.509s] -- Up-to-date symlink: /home/f1tenth/f1tenth_ws/install/internal_interface/lib/python3.8/site-packages/internal_interface/msg/_pure_pursuit_params.py
[36.517s] -- Up-to-date symlink: /home/f1tenth/f1tenth_ws/install/internal_interface/lib/python3.8/site-packages/internal_interface/msg/_raw_battery.py
[36.527s] -- Up-to-date symlink: /home/f1tenth/f1tenth_ws/install/internal_interface/lib/python3.8/site-packages/internal_interface/msg/_raw_distance_sensor.py
[36.538s] -- Up-to-date symlink: /home/f1tenth/f1tenth_ws/install/internal_interface/lib/python3.8/site-packages/internal_interface/msg/_raw_gps.py
[36.546s] -- Up-to-date symlink: /home/f1tenth/f1tenth_ws/install/internal_interface/lib/python3.8/site-packages/internal_interface/msg/_raw_imu.py
[36.551s] -- Up-to-date symlink: /home/f1tenth/f1tenth_ws/install/internal_interface/lib/python3.8/site-packages/internal_interface/msg/_real_control_input.py
[36.561s] -- Up-to-date symlink: /home/f1tenth/f1tenth_ws/install/internal_interface/lib/python3.8/site-packages/internal_interface/msg/_semaphore.py
[36.566s] -- Up-to-date symlink: /home/f1tenth/f1tenth_ws/install/internal_interface/lib/python3.8/site-packages/internal_interface/msg/_stop_signal.py
[36.569s] -- Up-to-date symlink: /home/f1tenth/f1tenth_ws/install/internal_interface/lib/python3.8/site-packages/internal_interface/msg/_wheel_encoders.py
[36.584s] -- Up-to-date symlink: /home/f1tenth/f1tenth_ws/install/internal_interface/lib/python3.8/site-packages/internal_interface/internal_interface_s__rosidl_typesupport_fastrtps_c.cpython-38-aarch64-linux-gnu.so
[36.590s] -- Up-to-date symlink: /home/f1tenth/f1tenth_ws/install/internal_interface/lib/python3.8/site-packages/internal_interface/internal_interface_s__rosidl_typesupport_introspection_c.cpython-38-aarch64-linux-gnu.so
[36.594s] -- Up-to-date symlink: /home/f1tenth/f1tenth_ws/install/internal_interface/lib/python3.8/site-packages/internal_interface/internal_interface_s__rosidl_typesupport_c.cpython-38-aarch64-linux-gnu.so
[36.610s] -- Up-to-date symlink: /home/f1tenth/f1tenth_ws/install/internal_interface/lib/libinternal_interface__python.so
[36.622s] -- Up-to-date symlink: /home/f1tenth/f1tenth_ws/install/internal_interface/share/internal_interface/msg/GoalState.idl
[36.628s] -- Up-to-date symlink: /home/f1tenth/f1tenth_ws/install/internal_interface/share/internal_interface/msg/LocalizedObject.idl
[36.638s] -- Up-to-date symlink: /home/f1tenth/f1tenth_ws/install/internal_interface/share/internal_interface/msg/Object.idl
[36.654s] -- Up-to-date symlink: /home/f1tenth/f1tenth_ws/install/internal_interface/share/internal_interface/msg/StopSignal.idl
[36.678s] -- Up-to-date symlink: /home/f1tenth/f1tenth_ws/install/internal_interface/share/internal_interface/msg/CarState.idl
[36.687s] -- Up-to-date symlink: /home/f1tenth/f1tenth_ws/install/internal_interface/share/internal_interface/msg/Node.idl
[36.691s] -- Up-to-date symlink: /home/f1tenth/f1tenth_ws/install/internal_interface/share/internal_interface/msg/Path.idl
[36.701s] -- Up-to-date symlink: /home/f1tenth/f1tenth_ws/install/internal_interface/share/internal_interface/msg/LocalizedObjects.idl
[36.705s] -- Up-to-date symlink: /home/f1tenth/f1tenth_ws/install/internal_interface/share/internal_interface/msg/DetectedLanes.idl
[36.709s] -- Up-to-date symlink: /home/f1tenth/f1tenth_ws/install/internal_interface/share/internal_interface/msg/RawBattery.idl
[36.717s] -- Up-to-date symlink: /home/f1tenth/f1tenth_ws/install/internal_interface/share/internal_interface/msg/ControlInput.idl
[36.723s] -- Up-to-date symlink: /home/f1tenth/f1tenth_ws/install/internal_interface/share/internal_interface/msg/EncodedImage.idl
[36.742s] -- Up-to-date symlink: /home/f1tenth/f1tenth_ws/install/internal_interface/share/internal_interface/msg/ProximityStatus.idl
[36.751s] -- Up-to-date symlink: /home/f1tenth/f1tenth_ws/install/internal_interface/share/internal_interface/msg/ManueverPart.idl
[36.757s] -- Up-to-date symlink: /home/f1tenth/f1tenth_ws/install/internal_interface/share/internal_interface/msg/RawDistanceSensor.idl
[36.782s] -- Up-to-date symlink: /home/f1tenth/f1tenth_ws/install/internal_interface/share/internal_interface/msg/WheelEncoders.idl
[36.808s] -- Up-to-date symlink: /home/f1tenth/f1tenth_ws/install/internal_interface/share/internal_interface/msg/ManueverDescription.idl
[36.824s] -- Up-to-date symlink: /home/f1tenth/f1tenth_ws/install/internal_interface/share/internal_interface/msg/RealControlInput.idl
[36.831s] -- Up-to-date symlink: /home/f1tenth/f1tenth_ws/install/internal_interface/share/internal_interface/msg/RawImu.idl
[36.837s] -- Up-to-date symlink: /home/f1tenth/f1tenth_ws/install/internal_interface/share/internal_interface/msg/Objects.idl
[36.843s] -- Up-to-date symlink: /home/f1tenth/f1tenth_ws/install/internal_interface/share/internal_interface/msg/RawGps.idl
[36.847s] -- Up-to-date symlink: /home/f1tenth/f1tenth_ws/install/internal_interface/share/internal_interface/msg/LookAheadPoint.idl
[36.851s] -- Up-to-date symlink: /home/f1tenth/f1tenth_ws/install/internal_interface/share/internal_interface/msg/GpsNode.idl
[36.854s] -- Up-to-date symlink: /home/f1tenth/f1tenth_ws/install/internal_interface/share/internal_interface/msg/GpsCurve.idl
[36.859s] -- Up-to-date symlink: /home/f1tenth/f1tenth_ws/install/internal_interface/share/internal_interface/msg/Semaphore.idl
[36.862s] -- Up-to-date symlink: /home/f1tenth/f1tenth_ws/install/internal_interface/share/internal_interface/msg/Intersection.idl
[36.866s] -- Up-to-date symlink: /home/f1tenth/f1tenth_ws/install/internal_interface/share/internal_interface/msg/PurePursuitParams.idl
[36.871s] -- Up-to-date symlink: /home/f1tenth/f1tenth_ws/install/internal_interface/share/internal_interface/msg/GoalState.msg
[36.880s] -- Up-to-date symlink: /home/f1tenth/f1tenth_ws/install/internal_interface/share/internal_interface/msg/LocalizedObject.msg
[36.884s] -- Up-to-date symlink: /home/f1tenth/f1tenth_ws/install/internal_interface/share/internal_interface/msg/Object.msg
[36.887s] -- Up-to-date symlink: /home/f1tenth/f1tenth_ws/install/internal_interface/share/internal_interface/msg/StopSignal.msg
[36.892s] -- Up-to-date symlink: /home/f1tenth/f1tenth_ws/install/internal_interface/share/internal_interface/msg/CarState.msg
[36.896s] -- Up-to-date symlink: /home/f1tenth/f1tenth_ws/install/internal_interface/share/internal_interface/msg/Node.msg
[36.900s] -- Up-to-date symlink: /home/f1tenth/f1tenth_ws/install/internal_interface/share/internal_interface/msg/Path.msg
[36.911s] -- Up-to-date symlink: /home/f1tenth/f1tenth_ws/install/internal_interface/share/internal_interface/msg/LocalizedObjects.msg
[36.917s] -- Up-to-date symlink: /home/f1tenth/f1tenth_ws/install/internal_interface/share/internal_interface/msg/DetectedLanes.msg
[36.934s] -- Up-to-date symlink: /home/f1tenth/f1tenth_ws/install/internal_interface/share/internal_interface/msg/RawBattery.msg
[36.937s] -- Up-to-date symlink: /home/f1tenth/f1tenth_ws/install/internal_interface/share/internal_interface/msg/ControlInput.msg
[36.940s] -- Up-to-date symlink: /home/f1tenth/f1tenth_ws/install/internal_interface/share/internal_interface/msg/EncodedImage.msg
[36.948s] -- Up-to-date symlink: /home/f1tenth/f1tenth_ws/install/internal_interface/share/internal_interface/msg/ProximityStatus.msg
[36.950s] -- Up-to-date symlink: /home/f1tenth/f1tenth_ws/install/internal_interface/share/internal_interface/msg/ManueverPart.msg
[36.960s] -- Up-to-date symlink: /home/f1tenth/f1tenth_ws/install/internal_interface/share/internal_interface/msg/RawDistanceSensor.msg
[36.972s] -- Up-to-date symlink: /home/f1tenth/f1tenth_ws/install/internal_interface/share/internal_interface/msg/WheelEncoders.msg
[37.006s] -- Up-to-date symlink: /home/f1tenth/f1tenth_ws/install/internal_interface/share/internal_interface/msg/ManueverDescription.msg
[37.031s] -- Up-to-date symlink: /home/f1tenth/f1tenth_ws/install/internal_interface/share/internal_interface/msg/RealControlInput.msg
[37.034s] -- Up-to-date symlink: /home/f1tenth/f1tenth_ws/install/internal_interface/share/internal_interface/msg/RawImu.msg
[37.036s] -- Up-to-date symlink: /home/f1tenth/f1tenth_ws/install/internal_interface/share/internal_interface/msg/Objects.msg
[37.038s] -- Up-to-date symlink: /home/f1tenth/f1tenth_ws/install/internal_interface/share/internal_interface/msg/RawGps.msg
[37.040s] -- Up-to-date symlink: /home/f1tenth/f1tenth_ws/install/internal_interface/share/internal_interface/msg/LookAheadPoint.msg
[37.042s] -- Up-to-date symlink: /home/f1tenth/f1tenth_ws/install/internal_interface/share/internal_interface/msg/GpsNode.msg
[37.043s] -- Up-to-date symlink: /home/f1tenth/f1tenth_ws/install/internal_interface/share/internal_interface/msg/GpsCurve.msg
[37.050s] -- Up-to-date symlink: /home/f1tenth/f1tenth_ws/install/internal_interface/share/internal_interface/msg/Semaphore.msg
[37.053s] -- Up-to-date symlink: /home/f1tenth/f1tenth_ws/install/internal_interface/share/internal_interface/msg/Intersection.msg
[37.057s] -- Up-to-date symlink: /home/f1tenth/f1tenth_ws/install/internal_interface/share/internal_interface/msg/PurePursuitParams.msg
[37.061s] -- Up-to-date symlink: /home/f1tenth/f1tenth_ws/install/internal_interface/share/ament_index/resource_index/package_run_dependencies/internal_interface
[37.066s] -- Up-to-date symlink: /home/f1tenth/f1tenth_ws/install/internal_interface/share/ament_index/resource_index/parent_prefix_path/internal_interface
[37.079s] -- Up-to-date symlink: /home/f1tenth/f1tenth_ws/install/internal_interface/share/internal_interface/environment/ament_prefix_path.sh
[37.086s] -- Up-to-date symlink: /home/f1tenth/f1tenth_ws/install/internal_interface/share/internal_interface/environment/ament_prefix_path.dsv
[37.086s] -- Up-to-date symlink: /home/f1tenth/f1tenth_ws/install/internal_interface/share/internal_interface/environment/path.sh
[37.087s] -- Up-to-date symlink: /home/f1tenth/f1tenth_ws/install/internal_interface/share/internal_interface/environment/path.dsv
[37.088s] -- Up-to-date symlink: /home/f1tenth/f1tenth_ws/install/internal_interface/share/internal_interface/local_setup.bash
[37.090s] -- Up-to-date symlink: /home/f1tenth/f1tenth_ws/install/internal_interface/share/internal_interface/local_setup.sh
[37.092s] -- Up-to-date symlink: /home/f1tenth/f1tenth_ws/install/internal_interface/share/internal_interface/local_setup.zsh
[37.103s] -- Up-to-date symlink: /home/f1tenth/f1tenth_ws/install/internal_interface/share/internal_interface/local_setup.dsv
[37.104s] -- Symlinking: /home/f1tenth/f1tenth_ws/install/internal_interface/share/internal_interface/package.dsv
[37.237s] -- Up-to-date symlink: /home/f1tenth/f1tenth_ws/install/internal_interface/share/ament_index/resource_index/packages/internal_interface
[37.240s] -- Up-to-date symlink: /home/f1tenth/f1tenth_ws/install/internal_interface/share/internal_interface/cmake/rosidl_cmake-extras.cmake
[37.242s] -- Up-to-date symlink: /home/f1tenth/f1tenth_ws/install/internal_interface/share/internal_interface/cmake/ament_cmake_export_dependencies-extras.cmake
[37.244s] -- Up-to-date symlink: /home/f1tenth/f1tenth_ws/install/internal_interface/share/internal_interface/cmake/ament_cmake_export_libraries-extras.cmake
[37.249s] -- Up-to-date symlink: /home/f1tenth/f1tenth_ws/install/internal_interface/share/internal_interface/cmake/ament_cmake_export_targets-extras.cmake
[37.253s] -- Up-to-date symlink: /home/f1tenth/f1tenth_ws/install/internal_interface/share/internal_interface/cmake/ament_cmake_export_include_directories-extras.cmake
[37.258s] -- Up-to-date symlink: /home/f1tenth/f1tenth_ws/install/internal_interface/share/internal_interface/cmake/rosidl_cmake_export_typesupport_libraries-extras.cmake
[37.268s] -- Up-to-date symlink: /home/f1tenth/f1tenth_ws/install/internal_interface/share/internal_interface/cmake/rosidl_cmake_export_typesupport_targets-extras.cmake
[37.280s] -- Up-to-date symlink: /home/f1tenth/f1tenth_ws/install/internal_interface/share/internal_interface/cmake/internal_interfaceConfig.cmake
[37.288s] -- Up-to-date symlink: /home/f1tenth/f1tenth_ws/install/internal_interface/share/internal_interface/cmake/internal_interfaceConfig-version.cmake
[37.290s] -- Up-to-date symlink: /home/f1tenth/f1tenth_ws/install/internal_interface/share/internal_interface/package.xml
[37.307s] -- Up-to-date: /home/f1tenth/f1tenth_ws/install/internal_interface/lib/libinternal_interface__rosidl_generator_c.so
[37.312s] -- Up-to-date: /home/f1tenth/f1tenth_ws/install/internal_interface/lib/libinternal_interface__rosidl_typesupport_introspection_c.so
[37.317s] -- Up-to-date: /home/f1tenth/f1tenth_ws/install/internal_interface/lib/libinternal_interface__rosidl_typesupport_c.so
[37.323s] -- Up-to-date: /home/f1tenth/f1tenth_ws/install/internal_interface/lib/libinternal_interface__rosidl_typesupport_introspection_cpp.so
[37.338s] -- Up-to-date: /home/f1tenth/f1tenth_ws/install/internal_interface/lib/libinternal_interface__rosidl_typesupport_cpp.so
[37.979s] Compiling '/home/f1tenth/f1tenth_ws/install/internal_interface/lib/python3.8/site-packages/internal_interface/__init__.py'...
[38.072s] -- Up-to-date: /home/f1tenth/f1tenth_ws/install/internal_interface/share/internal_interface/cmake/internal_interface__rosidl_generator_cExport.cmake
[38.081s] -- Installing: /home/f1tenth/f1tenth_ws/install/internal_interface/share/internal_interface/cmake/internal_interface__rosidl_generator_cExport-noconfig.cmake
[38.085s] -- Up-to-date: /home/f1tenth/f1tenth_ws/install/internal_interface/share/internal_interface/cmake/internal_interface__rosidl_typesupport_introspection_cExport.cmake
[38.086s] -- Installing: /home/f1tenth/f1tenth_ws/install/internal_interface/share/internal_interface/cmake/internal_interface__rosidl_typesupport_introspection_cExport-noconfig.cmake
[38.099s] -- Up-to-date: /home/f1tenth/f1tenth_ws/install/internal_interface/share/internal_interface/cmake/internal_interface__rosidl_typesupport_cExport.cmake
[38.100s] -- Installing: /home/f1tenth/f1tenth_ws/install/internal_interface/share/internal_interface/cmake/internal_interface__rosidl_typesupport_cExport-noconfig.cmake
[38.104s] -- Up-to-date: /home/f1tenth/f1tenth_ws/install/internal_interface/share/internal_interface/cmake/internal_interface__rosidl_generator_cppExport.cmake
[38.113s] -- Up-to-date: /home/f1tenth/f1tenth_ws/install/internal_interface/share/internal_interface/cmake/internal_interface__rosidl_typesupport_introspection_cppExport.cmake
[38.114s] -- Installing: /home/f1tenth/f1tenth_ws/install/internal_interface/share/internal_interface/cmake/internal_interface__rosidl_typesupport_introspection_cppExport-noconfig.cmake
[38.115s] -- Up-to-date: /home/f1tenth/f1tenth_ws/install/internal_interface/share/internal_interface/cmake/internal_interface__rosidl_typesupport_cppExport.cmake
[38.115s] -- Installing: /home/f1tenth/f1tenth_ws/install/internal_interface/share/internal_interface/cmake/internal_interface__rosidl_typesupport_cppExport-noconfig.cmake
[38.136s] Invoked command in '/home/f1tenth/f1tenth_ws/build/internal_interface' returned '0': CMAKE_PREFIX_PATH=${CMAKE_PREFIX_PATH}:/home/f1tenth/f1tenth_ws/install/f1tenth_stack:/home/f1tenth/f1tenth_ws/install/joy_teleop:/home/f1tenth/f1tenth_ws/install/particle_filter:/home/f1tenth/f1tenth_ws/install/opencv_tools:/home/f1tenth/f1tenth_ws/install/opencv_tests:/home/f1tenth/f1tenth_ws/install/object_detect:/home/f1tenth/f1tenth_ws/install/my_camera_package:/home/f1tenth/f1tenth_ws/install/mouse_teleop:/home/f1tenth/f1tenth_ws/install/lane_pure_pursuit:/home/f1tenth/f1tenth_ws/install/lane_keeping:/home/f1tenth/f1tenth_ws/install/key_teleop:/home/f1tenth/f1tenth_ws/install/camera_subscriber_pkg:/home/f1tenth/f1tenth_ws/install/camera_sub:/home/f1tenth/f1tenth_ws/install/csi_camera:/home/f1tenth/f1tenth_ws/install/camera_publisher:/home/f1tenth/f1tenth_ws/install/camera_package:/opt/ros/foxy /usr/bin/cmake --install /home/f1tenth/f1tenth_ws/build/internal_interface
