[4.227s] Invoking command in '/home/f1tenth/f1tenth_ws/src/camera_package': PYTHONPATH=/home/f1tenth/f1tenth_ws/build/camera_package/prefix_override:/usr/lib/python3/dist-packages/colcon_core/task/python/colcon_distutils_commands:/home/f1tenth/f1tenth_ws/install/camera_package/lib/python3.8/site-packages:${PYTHONPATH} /usr/bin/python3 -W ignore:setup.py install is deprecated setup.py egg_info --egg-base ../../build/camera_package build --build-base /home/f1tenth/f1tenth_ws/build/camera_package/build install --record /home/f1tenth/f1tenth_ws/build/camera_package/install.log --install-scripts $base/lib/camera_package --single-version-externally-managed install_data
[5.731s] /home/f1tenth/.local/lib/python3.8/site-packages/setuptools/dist.py:717: UserWarning: Usage of dash-separated 'script-dir' will not be supported in future versions. Please use the underscore name 'script_dir' instead
[5.732s]   warnings.warn(
[5.897s] running egg_info
[5.900s] writing ../../build/camera_package/camera_package.egg-info/PKG-INFO
[5.900s] writing dependency_links to ../../build/camera_package/camera_package.egg-info/dependency_links.txt
[5.901s] writing entry points to ../../build/camera_package/camera_package.egg-info/entry_points.txt
[5.903s] writing requirements to ../../build/camera_package/camera_package.egg-info/requires.txt
[5.903s] writing top-level names to ../../build/camera_package/camera_package.egg-info/top_level.txt
[5.923s] reading manifest file '../../build/camera_package/camera_package.egg-info/SOURCES.txt'
[5.931s] writing manifest file '../../build/camera_package/camera_package.egg-info/SOURCES.txt'
[5.932s] running build
[5.932s] running build_py
[5.933s] copying camera_package/camera_subscriber.py -> /home/f1tenth/f1tenth_ws/build/camera_package/build/lib/camera_package
[5.933s] running install
[5.942s] running install_lib
[5.945s] copying /home/f1tenth/f1tenth_ws/build/camera_package/build/lib/camera_package/camera_subscriber.py -> /home/f1tenth/f1tenth_ws/install/camera_package/lib/python3.8/site-packages/camera_package
[5.947s] byte-compiling /home/f1tenth/f1tenth_ws/install/camera_package/lib/python3.8/site-packages/camera_package/camera_subscriber.py to camera_subscriber.cpython-38.pyc
[5.955s] running install_data
[5.956s] running install_egg_info
[5.963s] removing '/home/f1tenth/f1tenth_ws/install/camera_package/lib/python3.8/site-packages/camera_package-0.0.0-py3.8.egg-info' (and everything under it)
[5.965s] Copying ../../build/camera_package/camera_package.egg-info to /home/f1tenth/f1tenth_ws/install/camera_package/lib/python3.8/site-packages/camera_package-0.0.0-py3.8.egg-info
[5.969s] running install_scripts
[6.083s] Installing camera_subscriber script to /home/f1tenth/f1tenth_ws/install/camera_package/lib/camera_package
[6.087s] writing list of installed files to '/home/f1tenth/f1tenth_ws/build/camera_package/install.log'
[6.209s] Invoked command in '/home/f1tenth/f1tenth_ws/src/camera_package' returned '0': PYTHONPATH=/home/f1tenth/f1tenth_ws/build/camera_package/prefix_override:/usr/lib/python3/dist-packages/colcon_core/task/python/colcon_distutils_commands:/home/f1tenth/f1tenth_ws/install/camera_package/lib/python3.8/site-packages:${PYTHONPATH} /usr/bin/python3 -W ignore:setup.py install is deprecated setup.py egg_info --egg-base ../../build/camera_package build --build-base /home/f1tenth/f1tenth_ws/build/camera_package/build install --record /home/f1tenth/f1tenth_ws/build/camera_package/install.log --install-scripts $base/lib/camera_package --single-version-externally-managed install_data
