[7.645s] Invoking command in '/home/f1tenth/f1tenth_ws/src/object_detect': PYTHONPATH=/home/f1tenth/f1tenth_ws/build/object_detect/prefix_override:/usr/lib/python3/dist-packages/colcon_core/task/python/colcon_distutils_commands:/home/f1tenth/f1tenth_ws/install/object_detect/lib/python3.8/site-packages:${PYTHONPATH} /usr/bin/python3 -W ignore:setup.py install is deprecated setup.py egg_info --egg-base ../../build/object_detect build --build-base /home/f1tenth/f1tenth_ws/build/object_detect/build install --record /home/f1tenth/f1tenth_ws/build/object_detect/install.log --install-scripts $base/lib/object_detect --single-version-externally-managed install_data
[9.785s] /home/f1tenth/.local/lib/python3.8/site-packages/setuptools/dist.py:771: UserWarning: Usage of dash-separated 'script-dir' will not be supported in future versions. Please use the underscore name 'script_dir' instead
[9.786s]   warnings.warn(
[10.682s] running egg_info
[10.829s] writing ../../build/object_detect/object_detect.egg-info/PKG-INFO
[10.830s] writing dependency_links to ../../build/object_detect/object_detect.egg-info/dependency_links.txt
[10.831s] writing entry points to ../../build/object_detect/object_detect.egg-info/entry_points.txt
[10.832s] writing requirements to ../../build/object_detect/object_detect.egg-info/requires.txt
[10.834s] writing top-level names to ../../build/object_detect/object_detect.egg-info/top_level.txt
[10.834s] writing ../../build/object_detect/object_detect.egg-info/PKG-INFO
[10.835s] writing dependency_links to ../../build/object_detect/object_detect.egg-info/dependency_links.txt
[10.836s] writing entry points to ../../build/object_detect/object_detect.egg-info/entry_points.txt
[10.837s] writing requirements to ../../build/object_detect/object_detect.egg-info/requires.txt
[10.838s] writing top-level names to ../../build/object_detect/object_detect.egg-info/top_level.txt
[11.052s] reading manifest file '../../build/object_detect/object_detect.egg-info/SOURCES.txt'
[11.060s] writing manifest file '../../build/object_detect/object_detect.egg-info/SOURCES.txt'
[11.064s] running build
[11.066s] running build_py
[11.067s] copying object_detect/object_detect.py -> /home/f1tenth/f1tenth_ws/build/object_detect/build/lib/object_detect
[11.068s] running install
[11.093s] running install_lib
[11.197s] copying /home/f1tenth/f1tenth_ws/build/object_detect/build/lib/object_detect/object_detect.py -> /home/f1tenth/f1tenth_ws/install/object_detect/lib/python3.8/site-packages/object_detect
[11.201s] byte-compiling /home/f1tenth/f1tenth_ws/install/object_detect/lib/python3.8/site-packages/object_detect/object_detect.py to object_detect.cpython-38.pyc
[11.209s] running install_data
[11.209s] running install_egg_info
[11.319s] removing '/home/f1tenth/f1tenth_ws/install/object_detect/lib/python3.8/site-packages/object_detect-0.0.0-py3.8.egg-info' (and everything under it)
[11.321s] Copying ../../build/object_detect/object_detect.egg-info to /home/f1tenth/f1tenth_ws/install/object_detect/lib/python3.8/site-packages/object_detect-0.0.0-py3.8.egg-info
[11.327s] running install_scripts
[11.725s] Installing object_detect script to /home/f1tenth/f1tenth_ws/install/object_detect/lib/object_detect
[11.727s] writing list of installed files to '/home/f1tenth/f1tenth_ws/build/object_detect/install.log'
[11.927s] Invoked command in '/home/f1tenth/f1tenth_ws/src/object_detect' returned '0': PYTHONPATH=/home/f1tenth/f1tenth_ws/build/object_detect/prefix_override:/usr/lib/python3/dist-packages/colcon_core/task/python/colcon_distutils_commands:/home/f1tenth/f1tenth_ws/install/object_detect/lib/python3.8/site-packages:${PYTHONPATH} /usr/bin/python3 -W ignore:setup.py install is deprecated setup.py egg_info --egg-base ../../build/object_detect build --build-base /home/f1tenth/f1tenth_ws/build/object_detect/build install --record /home/f1tenth/f1tenth_ws/build/object_detect/install.log --install-scripts $base/lib/object_detect --single-version-externally-managed install_data
