[1.457s] DEBUG:colcon:Command line arguments: ['/usr/bin/colcon', 'build', '--packages-select', 'object_detect']
[1.458s] DEBUG:colcon:Parsed command line arguments: Namespace(allow_overriding=[], ament_cmake_args=None, base_paths=['.'], build_base='build', catkin_cmake_args=None, catkin_skip_building_tests=False, cmake_args=None, cmake_clean_cache=False, cmake_clean_first=False, cmake_force_configure=False, cmake_target=None, cmake_target_skip_unavailable=False, continue_on_error=False, event_handlers=None, executor='parallel', ignore_user_meta=False, install_base='install', log_base=None, log_level=None, main=<bound method BuildVerb.main of <colcon_core.verb.build.BuildVerb object at 0xffff8f7755b0>>, merge_install=False, metas=['./colcon.meta'], mixin=None, mixin_files=None, mixin_verb=('build',), packages_above=None, packages_above_and_dependencies=None, packages_above_depth=None, packages_end=None, packages_ignore=None, packages_ignore_regex=None, packages_select=['object_detect'], packages_select_build_failed=False, packages_select_by_dep=None, packages_select_regex=None, packages_select_test_failures=False, packages_skip=None, packages_skip_build_finished=False, packages_skip_by_dep=None, packages_skip_regex=None, packages_skip_test_passed=False, packages_skip_up_to=None, packages_start=None, packages_up_to=None, packages_up_to_regex=None, parallel_workers=6, paths=None, symlink_install=False, test_result_base=None, verb_extension=<colcon_core.verb.build.BuildVerb object at 0xffff8f7755b0>, verb_name='build', verb_parser=<colcon_mixin.mixin.mixin_argument.MixinArgumentDecorator object at 0xffff8f775b80>)
[2.806s] Level 1:colcon.colcon_core.package_discovery:discover_packages(colcon_meta) check parameters
[2.807s] Level 1:colcon.colcon_core.package_discovery:discover_packages(recursive) check parameters
[2.807s] Level 1:colcon.colcon_core.package_discovery:discover_packages(ignore) check parameters
[2.807s] Level 1:colcon.colcon_core.package_discovery:discover_packages(path) check parameters
[2.808s] Level 1:colcon.colcon_core.package_discovery:discover_packages(colcon_meta) discover
[2.808s] Level 1:colcon.colcon_core.package_discovery:discover_packages(recursive) discover
[2.808s] INFO:colcon.colcon_core.package_discovery:Crawling recursively for packages in '/home/f1tenth/f1tenth_ws'
[2.809s] Level 1:colcon.colcon_core.package_identification:_identify(.) by extensions ['ignore', 'ignore_ament_install']
[2.809s] Level 1:colcon.colcon_core.package_identification:_identify(.) by extension 'ignore'
[2.810s] Level 1:colcon.colcon_core.package_identification:_identify(.) by extension 'ignore_ament_install'
[2.810s] Level 1:colcon.colcon_core.package_identification:_identify(.) by extensions ['colcon_pkg']
[2.810s] Level 1:colcon.colcon_core.package_identification:_identify(.) by extension 'colcon_pkg'
[2.810s] Level 1:colcon.colcon_core.package_identification:_identify(.) by extensions ['colcon_meta']
[2.810s] Level 1:colcon.colcon_core.package_identification:_identify(.) by extension 'colcon_meta'
[2.811s] Level 1:colcon.colcon_core.package_identification:_identify(.) by extensions ['ros']
[2.811s] Level 1:colcon.colcon_core.package_identification:_identify(.) by extension 'ros'
[2.884s] Level 1:colcon.colcon_core.package_identification:_identify(.) by extensions ['cmake', 'python']
[2.885s] Level 1:colcon.colcon_core.package_identification:_identify(.) by extension 'cmake'
[2.885s] Level 1:colcon.colcon_core.package_identification:_identify(.) by extension 'python'
[2.885s] Level 1:colcon.colcon_core.package_identification:_identify(.) by extensions ['python_setup_py']
[2.885s] Level 1:colcon.colcon_core.package_identification:_identify(.) by extension 'python_setup_py'
[2.886s] Level 1:colcon.colcon_core.package_identification:_identify(build) by extensions ['ignore', 'ignore_ament_install']
[2.887s] Level 1:colcon.colcon_core.package_identification:_identify(build) by extension 'ignore'
[2.887s] Level 1:colcon.colcon_core.package_identification:_identify(build) ignored
[2.888s] Level 1:colcon.colcon_core.package_identification:_identify(configuration) by extensions ['ignore', 'ignore_ament_install']
[2.888s] Level 1:colcon.colcon_core.package_identification:_identify(configuration) by extension 'ignore'
[2.888s] Level 1:colcon.colcon_core.package_identification:_identify(configuration) by extension 'ignore_ament_install'
[2.889s] Level 1:colcon.colcon_core.package_identification:_identify(configuration) by extensions ['colcon_pkg']
[2.889s] Level 1:colcon.colcon_core.package_identification:_identify(configuration) by extension 'colcon_pkg'
[2.889s] Level 1:colcon.colcon_core.package_identification:_identify(configuration) by extensions ['colcon_meta']
[2.889s] Level 1:colcon.colcon_core.package_identification:_identify(configuration) by extension 'colcon_meta'
[2.890s] Level 1:colcon.colcon_core.package_identification:_identify(configuration) by extensions ['ros']
[2.890s] Level 1:colcon.colcon_core.package_identification:_identify(configuration) by extension 'ros'
[2.890s] Level 1:colcon.colcon_core.package_identification:_identify(configuration) by extensions ['cmake', 'python']
[2.890s] Level 1:colcon.colcon_core.package_identification:_identify(configuration) by extension 'cmake'
[2.891s] Level 1:colcon.colcon_core.package_identification:_identify(configuration) by extension 'python'
[2.891s] Level 1:colcon.colcon_core.package_identification:_identify(configuration) by extensions ['python_setup_py']
[2.891s] Level 1:colcon.colcon_core.package_identification:_identify(configuration) by extension 'python_setup_py'
[2.892s] Level 1:colcon.colcon_core.package_identification:_identify(install) by extensions ['ignore', 'ignore_ament_install']
[2.892s] Level 1:colcon.colcon_core.package_identification:_identify(install) by extension 'ignore'
[2.892s] Level 1:colcon.colcon_core.package_identification:_identify(install) ignored
[2.894s] Level 1:colcon.colcon_core.package_identification:_identify(log) by extensions ['ignore', 'ignore_ament_install']
[2.894s] Level 1:colcon.colcon_core.package_identification:_identify(log) by extension 'ignore'
[2.895s] Level 1:colcon.colcon_core.package_identification:_identify(log) ignored
[2.895s] Level 1:colcon.colcon_core.package_identification:_identify(src) by extensions ['ignore', 'ignore_ament_install']
[2.895s] Level 1:colcon.colcon_core.package_identification:_identify(src) by extension 'ignore'
[2.896s] Level 1:colcon.colcon_core.package_identification:_identify(src) by extension 'ignore_ament_install'
[2.896s] Level 1:colcon.colcon_core.package_identification:_identify(src) by extensions ['colcon_pkg']
[2.896s] Level 1:colcon.colcon_core.package_identification:_identify(src) by extension 'colcon_pkg'
[2.896s] Level 1:colcon.colcon_core.package_identification:_identify(src) by extensions ['colcon_meta']
[2.896s] Level 1:colcon.colcon_core.package_identification:_identify(src) by extension 'colcon_meta'
[2.897s] Level 1:colcon.colcon_core.package_identification:_identify(src) by extensions ['ros']
[2.897s] Level 1:colcon.colcon_core.package_identification:_identify(src) by extension 'ros'
[2.897s] Level 1:colcon.colcon_core.package_identification:_identify(src) by extensions ['cmake', 'python']
[2.898s] Level 1:colcon.colcon_core.package_identification:_identify(src) by extension 'cmake'
[2.898s] Level 1:colcon.colcon_core.package_identification:_identify(src) by extension 'python'
[2.898s] Level 1:colcon.colcon_core.package_identification:_identify(src) by extensions ['python_setup_py']
[2.898s] Level 1:colcon.colcon_core.package_identification:_identify(src) by extension 'python_setup_py'
[2.899s] Level 1:colcon.colcon_core.package_identification:_identify(src/birds_eye_view) by extensions ['ignore', 'ignore_ament_install']
[2.899s] Level 1:colcon.colcon_core.package_identification:_identify(src/birds_eye_view) by extension 'ignore'
[2.899s] Level 1:colcon.colcon_core.package_identification:_identify(src/birds_eye_view) by extension 'ignore_ament_install'
[2.899s] Level 1:colcon.colcon_core.package_identification:_identify(src/birds_eye_view) by extensions ['colcon_pkg']
[2.900s] Level 1:colcon.colcon_core.package_identification:_identify(src/birds_eye_view) by extension 'colcon_pkg'
[2.900s] Level 1:colcon.colcon_core.package_identification:_identify(src/birds_eye_view) by extensions ['colcon_meta']
[2.900s] Level 1:colcon.colcon_core.package_identification:_identify(src/birds_eye_view) by extension 'colcon_meta'
[2.900s] Level 1:colcon.colcon_core.package_identification:_identify(src/birds_eye_view) by extensions ['ros']
[2.901s] Level 1:colcon.colcon_core.package_identification:_identify(src/birds_eye_view) by extension 'ros'
[2.913s] DEBUG:colcon.colcon_core.package_identification:Package 'src/birds_eye_view' with type 'ros.ament_cmake' and name 'birds_eye_view'
[2.913s] Level 1:colcon.colcon_core.package_identification:_identify(src/calibration) by extensions ['ignore', 'ignore_ament_install']
[2.914s] Level 1:colcon.colcon_core.package_identification:_identify(src/calibration) by extension 'ignore'
[2.914s] Level 1:colcon.colcon_core.package_identification:_identify(src/calibration) by extension 'ignore_ament_install'
[2.914s] Level 1:colcon.colcon_core.package_identification:_identify(src/calibration) by extensions ['colcon_pkg']
[2.915s] Level 1:colcon.colcon_core.package_identification:_identify(src/calibration) by extension 'colcon_pkg'
[2.915s] Level 1:colcon.colcon_core.package_identification:_identify(src/calibration) by extensions ['colcon_meta']
[2.915s] Level 1:colcon.colcon_core.package_identification:_identify(src/calibration) by extension 'colcon_meta'
[2.915s] Level 1:colcon.colcon_core.package_identification:_identify(src/calibration) by extensions ['ros']
[2.915s] Level 1:colcon.colcon_core.package_identification:_identify(src/calibration) by extension 'ros'
[2.920s] DEBUG:colcon.colcon_core.package_identification:Package 'src/calibration' with type 'ros.ament_cmake' and name 'calibration'
[2.921s] Level 1:colcon.colcon_core.package_identification:_identify(src/camera) by extensions ['ignore', 'ignore_ament_install']
[2.922s] Level 1:colcon.colcon_core.package_identification:_identify(src/camera) by extension 'ignore'
[2.922s] Level 1:colcon.colcon_core.package_identification:_identify(src/camera) by extension 'ignore_ament_install'
[2.922s] Level 1:colcon.colcon_core.package_identification:_identify(src/camera) by extensions ['colcon_pkg']
[2.923s] Level 1:colcon.colcon_core.package_identification:_identify(src/camera) by extension 'colcon_pkg'
[2.923s] Level 1:colcon.colcon_core.package_identification:_identify(src/camera) by extensions ['colcon_meta']
[2.923s] Level 1:colcon.colcon_core.package_identification:_identify(src/camera) by extension 'colcon_meta'
[2.923s] Level 1:colcon.colcon_core.package_identification:_identify(src/camera) by extensions ['ros']
[2.923s] Level 1:colcon.colcon_core.package_identification:_identify(src/camera) by extension 'ros'
[2.928s] DEBUG:colcon.colcon_core.package_identification:Package 'src/camera' with type 'ros.ament_cmake' and name 'camera'
[2.928s] Level 1:colcon.colcon_core.package_identification:_identify(src/camera_package) by extensions ['ignore', 'ignore_ament_install']
[2.929s] Level 1:colcon.colcon_core.package_identification:_identify(src/camera_package) by extension 'ignore'
[2.929s] Level 1:colcon.colcon_core.package_identification:_identify(src/camera_package) by extension 'ignore_ament_install'
[2.930s] Level 1:colcon.colcon_core.package_identification:_identify(src/camera_package) by extensions ['colcon_pkg']
[2.930s] Level 1:colcon.colcon_core.package_identification:_identify(src/camera_package) by extension 'colcon_pkg'
[2.930s] Level 1:colcon.colcon_core.package_identification:_identify(src/camera_package) by extensions ['colcon_meta']
[2.930s] Level 1:colcon.colcon_core.package_identification:_identify(src/camera_package) by extension 'colcon_meta'
[2.930s] Level 1:colcon.colcon_core.package_identification:_identify(src/camera_package) by extensions ['ros']
[2.931s] Level 1:colcon.colcon_core.package_identification:_identify(src/camera_package) by extension 'ros'
[2.934s] DEBUG:colcon.colcon_core.package_identification:Package 'src/camera_package' with type 'ros.ament_python' and name 'camera_package'
[2.934s] Level 1:colcon.colcon_core.package_identification:_identify(src/camera_publisher) by extensions ['ignore', 'ignore_ament_install']
[2.935s] Level 1:colcon.colcon_core.package_identification:_identify(src/camera_publisher) by extension 'ignore'
[2.935s] Level 1:colcon.colcon_core.package_identification:_identify(src/camera_publisher) by extension 'ignore_ament_install'
[2.935s] Level 1:colcon.colcon_core.package_identification:_identify(src/camera_publisher) by extensions ['colcon_pkg']
[2.935s] Level 1:colcon.colcon_core.package_identification:_identify(src/camera_publisher) by extension 'colcon_pkg'
[2.936s] Level 1:colcon.colcon_core.package_identification:_identify(src/camera_publisher) by extensions ['colcon_meta']
[2.936s] Level 1:colcon.colcon_core.package_identification:_identify(src/camera_publisher) by extension 'colcon_meta'
[2.936s] Level 1:colcon.colcon_core.package_identification:_identify(src/camera_publisher) by extensions ['ros']
[2.936s] Level 1:colcon.colcon_core.package_identification:_identify(src/camera_publisher) by extension 'ros'
[2.939s] DEBUG:colcon.colcon_core.package_identification:Package 'src/camera_publisher' with type 'ros.ament_python' and name 'camera_publisher'
[2.940s] Level 1:colcon.colcon_core.package_identification:_identify(src/camera_subscriber_pkg) by extensions ['ignore', 'ignore_ament_install']
[2.940s] Level 1:colcon.colcon_core.package_identification:_identify(src/camera_subscriber_pkg) by extension 'ignore'
[2.940s] Level 1:colcon.colcon_core.package_identification:_identify(src/camera_subscriber_pkg) by extension 'ignore_ament_install'
[2.941s] Level 1:colcon.colcon_core.package_identification:_identify(src/camera_subscriber_pkg) by extensions ['colcon_pkg']
[2.941s] Level 1:colcon.colcon_core.package_identification:_identify(src/camera_subscriber_pkg) by extension 'colcon_pkg'
[2.941s] Level 1:colcon.colcon_core.package_identification:_identify(src/camera_subscriber_pkg) by extensions ['colcon_meta']
[2.941s] Level 1:colcon.colcon_core.package_identification:_identify(src/camera_subscriber_pkg) by extension 'colcon_meta'
[2.942s] Level 1:colcon.colcon_core.package_identification:_identify(src/camera_subscriber_pkg) by extensions ['ros']
[2.942s] Level 1:colcon.colcon_core.package_identification:_identify(src/camera_subscriber_pkg) by extension 'ros'
[2.945s] DEBUG:colcon.colcon_core.package_identification:Package 'src/camera_subscriber_pkg' with type 'ros.ament_python' and name 'camera_subscriber_pkg'
[2.946s] Level 1:colcon.colcon_core.package_identification:_identify(src/csi_camera) by extensions ['ignore', 'ignore_ament_install']
[2.946s] Level 1:colcon.colcon_core.package_identification:_identify(src/csi_camera) by extension 'ignore'
[2.946s] Level 1:colcon.colcon_core.package_identification:_identify(src/csi_camera) by extension 'ignore_ament_install'
[2.947s] Level 1:colcon.colcon_core.package_identification:_identify(src/csi_camera) by extensions ['colcon_pkg']
[2.947s] Level 1:colcon.colcon_core.package_identification:_identify(src/csi_camera) by extension 'colcon_pkg'
[2.947s] Level 1:colcon.colcon_core.package_identification:_identify(src/csi_camera) by extensions ['colcon_meta']
[2.947s] Level 1:colcon.colcon_core.package_identification:_identify(src/csi_camera) by extension 'colcon_meta'
[2.947s] Level 1:colcon.colcon_core.package_identification:_identify(src/csi_camera) by extensions ['ros']
[2.948s] Level 1:colcon.colcon_core.package_identification:_identify(src/csi_camera) by extension 'ros'
[2.950s] DEBUG:colcon.colcon_core.package_identification:Package 'src/csi_camera' with type 'ros.ament_python' and name 'csi_camera'
[2.951s] Level 1:colcon.colcon_core.package_identification:_identify(src/f1tenth_system) by extensions ['ignore', 'ignore_ament_install']
[2.951s] Level 1:colcon.colcon_core.package_identification:_identify(src/f1tenth_system) by extension 'ignore'
[2.951s] Level 1:colcon.colcon_core.package_identification:_identify(src/f1tenth_system) by extension 'ignore_ament_install'
[2.952s] Level 1:colcon.colcon_core.package_identification:_identify(src/f1tenth_system) by extensions ['colcon_pkg']
[2.952s] Level 1:colcon.colcon_core.package_identification:_identify(src/f1tenth_system) by extension 'colcon_pkg'
[2.952s] Level 1:colcon.colcon_core.package_identification:_identify(src/f1tenth_system) by extensions ['colcon_meta']
[2.952s] Level 1:colcon.colcon_core.package_identification:_identify(src/f1tenth_system) by extension 'colcon_meta'
[2.953s] Level 1:colcon.colcon_core.package_identification:_identify(src/f1tenth_system) by extensions ['ros']
[2.953s] Level 1:colcon.colcon_core.package_identification:_identify(src/f1tenth_system) by extension 'ros'
[2.953s] Level 1:colcon.colcon_core.package_identification:_identify(src/f1tenth_system) by extensions ['cmake', 'python']
[2.954s] Level 1:colcon.colcon_core.package_identification:_identify(src/f1tenth_system) by extension 'cmake'
[2.954s] Level 1:colcon.colcon_core.package_identification:_identify(src/f1tenth_system) by extension 'python'
[2.954s] Level 1:colcon.colcon_core.package_identification:_identify(src/f1tenth_system) by extensions ['python_setup_py']
[2.954s] Level 1:colcon.colcon_core.package_identification:_identify(src/f1tenth_system) by extension 'python_setup_py'
[2.955s] Level 1:colcon.colcon_core.package_identification:_identify(src/f1tenth_system/ackermann_mux) by extensions ['ignore', 'ignore_ament_install']
[2.955s] Level 1:colcon.colcon_core.package_identification:_identify(src/f1tenth_system/ackermann_mux) by extension 'ignore'
[2.956s] Level 1:colcon.colcon_core.package_identification:_identify(src/f1tenth_system/ackermann_mux) by extension 'ignore_ament_install'
[2.956s] Level 1:colcon.colcon_core.package_identification:_identify(src/f1tenth_system/ackermann_mux) by extensions ['colcon_pkg']
[2.956s] Level 1:colcon.colcon_core.package_identification:_identify(src/f1tenth_system/ackermann_mux) by extension 'colcon_pkg'
[2.956s] Level 1:colcon.colcon_core.package_identification:_identify(src/f1tenth_system/ackermann_mux) by extensions ['colcon_meta']
[2.957s] Level 1:colcon.colcon_core.package_identification:_identify(src/f1tenth_system/ackermann_mux) by extension 'colcon_meta'
[2.957s] Level 1:colcon.colcon_core.package_identification:_identify(src/f1tenth_system/ackermann_mux) by extensions ['ros']
[2.957s] Level 1:colcon.colcon_core.package_identification:_identify(src/f1tenth_system/ackermann_mux) by extension 'ros'
[2.962s] DEBUG:colcon.colcon_core.package_identification:Package 'src/f1tenth_system/ackermann_mux' with type 'ros.ament_cmake' and name 'ackermann_mux'
[2.963s] Level 1:colcon.colcon_core.package_identification:_identify(src/f1tenth_system/f1tenth_stack) by extensions ['ignore', 'ignore_ament_install']
[2.963s] Level 1:colcon.colcon_core.package_identification:_identify(src/f1tenth_system/f1tenth_stack) by extension 'ignore'
[2.964s] Level 1:colcon.colcon_core.package_identification:_identify(src/f1tenth_system/f1tenth_stack) by extension 'ignore_ament_install'
[2.964s] Level 1:colcon.colcon_core.package_identification:_identify(src/f1tenth_system/f1tenth_stack) by extensions ['colcon_pkg']
[2.964s] Level 1:colcon.colcon_core.package_identification:_identify(src/f1tenth_system/f1tenth_stack) by extension 'colcon_pkg'
[2.964s] Level 1:colcon.colcon_core.package_identification:_identify(src/f1tenth_system/f1tenth_stack) by extensions ['colcon_meta']
[2.965s] Level 1:colcon.colcon_core.package_identification:_identify(src/f1tenth_system/f1tenth_stack) by extension 'colcon_meta'
[2.965s] Level 1:colcon.colcon_core.package_identification:_identify(src/f1tenth_system/f1tenth_stack) by extensions ['ros']
[2.965s] Level 1:colcon.colcon_core.package_identification:_identify(src/f1tenth_system/f1tenth_stack) by extension 'ros'
[2.971s] DEBUG:colcon.colcon_core.package_identification:Package 'src/f1tenth_system/f1tenth_stack' with type 'ros.ament_python' and name 'f1tenth_stack'
[2.971s] Level 1:colcon.colcon_core.package_identification:_identify(src/f1tenth_system/scripts) by extensions ['ignore', 'ignore_ament_install']
[2.972s] Level 1:colcon.colcon_core.package_identification:_identify(src/f1tenth_system/scripts) by extension 'ignore'
[2.972s] Level 1:colcon.colcon_core.package_identification:_identify(src/f1tenth_system/scripts) by extension 'ignore_ament_install'
[2.972s] Level 1:colcon.colcon_core.package_identification:_identify(src/f1tenth_system/scripts) by extensions ['colcon_pkg']
[2.973s] Level 1:colcon.colcon_core.package_identification:_identify(src/f1tenth_system/scripts) by extension 'colcon_pkg'
[2.973s] Level 1:colcon.colcon_core.package_identification:_identify(src/f1tenth_system/scripts) by extensions ['colcon_meta']
[2.973s] Level 1:colcon.colcon_core.package_identification:_identify(src/f1tenth_system/scripts) by extension 'colcon_meta'
[2.973s] Level 1:colcon.colcon_core.package_identification:_identify(src/f1tenth_system/scripts) by extensions ['ros']
[2.973s] Level 1:colcon.colcon_core.package_identification:_identify(src/f1tenth_system/scripts) by extension 'ros'
[2.974s] Level 1:colcon.colcon_core.package_identification:_identify(src/f1tenth_system/scripts) by extensions ['cmake', 'python']
[2.974s] Level 1:colcon.colcon_core.package_identification:_identify(src/f1tenth_system/scripts) by extension 'cmake'
[2.974s] Level 1:colcon.colcon_core.package_identification:_identify(src/f1tenth_system/scripts) by extension 'python'
[2.975s] Level 1:colcon.colcon_core.package_identification:_identify(src/f1tenth_system/scripts) by extensions ['python_setup_py']
[2.975s] Level 1:colcon.colcon_core.package_identification:_identify(src/f1tenth_system/scripts) by extension 'python_setup_py'
[2.975s] Level 1:colcon.colcon_core.package_identification:_identify(src/f1tenth_system/teleop_tools) by extensions ['ignore', 'ignore_ament_install']
[2.976s] Level 1:colcon.colcon_core.package_identification:_identify(src/f1tenth_system/teleop_tools) by extension 'ignore'
[2.976s] Level 1:colcon.colcon_core.package_identification:_identify(src/f1tenth_system/teleop_tools) by extension 'ignore_ament_install'
[2.976s] Level 1:colcon.colcon_core.package_identification:_identify(src/f1tenth_system/teleop_tools) by extensions ['colcon_pkg']
[2.977s] Level 1:colcon.colcon_core.package_identification:_identify(src/f1tenth_system/teleop_tools) by extension 'colcon_pkg'
[2.977s] Level 1:colcon.colcon_core.package_identification:_identify(src/f1tenth_system/teleop_tools) by extensions ['colcon_meta']
[2.977s] Level 1:colcon.colcon_core.package_identification:_identify(src/f1tenth_system/teleop_tools) by extension 'colcon_meta'
[2.977s] Level 1:colcon.colcon_core.package_identification:_identify(src/f1tenth_system/teleop_tools) by extensions ['ros']
[2.977s] Level 1:colcon.colcon_core.package_identification:_identify(src/f1tenth_system/teleop_tools) by extension 'ros'
[2.978s] Level 1:colcon.colcon_core.package_identification:_identify(src/f1tenth_system/teleop_tools) by extensions ['cmake', 'python']
[2.978s] Level 1:colcon.colcon_core.package_identification:_identify(src/f1tenth_system/teleop_tools) by extension 'cmake'
[2.978s] Level 1:colcon.colcon_core.package_identification:_identify(src/f1tenth_system/teleop_tools) by extension 'python'
[2.979s] Level 1:colcon.colcon_core.package_identification:_identify(src/f1tenth_system/teleop_tools) by extensions ['python_setup_py']
[2.979s] Level 1:colcon.colcon_core.package_identification:_identify(src/f1tenth_system/teleop_tools) by extension 'python_setup_py'
[2.979s] Level 1:colcon.colcon_core.package_identification:_identify(src/f1tenth_system/teleop_tools/joy_teleop) by extensions ['ignore', 'ignore_ament_install']
[2.980s] Level 1:colcon.colcon_core.package_identification:_identify(src/f1tenth_system/teleop_tools/joy_teleop) by extension 'ignore'
[2.980s] Level 1:colcon.colcon_core.package_identification:_identify(src/f1tenth_system/teleop_tools/joy_teleop) by extension 'ignore_ament_install'
[2.980s] Level 1:colcon.colcon_core.package_identification:_identify(src/f1tenth_system/teleop_tools/joy_teleop) by extensions ['colcon_pkg']
[2.981s] Level 1:colcon.colcon_core.package_identification:_identify(src/f1tenth_system/teleop_tools/joy_teleop) by extension 'colcon_pkg'
[2.981s] Level 1:colcon.colcon_core.package_identification:_identify(src/f1tenth_system/teleop_tools/joy_teleop) by extensions ['colcon_meta']
[2.981s] Level 1:colcon.colcon_core.package_identification:_identify(src/f1tenth_system/teleop_tools/joy_teleop) by extension 'colcon_meta'
[2.982s] Level 1:colcon.colcon_core.package_identification:_identify(src/f1tenth_system/teleop_tools/joy_teleop) by extensions ['ros']
[2.982s] Level 1:colcon.colcon_core.package_identification:_identify(src/f1tenth_system/teleop_tools/joy_teleop) by extension 'ros'
[2.986s] DEBUG:colcon.colcon_core.package_identification:Package 'src/f1tenth_system/teleop_tools/joy_teleop' with type 'ros.ament_python' and name 'joy_teleop'
[2.986s] Level 1:colcon.colcon_core.package_identification:_identify(src/f1tenth_system/teleop_tools/key_teleop) by extensions ['ignore', 'ignore_ament_install']
[2.987s] Level 1:colcon.colcon_core.package_identification:_identify(src/f1tenth_system/teleop_tools/key_teleop) by extension 'ignore'
[2.987s] Level 1:colcon.colcon_core.package_identification:_identify(src/f1tenth_system/teleop_tools/key_teleop) by extension 'ignore_ament_install'
[2.987s] Level 1:colcon.colcon_core.package_identification:_identify(src/f1tenth_system/teleop_tools/key_teleop) by extensions ['colcon_pkg']
[2.987s] Level 1:colcon.colcon_core.package_identification:_identify(src/f1tenth_system/teleop_tools/key_teleop) by extension 'colcon_pkg'
[2.988s] Level 1:colcon.colcon_core.package_identification:_identify(src/f1tenth_system/teleop_tools/key_teleop) by extensions ['colcon_meta']
[2.988s] Level 1:colcon.colcon_core.package_identification:_identify(src/f1tenth_system/teleop_tools/key_teleop) by extension 'colcon_meta'
[2.988s] Level 1:colcon.colcon_core.package_identification:_identify(src/f1tenth_system/teleop_tools/key_teleop) by extensions ['ros']
[2.988s] Level 1:colcon.colcon_core.package_identification:_identify(src/f1tenth_system/teleop_tools/key_teleop) by extension 'ros'
[2.991s] DEBUG:colcon.colcon_core.package_identification:Package 'src/f1tenth_system/teleop_tools/key_teleop' with type 'ros.ament_python' and name 'key_teleop'
[2.992s] Level 1:colcon.colcon_core.package_identification:_identify(src/f1tenth_system/teleop_tools/mouse_teleop) by extensions ['ignore', 'ignore_ament_install']
[2.992s] Level 1:colcon.colcon_core.package_identification:_identify(src/f1tenth_system/teleop_tools/mouse_teleop) by extension 'ignore'
[2.993s] Level 1:colcon.colcon_core.package_identification:_identify(src/f1tenth_system/teleop_tools/mouse_teleop) by extension 'ignore_ament_install'
[2.993s] Level 1:colcon.colcon_core.package_identification:_identify(src/f1tenth_system/teleop_tools/mouse_teleop) by extensions ['colcon_pkg']
[2.993s] Level 1:colcon.colcon_core.package_identification:_identify(src/f1tenth_system/teleop_tools/mouse_teleop) by extension 'colcon_pkg'
[2.993s] Level 1:colcon.colcon_core.package_identification:_identify(src/f1tenth_system/teleop_tools/mouse_teleop) by extensions ['colcon_meta']
[2.994s] Level 1:colcon.colcon_core.package_identification:_identify(src/f1tenth_system/teleop_tools/mouse_teleop) by extension 'colcon_meta'
[2.994s] Level 1:colcon.colcon_core.package_identification:_identify(src/f1tenth_system/teleop_tools/mouse_teleop) by extensions ['ros']
[2.994s] Level 1:colcon.colcon_core.package_identification:_identify(src/f1tenth_system/teleop_tools/mouse_teleop) by extension 'ros'
[2.997s] DEBUG:colcon.colcon_core.package_identification:Package 'src/f1tenth_system/teleop_tools/mouse_teleop' with type 'ros.ament_python' and name 'mouse_teleop'
[2.998s] Level 1:colcon.colcon_core.package_identification:_identify(src/f1tenth_system/teleop_tools/teleop_tools) by extensions ['ignore', 'ignore_ament_install']
[2.999s] Level 1:colcon.colcon_core.package_identification:_identify(src/f1tenth_system/teleop_tools/teleop_tools) by extension 'ignore'
[2.999s] Level 1:colcon.colcon_core.package_identification:_identify(src/f1tenth_system/teleop_tools/teleop_tools) by extension 'ignore_ament_install'
[2.999s] Level 1:colcon.colcon_core.package_identification:_identify(src/f1tenth_system/teleop_tools/teleop_tools) by extensions ['colcon_pkg']
[3.000s] Level 1:colcon.colcon_core.package_identification:_identify(src/f1tenth_system/teleop_tools/teleop_tools) by extension 'colcon_pkg'
[3.000s] Level 1:colcon.colcon_core.package_identification:_identify(src/f1tenth_system/teleop_tools/teleop_tools) by extensions ['colcon_meta']
[3.000s] Level 1:colcon.colcon_core.package_identification:_identify(src/f1tenth_system/teleop_tools/teleop_tools) by extension 'colcon_meta'
[3.000s] Level 1:colcon.colcon_core.package_identification:_identify(src/f1tenth_system/teleop_tools/teleop_tools) by extensions ['ros']
[3.001s] Level 1:colcon.colcon_core.package_identification:_identify(src/f1tenth_system/teleop_tools/teleop_tools) by extension 'ros'
[3.004s] DEBUG:colcon.colcon_core.package_identification:Package 'src/f1tenth_system/teleop_tools/teleop_tools' with type 'ros.ament_cmake' and name 'teleop_tools'
[3.005s] Level 1:colcon.colcon_core.package_identification:_identify(src/f1tenth_system/teleop_tools/teleop_tools_msgs) by extensions ['ignore', 'ignore_ament_install']
[3.006s] Level 1:colcon.colcon_core.package_identification:_identify(src/f1tenth_system/teleop_tools/teleop_tools_msgs) by extension 'ignore'
[3.006s] Level 1:colcon.colcon_core.package_identification:_identify(src/f1tenth_system/teleop_tools/teleop_tools_msgs) by extension 'ignore_ament_install'
[3.006s] Level 1:colcon.colcon_core.package_identification:_identify(src/f1tenth_system/teleop_tools/teleop_tools_msgs) by extensions ['colcon_pkg']
[3.007s] Level 1:colcon.colcon_core.package_identification:_identify(src/f1tenth_system/teleop_tools/teleop_tools_msgs) by extension 'colcon_pkg'
[3.007s] Level 1:colcon.colcon_core.package_identification:_identify(src/f1tenth_system/teleop_tools/teleop_tools_msgs) by extensions ['colcon_meta']
[3.007s] Level 1:colcon.colcon_core.package_identification:_identify(src/f1tenth_system/teleop_tools/teleop_tools_msgs) by extension 'colcon_meta'
[3.007s] Level 1:colcon.colcon_core.package_identification:_identify(src/f1tenth_system/teleop_tools/teleop_tools_msgs) by extensions ['ros']
[3.008s] Level 1:colcon.colcon_core.package_identification:_identify(src/f1tenth_system/teleop_tools/teleop_tools_msgs) by extension 'ros'
[3.011s] DEBUG:colcon.colcon_core.package_identification:Package 'src/f1tenth_system/teleop_tools/teleop_tools_msgs' with type 'ros.ament_cmake' and name 'teleop_tools_msgs'
[3.011s] Level 1:colcon.colcon_core.package_identification:_identify(src/f1tenth_system/vesc) by extensions ['ignore', 'ignore_ament_install']
[3.015s] Level 1:colcon.colcon_core.package_identification:_identify(src/f1tenth_system/vesc) by extension 'ignore'
[3.016s] Level 1:colcon.colcon_core.package_identification:_identify(src/f1tenth_system/vesc) by extension 'ignore_ament_install'
[3.016s] Level 1:colcon.colcon_core.package_identification:_identify(src/f1tenth_system/vesc) by extensions ['colcon_pkg']
[3.016s] Level 1:colcon.colcon_core.package_identification:_identify(src/f1tenth_system/vesc) by extension 'colcon_pkg'
[3.017s] Level 1:colcon.colcon_core.package_identification:_identify(src/f1tenth_system/vesc) by extensions ['colcon_meta']
[3.017s] Level 1:colcon.colcon_core.package_identification:_identify(src/f1tenth_system/vesc) by extension 'colcon_meta'
[3.017s] Level 1:colcon.colcon_core.package_identification:_identify(src/f1tenth_system/vesc) by extensions ['ros']
[3.017s] Level 1:colcon.colcon_core.package_identification:_identify(src/f1tenth_system/vesc) by extension 'ros'
[3.018s] Level 1:colcon.colcon_core.package_identification:_identify(src/f1tenth_system/vesc) by extensions ['cmake', 'python']
[3.018s] Level 1:colcon.colcon_core.package_identification:_identify(src/f1tenth_system/vesc) by extension 'cmake'
[3.018s] Level 1:colcon.colcon_core.package_identification:_identify(src/f1tenth_system/vesc) by extension 'python'
[3.018s] Level 1:colcon.colcon_core.package_identification:_identify(src/f1tenth_system/vesc) by extensions ['python_setup_py']
[3.019s] Level 1:colcon.colcon_core.package_identification:_identify(src/f1tenth_system/vesc) by extension 'python_setup_py'
[3.019s] Level 1:colcon.colcon_core.package_identification:_identify(src/f1tenth_system/vesc/vesc) by extensions ['ignore', 'ignore_ament_install']
[3.020s] Level 1:colcon.colcon_core.package_identification:_identify(src/f1tenth_system/vesc/vesc) by extension 'ignore'
[3.020s] Level 1:colcon.colcon_core.package_identification:_identify(src/f1tenth_system/vesc/vesc) by extension 'ignore_ament_install'
[3.020s] Level 1:colcon.colcon_core.package_identification:_identify(src/f1tenth_system/vesc/vesc) by extensions ['colcon_pkg']
[3.020s] Level 1:colcon.colcon_core.package_identification:_identify(src/f1tenth_system/vesc/vesc) by extension 'colcon_pkg'
[3.021s] Level 1:colcon.colcon_core.package_identification:_identify(src/f1tenth_system/vesc/vesc) by extensions ['colcon_meta']
[3.021s] Level 1:colcon.colcon_core.package_identification:_identify(src/f1tenth_system/vesc/vesc) by extension 'colcon_meta'
[3.021s] Level 1:colcon.colcon_core.package_identification:_identify(src/f1tenth_system/vesc/vesc) by extensions ['ros']
[3.021s] Level 1:colcon.colcon_core.package_identification:_identify(src/f1tenth_system/vesc/vesc) by extension 'ros'
[3.025s] DEBUG:colcon.colcon_core.package_identification:Package 'src/f1tenth_system/vesc/vesc' with type 'ros.ament_cmake' and name 'vesc'
[3.025s] Level 1:colcon.colcon_core.package_identification:_identify(src/f1tenth_system/vesc/vesc_ackermann) by extensions ['ignore', 'ignore_ament_install']
[3.026s] Level 1:colcon.colcon_core.package_identification:_identify(src/f1tenth_system/vesc/vesc_ackermann) by extension 'ignore'
[3.026s] Level 1:colcon.colcon_core.package_identification:_identify(src/f1tenth_system/vesc/vesc_ackermann) by extension 'ignore_ament_install'
[3.026s] Level 1:colcon.colcon_core.package_identification:_identify(src/f1tenth_system/vesc/vesc_ackermann) by extensions ['colcon_pkg']
[3.027s] Level 1:colcon.colcon_core.package_identification:_identify(src/f1tenth_system/vesc/vesc_ackermann) by extension 'colcon_pkg'
[3.027s] Level 1:colcon.colcon_core.package_identification:_identify(src/f1tenth_system/vesc/vesc_ackermann) by extensions ['colcon_meta']
[3.027s] Level 1:colcon.colcon_core.package_identification:_identify(src/f1tenth_system/vesc/vesc_ackermann) by extension 'colcon_meta'
[3.027s] Level 1:colcon.colcon_core.package_identification:_identify(src/f1tenth_system/vesc/vesc_ackermann) by extensions ['ros']
[3.027s] Level 1:colcon.colcon_core.package_identification:_identify(src/f1tenth_system/vesc/vesc_ackermann) by extension 'ros'
[3.033s] DEBUG:colcon.colcon_core.package_identification:Package 'src/f1tenth_system/vesc/vesc_ackermann' with type 'ros.ament_cmake' and name 'vesc_ackermann'
[3.033s] Level 1:colcon.colcon_core.package_identification:_identify(src/f1tenth_system/vesc/vesc_driver) by extensions ['ignore', 'ignore_ament_install']
[3.034s] Level 1:colcon.colcon_core.package_identification:_identify(src/f1tenth_system/vesc/vesc_driver) by extension 'ignore'
[3.034s] Level 1:colcon.colcon_core.package_identification:_identify(src/f1tenth_system/vesc/vesc_driver) by extension 'ignore_ament_install'
[3.034s] Level 1:colcon.colcon_core.package_identification:_identify(src/f1tenth_system/vesc/vesc_driver) by extensions ['colcon_pkg']
[3.035s] Level 1:colcon.colcon_core.package_identification:_identify(src/f1tenth_system/vesc/vesc_driver) by extension 'colcon_pkg'
[3.035s] Level 1:colcon.colcon_core.package_identification:_identify(src/f1tenth_system/vesc/vesc_driver) by extensions ['colcon_meta']
[3.035s] Level 1:colcon.colcon_core.package_identification:_identify(src/f1tenth_system/vesc/vesc_driver) by extension 'colcon_meta'
[3.036s] Level 1:colcon.colcon_core.package_identification:_identify(src/f1tenth_system/vesc/vesc_driver) by extensions ['ros']
[3.036s] Level 1:colcon.colcon_core.package_identification:_identify(src/f1tenth_system/vesc/vesc_driver) by extension 'ros'
[3.041s] DEBUG:colcon.colcon_core.package_identification:Package 'src/f1tenth_system/vesc/vesc_driver' with type 'ros.ament_cmake' and name 'vesc_driver'
[3.042s] Level 1:colcon.colcon_core.package_identification:_identify(src/f1tenth_system/vesc/vesc_msgs) by extensions ['ignore', 'ignore_ament_install']
[3.043s] Level 1:colcon.colcon_core.package_identification:_identify(src/f1tenth_system/vesc/vesc_msgs) by extension 'ignore'
[3.043s] Level 1:colcon.colcon_core.package_identification:_identify(src/f1tenth_system/vesc/vesc_msgs) by extension 'ignore_ament_install'
[3.043s] Level 1:colcon.colcon_core.package_identification:_identify(src/f1tenth_system/vesc/vesc_msgs) by extensions ['colcon_pkg']
[3.044s] Level 1:colcon.colcon_core.package_identification:_identify(src/f1tenth_system/vesc/vesc_msgs) by extension 'colcon_pkg'
[3.044s] Level 1:colcon.colcon_core.package_identification:_identify(src/f1tenth_system/vesc/vesc_msgs) by extensions ['colcon_meta']
[3.044s] Level 1:colcon.colcon_core.package_identification:_identify(src/f1tenth_system/vesc/vesc_msgs) by extension 'colcon_meta'
[3.044s] Level 1:colcon.colcon_core.package_identification:_identify(src/f1tenth_system/vesc/vesc_msgs) by extensions ['ros']
[3.045s] Level 1:colcon.colcon_core.package_identification:_identify(src/f1tenth_system/vesc/vesc_msgs) by extension 'ros'
[3.050s] DEBUG:colcon.colcon_core.package_identification:Package 'src/f1tenth_system/vesc/vesc_msgs' with type 'ros.ament_cmake' and name 'vesc_msgs'
[3.050s] Level 1:colcon.colcon_core.package_identification:_identify(src/internal_interface) by extensions ['ignore', 'ignore_ament_install']
[3.051s] Level 1:colcon.colcon_core.package_identification:_identify(src/internal_interface) by extension 'ignore'
[3.051s] Level 1:colcon.colcon_core.package_identification:_identify(src/internal_interface) by extension 'ignore_ament_install'
[3.051s] Level 1:colcon.colcon_core.package_identification:_identify(src/internal_interface) by extensions ['colcon_pkg']
[3.051s] Level 1:colcon.colcon_core.package_identification:_identify(src/internal_interface) by extension 'colcon_pkg'
[3.052s] Level 1:colcon.colcon_core.package_identification:_identify(src/internal_interface) by extensions ['colcon_meta']
[3.052s] Level 1:colcon.colcon_core.package_identification:_identify(src/internal_interface) by extension 'colcon_meta'
[3.052s] Level 1:colcon.colcon_core.package_identification:_identify(src/internal_interface) by extensions ['ros']
[3.052s] Level 1:colcon.colcon_core.package_identification:_identify(src/internal_interface) by extension 'ros'
[3.055s] DEBUG:colcon.colcon_core.package_identification:Package 'src/internal_interface' with type 'ros.ament_cmake' and name 'internal_interface'
[3.056s] Level 1:colcon.colcon_core.package_identification:_identify(src/lane_following) by extensions ['ignore', 'ignore_ament_install']
[3.056s] Level 1:colcon.colcon_core.package_identification:_identify(src/lane_following) by extension 'ignore'
[3.056s] Level 1:colcon.colcon_core.package_identification:_identify(src/lane_following) by extension 'ignore_ament_install'
[3.057s] Level 1:colcon.colcon_core.package_identification:_identify(src/lane_following) by extensions ['colcon_pkg']
[3.057s] Level 1:colcon.colcon_core.package_identification:_identify(src/lane_following) by extension 'colcon_pkg'
[3.057s] Level 1:colcon.colcon_core.package_identification:_identify(src/lane_following) by extensions ['colcon_meta']
[3.057s] Level 1:colcon.colcon_core.package_identification:_identify(src/lane_following) by extension 'colcon_meta'
[3.057s] Level 1:colcon.colcon_core.package_identification:_identify(src/lane_following) by extensions ['ros']
[3.058s] Level 1:colcon.colcon_core.package_identification:_identify(src/lane_following) by extension 'ros'
[3.061s] DEBUG:colcon.colcon_core.package_identification:Package 'src/lane_following' with type 'ros.ament_cmake' and name 'lane_following'
[3.061s] Level 1:colcon.colcon_core.package_identification:_identify(src/lane_keeping) by extensions ['ignore', 'ignore_ament_install']
[3.062s] Level 1:colcon.colcon_core.package_identification:_identify(src/lane_keeping) by extension 'ignore'
[3.062s] Level 1:colcon.colcon_core.package_identification:_identify(src/lane_keeping) by extension 'ignore_ament_install'
[3.062s] Level 1:colcon.colcon_core.package_identification:_identify(src/lane_keeping) by extensions ['colcon_pkg']
[3.063s] Level 1:colcon.colcon_core.package_identification:_identify(src/lane_keeping) by extension 'colcon_pkg'
[3.063s] Level 1:colcon.colcon_core.package_identification:_identify(src/lane_keeping) by extensions ['colcon_meta']
[3.063s] Level 1:colcon.colcon_core.package_identification:_identify(src/lane_keeping) by extension 'colcon_meta'
[3.063s] Level 1:colcon.colcon_core.package_identification:_identify(src/lane_keeping) by extensions ['ros']
[3.063s] Level 1:colcon.colcon_core.package_identification:_identify(src/lane_keeping) by extension 'ros'
[3.066s] DEBUG:colcon.colcon_core.package_identification:Package 'src/lane_keeping' with type 'ros.ament_python' and name 'lane_keeping'
[3.066s] Level 1:colcon.colcon_core.package_identification:_identify(src/lane_pure_pursuit) by extensions ['ignore', 'ignore_ament_install']
[3.067s] Level 1:colcon.colcon_core.package_identification:_identify(src/lane_pure_pursuit) by extension 'ignore'
[3.067s] Level 1:colcon.colcon_core.package_identification:_identify(src/lane_pure_pursuit) by extension 'ignore_ament_install'
[3.067s] Level 1:colcon.colcon_core.package_identification:_identify(src/lane_pure_pursuit) by extensions ['colcon_pkg']
[3.067s] Level 1:colcon.colcon_core.package_identification:_identify(src/lane_pure_pursuit) by extension 'colcon_pkg'
[3.068s] Level 1:colcon.colcon_core.package_identification:_identify(src/lane_pure_pursuit) by extensions ['colcon_meta']
[3.068s] Level 1:colcon.colcon_core.package_identification:_identify(src/lane_pure_pursuit) by extension 'colcon_meta'
[3.068s] Level 1:colcon.colcon_core.package_identification:_identify(src/lane_pure_pursuit) by extensions ['ros']
[3.068s] Level 1:colcon.colcon_core.package_identification:_identify(src/lane_pure_pursuit) by extension 'ros'
[3.072s] DEBUG:colcon.colcon_core.package_identification:Package 'src/lane_pure_pursuit' with type 'ros.ament_python' and name 'lane_pure_pursuit'
[3.072s] Level 1:colcon.colcon_core.package_identification:_identify(src/object_detect) by extensions ['ignore', 'ignore_ament_install']
[3.073s] Level 1:colcon.colcon_core.package_identification:_identify(src/object_detect) by extension 'ignore'
[3.073s] Level 1:colcon.colcon_core.package_identification:_identify(src/object_detect) by extension 'ignore_ament_install'
[3.073s] Level 1:colcon.colcon_core.package_identification:_identify(src/object_detect) by extensions ['colcon_pkg']
[3.074s] Level 1:colcon.colcon_core.package_identification:_identify(src/object_detect) by extension 'colcon_pkg'
[3.074s] Level 1:colcon.colcon_core.package_identification:_identify(src/object_detect) by extensions ['colcon_meta']
[3.074s] Level 1:colcon.colcon_core.package_identification:_identify(src/object_detect) by extension 'colcon_meta'
[3.074s] Level 1:colcon.colcon_core.package_identification:_identify(src/object_detect) by extensions ['ros']
[3.074s] Level 1:colcon.colcon_core.package_identification:_identify(src/object_detect) by extension 'ros'
[3.077s] DEBUG:colcon.colcon_core.package_identification:Package 'src/object_detect' with type 'ros.ament_python' and name 'object_detect'
[3.078s] Level 1:colcon.colcon_core.package_identification:_identify(src/object_detection) by extensions ['ignore', 'ignore_ament_install']
[3.079s] Level 1:colcon.colcon_core.package_identification:_identify(src/object_detection) by extension 'ignore'
[3.079s] Level 1:colcon.colcon_core.package_identification:_identify(src/object_detection) by extension 'ignore_ament_install'
[3.079s] Level 1:colcon.colcon_core.package_identification:_identify(src/object_detection) by extensions ['colcon_pkg']
[3.080s] Level 1:colcon.colcon_core.package_identification:_identify(src/object_detection) by extension 'colcon_pkg'
[3.080s] Level 1:colcon.colcon_core.package_identification:_identify(src/object_detection) by extensions ['colcon_meta']
[3.080s] Level 1:colcon.colcon_core.package_identification:_identify(src/object_detection) by extension 'colcon_meta'
[3.081s] Level 1:colcon.colcon_core.package_identification:_identify(src/object_detection) by extensions ['ros']
[3.081s] Level 1:colcon.colcon_core.package_identification:_identify(src/object_detection) by extension 'ros'
[3.085s] DEBUG:colcon.colcon_core.package_identification:Package 'src/object_detection' with type 'ros.ament_cmake' and name 'object_detection'
[3.086s] Level 1:colcon.colcon_core.package_identification:_identify(src/particle_filter) by extensions ['ignore', 'ignore_ament_install']
[3.086s] Level 1:colcon.colcon_core.package_identification:_identify(src/particle_filter) by extension 'ignore'
[3.087s] Level 1:colcon.colcon_core.package_identification:_identify(src/particle_filter) by extension 'ignore_ament_install'
[3.087s] Level 1:colcon.colcon_core.package_identification:_identify(src/particle_filter) by extensions ['colcon_pkg']
[3.087s] Level 1:colcon.colcon_core.package_identification:_identify(src/particle_filter) by extension 'colcon_pkg'
[3.087s] Level 1:colcon.colcon_core.package_identification:_identify(src/particle_filter) by extensions ['colcon_meta']
[3.088s] Level 1:colcon.colcon_core.package_identification:_identify(src/particle_filter) by extension 'colcon_meta'
[3.088s] Level 1:colcon.colcon_core.package_identification:_identify(src/particle_filter) by extensions ['ros']
[3.088s] Level 1:colcon.colcon_core.package_identification:_identify(src/particle_filter) by extension 'ros'
[3.094s] DEBUG:colcon.colcon_core.package_identification:Package 'src/particle_filter' with type 'ros.ament_python' and name 'particle_filter'
[3.094s] Level 1:colcon.colcon_core.package_identification:_identify(src/pure_pursuit) by extensions ['ignore', 'ignore_ament_install']
[3.095s] Level 1:colcon.colcon_core.package_identification:_identify(src/pure_pursuit) by extension 'ignore'
[3.095s] Level 1:colcon.colcon_core.package_identification:_identify(src/pure_pursuit) by extension 'ignore_ament_install'
[3.095s] Level 1:colcon.colcon_core.package_identification:_identify(src/pure_pursuit) by extensions ['colcon_pkg']
[3.096s] Level 1:colcon.colcon_core.package_identification:_identify(src/pure_pursuit) by extension 'colcon_pkg'
[3.096s] Level 1:colcon.colcon_core.package_identification:_identify(src/pure_pursuit) by extensions ['colcon_meta']
[3.096s] Level 1:colcon.colcon_core.package_identification:_identify(src/pure_pursuit) by extension 'colcon_meta'
[3.096s] Level 1:colcon.colcon_core.package_identification:_identify(src/pure_pursuit) by extensions ['ros']
[3.096s] Level 1:colcon.colcon_core.package_identification:_identify(src/pure_pursuit) by extension 'ros'
[3.102s] DEBUG:colcon.colcon_core.package_identification:Package 'src/pure_pursuit' with type 'ros.ament_cmake' and name 'pure_pursuit'
[3.102s] Level 1:colcon.colcon_core.package_identification:_identify(src/robot_mover) by extensions ['ignore', 'ignore_ament_install']
[3.103s] Level 1:colcon.colcon_core.package_identification:_identify(src/robot_mover) by extension 'ignore'
[3.103s] Level 1:colcon.colcon_core.package_identification:_identify(src/robot_mover) by extension 'ignore_ament_install'
[3.103s] Level 1:colcon.colcon_core.package_identification:_identify(src/robot_mover) by extensions ['colcon_pkg']
[3.103s] Level 1:colcon.colcon_core.package_identification:_identify(src/robot_mover) by extension 'colcon_pkg'
[3.104s] Level 1:colcon.colcon_core.package_identification:_identify(src/robot_mover) by extensions ['colcon_meta']
[3.104s] Level 1:colcon.colcon_core.package_identification:_identify(src/robot_mover) by extension 'colcon_meta'
[3.104s] Level 1:colcon.colcon_core.package_identification:_identify(src/robot_mover) by extensions ['ros']
[3.104s] Level 1:colcon.colcon_core.package_identification:_identify(src/robot_mover) by extension 'ros'
[3.106s] DEBUG:colcon.colcon_core.package_identification:Package 'src/robot_mover' with type 'ros.ament_python' and name 'robot_mover'
[3.107s] Level 1:colcon.colcon_core.package_identification:_identify(src/rplidar_ros) by extensions ['ignore', 'ignore_ament_install']
[3.107s] Level 1:colcon.colcon_core.package_identification:_identify(src/rplidar_ros) by extension 'ignore'
[3.108s] Level 1:colcon.colcon_core.package_identification:_identify(src/rplidar_ros) by extension 'ignore_ament_install'
[3.108s] Level 1:colcon.colcon_core.package_identification:_identify(src/rplidar_ros) by extensions ['colcon_pkg']
[3.108s] Level 1:colcon.colcon_core.package_identification:_identify(src/rplidar_ros) by extension 'colcon_pkg'
[3.108s] Level 1:colcon.colcon_core.package_identification:_identify(src/rplidar_ros) by extensions ['colcon_meta']
[3.109s] Level 1:colcon.colcon_core.package_identification:_identify(src/rplidar_ros) by extension 'colcon_meta'
[3.109s] Level 1:colcon.colcon_core.package_identification:_identify(src/rplidar_ros) by extensions ['ros']
[3.109s] Level 1:colcon.colcon_core.package_identification:_identify(src/rplidar_ros) by extension 'ros'
[3.112s] DEBUG:colcon.colcon_core.package_identification:Package 'src/rplidar_ros' with type 'ros.ament_cmake' and name 'rplidar_ros'
[3.112s] Level 1:colcon.colcon_core.package_identification:_identify(src/vision_opencv) by extensions ['ignore', 'ignore_ament_install']
[3.113s] Level 1:colcon.colcon_core.package_identification:_identify(src/vision_opencv) by extension 'ignore'
[3.113s] Level 1:colcon.colcon_core.package_identification:_identify(src/vision_opencv) by extension 'ignore_ament_install'
[3.113s] Level 1:colcon.colcon_core.package_identification:_identify(src/vision_opencv) by extensions ['colcon_pkg']
[3.114s] Level 1:colcon.colcon_core.package_identification:_identify(src/vision_opencv) by extension 'colcon_pkg'
[3.114s] Level 1:colcon.colcon_core.package_identification:_identify(src/vision_opencv) by extensions ['colcon_meta']
[3.114s] Level 1:colcon.colcon_core.package_identification:_identify(src/vision_opencv) by extension 'colcon_meta'
[3.114s] Level 1:colcon.colcon_core.package_identification:_identify(src/vision_opencv) by extensions ['ros']
[3.115s] Level 1:colcon.colcon_core.package_identification:_identify(src/vision_opencv) by extension 'ros'
[3.115s] Level 1:colcon.colcon_core.package_identification:_identify(src/vision_opencv) by extensions ['cmake', 'python']
[3.115s] Level 1:colcon.colcon_core.package_identification:_identify(src/vision_opencv) by extension 'cmake'
[3.115s] Level 1:colcon.colcon_core.package_identification:_identify(src/vision_opencv) by extension 'python'
[3.116s] Level 1:colcon.colcon_core.package_identification:_identify(src/vision_opencv) by extensions ['python_setup_py']
[3.116s] Level 1:colcon.colcon_core.package_identification:_identify(src/vision_opencv) by extension 'python_setup_py'
[3.117s] Level 1:colcon.colcon_core.package_identification:_identify(src/vision_opencv/cv_bridge) by extensions ['ignore', 'ignore_ament_install']
[3.117s] Level 1:colcon.colcon_core.package_identification:_identify(src/vision_opencv/cv_bridge) by extension 'ignore'
[3.117s] Level 1:colcon.colcon_core.package_identification:_identify(src/vision_opencv/cv_bridge) by extension 'ignore_ament_install'
[3.118s] Level 1:colcon.colcon_core.package_identification:_identify(src/vision_opencv/cv_bridge) by extensions ['colcon_pkg']
[3.118s] Level 1:colcon.colcon_core.package_identification:_identify(src/vision_opencv/cv_bridge) by extension 'colcon_pkg'
[3.118s] Level 1:colcon.colcon_core.package_identification:_identify(src/vision_opencv/cv_bridge) by extensions ['colcon_meta']
[3.118s] Level 1:colcon.colcon_core.package_identification:_identify(src/vision_opencv/cv_bridge) by extension 'colcon_meta'
[3.119s] Level 1:colcon.colcon_core.package_identification:_identify(src/vision_opencv/cv_bridge) by extensions ['ros']
[3.119s] Level 1:colcon.colcon_core.package_identification:_identify(src/vision_opencv/cv_bridge) by extension 'ros'
[3.125s] DEBUG:colcon.colcon_core.package_identification:Package 'src/vision_opencv/cv_bridge' with type 'ros.ament_cmake' and name 'cv_bridge'
[3.126s] Level 1:colcon.colcon_core.package_identification:_identify(src/vision_opencv/image_geometry) by extensions ['ignore', 'ignore_ament_install']
[3.126s] Level 1:colcon.colcon_core.package_identification:_identify(src/vision_opencv/image_geometry) by extension 'ignore'
[3.127s] Level 1:colcon.colcon_core.package_identification:_identify(src/vision_opencv/image_geometry) by extension 'ignore_ament_install'
[3.127s] Level 1:colcon.colcon_core.package_identification:_identify(src/vision_opencv/image_geometry) by extensions ['colcon_pkg']
[3.127s] Level 1:colcon.colcon_core.package_identification:_identify(src/vision_opencv/image_geometry) by extension 'colcon_pkg'
[3.127s] Level 1:colcon.colcon_core.package_identification:_identify(src/vision_opencv/image_geometry) by extensions ['colcon_meta']
[3.128s] Level 1:colcon.colcon_core.package_identification:_identify(src/vision_opencv/image_geometry) by extension 'colcon_meta'
[3.128s] Level 1:colcon.colcon_core.package_identification:_identify(src/vision_opencv/image_geometry) by extensions ['ros']
[3.128s] Level 1:colcon.colcon_core.package_identification:_identify(src/vision_opencv/image_geometry) by extension 'ros'
[3.131s] DEBUG:colcon.colcon_core.package_identification:Package 'src/vision_opencv/image_geometry' with type 'ros.ament_cmake' and name 'image_geometry'
[3.132s] Level 1:colcon.colcon_core.package_identification:_identify(src/vision_opencv/opencv_tests) by extensions ['ignore', 'ignore_ament_install']
[3.132s] Level 1:colcon.colcon_core.package_identification:_identify(src/vision_opencv/opencv_tests) by extension 'ignore'
[3.133s] Level 1:colcon.colcon_core.package_identification:_identify(src/vision_opencv/opencv_tests) by extension 'ignore_ament_install'
[3.133s] Level 1:colcon.colcon_core.package_identification:_identify(src/vision_opencv/opencv_tests) by extensions ['colcon_pkg']
[3.133s] Level 1:colcon.colcon_core.package_identification:_identify(src/vision_opencv/opencv_tests) by extension 'colcon_pkg'
[3.134s] Level 1:colcon.colcon_core.package_identification:_identify(src/vision_opencv/opencv_tests) by extensions ['colcon_meta']
[3.134s] Level 1:colcon.colcon_core.package_identification:_identify(src/vision_opencv/opencv_tests) by extension 'colcon_meta'
[3.134s] Level 1:colcon.colcon_core.package_identification:_identify(src/vision_opencv/opencv_tests) by extensions ['ros']
[3.134s] Level 1:colcon.colcon_core.package_identification:_identify(src/vision_opencv/opencv_tests) by extension 'ros'
[3.137s] DEBUG:colcon.colcon_core.package_identification:Package 'src/vision_opencv/opencv_tests' with type 'ros.ament_python' and name 'opencv_tests'
[3.137s] Level 1:colcon.colcon_core.package_identification:_identify(src/vision_opencv/vision_opencv) by extensions ['ignore', 'ignore_ament_install']
[3.138s] Level 1:colcon.colcon_core.package_identification:_identify(src/vision_opencv/vision_opencv) by extension 'ignore'
[3.138s] Level 1:colcon.colcon_core.package_identification:_identify(src/vision_opencv/vision_opencv) by extension 'ignore_ament_install'
[3.138s] Level 1:colcon.colcon_core.package_identification:_identify(src/vision_opencv/vision_opencv) by extensions ['colcon_pkg']
[3.138s] Level 1:colcon.colcon_core.package_identification:_identify(src/vision_opencv/vision_opencv) by extension 'colcon_pkg'
[3.139s] Level 1:colcon.colcon_core.package_identification:_identify(src/vision_opencv/vision_opencv) by extensions ['colcon_meta']
[3.139s] Level 1:colcon.colcon_core.package_identification:_identify(src/vision_opencv/vision_opencv) by extension 'colcon_meta'
[3.139s] Level 1:colcon.colcon_core.package_identification:_identify(src/vision_opencv/vision_opencv) by extensions ['ros']
[3.139s] Level 1:colcon.colcon_core.package_identification:_identify(src/vision_opencv/vision_opencv) by extension 'ros'
[3.143s] DEBUG:colcon.colcon_core.package_identification:Package 'src/vision_opencv/vision_opencv' with type 'ros.ament_cmake' and name 'vision_opencv'
[3.143s] Level 1:colcon.colcon_core.package_identification:_identify(src/waypoint_generator) by extensions ['ignore', 'ignore_ament_install']
[3.144s] Level 1:colcon.colcon_core.package_identification:_identify(src/waypoint_generator) by extension 'ignore'
[3.144s] Level 1:colcon.colcon_core.package_identification:_identify(src/waypoint_generator) by extension 'ignore_ament_install'
[3.144s] Level 1:colcon.colcon_core.package_identification:_identify(src/waypoint_generator) by extensions ['colcon_pkg']
[3.144s] Level 1:colcon.colcon_core.package_identification:_identify(src/waypoint_generator) by extension 'colcon_pkg'
[3.145s] Level 1:colcon.colcon_core.package_identification:_identify(src/waypoint_generator) by extensions ['colcon_meta']
[3.145s] Level 1:colcon.colcon_core.package_identification:_identify(src/waypoint_generator) by extension 'colcon_meta'
[3.145s] Level 1:colcon.colcon_core.package_identification:_identify(src/waypoint_generator) by extensions ['ros']
[3.145s] Level 1:colcon.colcon_core.package_identification:_identify(src/waypoint_generator) by extension 'ros'
[3.150s] DEBUG:colcon.colcon_core.package_identification:Package 'src/waypoint_generator' with type 'ros.ament_cmake' and name 'waypoint_generator'
[3.151s] Level 1:colcon.colcon_core.package_discovery:discover_packages(recursive) using defaults
[3.151s] Level 1:colcon.colcon_core.package_discovery:discover_packages(ignore) discover
[3.151s] Level 1:colcon.colcon_core.package_discovery:discover_packages(ignore) using defaults
[3.151s] Level 1:colcon.colcon_core.package_discovery:discover_packages(path) discover
[3.151s] Level 1:colcon.colcon_core.package_discovery:discover_packages(path) using defaults
[3.308s] INFO:colcon.colcon_core.package_selection:Skipping not selected package 'ackermann_mux' in 'src/f1tenth_system/ackermann_mux'
[3.308s] INFO:colcon.colcon_core.package_selection:Skipping not selected package 'camera_package' in 'src/camera_package'
[3.308s] INFO:colcon.colcon_core.package_selection:Skipping not selected package 'camera_publisher' in 'src/camera_publisher'
[3.309s] INFO:colcon.colcon_core.package_selection:Skipping not selected package 'csi_camera' in 'src/csi_camera'
[3.309s] INFO:colcon.colcon_core.package_selection:Skipping not selected package 'cv_bridge' in 'src/vision_opencv/cv_bridge'
[3.309s] INFO:colcon.colcon_core.package_selection:Skipping not selected package 'image_geometry' in 'src/vision_opencv/image_geometry'
[3.309s] INFO:colcon.colcon_core.package_selection:Skipping not selected package 'internal_interface' in 'src/internal_interface'
[3.309s] INFO:colcon.colcon_core.package_selection:Skipping not selected package 'key_teleop' in 'src/f1tenth_system/teleop_tools/key_teleop'
[3.309s] INFO:colcon.colcon_core.package_selection:Skipping not selected package 'lane_keeping' in 'src/lane_keeping'
[3.310s] INFO:colcon.colcon_core.package_selection:Skipping not selected package 'lane_pure_pursuit' in 'src/lane_pure_pursuit'
[3.310s] INFO:colcon.colcon_core.package_selection:Skipping not selected package 'mouse_teleop' in 'src/f1tenth_system/teleop_tools/mouse_teleop'
[3.310s] INFO:colcon.colcon_core.package_selection:Skipping not selected package 'particle_filter' in 'src/particle_filter'
[3.310s] INFO:colcon.colcon_core.package_selection:Skipping not selected package 'pure_pursuit' in 'src/pure_pursuit'
[3.310s] INFO:colcon.colcon_core.package_selection:Skipping not selected package 'robot_mover' in 'src/robot_mover'
[3.310s] INFO:colcon.colcon_core.package_selection:Skipping not selected package 'rplidar_ros' in 'src/rplidar_ros'
[3.310s] INFO:colcon.colcon_core.package_selection:Skipping not selected package 'teleop_tools_msgs' in 'src/f1tenth_system/teleop_tools/teleop_tools_msgs'
[3.311s] INFO:colcon.colcon_core.package_selection:Skipping not selected package 'vesc_msgs' in 'src/f1tenth_system/vesc/vesc_msgs'
[3.311s] INFO:colcon.colcon_core.package_selection:Skipping not selected package 'waypoint_generator' in 'src/waypoint_generator'
[3.311s] INFO:colcon.colcon_core.package_selection:Skipping not selected package 'camera' in 'src/camera'
[3.311s] INFO:colcon.colcon_core.package_selection:Skipping not selected package 'camera_subscriber_pkg' in 'src/camera_subscriber_pkg'
[3.311s] INFO:colcon.colcon_core.package_selection:Skipping not selected package 'joy_teleop' in 'src/f1tenth_system/teleop_tools/joy_teleop'
[3.311s] INFO:colcon.colcon_core.package_selection:Skipping not selected package 'opencv_tests' in 'src/vision_opencv/opencv_tests'
[3.312s] INFO:colcon.colcon_core.package_selection:Skipping not selected package 'vesc_ackermann' in 'src/f1tenth_system/vesc/vesc_ackermann'
[3.312s] INFO:colcon.colcon_core.package_selection:Skipping not selected package 'vesc_driver' in 'src/f1tenth_system/vesc/vesc_driver'
[3.312s] INFO:colcon.colcon_core.package_selection:Skipping not selected package 'vision_opencv' in 'src/vision_opencv/vision_opencv'
[3.312s] INFO:colcon.colcon_core.package_selection:Skipping not selected package 'birds_eye_view' in 'src/birds_eye_view'
[3.312s] INFO:colcon.colcon_core.package_selection:Skipping not selected package 'lane_following' in 'src/lane_following'
[3.312s] INFO:colcon.colcon_core.package_selection:Skipping not selected package 'object_detection' in 'src/object_detection'
[3.312s] INFO:colcon.colcon_core.package_selection:Skipping not selected package 'teleop_tools' in 'src/f1tenth_system/teleop_tools/teleop_tools'
[3.313s] INFO:colcon.colcon_core.package_selection:Skipping not selected package 'vesc' in 'src/f1tenth_system/vesc/vesc'
[3.313s] INFO:colcon.colcon_core.package_selection:Skipping not selected package 'calibration' in 'src/calibration'
[3.313s] INFO:colcon.colcon_core.package_selection:Skipping not selected package 'f1tenth_stack' in 'src/f1tenth_system/f1tenth_stack'
[3.315s] Level 1:colcon.colcon_core.package_discovery:discover_packages(prefix_path) check parameters
[3.315s] Level 1:colcon.colcon_core.package_discovery:discover_packages(prefix_path) discover
[3.348s] DEBUG:colcon.colcon_installed_package_information.package_discovery:Found 40 installed packages in /home/f1tenth/f1tenth_ws/install
[3.359s] DEBUG:colcon.colcon_installed_package_information.package_discovery:Found 275 installed packages in /opt/ros/foxy
[3.368s] Level 1:colcon.colcon_core.package_discovery:discover_packages(prefix_path) using defaults
[3.689s] Level 5:colcon.colcon_core.verb:set package 'object_detect' build argument 'cmake_args' from command line to 'None'
[3.690s] Level 5:colcon.colcon_core.verb:set package 'object_detect' build argument 'cmake_target' from command line to 'None'
[3.690s] Level 5:colcon.colcon_core.verb:set package 'object_detect' build argument 'cmake_target_skip_unavailable' from command line to 'False'
[3.690s] Level 5:colcon.colcon_core.verb:set package 'object_detect' build argument 'cmake_clean_cache' from command line to 'False'
[3.690s] Level 5:colcon.colcon_core.verb:set package 'object_detect' build argument 'cmake_clean_first' from command line to 'False'
[3.690s] Level 5:colcon.colcon_core.verb:set package 'object_detect' build argument 'cmake_force_configure' from command line to 'False'
[3.690s] Level 5:colcon.colcon_core.verb:set package 'object_detect' build argument 'ament_cmake_args' from command line to 'None'
[3.691s] Level 5:colcon.colcon_core.verb:set package 'object_detect' build argument 'catkin_cmake_args' from command line to 'None'
[3.691s] Level 5:colcon.colcon_core.verb:set package 'object_detect' build argument 'catkin_skip_building_tests' from command line to 'False'
[3.691s] DEBUG:colcon.colcon_core.verb:Building package 'object_detect' with the following arguments: {'ament_cmake_args': None, 'build_base': '/home/f1tenth/f1tenth_ws/build/object_detect', 'catkin_cmake_args': None, 'catkin_skip_building_tests': False, 'cmake_args': None, 'cmake_clean_cache': False, 'cmake_clean_first': False, 'cmake_force_configure': False, 'cmake_target': None, 'cmake_target_skip_unavailable': False, 'install_base': '/home/f1tenth/f1tenth_ws/install/object_detect', 'merge_install': False, 'path': '/home/f1tenth/f1tenth_ws/src/object_detect', 'symlink_install': False, 'test_result_base': None}
[3.692s] INFO:colcon.colcon_core.executor:Executing jobs using 'parallel' executor
[3.697s] DEBUG:colcon.colcon_parallel_executor.executor.parallel:run_until_complete
[3.698s] INFO:colcon.colcon_ros.task.ament_python.build:Building ROS package in '/home/f1tenth/f1tenth_ws/src/object_detect' with build type 'ament_python'
[3.699s] Level 1:colcon.colcon_core.shell:create_environment_hook('object_detect', 'ament_prefix_path')
[3.720s] INFO:colcon.colcon_core.plugin_system:Skipping extension 'colcon_core.shell.bat': Not used on non-Windows systems
[3.721s] INFO:colcon.colcon_core.shell:Creating environment hook '/home/f1tenth/f1tenth_ws/install/object_detect/share/object_detect/hook/ament_prefix_path.ps1'
[3.724s] INFO:colcon.colcon_core.shell:Creating environment descriptor '/home/f1tenth/f1tenth_ws/install/object_detect/share/object_detect/hook/ament_prefix_path.dsv'
[3.726s] INFO:colcon.colcon_core.shell:Creating environment hook '/home/f1tenth/f1tenth_ws/install/object_detect/share/object_detect/hook/ament_prefix_path.sh'
[3.730s] INFO:colcon.colcon_core.shell:Skip shell extension 'powershell' for command environment: Not usable outside of PowerShell
[3.730s] DEBUG:colcon.colcon_core.shell:Skip shell extension 'dsv' for command environment
[6.611s] INFO:colcon.colcon_core.task.python.build:Building Python package in '/home/f1tenth/f1tenth_ws/src/object_detect'
[6.617s] INFO:colcon.colcon_core.shell:Skip shell extension 'powershell' for command environment: Not usable outside of PowerShell
[6.617s] DEBUG:colcon.colcon_core.shell:Skip shell extension 'dsv' for command environment
[11.651s] DEBUG:colcon.colcon_core.event_handler.log_command:Invoking command in '/home/f1tenth/f1tenth_ws/src/object_detect': PYTHONPATH=/home/f1tenth/f1tenth_ws/build/object_detect/prefix_override:/usr/lib/python3/dist-packages/colcon_core/task/python/colcon_distutils_commands:/home/f1tenth/f1tenth_ws/install/object_detect/lib/python3.8/site-packages:${PYTHONPATH} /usr/bin/python3 -W ignore:setup.py install is deprecated setup.py egg_info --egg-base ../../build/object_detect build --build-base /home/f1tenth/f1tenth_ws/build/object_detect/build install --record /home/f1tenth/f1tenth_ws/build/object_detect/install.log --install-scripts $base/lib/object_detect --single-version-externally-managed install_data
[16.188s] DEBUG:colcon.colcon_core.event_handler.log_command:Invoked command in '/home/f1tenth/f1tenth_ws/src/object_detect' returned '0': PYTHONPATH=/home/f1tenth/f1tenth_ws/build/object_detect/prefix_override:/usr/lib/python3/dist-packages/colcon_core/task/python/colcon_distutils_commands:/home/f1tenth/f1tenth_ws/install/object_detect/lib/python3.8/site-packages:${PYTHONPATH} /usr/bin/python3 -W ignore:setup.py install is deprecated setup.py egg_info --egg-base ../../build/object_detect build --build-base /home/f1tenth/f1tenth_ws/build/object_detect/build install --record /home/f1tenth/f1tenth_ws/build/object_detect/install.log --install-scripts $base/lib/object_detect --single-version-externally-managed install_data
[16.212s] Level 1:colcon.colcon_core.environment:checking '/home/f1tenth/f1tenth_ws/install/object_detect' for CMake module files
[16.218s] Level 1:colcon.colcon_core.environment:checking '/home/f1tenth/f1tenth_ws/install/object_detect' for CMake config files
[16.225s] Level 1:colcon.colcon_core.environment:checking '/home/f1tenth/f1tenth_ws/install/object_detect/lib'
[16.226s] Level 1:colcon.colcon_core.environment:checking '/home/f1tenth/f1tenth_ws/install/object_detect/bin'
[16.227s] Level 1:colcon.colcon_core.environment:checking '/home/f1tenth/f1tenth_ws/install/object_detect/lib/pkgconfig/object_detect.pc'
[16.231s] Level 1:colcon.colcon_core.environment:checking '/home/f1tenth/f1tenth_ws/install/object_detect/lib/python3.8/site-packages'
[16.231s] Level 1:colcon.colcon_core.shell:create_environment_hook('object_detect', 'pythonpath')
[16.233s] INFO:colcon.colcon_core.shell:Creating environment hook '/home/f1tenth/f1tenth_ws/install/object_detect/share/object_detect/hook/pythonpath.ps1'
[16.236s] INFO:colcon.colcon_core.shell:Creating environment descriptor '/home/f1tenth/f1tenth_ws/install/object_detect/share/object_detect/hook/pythonpath.dsv'
[16.238s] INFO:colcon.colcon_core.shell:Creating environment hook '/home/f1tenth/f1tenth_ws/install/object_detect/share/object_detect/hook/pythonpath.sh'
[16.240s] Level 1:colcon.colcon_core.environment:checking '/home/f1tenth/f1tenth_ws/install/object_detect/bin'
[16.240s] Level 1:colcon.colcon_core.environment:create_environment_scripts_only(object_detect)
[16.242s] INFO:colcon.colcon_core.shell:Creating package script '/home/f1tenth/f1tenth_ws/install/object_detect/share/object_detect/package.ps1'
[16.248s] INFO:colcon.colcon_core.shell:Creating package descriptor '/home/f1tenth/f1tenth_ws/install/object_detect/share/object_detect/package.dsv'
[16.251s] INFO:colcon.colcon_core.shell:Creating package script '/home/f1tenth/f1tenth_ws/install/object_detect/share/object_detect/package.sh'
[16.258s] INFO:colcon.colcon_core.shell:Creating package script '/home/f1tenth/f1tenth_ws/install/object_detect/share/object_detect/package.bash'
[16.262s] INFO:colcon.colcon_core.shell:Creating package script '/home/f1tenth/f1tenth_ws/install/object_detect/share/object_detect/package.zsh'
[16.265s] Level 1:colcon.colcon_core.environment:create_file_with_runtime_dependencies(/home/f1tenth/f1tenth_ws/install/object_detect/share/colcon-core/packages/object_detect)
[16.273s] DEBUG:colcon.colcon_parallel_executor.executor.parallel:closing loop
[16.277s] DEBUG:colcon.colcon_parallel_executor.executor.parallel:loop closed
[16.277s] DEBUG:colcon.colcon_parallel_executor.executor.parallel:run_until_complete finished with '0'
[16.278s] DEBUG:colcon.colcon_core.event_reactor:joining thread
[16.316s] INFO:colcon.colcon_core.plugin_system:Skipping extension 'colcon_notification.desktop_notification.terminal_notifier': Not used on non-Darwin systems
[16.317s] INFO:colcon.colcon_core.plugin_system:Skipping extension 'colcon_notification.desktop_notification.win32': Not used on non-Windows systems
[16.317s] INFO:colcon.colcon_notification.desktop_notification:Sending desktop notification using 'notify2'
[16.445s] DEBUG:colcon.colcon_core.event_reactor:joined thread
[16.447s] INFO:colcon.colcon_core.shell:Creating prefix script '/home/f1tenth/f1tenth_ws/install/local_setup.ps1'
[16.452s] INFO:colcon.colcon_core.shell:Creating prefix util module '/home/f1tenth/f1tenth_ws/install/_local_setup_util_ps1.py'
[16.458s] INFO:colcon.colcon_core.shell:Creating prefix chain script '/home/f1tenth/f1tenth_ws/install/setup.ps1'
[16.478s] INFO:colcon.colcon_core.shell:Creating prefix script '/home/f1tenth/f1tenth_ws/install/local_setup.sh'
[16.484s] INFO:colcon.colcon_core.shell:Creating prefix util module '/home/f1tenth/f1tenth_ws/install/_local_setup_util_sh.py'
[16.487s] INFO:colcon.colcon_core.shell:Creating prefix chain script '/home/f1tenth/f1tenth_ws/install/setup.sh'
[16.504s] INFO:colcon.colcon_core.shell:Creating prefix script '/home/f1tenth/f1tenth_ws/install/local_setup.bash'
[16.507s] INFO:colcon.colcon_core.shell:Creating prefix chain script '/home/f1tenth/f1tenth_ws/install/setup.bash'
[16.526s] INFO:colcon.colcon_core.shell:Creating prefix script '/home/f1tenth/f1tenth_ws/install/local_setup.zsh'
[16.528s] INFO:colcon.colcon_core.shell:Creating prefix chain script '/home/f1tenth/f1tenth_ws/install/setup.zsh'
