[12.001s] Invoking command in '/home/f1tenth/f1tenth_ws/src/lane_keeping': PYTHONPATH=/home/f1tenth/f1tenth_ws/build/lane_keeping/prefix_override:/usr/lib/python3/dist-packages/colcon_core/task/python/colcon_distutils_commands:/home/f1tenth/f1tenth_ws/install/lane_keeping/lib/python3.8/site-packages:${PYTHONPATH} /usr/bin/python3 -W ignore:setup.py install is deprecated setup.py egg_info --egg-base ../../build/lane_keeping build --build-base /home/f1tenth/f1tenth_ws/build/lane_keeping/build install --record /home/f1tenth/f1tenth_ws/build/lane_keeping/install.log --install-scripts $base/lib/lane_keeping --single-version-externally-managed install_data
[15.253s] /home/f1tenth/.local/lib/python3.8/site-packages/setuptools/dist.py:771: UserWarning: Usage of dash-separated 'script-dir' will not be supported in future versions. Please use the underscore name 'script_dir' instead
[15.254s]   warnings.warn(
[16.611s] running egg_info
[16.818s] writing ../../build/lane_keeping/lane_keeping.egg-info/PKG-INFO
[16.825s] writing dependency_links to ../../build/lane_keeping/lane_keeping.egg-info/dependency_links.txt
[16.825s] writing entry points to ../../build/lane_keeping/lane_keeping.egg-info/entry_points.txt
[16.826s] writing requirements to ../../build/lane_keeping/lane_keeping.egg-info/requires.txt
[16.827s] writing top-level names to ../../build/lane_keeping/lane_keeping.egg-info/top_level.txt
[16.829s] writing ../../build/lane_keeping/lane_keeping.egg-info/PKG-INFO
[16.831s] writing dependency_links to ../../build/lane_keeping/lane_keeping.egg-info/dependency_links.txt
[16.832s] writing entry points to ../../build/lane_keeping/lane_keeping.egg-info/entry_points.txt
[16.833s] writing requirements to ../../build/lane_keeping/lane_keeping.egg-info/requires.txt
[16.834s] writing top-level names to ../../build/lane_keeping/lane_keeping.egg-info/top_level.txt
[17.210s] reading manifest file '../../build/lane_keeping/lane_keeping.egg-info/SOURCES.txt'
[17.214s] writing manifest file '../../build/lane_keeping/lane_keeping.egg-info/SOURCES.txt'
[17.216s] running build
[17.220s] running build_py
[17.220s] running install
[17.254s] running install_lib
[17.408s] running install_data
[17.410s] running install_egg_info
[17.525s] removing '/home/f1tenth/f1tenth_ws/install/lane_keeping/lib/python3.8/site-packages/lane_keeping-0.0.0-py3.8.egg-info' (and everything under it)
[17.528s] Copying ../../build/lane_keeping/lane_keeping.egg-info to /home/f1tenth/f1tenth_ws/install/lane_keeping/lib/python3.8/site-packages/lane_keeping-0.0.0-py3.8.egg-info
[17.534s] running install_scripts
[18.251s] Installing lane_keeping script to /home/f1tenth/f1tenth_ws/install/lane_keeping/lib/lane_keeping
[18.254s] writing list of installed files to '/home/f1tenth/f1tenth_ws/build/lane_keeping/install.log'
[18.640s] Invoked command in '/home/f1tenth/f1tenth_ws/src/lane_keeping' returned '0': PYTHONPATH=/home/f1tenth/f1tenth_ws/build/lane_keeping/prefix_override:/usr/lib/python3/dist-packages/colcon_core/task/python/colcon_distutils_commands:/home/f1tenth/f1tenth_ws/install/lane_keeping/lib/python3.8/site-packages:${PYTHONPATH} /usr/bin/python3 -W ignore:setup.py install is deprecated setup.py egg_info --egg-base ../../build/lane_keeping build --build-base /home/f1tenth/f1tenth_ws/build/lane_keeping/build install --record /home/f1tenth/f1tenth_ws/build/lane_keeping/install.log --install-scripts $base/lib/lane_keeping --single-version-externally-managed install_data
