[8.778s] Invoking command in '/home/f1tenth/f1tenth_ws/build/camera_package': PYTHONPATH=/home/f1tenth/f1tenth_ws/build/camera_package/prefix_override:/usr/lib/python3/dist-packages/colcon_core/task/python/colcon_distutils_commands:/home/f1tenth/f1tenth_ws/install/camera_package/lib/python3.8/site-packages:${PYTHONPATH} /usr/bin/python3 -W ignore:setup.py install is deprecated setup.py develop --editable --build-directory /home/f1tenth/f1tenth_ws/build/camera_package/build --no-deps symlink_data --force
[10.297s] /home/f1tenth/.local/lib/python3.8/site-packages/setuptools/dist.py:755: SetuptoolsDeprecationWarning: Invalid dash-separated options
[10.298s] !!
[10.298s] 
[10.299s]         ********************************************************************************
[10.299s]         Usage of dash-separated 'script-dir' will not be supported in future
[10.300s]         versions. Please use the underscore name 'script_dir' instead.
[10.300s] 
[10.300s]         This deprecation is overdue, please update your project and remove deprecated
[10.301s]         calls to avoid build errors in the future.
[10.301s] 
[10.301s]         See https://setuptools.pypa.io/en/latest/userguide/declarative_config.html for details.
[10.302s]         ********************************************************************************
[10.302s] 
[10.303s] !!
[10.303s]   opt = self.warn_dash_deprecation(opt, section)
[12.555s] running develop
[12.556s] /home/f1tenth/.local/lib/python3.8/site-packages/setuptools/command/develop.py:40: EasyInstallDeprecationWarning: easy_install command is deprecated.
[12.557s] !!
[12.557s] 
[12.557s]         ********************************************************************************
[12.558s]         Please avoid running ``setup.py`` and ``easy_install``.
[12.559s]         Instead, use pypa/build, pypa/installer, pypa/build or
[12.566s]         other standards-based tools.
[12.566s] 
[12.567s]         See https://github.com/pypa/setuptools/issues/917 for details.
[12.567s]         ********************************************************************************
[12.568s] 
[12.568s] !!
[12.568s]   easy_install.initialize_options(self)
[14.859s] running egg_info
[15.109s] writing camera_package.egg-info/PKG-INFO
[15.113s] writing dependency_links to camera_package.egg-info/dependency_links.txt
[15.115s] writing entry points to camera_package.egg-info/entry_points.txt
[15.119s] writing requirements to camera_package.egg-info/requires.txt
[15.120s] writing top-level names to camera_package.egg-info/top_level.txt
[15.121s] writing camera_package.egg-info/PKG-INFO
[15.122s] writing dependency_links to camera_package.egg-info/dependency_links.txt
[15.123s] writing entry points to camera_package.egg-info/entry_points.txt
[15.124s] writing requirements to camera_package.egg-info/requires.txt
[15.124s] writing top-level names to camera_package.egg-info/top_level.txt
[15.598s] reading manifest file 'camera_package.egg-info/SOURCES.txt'
[15.610s] writing manifest file 'camera_package.egg-info/SOURCES.txt'
[16.199s] running build_ext
[16.201s] Creating /home/f1tenth/f1tenth_ws/install/camera_package/lib/python3.8/site-packages/camera-package.egg-link (link to .)
[16.211s] Installing camera_subscriber script to /home/f1tenth/f1tenth_ws/install/camera_package/lib/camera_package
[16.220s] 
[16.221s] Installed /home/f1tenth/f1tenth_ws/build/camera_package
[16.223s] running symlink_data
[16.226s] symbolically linking /home/f1tenth/f1tenth_ws/build/camera_package/resource/camera_package -> /home/f1tenth/f1tenth_ws/install/camera_package/share/ament_index/resource_index/packages
[16.229s] symbolically linking /home/f1tenth/f1tenth_ws/build/camera_package/package.xml -> /home/f1tenth/f1tenth_ws/install/camera_package/share/camera_package
[18.346s] Invoked command in '/home/f1tenth/f1tenth_ws/build/camera_package' returned '0': PYTHONPATH=/home/f1tenth/f1tenth_ws/build/camera_package/prefix_override:/usr/lib/python3/dist-packages/colcon_core/task/python/colcon_distutils_commands:/home/f1tenth/f1tenth_ws/install/camera_package/lib/python3.8/site-packages:${PYTHONPATH} /usr/bin/python3 -W ignore:setup.py install is deprecated setup.py develop --editable --build-directory /home/f1tenth/f1tenth_ws/build/camera_package/build --no-deps symlink_data --force
